JetBrains Amper version 0.9.1 (7164273, 2025-11-28)
running on Windows 10 10.0 jvm arch amd64

00:02.908 DEBUG :shared:resolveDependenciesJvm ResolveExternalDependenciesTask resolve dependencies shared -- common jvm -- io.coil-kt.coil3:coil-compose:3.0.0-rc01 io.coil-kt.coil3:coil-network-okhttp:3.0.0-rc01 org.jetbrains.compose.components:components-resources:1.7.0 org.jetbrains.compose.foundation:foundation:1.8.2 org.jetbrains.compose.material3:material3:1.8.2 org.jetbrains.compose.runtime:runtime:1.8.2 org.jetbrains.kotlin:kotlin-stdlib:2.2.21 -- resolvePlatform=jvm nativeTarget=null wasmTarget=null
00:02.908 DEBUG :jvm-app:resolveDependenciesJvm ResolveExternalDependenciesTask resolve dependencies jvm-app -- main -- io.coil-kt.coil3:coil-compose:3.0.0-rc01 io.coil-kt.coil3:coil-network-okhttp:3.0.0-rc01 org.jetbrains.compose.components:components-resources:1.7.0 org.jetbrains.compose.desktop:desktop-jvm-windows-x64:1.8.2 org.jetbrains.compose.foundation:foundation:1.8.2 org.jetbrains.compose.material3:material3:1.8.2 org.jetbrains.compose.runtime:runtime:1.8.2 org.jetbrains.kotlin:kotlin-stdlib:2.2.21 -- resolvePlatform=jvm nativeTarget=null wasmTarget=null
00:02.928 DEBUG :artifacts\PreparedComposeResourcesDirArtifact\sharedjvm IncrementalCache          [inc] up-to-date according to state file at 'C:\Users\alexa\IdeaProjects\archiveDesDieuxV1\build\incremental.state\_artifacts_PreparedComposeResourcesDirArtifact_sha-33c9b9e89b' in 11.713ms
00:02.928 DEBUG :generated\shared\common\src\compose\resources\collectors IncrementalCache          [inc] up-to-date according to state file at 'C:\Users\alexa\IdeaProjects\archiveDesDieuxV1\build\incremental.state\_generated_shared_common_src_compose_resources_col-aa1ba3fdf9' in 11.686800ms
00:02.928 DEBUG :artifacts\PreparedComposeResourcesDirArtifact\sharedjvm IncrementalCache          [inc] ':artifacts\PreparedComposeResourcesDirArtifact\sharedjvm' is up-to-date
00:02.928 DEBUG :generated\shared\common\src\compose\resources\collectors IncrementalCache          [inc] ':generated\shared\common\src\compose\resources\collectors' is up-to-date
00:02.929 DEBUG :generated\jvm-app\main\src\compose\resources\commonResClass IncrementalCache          [inc] up-to-date according to state file at 'C:\Users\alexa\IdeaProjects\archiveDesDieuxV1\build\incremental.state\_generated_jvm-app_main_src_compose_resources_comm-c32dffecca' in 12.178900ms
00:02.929 DEBUG :generated\jvm-app\main\src\compose\resources\commonResClass IncrementalCache          [inc] ':generated\jvm-app\main\src\compose\resources\commonResClass' is up-to-date
00:02.928 DEBUG :artifacts\PreparedComposeResourcesDirArtifact\sharedcommon IncrementalCache          [inc] up-to-date according to state file at 'C:\Users\alexa\IdeaProjects\archiveDesDieuxV1\build\incremental.state\_artifacts_PreparedComposeResourcesDirArtifact_sha-50ec7edc8b' in 11.969400ms
00:02.930 DEBUG :artifacts\PreparedComposeResourcesDirArtifact\sharedcommon IncrementalCache          [inc] ':artifacts\PreparedComposeResourcesDirArtifact\sharedcommon' is up-to-date
00:02.930 DEBUG :generated\shared\common\src\compose\resources\commonResClass IncrementalCache          [inc] up-to-date according to state file at 'C:\Users\alexa\IdeaProjects\archiveDesDieuxV1\build\incremental.state\_generated_shared_common_src_compose_resources_com-5114195187' in 11.779800ms
00:02.931 DEBUG :generated\shared\common\src\compose\resources\commonResClass IncrementalCache          [inc] ':generated\shared\common\src\compose\resources\commonResClass' is up-to-date
00:02.930 DEBUG :artifacts\PreparedComposeResourcesDirArtifact\jvm-appmain IncrementalCache          [inc] up-to-date according to state file at 'C:\Users\alexa\IdeaProjects\archiveDesDieuxV1\build\incremental.state\_artifacts_PreparedComposeResourcesDirArtifact_jvm-9ac1d932e3' in 11.706600ms
00:02.932 DEBUG :artifacts\PreparedComposeResourcesDirArtifact\jvm-appmain IncrementalCache          [inc] ':artifacts\PreparedComposeResourcesDirArtifact\jvm-appmain' is up-to-date
00:02.938 DEBUG :generated\jvm-app\main\src\compose\resources\accessors IncrementalCache          [inc] up-to-date according to state file at 'C:\Users\alexa\IdeaProjects\archiveDesDieuxV1\build\incremental.state\_generated_jvm-app_main_src_compose_resources_acce-ba8279b2ed' in 355.4us
00:02.939 DEBUG :generated\jvm-app\main\src\compose\resources\accessors IncrementalCache          [inc] ':generated\jvm-app\main\src\compose\resources\accessors' is up-to-date
00:02.943 DEBUG :shared:prepareComposeResourcesForJvmJvm IncrementalCache          [inc] up-to-date according to state file at 'C:\Users\alexa\IdeaProjects\archiveDesDieuxV1\build\incremental.state\_shared_prepareComposeResourcesForJvmJvm-6b30e9b517' in 318.6us
00:02.944 DEBUG :shared:prepareComposeResourcesForJvmJvm IncrementalCache          [inc] ':shared:prepareComposeResourcesForJvmJvm' is up-to-date
00:02.945 DEBUG :jvm-app:prepareComposeResourcesForJvmMain IncrementalCache          [inc] up-to-date according to state file at 'C:\Users\alexa\IdeaProjects\archiveDesDieuxV1\build\incremental.state\_jvm-app_prepareComposeResourcesForJvmMain-98dc0899a4' in 465.4us
00:02.945 DEBUG :jvm-app:prepareComposeResourcesForJvmMain IncrementalCache          [inc] ':jvm-app:prepareComposeResourcesForJvmMain' is up-to-date
00:02.945 DEBUG :generated\shared\jvm\src\compose\resources\accessors IncrementalCache          [inc] up-to-date according to state file at 'C:\Users\alexa\IdeaProjects\archiveDesDieuxV1\build\incremental.state\_generated_shared_jvm_src_compose_resources_access-51ce0e69e2' in 233.9us
00:02.945 DEBUG :generated\shared\jvm\src\compose\resources\accessors IncrementalCache          [inc] ':generated\shared\jvm\src\compose\resources\accessors' is up-to-date
00:02.948 DEBUG :generated\jvm-app\main\src\compose\resources\collectors IncrementalCache          [inc] up-to-date according to state file at 'C:\Users\alexa\IdeaProjects\archiveDesDieuxV1\build\incremental.state\_generated_jvm-app_main_src_compose_resources_coll-a2b5300403' in 456.1us
00:02.948 DEBUG :generated\jvm-app\main\src\compose\resources\collectors IncrementalCache          [inc] ':generated\jvm-app\main\src\compose\resources\collectors' is up-to-date
00:02.952 DEBUG :shared:resolveDependenciesJvm IncrementalCache          [inc] up-to-date according to state file at 'C:\Users\alexa\IdeaProjects\archiveDesDieuxV1\build\incremental.state\_shared_resolveDependenciesJvm-8eb09983c0' in 20.954800ms
00:02.952 DEBUG :shared:resolveDependenciesJvm IncrementalCache          [inc] ':shared:resolveDependenciesJvm' is up-to-date
00:02.953 DEBUG :shared:prepareComposeResourcesForJvmCommon IncrementalCache          [inc] up-to-date according to state file at 'C:\Users\alexa\IdeaProjects\archiveDesDieuxV1\build\incremental.state\_shared_prepareComposeResourcesForJvmCommon-aa65628721' in 340.8us
00:02.953 DEBUG :shared:prepareComposeResourcesForJvmCommon IncrementalCache          [inc] ':shared:prepareComposeResourcesForJvmCommon' is up-to-date
00:02.953 DEBUG :jvm-app:resolveDependenciesJvm IncrementalCache          [inc] up-to-date according to state file at 'C:\Users\alexa\IdeaProjects\archiveDesDieuxV1\build\incremental.state\_jvm-app_resolveDependenciesJvm-031f37dcb2' in 22.629ms
00:02.953 DEBUG :jvm-app:resolveDependenciesJvm IncrementalCache          [inc] ':jvm-app:resolveDependenciesJvm' is up-to-date
00:02.953 DEBUG :generated\shared\common\src\compose\resources\accessors IncrementalCache          [inc] up-to-date according to state file at 'C:\Users\alexa\IdeaProjects\archiveDesDieuxV1\build\incremental.state\_generated_shared_common_src_compose_resources_acc-f88cbdba75' in 340.5us
00:02.954 DEBUG :generated\shared\common\src\compose\resources\accessors IncrementalCache          [inc] ':generated\shared\common\src\compose\resources\accessors' is up-to-date
00:02.958 DEBUG :generated\shared\jvm\src\compose\resources\collectors IncrementalCache          [inc] up-to-date according to state file at 'C:\Users\alexa\IdeaProjects\archiveDesDieuxV1\build\incremental.state\_generated_shared_jvm_src_compose_resources_collec-ecdf45b238' in 465.4us
00:02.958 DEBUG :generated\shared\jvm\src\compose\resources\collectors IncrementalCache          [inc] ':generated\shared\jvm\src\compose\resources\collectors' is up-to-date
00:02.961 DEBUG :jvm-app:resolveDependenciesJvm ResolveExternalDependenciesTask resolve dependencies jvm-app -- main -- io.coil-kt.coil3:coil-compose:3.0.0-rc01 io.coil-kt.coil3:coil-network-okhttp:3.0.0-rc01 org.jetbrains.compose.components:components-resources:1.7.0 org.jetbrains.compose.desktop:desktop-jvm-windows-x64:1.8.2 org.jetbrains.compose.foundation:foundation:1.8.2 org.jetbrains.compose.material3:material3:1.8.2 org.jetbrains.compose.runtime:runtime:1.8.2 org.jetbrains.kotlin:kotlin-stdlib:2.2.21 -- resolvePlatform=JVM nativeTarget=null
wasmTarget=null
https://repo1.maven.org/maven2 https://maven.google.com https://maven.pkg.jetbrains.space/public/p/compose/dev resolved to:
  .m2.cache\org\jetbrains\kotlin\kotlin-stdlib\2.2.21\kotlin-stdlib-2.2.21.jar
  .m2.cache\org\jetbrains\annotations\23.0.0\annotations-23.0.0.jar
  .m2.cache\org\jetbrains\compose\runtime\runtime-desktop\1.8.2\runtime-desktop-1.8.2.jar
  .m2.cache\org\jetbrains\compose\foundation\foundation-desktop\1.8.2\foundation-desktop-1.8.2.jar
  .m2.cache\org\jetbrains\compose\material3\material3-desktop\1.8.2\material3-desktop-1.8.2.jar
  .m2.cache\org\jetbrains\compose\components\components-resources-desktop\1.7.0\components-resources-desktop-1.7.0.jar
  .m2.cache\io\coil-kt\coil3\coil-compose-jvm\3.0.0-rc01\coil-compose-jvm-3.0.0-rc01.jar
  .m2.cache\io\coil-kt\coil3\coil-network-okhttp-jvm\3.0.0-rc01\coil-network-okhttp-jvm-3.0.0-rc01.jar
  .m2.cache\org\jetbrains\compose\desktop\desktop-jvm\1.8.2\desktop-jvm-1.8.2.jar
  .m2.cache\com\squareup\okhttp3\okhttp\4.12.0\okhttp-4.12.0.jar
  .m2.cache\org\jetbrains\kotlinx\kotlinx-coroutines-core-jvm\1.9.0\kotlinx-coroutines-core-jvm-1.9.0.jar
  .m2.cache\org\jetbrains\compose\animation\animation-desktop\1.8.2\animation-desktop-1.8.2.jar
  .m2.cache\org\jetbrains\compose\ui\ui-desktop\1.8.2\ui-desktop-1.8.2.jar
  .m2.cache\org\jetbrains\skiko\skiko-awt\0.9.4.2\skiko-awt-0.9.4.2.jar
  .m2.cache\org\jetbrains\compose\material\material-ripple-desktop\1.8.2\material-ripple-desktop-1.8.2.jar
  .m2.cache\org\jetbrains\compose\ui\ui-graphics-desktop\1.8.2\ui-graphics-desktop-1.8.2.jar
  .m2.cache\org\jetbrains\compose\ui\ui-text-desktop\1.8.2\ui-text-desktop-1.8.2.jar
  .m2.cache\io\coil-kt\coil3\coil-jvm\3.0.0-rc01\coil-jvm-3.0.0-rc01.jar
  .m2.cache\io\coil-kt\coil3\coil-compose-core-jvm\3.0.0-rc01\coil-compose-core-jvm-3.0.0-rc01.jar
  .m2.cache\io\coil-kt\coil3\coil-core-jvm\3.0.0-rc01\coil-core-jvm-3.0.0-rc01.jar
  .m2.cache\io\coil-kt\coil3\coil-network-core-jvm\3.0.0-rc01\coil-network-core-jvm-3.0.0-rc01.jar
  .m2.cache\org\jetbrains\kotlin\kotlin-stdlib-jdk8\2.1.21\kotlin-stdlib-jdk8-2.1.21.jar
  .m2.cache\org\jetbrains\compose\material\material-desktop\1.8.2\material-desktop-1.8.2.jar
  .m2.cache\org\jetbrains\compose\ui\ui-tooling-preview-desktop\1.8.2\ui-tooling-preview-desktop-1.8.2.jar
  .m2.cache\com\squareup\okio\okio-jvm\3.9.1\okio-jvm-3.9.1.jar
  .m2.cache\org\jetbrains\kotlin\kotlin-stdlib-jdk7\2.1.21\kotlin-stdlib-jdk7-2.1.21.jar
  .m2.cache\org\jetbrains\compose\animation\animation-core-desktop\1.8.2\animation-core-desktop-1.8.2.jar
  .m2.cache\org\jetbrains\compose\foundation\foundation-layout-desktop\1.8.2\foundation-layout-desktop-1.8.2.jar
  .m2.cache\org\jetbrains\compose\ui\ui-geometry-desktop\1.8.2\ui-geometry-desktop-1.8.2.jar
  .m2.cache\org\jetbrains\compose\runtime\runtime-saveable-desktop\1.8.2\runtime-saveable-desktop-1.8.2.jar
  .m2.cache\org\jetbrains\compose\ui\ui-unit-desktop\1.8.2\ui-unit-desktop-1.8.2.jar
  .m2.cache\org\jetbrains\compose\ui\ui-util-desktop\1.8.2\ui-util-desktop-1.8.2.jar
  .m2.cache\androidx\lifecycle\lifecycle-common-jvm\2.8.5\lifecycle-common-jvm-2.8.5.jar
  .m2.cache\androidx\annotation\annotation-jvm\1.9.1\annotation-jvm-1.9.1.jar
00:02.962 DEBUG :shared:resolveDependenciesJvm ResolveExternalDependenciesTask resolve dependencies shared -- common jvm -- io.coil-kt.coil3:coil-compose:3.0.0-rc01 io.coil-kt.coil3:coil-network-okhttp:3.0.0-rc01 org.jetbrains.compose.components:components-resources:1.7.0 org.jetbrains.compose.foundation:foundation:1.8.2 org.jetbrains.compose.material3:material3:1.8.2 org.jetbrains.compose.runtime:runtime:1.8.2 org.jetbrains.kotlin:kotlin-stdlib:2.2.21 -- resolvePlatform=JVM nativeTarget=null
wasmTarget=null
https://repo1.maven.org/maven2 https://maven.google.com https://maven.pkg.jetbrains.space/public/p/compose/dev resolved to:
  .m2.cache\org\jetbrains\kotlin\kotlin-stdlib\2.2.21\kotlin-stdlib-2.2.21.jar
  .m2.cache\org\jetbrains\compose\foundation\foundation-desktop\1.8.2\foundation-desktop-1.8.2.jar
  .m2.cache\org\jetbrains\compose\material3\material3-desktop\1.8.2\material3-desktop-1.8.2.jar
  .m2.cache\org\jetbrains\compose\components\components-resources-desktop\1.7.0\components-resources-desktop-1.7.0.jar
  .m2.cache\io\coil-kt\coil3\coil-compose-jvm\3.0.0-rc01\coil-compose-jvm-3.0.0-rc01.jar
  .m2.cache\io\coil-kt\coil3\coil-network-okhttp-jvm\3.0.0-rc01\coil-network-okhttp-jvm-3.0.0-rc01.jar
  .m2.cache\org\jetbrains\annotations\23.0.0\annotations-23.0.0.jar
  .m2.cache\org\jetbrains\compose\runtime\runtime-desktop\1.8.2\runtime-desktop-1.8.2.jar
  .m2.cache\com\squareup\okhttp3\okhttp\4.12.0\okhttp-4.12.0.jar
  .m2.cache\org\jetbrains\compose\animation\animation-desktop\1.8.2\animation-desktop-1.8.2.jar
  .m2.cache\org\jetbrains\compose\ui\ui-desktop\1.8.2\ui-desktop-1.8.2.jar
  .m2.cache\org\jetbrains\skiko\skiko-awt\0.9.4.2\skiko-awt-0.9.4.2.jar
  .m2.cache\org\jetbrains\compose\material\material-ripple-desktop\1.8.2\material-ripple-desktop-1.8.2.jar
  .m2.cache\org\jetbrains\compose\ui\ui-graphics-desktop\1.8.2\ui-graphics-desktop-1.8.2.jar
  .m2.cache\org\jetbrains\compose\ui\ui-text-desktop\1.8.2\ui-text-desktop-1.8.2.jar
  .m2.cache\io\coil-kt\coil3\coil-jvm\3.0.0-rc01\coil-jvm-3.0.0-rc01.jar
  .m2.cache\io\coil-kt\coil3\coil-compose-core-jvm\3.0.0-rc01\coil-compose-core-jvm-3.0.0-rc01.jar
  .m2.cache\io\coil-kt\coil3\coil-core-jvm\3.0.0-rc01\coil-core-jvm-3.0.0-rc01.jar
  .m2.cache\io\coil-kt\coil3\coil-network-core-jvm\3.0.0-rc01\coil-network-core-jvm-3.0.0-rc01.jar
  .m2.cache\org\jetbrains\kotlin\kotlin-stdlib-jdk8\2.1.21\kotlin-stdlib-jdk8-2.1.21.jar
  .m2.cache\org\jetbrains\kotlinx\kotlinx-coroutines-core-jvm\1.9.0\kotlinx-coroutines-core-jvm-1.9.0.jar
  .m2.cache\com\squareup\okio\okio-jvm\3.9.1\okio-jvm-3.9.1.jar
  .m2.cache\org\jetbrains\kotlin\kotlin-stdlib-jdk7\2.1.21\kotlin-stdlib-jdk7-2.1.21.jar
  .m2.cache\org\jetbrains\compose\animation\animation-core-desktop\1.8.2\animation-core-desktop-1.8.2.jar
  .m2.cache\org\jetbrains\compose\foundation\foundation-layout-desktop\1.8.2\foundation-layout-desktop-1.8.2.jar
  .m2.cache\org\jetbrains\compose\ui\ui-geometry-desktop\1.8.2\ui-geometry-desktop-1.8.2.jar
  .m2.cache\org\jetbrains\compose\runtime\runtime-saveable-desktop\1.8.2\runtime-saveable-desktop-1.8.2.jar
  .m2.cache\org\jetbrains\compose\ui\ui-unit-desktop\1.8.2\ui-unit-desktop-1.8.2.jar
  .m2.cache\org\jetbrains\compose\ui\ui-util-desktop\1.8.2\ui-util-desktop-1.8.2.jar
  .m2.cache\androidx\lifecycle\lifecycle-common-jvm\2.8.5\lifecycle-common-jvm-2.8.5.jar
  .m2.cache\androidx\annotation\annotation-jvm\1.9.1\annotation-jvm-1.9.1.jar
00:02.963 DEBUG :shared:compileJvm        JvmCompileTask            compile shared -- common jvm
00:03.078 DEBUG :shared:compileJvm        ExtractKt                 Skipping extract to C:\Users\alexa\AppData\Local\JetBrains\Amper\extract.cache\5de2c13edf-amazon-corretto-21.0.1.12.1-windows-x64-jdk.zip.181531.d since flag file C:\Users\alexa\AppData\Local\JetBrains\Amper\extract.cache\5de2c13edf-amazon-corretto-21.0.1.12.1-windows-x64-jdk.zip.181531.d.flag is correct
00:03.127 DEBUG :shared:compileJvm        IncrementalCache          [inc] up-to-date according to state file at 'C:\Users\alexa\IdeaProjects\archiveDesDieuxV1\build\incremental.state\_shared_compileJvm-b216d3f992' in 16.006400ms
00:03.128 DEBUG :shared:compileJvm        IncrementalCache          [inc] ':shared:compileJvm' is up-to-date
00:03.129 DEBUG :jvm-app:compileJvm       JvmCompileTask            compile jvm-app -- main
00:03.132 DEBUG :jvm-app:compileJvm       ExtractKt                 Skipping extract to C:\Users\alexa\AppData\Local\JetBrains\Amper\extract.cache\5de2c13edf-amazon-corretto-21.0.1.12.1-windows-x64-jdk.zip.181531.d since flag file C:\Users\alexa\AppData\Local\JetBrains\Amper\extract.cache\5de2c13edf-amazon-corretto-21.0.1.12.1-windows-x64-jdk.zip.181531.d.flag is correct
00:03.151 DEBUG :shared:jarJvm            IncrementalCache          [inc] up-to-date according to state file at 'C:\Users\alexa\IdeaProjects\archiveDesDieuxV1\build\incremental.state\_shared_jarJvm-6e18a2aa01' in 5.644600ms
00:03.151 DEBUG :shared:jarJvm            IncrementalCache          [inc] ':shared:jarJvm' is up-to-date
00:03.156 DEBUG :jvm-app:compileJvm       IncrementalCache          [inc] up-to-date according to state file at 'C:\Users\alexa\IdeaProjects\archiveDesDieuxV1\build\incremental.state\_jvm-app_compileJvm-ef79fbf266' in 10.559100ms
00:03.156 DEBUG :jvm-app:compileJvm       IncrementalCache          [inc] ':jvm-app:compileJvm' is up-to-date
00:03.176 DEBUG :jvm-app:jarJvm           IncrementalCache          [inc] up-to-date according to state file at 'C:\Users\alexa\IdeaProjects\archiveDesDieuxV1\build\incremental.state\_jvm-app_jarJvm-84ae6111c3' in 1.505600ms
00:03.176 DEBUG :jvm-app:jarJvm           IncrementalCache          [inc] ':jvm-app:jarJvm' is up-to-date
00:03.180 DEBUG :jvm-app:runJvm           ExtractKt                 Skipping extract to C:\Users\alexa\AppData\Local\JetBrains\Amper\extract.cache\5de2c13edf-amazon-corretto-21.0.1.12.1-windows-x64-jdk.zip.181531.d since flag file C:\Users\alexa\AppData\Local\JetBrains\Amper\extract.cache\5de2c13edf-amazon-corretto-21.0.1.12.1-windows-x64-jdk.zip.181531.d.flag is correct
00:03.189 DEBUG :jvm-app:runJvm           BuildPrimitives           [cmd] C:\Users\alexa\AppData\Local\JetBrains\Amper\extract.cache\5de2c13edf-amazon-corretto-21.0.1.12.1-windows-x64-jdk.zip.181531.d\bin\java.exe @C:\Users\alexa\IdeaProjects\archiveDesDieuxV1\build\temp\java-args-17243052834373131611.txt
00:35.569 INFO  :jvm-app:runJvm           AbstractJvmRunTask        Process exited with exit code 0
