JetBrains Amper version 0.9.1 (7164273, 2025-11-28)
running on Windows 10 10.0 jvm arch amd64

00:04.478 DEBUG                           AmperBackend              Selected tasks to compile: :android-app:aarAndroidDebug :android-app:buildAndroidDebug :android-app:compileAndroidDebug :android-app:compileAndroidTestDebug :android-app:jarAndroidDebug :jvm-app:compileJvm :jvm-app:compileJvmTest :jvm-app:jarJvm :shared:aarAndroidDebug :shared:compileAndroidDebug :shared:compileAndroidTestDebug :shared:compileJvm :shared:compileJvmTest :shared:jarAndroidDebug :shared:jarJvm
00:04.511 DEBUG :jvm-app:resolveDependenciesJvm ResolveExternalDependenciesTask resolve dependencies jvm-app -- main -- io.coil-kt.coil3:coil-compose:3.0.0-rc01 io.coil-kt.coil3:coil-network-okhttp:3.0.0-rc01 org.jetbrains.compose.components:components-resources:1.7.0 org.jetbrains.compose.desktop:desktop-jvm-windows-x64:1.8.2 org.jetbrains.compose.foundation:foundation:1.8.2 org.jetbrains.compose.material3:material3:1.8.2 org.jetbrains.compose.runtime:runtime:1.8.2 org.jetbrains.kotlin:kotlin-stdlib:2.2.21 -- resolvePlatform=jvm nativeTarget=null wasmTarget=null
00:04.529 DEBUG :jvm-app:resolveDependenciesJvmTest ResolveExternalDependenciesTask resolve dependencies jvm-app -- main test -- io.coil-kt.coil3:coil-compose:3.0.0-rc01 io.coil-kt.coil3:coil-network-okhttp:3.0.0-rc01 org.jetbrains.compose.components:components-resources:1.7.0 org.jetbrains.compose.desktop:desktop-jvm-windows-x64:1.8.2 org.jetbrains.compose.foundation:foundation:1.8.2 org.jetbrains.compose.material3:material3:1.8.2 org.jetbrains.compose.runtime:runtime:1.8.2 org.jetbrains.kotlin:kotlin-stdlib:2.2.21 org.jetbrains.kotlin:kotlin-test-junit5:2.2.21 -- resolvePlatform=jvm nativeTarget=null wasmTarget=null
00:04.586 DEBUG :artifacts\PreparedComposeResourcesDirArtifact\jvm-appmain IncrementalCache          [inc] up-to-date according to state file at 'D:\github\projet_kotlin_ihm\archiveDesDieuxV1\build\incremental.state\_artifacts_PreparedComposeResourcesDirArtifact_jvm-9ac1d932e3' in 53.605900ms
00:04.586 DEBUG :artifacts\PreparedComposeResourcesDirArtifact\jvm-appmain IncrementalCache          [inc] ':artifacts\PreparedComposeResourcesDirArtifact\jvm-appmain' is up-to-date
00:04.591 DEBUG :artifacts\PreparedComposeResourcesDirArtifact\jvm-apptest IncrementalCache          [inc] up-to-date according to state file at 'D:\github\projet_kotlin_ihm\archiveDesDieuxV1\build\incremental.state\_artifacts_PreparedComposeResourcesDirArtifact_jvm-7cc5dc728a' in 56.952900ms
00:04.592 DEBUG :artifacts\PreparedComposeResourcesDirArtifact\jvm-apptest IncrementalCache          [inc] ':artifacts\PreparedComposeResourcesDirArtifact\jvm-apptest' is up-to-date
00:04.593 DEBUG :android-app:resolveDependenciesAndroid ResolveExternalDependenciesTask resolve dependencies android-app -- main -- androidx.activity:activity-compose:1.7.2 androidx.appcompat:appcompat:1.6.1 io.coil-kt.coil3:coil-compose:3.0.0-rc01 io.coil-kt.coil3:coil-network-okhttp:3.0.0-rc01 org.jetbrains.compose.components:components-resources:1.7.0 org.jetbrains.compose.foundation:foundation:1.8.2 org.jetbrains.compose.material3:material3:1.8.2 org.jetbrains.compose.runtime:runtime:1.8.2 org.jetbrains.kotlin:kotlin-stdlib-jdk7:2.2.21 org.jetbrains.kotlin:kotlin-stdlib-jdk8:2.2.21 org.jetbrains.kotlin:kotlin-stdlib:2.2.21 -- resolvePlatform=androidJvm nativeTarget=null wasmTarget=null
00:04.594 DEBUG :artifacts\PreparedComposeResourcesDirArtifact\sharedjvmTest IncrementalCache          [inc] up-to-date according to state file at 'D:\github\projet_kotlin_ihm\archiveDesDieuxV1\build\incremental.state\_artifacts_PreparedComposeResourcesDirArtifact_sha-9e505c0fd9' in 49.688900ms
00:04.594 DEBUG :artifacts\PreparedComposeResourcesDirArtifact\sharedcommonTest IncrementalCache          [inc] up-to-date according to state file at 'D:\github\projet_kotlin_ihm\archiveDesDieuxV1\build\incremental.state\_artifacts_PreparedComposeResourcesDirArtifact_sha-7b348ba9d6' in 64.118800ms
00:04.595 DEBUG :artifacts\PreparedComposeResourcesDirArtifact\sharedjvmTest IncrementalCache          [inc] ':artifacts\PreparedComposeResourcesDirArtifact\sharedjvmTest' is up-to-date
00:04.595 DEBUG :artifacts\PreparedComposeResourcesDirArtifact\sharedcommonTest IncrementalCache          [inc] ':artifacts\PreparedComposeResourcesDirArtifact\sharedcommonTest' is up-to-date
00:04.600 DEBUG :generated\android-app\main\src\compose\resources\commonResClass IncrementalCache          [inc] up-to-date according to state file at 'D:\github\projet_kotlin_ihm\archiveDesDieuxV1\build\incremental.state\_generated_android-app_main_src_compose_resources_-9ac5a52c33' in 497.3us
00:04.600 DEBUG :generated\android-app\main\src\compose\resources\commonResClass IncrementalCache          [inc] ':generated\android-app\main\src\compose\resources\commonResClass' is up-to-date
00:04.607 DEBUG :generated\jvm-app\main\src\compose\resources\commonResClass IncrementalCache          [inc] up-to-date according to state file at 'D:\github\projet_kotlin_ihm\archiveDesDieuxV1\build\incremental.state\_generated_jvm-app_main_src_compose_resources_comm-c32dffecca' in 66.533400ms
00:04.607 DEBUG :generated\jvm-app\main\src\compose\resources\commonResClass IncrementalCache          [inc] ':generated\jvm-app\main\src\compose\resources\commonResClass' is up-to-date
00:04.609 DEBUG :android-app:resolveDependenciesAndroidTest ResolveExternalDependenciesTask resolve dependencies android-app -- main test -- androidx.activity:activity-compose:1.7.2 androidx.appcompat:appcompat:1.6.1 io.coil-kt.coil3:coil-compose:3.0.0-rc01 io.coil-kt.coil3:coil-network-okhttp:3.0.0-rc01 org.jetbrains.compose.components:components-resources:1.7.0 org.jetbrains.compose.foundation:foundation:1.8.2 org.jetbrains.compose.material3:material3:1.8.2 org.jetbrains.compose.runtime:runtime:1.8.2 org.jetbrains.kotlin:kotlin-stdlib-jdk7:2.2.21 org.jetbrains.kotlin:kotlin-stdlib-jdk8:2.2.21 org.jetbrains.kotlin:kotlin-stdlib:2.2.21 org.jetbrains.kotlin:kotlin-test-junit:2.2.21 -- resolvePlatform=androidJvm nativeTarget=null wasmTarget=null
00:04.610 DEBUG :artifacts\PreparedComposeResourcesDirArtifact\android-apptest IncrementalCache          [inc] up-to-date according to state file at 'D:\github\projet_kotlin_ihm\archiveDesDieuxV1\build\incremental.state\_artifacts_PreparedComposeResourcesDirArtifact_and-5fb6d3b5c3' in 8.725500ms
00:04.610 DEBUG :artifacts\PreparedComposeResourcesDirArtifact\android-apptest IncrementalCache          [inc] ':artifacts\PreparedComposeResourcesDirArtifact\android-apptest' is up-to-date
00:04.620 DEBUG :jvm-app:resolveDependenciesJvm IncrementalCache          [inc] up-to-date according to state file at 'D:\github\projet_kotlin_ihm\archiveDesDieuxV1\build\incremental.state\_jvm-app_resolveDependenciesJvm-031f37dcb2' in 95.248600ms
00:04.621 DEBUG :jvm-app:resolveDependenciesJvm IncrementalCache          [inc] ':jvm-app:resolveDependenciesJvm' is up-to-date
00:04.628 DEBUG :artifacts\PreparedComposeResourcesDirArtifact\sharedjvm IncrementalCache          [inc] up-to-date according to state file at 'D:\github\projet_kotlin_ihm\archiveDesDieuxV1\build\incremental.state\_artifacts_PreparedComposeResourcesDirArtifact_sha-33c9b9e89b' in 83.815800ms
00:04.629 DEBUG :artifacts\PreparedComposeResourcesDirArtifact\sharedjvm IncrementalCache          [inc] ':artifacts\PreparedComposeResourcesDirArtifact\sharedjvm' is up-to-date
00:04.629 DEBUG :shared:resolveDependenciesAndroid ResolveExternalDependenciesTask resolve dependencies shared -- android common -- androidx.activity:activity-compose:1.7.2 androidx.appcompat:appcompat:1.6.1 io.coil-kt.coil3:coil-compose:3.0.0-rc01 io.coil-kt.coil3:coil-network-okhttp:3.0.0-rc01 org.jetbrains.compose.components:components-resources:1.7.0 org.jetbrains.compose.foundation:foundation:1.8.2 org.jetbrains.compose.material3:material3:1.8.2 org.jetbrains.compose.runtime:runtime:1.8.2 org.jetbrains.kotlin:kotlin-stdlib-jdk7:2.2.21 org.jetbrains.kotlin:kotlin-stdlib-jdk8:2.2.21 org.jetbrains.kotlin:kotlin-stdlib:2.2.21 -- resolvePlatform=androidJvm nativeTarget=null wasmTarget=null
00:04.631 DEBUG :android-app:resolveDependenciesAndroid IncrementalCache          [inc] up-to-date according to state file at 'D:\github\projet_kotlin_ihm\archiveDesDieuxV1\build\incremental.state\_android-app_resolveDependenciesAndroid-b1ce28f524' in 12.375ms
00:04.631 DEBUG :android-app:resolveDependenciesAndroid IncrementalCache          [inc] ':android-app:resolveDependenciesAndroid' is up-to-date
00:04.641 DEBUG :artifacts\PreparedComposeResourcesDirArtifact\android-appmain IncrementalCache          [inc] up-to-date according to state file at 'D:\github\projet_kotlin_ihm\archiveDesDieuxV1\build\incremental.state\_artifacts_PreparedComposeResourcesDirArtifact_and-21a635e594' in 495.7us
00:04.641 DEBUG :artifacts\PreparedComposeResourcesDirArtifact\android-appmain IncrementalCache          [inc] ':artifacts\PreparedComposeResourcesDirArtifact\android-appmain' is up-to-date
00:04.645 DEBUG :jvm-app:resolveDependenciesJvmTest IncrementalCache          [inc] up-to-date according to state file at 'D:\github\projet_kotlin_ihm\archiveDesDieuxV1\build\incremental.state\_jvm-app_resolveDependenciesJvmTest-74dc438f82' in 99.721ms
00:04.645 DEBUG :jvm-app:resolveDependenciesJvmTest IncrementalCache          [inc] ':jvm-app:resolveDependenciesJvmTest' is up-to-date
00:04.648 DEBUG :artifacts\PreparedComposeResourcesDirArtifact\sharedandroid IncrementalCache          [inc] up-to-date according to state file at 'D:\github\projet_kotlin_ihm\archiveDesDieuxV1\build\incremental.state\_artifacts_PreparedComposeResourcesDirArtifact_sha-738c923de3' in 635.7us
00:04.650 DEBUG :artifacts\PreparedComposeResourcesDirArtifact\sharedandroid IncrementalCache          [inc] ':artifacts\PreparedComposeResourcesDirArtifact\sharedandroid' is up-to-date
00:04.651 DEBUG :shared:resolveDependenciesAndroid IncrementalCache          [inc] up-to-date according to state file at 'D:\github\projet_kotlin_ihm\archiveDesDieuxV1\build\incremental.state\_shared_resolveDependenciesAndroid-5631a87b8a' in 19.659300ms
00:04.651 DEBUG :shared:resolveDependenciesAndroid IncrementalCache          [inc] ':shared:resolveDependenciesAndroid' is up-to-date
00:04.653 DEBUG :artifacts\PreparedComposeResourcesDirArtifact\sharedcommon IncrementalCache          [inc] up-to-date according to state file at 'D:\github\projet_kotlin_ihm\archiveDesDieuxV1\build\incremental.state\_artifacts_PreparedComposeResourcesDirArtifact_sha-50ec7edc8b' in 346.7us
00:04.654 DEBUG :artifacts\PreparedComposeResourcesDirArtifact\sharedcommon IncrementalCache          [inc] ':artifacts\PreparedComposeResourcesDirArtifact\sharedcommon' is up-to-date
00:04.669 DEBUG :android-app:resolveDependenciesAndroidTest IncrementalCache          [inc] up-to-date according to state file at 'D:\github\projet_kotlin_ihm\archiveDesDieuxV1\build\incremental.state\_android-app_resolveDependenciesAndroidTest-613952d1d3' in 59.186700ms
00:04.670 DEBUG :android-app:resolveDependenciesAndroidTest IncrementalCache          [inc] ':android-app:resolveDependenciesAndroidTest' is up-to-date
00:04.678 DEBUG :shared:resolveDependenciesAndroidTest ResolveExternalDependenciesTask resolve dependencies shared -- android androidTest common commonTest -- androidx.activity:activity-compose:1.7.2 androidx.appcompat:appcompat:1.6.1 io.coil-kt.coil3:coil-compose:3.0.0-rc01 io.coil-kt.coil3:coil-network-okhttp:3.0.0-rc01 org.jetbrains.compose.components:components-resources:1.7.0 org.jetbrains.compose.foundation:foundation:1.8.2 org.jetbrains.compose.material3:material3:1.8.2 org.jetbrains.compose.runtime:runtime:1.8.2 org.jetbrains.kotlin:kotlin-stdlib-jdk7:2.2.21 org.jetbrains.kotlin:kotlin-stdlib-jdk8:2.2.21 org.jetbrains.kotlin:kotlin-stdlib:2.2.21 org.jetbrains.kotlin:kotlin-test-annotations-common:2.2.21 org.jetbrains.kotlin:kotlin-test-junit5:2.2.21 org.jetbrains.kotlin:kotlin-test:2.2.21 -- resolvePlatform=androidJvm nativeTarget=null wasmTarget=null
00:04.679 DEBUG :jvm-app:resolveDependenciesJvm ResolveExternalDependenciesTask resolve dependencies jvm-app -- main -- io.coil-kt.coil3:coil-compose:3.0.0-rc01 io.coil-kt.coil3:coil-network-okhttp:3.0.0-rc01 org.jetbrains.compose.components:components-resources:1.7.0 org.jetbrains.compose.desktop:desktop-jvm-windows-x64:1.8.2 org.jetbrains.compose.foundation:foundation:1.8.2 org.jetbrains.compose.material3:material3:1.8.2 org.jetbrains.compose.runtime:runtime:1.8.2 org.jetbrains.kotlin:kotlin-stdlib:2.2.21 -- resolvePlatform=JVM nativeTarget=null
wasmTarget=null
https://repo1.maven.org/maven2 https://maven.google.com https://maven.pkg.jetbrains.space/public/p/compose/dev resolved to:
  .m2.cache\org\jetbrains\kotlin\kotlin-stdlib\2.2.21\kotlin-stdlib-2.2.21.jar
  .m2.cache\org\jetbrains\annotations\23.0.0\annotations-23.0.0.jar
  .m2.cache\org\jetbrains\compose\runtime\runtime-desktop\1.8.2\runtime-desktop-1.8.2.jar
  .m2.cache\org\jetbrains\compose\foundation\foundation-desktop\1.8.2\foundation-desktop-1.8.2.jar
  .m2.cache\org\jetbrains\compose\material3\material3-desktop\1.8.2\material3-desktop-1.8.2.jar
  .m2.cache\org\jetbrains\compose\components\components-resources-desktop\1.7.0\components-resources-desktop-1.7.0.jar
  .m2.cache\io\coil-kt\coil3\coil-compose-jvm\3.0.0-rc01\coil-compose-jvm-3.0.0-rc01.jar
  .m2.cache\io\coil-kt\coil3\coil-network-okhttp-jvm\3.0.0-rc01\coil-network-okhttp-jvm-3.0.0-rc01.jar
  .m2.cache\org\jetbrains\compose\desktop\desktop-jvm\1.8.2\desktop-jvm-1.8.2.jar
  .m2.cache\com\squareup\okhttp3\okhttp\4.12.0\okhttp-4.12.0.jar
  .m2.cache\org\jetbrains\kotlinx\kotlinx-coroutines-core-jvm\1.9.0\kotlinx-coroutines-core-jvm-1.9.0.jar
  .m2.cache\org\jetbrains\compose\animation\animation-desktop\1.8.2\animation-desktop-1.8.2.jar
  .m2.cache\org\jetbrains\compose\ui\ui-desktop\1.8.2\ui-desktop-1.8.2.jar
  .m2.cache\org\jetbrains\skiko\skiko-awt\0.9.4.2\skiko-awt-0.9.4.2.jar
  .m2.cache\org\jetbrains\compose\material\material-ripple-desktop\1.8.2\material-ripple-desktop-1.8.2.jar
  .m2.cache\org\jetbrains\compose\ui\ui-graphics-desktop\1.8.2\ui-graphics-desktop-1.8.2.jar
  .m2.cache\org\jetbrains\compose\ui\ui-text-desktop\1.8.2\ui-text-desktop-1.8.2.jar
  .m2.cache\io\coil-kt\coil3\coil-jvm\3.0.0-rc01\coil-jvm-3.0.0-rc01.jar
  .m2.cache\io\coil-kt\coil3\coil-compose-core-jvm\3.0.0-rc01\coil-compose-core-jvm-3.0.0-rc01.jar
  .m2.cache\io\coil-kt\coil3\coil-core-jvm\3.0.0-rc01\coil-core-jvm-3.0.0-rc01.jar
  .m2.cache\io\coil-kt\coil3\coil-network-core-jvm\3.0.0-rc01\coil-network-core-jvm-3.0.0-rc01.jar
  .m2.cache\org\jetbrains\kotlin\kotlin-stdlib-jdk8\2.1.21\kotlin-stdlib-jdk8-2.1.21.jar
  .m2.cache\org\jetbrains\compose\material\material-desktop\1.8.2\material-desktop-1.8.2.jar
  .m2.cache\org\jetbrains\compose\ui\ui-tooling-preview-desktop\1.8.2\ui-tooling-preview-desktop-1.8.2.jar
  .m2.cache\com\squareup\okio\okio-jvm\3.9.1\okio-jvm-3.9.1.jar
  .m2.cache\org\jetbrains\kotlin\kotlin-stdlib-jdk7\2.1.21\kotlin-stdlib-jdk7-2.1.21.jar
  .m2.cache\org\jetbrains\compose\animation\animation-core-desktop\1.8.2\animation-core-desktop-1.8.2.jar
  .m2.cache\org\jetbrains\compose\foundation\foundation-layout-desktop\1.8.2\foundation-layout-desktop-1.8.2.jar
  .m2.cache\org\jetbrains\compose\ui\ui-geometry-desktop\1.8.2\ui-geometry-desktop-1.8.2.jar
  .m2.cache\org\jetbrains\compose\runtime\runtime-saveable-desktop\1.8.2\runtime-saveable-desktop-1.8.2.jar
  .m2.cache\org\jetbrains\compose\ui\ui-unit-desktop\1.8.2\ui-unit-desktop-1.8.2.jar
  .m2.cache\org\jetbrains\compose\ui\ui-util-desktop\1.8.2\ui-util-desktop-1.8.2.jar
  .m2.cache\androidx\lifecycle\lifecycle-common-jvm\2.8.5\lifecycle-common-jvm-2.8.5.jar
  .m2.cache\androidx\annotation\annotation-jvm\1.9.1\annotation-jvm-1.9.1.jar
00:04.681 DEBUG :artifacts\PreparedComposeResourcesDirArtifact\sharedandroidTest IncrementalCache          [inc] up-to-date according to state file at 'D:\github\projet_kotlin_ihm\archiveDesDieuxV1\build\incremental.state\_artifacts_PreparedComposeResourcesDirArtifact_sha-49337f5723' in 330us
00:04.681 DEBUG :artifacts\PreparedComposeResourcesDirArtifact\sharedandroidTest IncrementalCache          [inc] ':artifacts\PreparedComposeResourcesDirArtifact\sharedandroidTest' is up-to-date
00:04.682 DEBUG :shared:resolveDependenciesJvmTest ResolveExternalDependenciesTask resolve dependencies shared -- common commonTest jvm jvmTest -- io.coil-kt.coil3:coil-compose:3.0.0-rc01 io.coil-kt.coil3:coil-network-okhttp:3.0.0-rc01 org.jetbrains.compose.components:components-resources:1.7.0 org.jetbrains.compose.foundation:foundation:1.8.2 org.jetbrains.compose.material3:material3:1.8.2 org.jetbrains.compose.runtime:runtime:1.8.2 org.jetbrains.kotlin:kotlin-stdlib:2.2.21 org.jetbrains.kotlin:kotlin-test-annotations-common:2.2.21 org.jetbrains.kotlin:kotlin-test-junit5:2.2.21 org.jetbrains.kotlin:kotlin-test:2.2.21 -- resolvePlatform=jvm nativeTarget=null wasmTarget=null
00:04.691 DEBUG :shared:resolveDependenciesJvmTest IncrementalCache          [inc] up-to-date according to state file at 'D:\github\projet_kotlin_ihm\archiveDesDieuxV1\build\incremental.state\_shared_resolveDependenciesJvmTest-a54e6e9c99' in 6.940400ms
00:04.691 DEBUG :shared:resolveDependenciesJvmTest IncrementalCache          [inc] ':shared:resolveDependenciesJvmTest' is up-to-date
00:04.704 DEBUG :shared:resolveDependenciesAndroidTest IncrementalCache          [inc] up-to-date according to state file at 'D:\github\projet_kotlin_ihm\archiveDesDieuxV1\build\incremental.state\_shared_resolveDependenciesAndroidTest-cdc5e972ed' in 22.933700ms
00:04.705 DEBUG :shared:resolveDependenciesAndroidTest IncrementalCache          [inc] ':shared:resolveDependenciesAndroidTest' is up-to-date
00:04.715 DEBUG :android-app:resolveDependenciesAndroid ResolveExternalDependenciesTask resolve dependencies android-app -- main -- androidx.activity:activity-compose:1.7.2 androidx.appcompat:appcompat:1.6.1 io.coil-kt.coil3:coil-compose:3.0.0-rc01 io.coil-kt.coil3:coil-network-okhttp:3.0.0-rc01 org.jetbrains.compose.components:components-resources:1.7.0 org.jetbrains.compose.foundation:foundation:1.8.2 org.jetbrains.compose.material3:material3:1.8.2 org.jetbrains.compose.runtime:runtime:1.8.2 org.jetbrains.kotlin:kotlin-stdlib-jdk7:2.2.21 org.jetbrains.kotlin:kotlin-stdlib-jdk8:2.2.21 org.jetbrains.kotlin:kotlin-stdlib:2.2.21 -- resolvePlatform=ANDROID nativeTarget=null
wasmTarget=null
https://repo1.maven.org/maven2 https://maven.google.com https://maven.pkg.jetbrains.space/public/p/compose/dev resolved to:
  .m2.cache\org\jetbrains\kotlin\kotlin-stdlib\2.2.21\kotlin-stdlib-2.2.21.jar
  .m2.cache\org\jetbrains\kotlin\kotlin-stdlib-jdk7\2.2.21\kotlin-stdlib-jdk7-2.2.21.jar
  .m2.cache\org\jetbrains\kotlin\kotlin-stdlib-jdk8\2.2.21\kotlin-stdlib-jdk8-2.2.21.jar
  .m2.cache\androidx\activity\activity-compose\1.8.2\activity-compose-1.8.2.aar
  .m2.cache\androidx\appcompat\appcompat\1.7.0\appcompat-1.7.0.aar
  .m2.cache\org\jetbrains\annotations\23.0.0\annotations-23.0.0.jar
  .m2.cache\org\jetbrains\compose\components\components-resources-android\1.7.0\components-resources-android-1.7.0.aar
  .m2.cache\io\coil-kt\coil3\coil-compose-android\3.0.0-rc01\coil-compose-android-3.0.0-rc01.aar
  .m2.cache\io\coil-kt\coil3\coil-network-okhttp-jvm\3.0.0-rc01\coil-network-okhttp-jvm-3.0.0-rc01.jar
  .m2.cache\androidx\activity\activity-ktx\1.8.2\activity-ktx-1.8.2.aar
  .m2.cache\androidx\activity\activity\1.8.2\activity-1.8.2.aar
  .m2.cache\androidx\appcompat\appcompat-resources\1.7.0\appcompat-resources-1.7.0.aar
  .m2.cache\androidx\core\core\1.13.1\core-1.13.1.aar
  .m2.cache\androidx\cursoradapter\cursoradapter\1.0.0\cursoradapter-1.0.0.aar
  .m2.cache\androidx\drawerlayout\drawerlayout\1.0.0\drawerlayout-1.0.0.aar
  .m2.cache\androidx\fragment\fragment\1.5.4\fragment-1.5.4.aar
  .m2.cache\androidx\savedstate\savedstate\1.2.1\savedstate-1.2.1.aar
  .m2.cache\androidx\compose\runtime\runtime-android\1.8.2\runtime-android-1.8.2.aar
  .m2.cache\org\jetbrains\kotlinx\kotlinx-coroutines-core-jvm\1.9.0\kotlinx-coroutines-core-jvm-1.9.0.jar
  .m2.cache\androidx\compose\foundation\foundation-android\1.8.2\foundation-android-1.8.2.aar
  .m2.cache\androidx\compose\material3\material3-android\1.3.2\material3-android-1.3.2.aar
  .m2.cache\com\squareup\okhttp3\okhttp\4.12.0\okhttp-4.12.0.jar
  .m2.cache\androidx\core\core-ktx\1.13.1\core-ktx-1.13.1.aar
  .m2.cache\androidx\lifecycle\lifecycle-viewmodel-ktx\2.8.7\lifecycle-viewmodel-ktx-2.8.7.aar
  .m2.cache\androidx\savedstate\savedstate-ktx\1.2.1\savedstate-ktx-1.2.1.aar
  .m2.cache\androidx\compose\runtime\runtime-saveable-android\1.8.2\runtime-saveable-android-1.8.2.aar
  .m2.cache\androidx\compose\ui\ui-android\1.8.2\ui-android-1.8.2.aar
  .m2.cache\androidx\lifecycle\lifecycle-viewmodel-android\2.8.7\lifecycle-viewmodel-android-2.8.7.aar
  .m2.cache\androidx\lifecycle\lifecycle-viewmodel-savedstate\2.8.7\lifecycle-viewmodel-savedstate-2.8.7.aar
  .m2.cache\androidx\annotation\annotation-jvm\1.9.1\annotation-jvm-1.9.1.jar
  .m2.cache\androidx\vectordrawable\vectordrawable\1.1.0\vectordrawable-1.1.0.aar
  .m2.cache\androidx\vectordrawable\vectordrawable-animated\1.1.0\vectordrawable-animated-1.1.0.aar
  .m2.cache\androidx\annotation\annotation-experimental\1.4.1\annotation-experimental-1.4.1.aar
  .m2.cache\androidx\versionedparcelable\versionedparcelable\1.1.1\versionedparcelable-1.1.1.aar
  .m2.cache\androidx\customview\customview\1.0.0\customview-1.0.0.aar
  .m2.cache\androidx\lifecycle\lifecycle-livedata-core\2.8.7\lifecycle-livedata-core-2.8.7.aar
  .m2.cache\androidx\loader\loader\1.0.0\loader-1.0.0.aar
  .m2.cache\androidx\viewpager\viewpager\1.0.0\viewpager-1.0.0.aar
  .m2.cache\org\jetbrains\kotlinx\kotlinx-coroutines-android\1.9.0\kotlinx-coroutines-android-1.9.0.jar
  .m2.cache\androidx\compose\animation\animation-android\1.8.2\animation-android-1.8.2.aar
  .m2.cache\androidx\compose\material\material-ripple-android\1.8.2\material-ripple-android-1.8.2.aar
  .m2.cache\androidx\compose\ui\ui-graphics-android\1.8.2\ui-graphics-android-1.8.2.aar
  .m2.cache\androidx\compose\ui\ui-text-android\1.8.2\ui-text-android-1.8.2.aar
  .m2.cache\io\coil-kt\coil3\coil-android\3.0.0-rc01\coil-android-3.0.0-rc01.aar
  .m2.cache\io\coil-kt\coil3\coil-compose-core-android\3.0.0-rc01\coil-compose-core-android-3.0.0-rc01.aar
  .m2.cache\io\coil-kt\coil3\coil-core-android\3.0.0-rc01\coil-core-android-3.0.0-rc01.aar
  .m2.cache\io\coil-kt\coil3\coil-network-core-android\3.0.0-rc01\coil-network-core-android-3.0.0-rc01.aar
  .m2.cache\androidx\lifecycle\lifecycle-runtime-ktx-android\2.8.7\lifecycle-runtime-ktx-android-2.8.7.aar
  .m2.cache\org\jspecify\jspecify\1.0.0\jspecify-1.0.0.jar
  .m2.cache\androidx\lifecycle\lifecycle-runtime-android\2.8.7\lifecycle-runtime-android-2.8.7.aar
  .m2.cache\androidx\interpolator\interpolator\1.0.0\interpolator-1.0.0.aar
  .m2.cache\androidx\collection\collection-jvm\1.5.0\collection-jvm-1.5.0.jar
  .m2.cache\androidx\lifecycle\lifecycle-livedata\2.8.7\lifecycle-livedata-2.8.7.aar
  .m2.cache\androidx\compose\animation\animation-core-android\1.8.2\animation-core-android-1.8.2.aar
  .m2.cache\androidx\compose\foundation\foundation-layout-android\1.8.2\foundation-layout-android-1.8.2.aar
  .m2.cache\androidx\compose\ui\ui-geometry-android\1.8.2\ui-geometry-android-1.8.2.aar
  .m2.cache\androidx\lifecycle\lifecycle-common-jvm\2.8.7\lifecycle-common-jvm-2.8.7.jar
  .m2.cache\androidx\compose\ui\ui-unit-android\1.8.2\ui-unit-android-1.8.2.aar
  .m2.cache\androidx\compose\ui\ui-util-android\1.8.2\ui-util-android-1.8.2.aar
  .m2.cache\androidx\compose\material\material-icons-core-android\1.6.0\material-icons-core-android-1.6.0.aar
  .m2.cache\com\squareup\okio\okio-jvm\3.9.1\okio-jvm-3.9.1.jar
  .m2.cache\androidx\lifecycle\lifecycle-runtime-compose-android\2.8.7\lifecycle-runtime-compose-android-2.8.7.aar
  .m2.cache\androidx\arch\core\core-common\2.2.0\core-common-2.2.0.jar
  .m2.cache\androidx\arch\core\core-runtime\2.2.0\core-runtime-2.2.0.aar
  .m2.cache\androidx\lifecycle\lifecycle-livedata-core-ktx\2.8.7\lifecycle-livedata-core-ktx-2.8.7.aar
00:04.720 DEBUG :shared:resolveDependenciesJvm ResolveExternalDependenciesTask resolve dependencies shared -- common jvm -- io.coil-kt.coil3:coil-compose:3.0.0-rc01 io.coil-kt.coil3:coil-network-okhttp:3.0.0-rc01 org.jetbrains.compose.components:components-resources:1.7.0 org.jetbrains.compose.foundation:foundation:1.8.2 org.jetbrains.compose.material3:material3:1.8.2 org.jetbrains.compose.runtime:runtime:1.8.2 org.jetbrains.kotlin:kotlin-stdlib:2.2.21 -- resolvePlatform=jvm nativeTarget=null wasmTarget=null
00:04.720 DEBUG :shared:resolveDependenciesAndroidTest ResolveExternalDependenciesTask resolve dependencies shared -- android androidTest common commonTest -- androidx.activity:activity-compose:1.7.2 androidx.appcompat:appcompat:1.6.1 io.coil-kt.coil3:coil-compose:3.0.0-rc01 io.coil-kt.coil3:coil-network-okhttp:3.0.0-rc01 org.jetbrains.compose.components:components-resources:1.7.0 org.jetbrains.compose.foundation:foundation:1.8.2 org.jetbrains.compose.material3:material3:1.8.2 org.jetbrains.compose.runtime:runtime:1.8.2 org.jetbrains.kotlin:kotlin-stdlib-jdk7:2.2.21 org.jetbrains.kotlin:kotlin-stdlib-jdk8:2.2.21 org.jetbrains.kotlin:kotlin-stdlib:2.2.21 org.jetbrains.kotlin:kotlin-test-annotations-common:2.2.21 org.jetbrains.kotlin:kotlin-test-junit5:2.2.21 org.jetbrains.kotlin:kotlin-test:2.2.21 -- resolvePlatform=ANDROID nativeTarget=null
wasmTarget=null
https://repo1.maven.org/maven2 https://maven.google.com https://maven.pkg.jetbrains.space/public/p/compose/dev resolved to:
  .m2.cache\androidx\activity\activity-compose\1.8.2\activity-compose-1.8.2.aar
  .m2.cache\androidx\appcompat\appcompat\1.7.0\appcompat-1.7.0.aar
  .m2.cache\org\jetbrains\kotlin\kotlin-stdlib\2.2.21\kotlin-stdlib-2.2.21.jar
  .m2.cache\org\jetbrains\kotlin\kotlin-stdlib-jdk7\2.2.21\kotlin-stdlib-jdk7-2.2.21.jar
  .m2.cache\org\jetbrains\kotlin\kotlin-stdlib-jdk8\2.2.21\kotlin-stdlib-jdk8-2.2.21.jar
  .m2.cache\org\jetbrains\kotlin\kotlin-test-junit5\2.2.21\kotlin-test-junit5-2.2.21.jar
  .m2.cache\org\jetbrains\kotlin\kotlin-test\2.2.21\kotlin-test-2.2.21.jar
  .m2.cache\org\jetbrains\compose\components\components-resources-android\1.7.0\components-resources-android-1.7.0.aar
  .m2.cache\io\coil-kt\coil3\coil-compose-android\3.0.0-rc01\coil-compose-android-3.0.0-rc01.aar
  .m2.cache\io\coil-kt\coil3\coil-network-okhttp-jvm\3.0.0-rc01\coil-network-okhttp-jvm-3.0.0-rc01.jar
  .m2.cache\androidx\activity\activity-ktx\1.8.2\activity-ktx-1.8.2.aar
  .m2.cache\androidx\activity\activity\1.8.2\activity-1.8.2.aar
  .m2.cache\androidx\appcompat\appcompat-resources\1.7.0\appcompat-resources-1.7.0.aar
  .m2.cache\androidx\core\core\1.13.1\core-1.13.1.aar
  .m2.cache\androidx\cursoradapter\cursoradapter\1.0.0\cursoradapter-1.0.0.aar
  .m2.cache\androidx\drawerlayout\drawerlayout\1.0.0\drawerlayout-1.0.0.aar
  .m2.cache\androidx\fragment\fragment\1.5.4\fragment-1.5.4.aar
  .m2.cache\androidx\savedstate\savedstate\1.2.1\savedstate-1.2.1.aar
  .m2.cache\org\jetbrains\annotations\23.0.0\annotations-23.0.0.jar
  .m2.cache\org\junit\jupiter\junit-jupiter-api\5.10.1\junit-jupiter-api-5.10.1.jar
  .m2.cache\androidx\compose\foundation\foundation-android\1.8.2\foundation-android-1.8.2.aar
  .m2.cache\androidx\compose\material3\material3-android\1.3.2\material3-android-1.3.2.aar
  .m2.cache\com\squareup\okhttp3\okhttp\4.12.0\okhttp-4.12.0.jar
  .m2.cache\androidx\core\core-ktx\1.13.1\core-ktx-1.13.1.aar
  .m2.cache\androidx\lifecycle\lifecycle-viewmodel-ktx\2.8.7\lifecycle-viewmodel-ktx-2.8.7.aar
  .m2.cache\androidx\savedstate\savedstate-ktx\1.2.1\savedstate-ktx-1.2.1.aar
  .m2.cache\androidx\compose\runtime\runtime-android\1.8.2\runtime-android-1.8.2.aar
  .m2.cache\androidx\compose\runtime\runtime-saveable-android\1.8.2\runtime-saveable-android-1.8.2.aar
  .m2.cache\androidx\compose\ui\ui-android\1.8.2\ui-android-1.8.2.aar
  .m2.cache\androidx\lifecycle\lifecycle-viewmodel-android\2.8.7\lifecycle-viewmodel-android-2.8.7.aar
  .m2.cache\androidx\lifecycle\lifecycle-viewmodel-savedstate\2.8.7\lifecycle-viewmodel-savedstate-2.8.7.aar
  .m2.cache\androidx\annotation\annotation-jvm\1.9.1\annotation-jvm-1.9.1.jar
  .m2.cache\androidx\vectordrawable\vectordrawable\1.1.0\vectordrawable-1.1.0.aar
  .m2.cache\androidx\vectordrawable\vectordrawable-animated\1.1.0\vectordrawable-animated-1.1.0.aar
  .m2.cache\androidx\annotation\annotation-experimental\1.4.1\annotation-experimental-1.4.1.aar
  .m2.cache\androidx\versionedparcelable\versionedparcelable\1.1.1\versionedparcelable-1.1.1.aar
  .m2.cache\androidx\customview\customview\1.0.0\customview-1.0.0.aar
  .m2.cache\androidx\lifecycle\lifecycle-livedata-core\2.8.7\lifecycle-livedata-core-2.8.7.aar
  .m2.cache\androidx\loader\loader\1.0.0\loader-1.0.0.aar
  .m2.cache\androidx\viewpager\viewpager\1.0.0\viewpager-1.0.0.aar
  .m2.cache\org\jetbrains\kotlinx\kotlinx-coroutines-core-jvm\1.9.0\kotlinx-coroutines-core-jvm-1.9.0.jar
  .m2.cache\org\opentest4j\opentest4j\1.3.0\opentest4j-1.3.0.jar
  .m2.cache\org\junit\platform\junit-platform-commons\1.10.1\junit-platform-commons-1.10.1.jar
  .m2.cache\org\apiguardian\apiguardian-api\1.1.2\apiguardian-api-1.1.2.jar
  .m2.cache\androidx\compose\animation\animation-android\1.8.2\animation-android-1.8.2.aar
  .m2.cache\androidx\compose\material\material-ripple-android\1.8.2\material-ripple-android-1.8.2.aar
  .m2.cache\androidx\compose\ui\ui-graphics-android\1.8.2\ui-graphics-android-1.8.2.aar
  .m2.cache\androidx\compose\ui\ui-text-android\1.8.2\ui-text-android-1.8.2.aar
  .m2.cache\io\coil-kt\coil3\coil-android\3.0.0-rc01\coil-android-3.0.0-rc01.aar
  .m2.cache\io\coil-kt\coil3\coil-compose-core-android\3.0.0-rc01\coil-compose-core-android-3.0.0-rc01.aar
  .m2.cache\io\coil-kt\coil3\coil-core-android\3.0.0-rc01\coil-core-android-3.0.0-rc01.aar
  .m2.cache\io\coil-kt\coil3\coil-network-core-android\3.0.0-rc01\coil-network-core-android-3.0.0-rc01.aar
  .m2.cache\androidx\lifecycle\lifecycle-runtime-ktx-android\2.8.7\lifecycle-runtime-ktx-android-2.8.7.aar
  .m2.cache\org\jetbrains\kotlinx\kotlinx-coroutines-android\1.9.0\kotlinx-coroutines-android-1.9.0.jar
  .m2.cache\org\jspecify\jspecify\1.0.0\jspecify-1.0.0.jar
  .m2.cache\androidx\lifecycle\lifecycle-runtime-android\2.8.7\lifecycle-runtime-android-2.8.7.aar
  .m2.cache\androidx\interpolator\interpolator\1.0.0\interpolator-1.0.0.aar
  .m2.cache\androidx\collection\collection-jvm\1.5.0\collection-jvm-1.5.0.jar
  .m2.cache\androidx\lifecycle\lifecycle-livedata\2.8.7\lifecycle-livedata-2.8.7.aar
  .m2.cache\androidx\compose\animation\animation-core-android\1.8.2\animation-core-android-1.8.2.aar
  .m2.cache\androidx\compose\foundation\foundation-layout-android\1.8.2\foundation-layout-android-1.8.2.aar
  .m2.cache\androidx\compose\ui\ui-geometry-android\1.8.2\ui-geometry-android-1.8.2.aar
  .m2.cache\androidx\lifecycle\lifecycle-common-jvm\2.8.7\lifecycle-common-jvm-2.8.7.jar
  .m2.cache\androidx\compose\ui\ui-unit-android\1.8.2\ui-unit-android-1.8.2.aar
  .m2.cache\androidx\compose\ui\ui-util-android\1.8.2\ui-util-android-1.8.2.aar
  .m2.cache\androidx\compose\material\material-icons-core-android\1.6.0\material-icons-core-android-1.6.0.aar
  .m2.cache\com\squareup\okio\okio-jvm\3.9.1\okio-jvm-3.9.1.jar
  .m2.cache\androidx\lifecycle\lifecycle-runtime-compose-android\2.8.7\lifecycle-runtime-compose-android-2.8.7.aar
  .m2.cache\androidx\arch\core\core-common\2.2.0\core-common-2.2.0.jar
  .m2.cache\androidx\arch\core\core-runtime\2.2.0\core-runtime-2.2.0.aar
  .m2.cache\androidx\lifecycle\lifecycle-livedata-core-ktx\2.8.7\lifecycle-livedata-core-ktx-2.8.7.aar
00:04.720 DEBUG :android-app:resolveDependenciesAndroidTest ResolveExternalDependenciesTask resolve dependencies android-app -- main test -- androidx.activity:activity-compose:1.7.2 androidx.appcompat:appcompat:1.6.1 io.coil-kt.coil3:coil-compose:3.0.0-rc01 io.coil-kt.coil3:coil-network-okhttp:3.0.0-rc01 org.jetbrains.compose.components:components-resources:1.7.0 org.jetbrains.compose.foundation:foundation:1.8.2 org.jetbrains.compose.material3:material3:1.8.2 org.jetbrains.compose.runtime:runtime:1.8.2 org.jetbrains.kotlin:kotlin-stdlib-jdk7:2.2.21 org.jetbrains.kotlin:kotlin-stdlib-jdk8:2.2.21 org.jetbrains.kotlin:kotlin-stdlib:2.2.21 org.jetbrains.kotlin:kotlin-test-junit:2.2.21 -- resolvePlatform=ANDROID nativeTarget=null
wasmTarget=null
https://repo1.maven.org/maven2 https://maven.google.com https://maven.pkg.jetbrains.space/public/p/compose/dev resolved to:
  .m2.cache\org\jetbrains\kotlin\kotlin-stdlib\2.2.21\kotlin-stdlib-2.2.21.jar
  .m2.cache\org\jetbrains\kotlin\kotlin-stdlib-jdk7\2.2.21\kotlin-stdlib-jdk7-2.2.21.jar
  .m2.cache\org\jetbrains\kotlin\kotlin-stdlib-jdk8\2.2.21\kotlin-stdlib-jdk8-2.2.21.jar
  .m2.cache\org\jetbrains\kotlin\kotlin-test-junit\2.2.21\kotlin-test-junit-2.2.21.jar
  .m2.cache\androidx\activity\activity-compose\1.8.2\activity-compose-1.8.2.aar
  .m2.cache\androidx\appcompat\appcompat\1.7.0\appcompat-1.7.0.aar
  .m2.cache\org\jetbrains\annotations\23.0.0\annotations-23.0.0.jar
  .m2.cache\org\jetbrains\kotlin\kotlin-test\2.2.21\kotlin-test-2.2.21.jar
  .m2.cache\junit\junit\4.13.2\junit-4.13.2.jar
  .m2.cache\org\jetbrains\compose\components\components-resources-android\1.7.0\components-resources-android-1.7.0.aar
  .m2.cache\io\coil-kt\coil3\coil-compose-android\3.0.0-rc01\coil-compose-android-3.0.0-rc01.aar
  .m2.cache\io\coil-kt\coil3\coil-network-okhttp-jvm\3.0.0-rc01\coil-network-okhttp-jvm-3.0.0-rc01.jar
  .m2.cache\androidx\activity\activity-ktx\1.8.2\activity-ktx-1.8.2.aar
  .m2.cache\androidx\activity\activity\1.8.2\activity-1.8.2.aar
  .m2.cache\androidx\appcompat\appcompat-resources\1.7.0\appcompat-resources-1.7.0.aar
  .m2.cache\androidx\core\core\1.13.1\core-1.13.1.aar
  .m2.cache\androidx\cursoradapter\cursoradapter\1.0.0\cursoradapter-1.0.0.aar
  .m2.cache\androidx\drawerlayout\drawerlayout\1.0.0\drawerlayout-1.0.0.aar
  .m2.cache\androidx\fragment\fragment\1.5.4\fragment-1.5.4.aar
  .m2.cache\androidx\savedstate\savedstate\1.2.1\savedstate-1.2.1.aar
  .m2.cache\androidx\compose\runtime\runtime-android\1.8.2\runtime-android-1.8.2.aar
  .m2.cache\org\jetbrains\kotlinx\kotlinx-coroutines-core-jvm\1.9.0\kotlinx-coroutines-core-jvm-1.9.0.jar
  .m2.cache\org\hamcrest\hamcrest-core\1.3\hamcrest-core-1.3.jar
  .m2.cache\androidx\compose\foundation\foundation-android\1.8.2\foundation-android-1.8.2.aar
  .m2.cache\androidx\compose\material3\material3-android\1.3.2\material3-android-1.3.2.aar
  .m2.cache\com\squareup\okhttp3\okhttp\4.12.0\okhttp-4.12.0.jar
  .m2.cache\androidx\core\core-ktx\1.13.1\core-ktx-1.13.1.aar
  .m2.cache\androidx\lifecycle\lifecycle-viewmodel-ktx\2.8.7\lifecycle-viewmodel-ktx-2.8.7.aar
  .m2.cache\androidx\savedstate\savedstate-ktx\1.2.1\savedstate-ktx-1.2.1.aar
  .m2.cache\androidx\compose\runtime\runtime-saveable-android\1.8.2\runtime-saveable-android-1.8.2.aar
  .m2.cache\androidx\compose\ui\ui-android\1.8.2\ui-android-1.8.2.aar
  .m2.cache\androidx\lifecycle\lifecycle-viewmodel-android\2.8.7\lifecycle-viewmodel-android-2.8.7.aar
  .m2.cache\androidx\lifecycle\lifecycle-viewmodel-savedstate\2.8.7\lifecycle-viewmodel-savedstate-2.8.7.aar
  .m2.cache\androidx\annotation\annotation-jvm\1.9.1\annotation-jvm-1.9.1.jar
  .m2.cache\androidx\vectordrawable\vectordrawable\1.1.0\vectordrawable-1.1.0.aar
  .m2.cache\androidx\vectordrawable\vectordrawable-animated\1.1.0\vectordrawable-animated-1.1.0.aar
  .m2.cache\androidx\annotation\annotation-experimental\1.4.1\annotation-experimental-1.4.1.aar
  .m2.cache\androidx\versionedparcelable\versionedparcelable\1.1.1\versionedparcelable-1.1.1.aar
  .m2.cache\androidx\customview\customview\1.0.0\customview-1.0.0.aar
  .m2.cache\androidx\lifecycle\lifecycle-livedata-core\2.8.7\lifecycle-livedata-core-2.8.7.aar
  .m2.cache\androidx\loader\loader\1.0.0\loader-1.0.0.aar
  .m2.cache\androidx\viewpager\viewpager\1.0.0\viewpager-1.0.0.aar
  .m2.cache\org\jetbrains\kotlinx\kotlinx-coroutines-android\1.9.0\kotlinx-coroutines-android-1.9.0.jar
  .m2.cache\androidx\compose\animation\animation-android\1.8.2\animation-android-1.8.2.aar
  .m2.cache\androidx\compose\material\material-ripple-android\1.8.2\material-ripple-android-1.8.2.aar
  .m2.cache\androidx\compose\ui\ui-graphics-android\1.8.2\ui-graphics-android-1.8.2.aar
  .m2.cache\androidx\compose\ui\ui-text-android\1.8.2\ui-text-android-1.8.2.aar
  .m2.cache\io\coil-kt\coil3\coil-android\3.0.0-rc01\coil-android-3.0.0-rc01.aar
  .m2.cache\io\coil-kt\coil3\coil-compose-core-android\3.0.0-rc01\coil-compose-core-android-3.0.0-rc01.aar
  .m2.cache\io\coil-kt\coil3\coil-core-android\3.0.0-rc01\coil-core-android-3.0.0-rc01.aar
  .m2.cache\io\coil-kt\coil3\coil-network-core-android\3.0.0-rc01\coil-network-core-android-3.0.0-rc01.aar
  .m2.cache\androidx\lifecycle\lifecycle-runtime-ktx-android\2.8.7\lifecycle-runtime-ktx-android-2.8.7.aar
  .m2.cache\org\jspecify\jspecify\1.0.0\jspecify-1.0.0.jar
  .m2.cache\androidx\lifecycle\lifecycle-runtime-android\2.8.7\lifecycle-runtime-android-2.8.7.aar
  .m2.cache\androidx\interpolator\interpolator\1.0.0\interpolator-1.0.0.aar
  .m2.cache\androidx\collection\collection-jvm\1.5.0\collection-jvm-1.5.0.jar
  .m2.cache\androidx\lifecycle\lifecycle-livedata\2.8.7\lifecycle-livedata-2.8.7.aar
  .m2.cache\androidx\compose\animation\animation-core-android\1.8.2\animation-core-android-1.8.2.aar
  .m2.cache\androidx\compose\foundation\foundation-layout-android\1.8.2\foundation-layout-android-1.8.2.aar
  .m2.cache\androidx\compose\ui\ui-geometry-android\1.8.2\ui-geometry-android-1.8.2.aar
  .m2.cache\androidx\lifecycle\lifecycle-common-jvm\2.8.7\lifecycle-common-jvm-2.8.7.jar
  .m2.cache\androidx\compose\ui\ui-unit-android\1.8.2\ui-unit-android-1.8.2.aar
  .m2.cache\androidx\compose\ui\ui-util-android\1.8.2\ui-util-android-1.8.2.aar
  .m2.cache\androidx\compose\material\material-icons-core-android\1.6.0\material-icons-core-android-1.6.0.aar
  .m2.cache\com\squareup\okio\okio-jvm\3.9.1\okio-jvm-3.9.1.jar
  .m2.cache\androidx\lifecycle\lifecycle-runtime-compose-android\2.8.7\lifecycle-runtime-compose-android-2.8.7.aar
  .m2.cache\androidx\arch\core\core-common\2.2.0\core-common-2.2.0.jar
  .m2.cache\androidx\arch\core\core-runtime\2.2.0\core-runtime-2.2.0.aar
  .m2.cache\androidx\lifecycle\lifecycle-livedata-core-ktx\2.8.7\lifecycle-livedata-core-ktx-2.8.7.aar
00:04.729 DEBUG :generated\shared\common\src\compose\resources\collectors IncrementalCache          [inc] up-to-date according to state file at 'D:\github\projet_kotlin_ihm\archiveDesDieuxV1\build\incremental.state\_generated_shared_common_src_compose_resources_col-aa1ba3fdf9' in 344.7us
00:04.730 DEBUG :generated\shared\common\src\compose\resources\collectors IncrementalCache          [inc] ':generated\shared\common\src\compose\resources\collectors' is up-to-date
00:04.734 DEBUG :generated\shared\common\src\compose\resources\commonResClass IncrementalCache          [inc] up-to-date according to state file at 'D:\github\projet_kotlin_ihm\archiveDesDieuxV1\build\incremental.state\_generated_shared_common_src_compose_resources_com-5114195187' in 330.2us
00:04.734 DEBUG :generated\shared\common\src\compose\resources\commonResClass IncrementalCache          [inc] ':generated\shared\common\src\compose\resources\commonResClass' is up-to-date
00:04.738 DEBUG :generated\jvm-app\main\src\compose\resources\accessors IncrementalCache          [inc] up-to-date according to state file at 'D:\github\projet_kotlin_ihm\archiveDesDieuxV1\build\incremental.state\_generated_jvm-app_main_src_compose_resources_acce-ba8279b2ed' in 375.5us
00:04.739 DEBUG :generated\jvm-app\main\src\compose\resources\accessors IncrementalCache          [inc] ':generated\jvm-app\main\src\compose\resources\accessors' is up-to-date
00:04.741 DEBUG :shared:resolveDependenciesJvm IncrementalCache          [inc] up-to-date according to state file at 'D:\github\projet_kotlin_ihm\archiveDesDieuxV1\build\incremental.state\_shared_resolveDependenciesJvm-8eb09983c0' in 14.558700ms
00:04.742 DEBUG :shared:resolveDependenciesJvm IncrementalCache          [inc] ':shared:resolveDependenciesJvm' is up-to-date
00:04.745 DEBUG :shared:resolveDependenciesJvm ResolveExternalDependenciesTask resolve dependencies shared -- common jvm -- io.coil-kt.coil3:coil-compose:3.0.0-rc01 io.coil-kt.coil3:coil-network-okhttp:3.0.0-rc01 org.jetbrains.compose.components:components-resources:1.7.0 org.jetbrains.compose.foundation:foundation:1.8.2 org.jetbrains.compose.material3:material3:1.8.2 org.jetbrains.compose.runtime:runtime:1.8.2 org.jetbrains.kotlin:kotlin-stdlib:2.2.21 -- resolvePlatform=JVM nativeTarget=null
wasmTarget=null
https://repo1.maven.org/maven2 https://maven.google.com https://maven.pkg.jetbrains.space/public/p/compose/dev resolved to:
  .m2.cache\org\jetbrains\kotlin\kotlin-stdlib\2.2.21\kotlin-stdlib-2.2.21.jar
  .m2.cache\org\jetbrains\compose\foundation\foundation-desktop\1.8.2\foundation-desktop-1.8.2.jar
  .m2.cache\org\jetbrains\compose\material3\material3-desktop\1.8.2\material3-desktop-1.8.2.jar
  .m2.cache\org\jetbrains\compose\components\components-resources-desktop\1.7.0\components-resources-desktop-1.7.0.jar
  .m2.cache\io\coil-kt\coil3\coil-compose-jvm\3.0.0-rc01\coil-compose-jvm-3.0.0-rc01.jar
  .m2.cache\io\coil-kt\coil3\coil-network-okhttp-jvm\3.0.0-rc01\coil-network-okhttp-jvm-3.0.0-rc01.jar
  .m2.cache\org\jetbrains\annotations\23.0.0\annotations-23.0.0.jar
  .m2.cache\org\jetbrains\compose\runtime\runtime-desktop\1.8.2\runtime-desktop-1.8.2.jar
  .m2.cache\com\squareup\okhttp3\okhttp\4.12.0\okhttp-4.12.0.jar
  .m2.cache\org\jetbrains\compose\animation\animation-desktop\1.8.2\animation-desktop-1.8.2.jar
  .m2.cache\org\jetbrains\compose\ui\ui-desktop\1.8.2\ui-desktop-1.8.2.jar
  .m2.cache\org\jetbrains\skiko\skiko-awt\0.9.4.2\skiko-awt-0.9.4.2.jar
  .m2.cache\org\jetbrains\compose\material\material-ripple-desktop\1.8.2\material-ripple-desktop-1.8.2.jar
  .m2.cache\org\jetbrains\compose\ui\ui-graphics-desktop\1.8.2\ui-graphics-desktop-1.8.2.jar
  .m2.cache\org\jetbrains\compose\ui\ui-text-desktop\1.8.2\ui-text-desktop-1.8.2.jar
  .m2.cache\io\coil-kt\coil3\coil-jvm\3.0.0-rc01\coil-jvm-3.0.0-rc01.jar
  .m2.cache\io\coil-kt\coil3\coil-compose-core-jvm\3.0.0-rc01\coil-compose-core-jvm-3.0.0-rc01.jar
  .m2.cache\io\coil-kt\coil3\coil-core-jvm\3.0.0-rc01\coil-core-jvm-3.0.0-rc01.jar
  .m2.cache\io\coil-kt\coil3\coil-network-core-jvm\3.0.0-rc01\coil-network-core-jvm-3.0.0-rc01.jar
  .m2.cache\org\jetbrains\kotlin\kotlin-stdlib-jdk8\2.1.21\kotlin-stdlib-jdk8-2.1.21.jar
  .m2.cache\org\jetbrains\kotlinx\kotlinx-coroutines-core-jvm\1.9.0\kotlinx-coroutines-core-jvm-1.9.0.jar
  .m2.cache\com\squareup\okio\okio-jvm\3.9.1\okio-jvm-3.9.1.jar
  .m2.cache\org\jetbrains\kotlin\kotlin-stdlib-jdk7\2.1.21\kotlin-stdlib-jdk7-2.1.21.jar
  .m2.cache\org\jetbrains\compose\animation\animation-core-desktop\1.8.2\animation-core-desktop-1.8.2.jar
  .m2.cache\org\jetbrains\compose\foundation\foundation-layout-desktop\1.8.2\foundation-layout-desktop-1.8.2.jar
  .m2.cache\org\jetbrains\compose\ui\ui-geometry-desktop\1.8.2\ui-geometry-desktop-1.8.2.jar
  .m2.cache\org\jetbrains\compose\runtime\runtime-saveable-desktop\1.8.2\runtime-saveable-desktop-1.8.2.jar
  .m2.cache\org\jetbrains\compose\ui\ui-unit-desktop\1.8.2\ui-unit-desktop-1.8.2.jar
  .m2.cache\org\jetbrains\compose\ui\ui-util-desktop\1.8.2\ui-util-desktop-1.8.2.jar
  .m2.cache\androidx\lifecycle\lifecycle-common-jvm\2.8.5\lifecycle-common-jvm-2.8.5.jar
  .m2.cache\androidx\annotation\annotation-jvm\1.9.1\annotation-jvm-1.9.1.jar
00:04.748 DEBUG :jvm-app:prepareComposeResourcesForJvmTest IncrementalCache          [inc] up-to-date according to state file at 'D:\github\projet_kotlin_ihm\archiveDesDieuxV1\build\incremental.state\_jvm-app_prepareComposeResourcesForJvmTest-798e992dd7' in 390.5us
00:04.748 DEBUG :jvm-app:prepareComposeResourcesForJvmTest IncrementalCache          [inc] ':jvm-app:prepareComposeResourcesForJvmTest' is up-to-date
00:04.750 DEBUG :generated\android-app\test\src\compose\resources\accessors IncrementalCache          [inc] up-to-date according to state file at 'D:\github\projet_kotlin_ihm\archiveDesDieuxV1\build\incremental.state\_generated_android-app_test_src_compose_resources_-318db787ab' in 384.9us
00:04.750 DEBUG :generated\android-app\test\src\compose\resources\accessors IncrementalCache          [inc] ':generated\android-app\test\src\compose\resources\accessors' is up-to-date
00:04.756 DEBUG :generated\shared\jvm\src\compose\resources\accessors IncrementalCache          [inc] up-to-date according to state file at 'D:\github\projet_kotlin_ihm\archiveDesDieuxV1\build\incremental.state\_generated_shared_jvm_src_compose_resources_access-51ce0e69e2' in 1.519900ms
00:04.758 DEBUG :generated\shared\jvm\src\compose\resources\accessors IncrementalCache          [inc] ':generated\shared\jvm\src\compose\resources\accessors' is up-to-date
00:04.763 DEBUG :shared:prepareComposeResourcesForJvmJvm IncrementalCache          [inc] up-to-date according to state file at 'D:\github\projet_kotlin_ihm\archiveDesDieuxV1\build\incremental.state\_shared_prepareComposeResourcesForJvmJvm-6b30e9b517' in 344.2us
00:04.763 DEBUG :shared:prepareComposeResourcesForJvmJvm IncrementalCache          [inc] ':shared:prepareComposeResourcesForJvmJvm' is up-to-date
00:04.770 DEBUG :generated\jvm-app\test\src\compose\resources\accessors IncrementalCache          [inc] up-to-date according to state file at 'D:\github\projet_kotlin_ihm\archiveDesDieuxV1\build\incremental.state\_generated_jvm-app_test_src_compose_resources_acce-5e57ff56b4' in 4.459300ms
00:04.770 DEBUG :generated\jvm-app\test\src\compose\resources\accessors IncrementalCache          [inc] ':generated\jvm-app\test\src\compose\resources\accessors' is up-to-date
00:04.774 DEBUG :shared:prepareComposeResourcesForJvmJvmTest IncrementalCache          [inc] up-to-date according to state file at 'D:\github\projet_kotlin_ihm\archiveDesDieuxV1\build\incremental.state\_shared_prepareComposeResourcesForJvmJvmTest-becf1638aa' in 5.771700ms
00:04.774 DEBUG :shared:prepareComposeResourcesForJvmJvmTest IncrementalCache          [inc] ':shared:prepareComposeResourcesForJvmJvmTest' is up-to-date
00:04.776 DEBUG :generated\shared\jvmTest\src\compose\resources\accessors IncrementalCache          [inc] up-to-date according to state file at 'D:\github\projet_kotlin_ihm\archiveDesDieuxV1\build\incremental.state\_generated_shared_jvmTest_src_compose_resources_ac-2d5e9b7e26' in 770.2us
00:04.776 DEBUG :generated\shared\jvmTest\src\compose\resources\accessors IncrementalCache          [inc] ':generated\shared\jvmTest\src\compose\resources\accessors' is up-to-date
00:04.777 DEBUG :generated\android-app\main\src\compose\resources\accessors IncrementalCache          [inc] up-to-date according to state file at 'D:\github\projet_kotlin_ihm\archiveDesDieuxV1\build\incremental.state\_generated_android-app_main_src_compose_resources_-a54787248a' in 320.7us
00:04.778 DEBUG :generated\android-app\main\src\compose\resources\accessors IncrementalCache          [inc] ':generated\android-app\main\src\compose\resources\accessors' is up-to-date
00:04.783 DEBUG :generated\shared\android\src\compose\resources\accessors IncrementalCache          [inc] up-to-date according to state file at 'D:\github\projet_kotlin_ihm\archiveDesDieuxV1\build\incremental.state\_generated_shared_android_src_compose_resources_ac-26cee51d59' in 1.455400ms
00:04.783 DEBUG :generated\shared\android\src\compose\resources\accessors IncrementalCache          [inc] ':generated\shared\android\src\compose\resources\accessors' is up-to-date
00:04.786 DEBUG :generated\shared\common\src\compose\resources\accessors IncrementalCache          [inc] up-to-date according to state file at 'D:\github\projet_kotlin_ihm\archiveDesDieuxV1\build\incremental.state\_generated_shared_common_src_compose_resources_acc-f88cbdba75' in 398.7us
00:04.786 DEBUG :generated\shared\common\src\compose\resources\accessors IncrementalCache          [inc] ':generated\shared\common\src\compose\resources\accessors' is up-to-date
00:04.787 DEBUG :shared:prepareComposeResourcesForJvmCommon IncrementalCache          [inc] up-to-date according to state file at 'D:\github\projet_kotlin_ihm\archiveDesDieuxV1\build\incremental.state\_shared_prepareComposeResourcesForJvmCommon-aa65628721' in 2.484200ms
00:04.789 DEBUG :generated\shared\commonTest\src\compose\resources\accessors IncrementalCache          [inc] up-to-date according to state file at 'D:\github\projet_kotlin_ihm\archiveDesDieuxV1\build\incremental.state\_generated_shared_commonTest_src_compose_resources-cbcbe9ae76' in 557us
00:04.789 DEBUG :generated\shared\commonTest\src\compose\resources\accessors IncrementalCache          [inc] ':generated\shared\commonTest\src\compose\resources\accessors' is up-to-date
00:04.790 DEBUG :shared:prepareComposeResourcesForJvmCommon IncrementalCache          [inc] ':shared:prepareComposeResourcesForJvmCommon' is up-to-date
00:04.803 DEBUG :generated\shared\androidTest\src\compose\resources\accessors IncrementalCache          [inc] up-to-date according to state file at 'D:\github\projet_kotlin_ihm\archiveDesDieuxV1\build\incremental.state\_generated_shared_androidTest_src_compose_resource-23b6ddcc6a' in 997.4us
00:04.803 DEBUG :generated\shared\androidTest\src\compose\resources\accessors IncrementalCache          [inc] ':generated\shared\androidTest\src\compose\resources\accessors' is up-to-date
00:04.830 DEBUG :android-app:transformDependenciesAndroid IncrementalCache          [inc] up-to-date according to state file at 'D:\github\projet_kotlin_ihm\archiveDesDieuxV1\build\incremental.state\_android-app_transformDependenciesAndroid-59acdd6c8b' in 22.357ms
00:04.831 DEBUG :android-app:transformDependenciesAndroid IncrementalCache          [inc] ':android-app:transformDependenciesAndroid' is up-to-date
00:04.836 DEBUG :generated\jvm-app\main\src\compose\resources\collectors IncrementalCache          [inc] up-to-date according to state file at 'D:\github\projet_kotlin_ihm\archiveDesDieuxV1\build\incremental.state\_generated_jvm-app_main_src_compose_resources_coll-a2b5300403' in 477.6us
00:04.836 DEBUG :generated\jvm-app\main\src\compose\resources\collectors IncrementalCache          [inc] ':generated\jvm-app\main\src\compose\resources\collectors' is up-to-date
00:04.838 DEBUG :generated\shared\jvm\src\compose\resources\collectors IncrementalCache          [inc] up-to-date according to state file at 'D:\github\projet_kotlin_ihm\archiveDesDieuxV1\build\incremental.state\_generated_shared_jvm_src_compose_resources_collec-ecdf45b238' in 367.8us
00:04.838 DEBUG :generated\shared\jvm\src\compose\resources\collectors IncrementalCache          [inc] ':generated\shared\jvm\src\compose\resources\collectors' is up-to-date
00:04.842 DEBUG :generated\android-app\main\src\compose\resources\collectors IncrementalCache          [inc] up-to-date according to state file at 'D:\github\projet_kotlin_ihm\archiveDesDieuxV1\build\incremental.state\_generated_android-app_main_src_compose_resources_-73a041cf95' in 456.1us
00:04.842 DEBUG :generated\android-app\main\src\compose\resources\collectors IncrementalCache          [inc] ':generated\android-app\main\src\compose\resources\collectors' is up-to-date
00:04.844 DEBUG :generated\shared\android\src\compose\resources\collectors IncrementalCache          [inc] up-to-date according to state file at 'D:\github\projet_kotlin_ihm\archiveDesDieuxV1\build\incremental.state\_generated_shared_android_src_compose_resources_co-196413a492' in 310.2us
00:04.844 DEBUG :generated\shared\android\src\compose\resources\collectors IncrementalCache          [inc] ':generated\shared\android\src\compose\resources\collectors' is up-to-date
00:04.844 DEBUG :shared:compileJvm        JvmCompileTask            compile shared -- common jvm
00:04.846 DEBUG :jvm-app:resolveDependenciesJvmTest ResolveExternalDependenciesTask resolve dependencies jvm-app -- main test -- io.coil-kt.coil3:coil-compose:3.0.0-rc01 io.coil-kt.coil3:coil-network-okhttp:3.0.0-rc01 org.jetbrains.compose.components:components-resources:1.7.0 org.jetbrains.compose.desktop:desktop-jvm-windows-x64:1.8.2 org.jetbrains.compose.foundation:foundation:1.8.2 org.jetbrains.compose.material3:material3:1.8.2 org.jetbrains.compose.runtime:runtime:1.8.2 org.jetbrains.kotlin:kotlin-stdlib:2.2.21 org.jetbrains.kotlin:kotlin-test-junit5:2.2.21 -- resolvePlatform=JVM nativeTarget=null
wasmTarget=null
https://repo1.maven.org/maven2 https://maven.google.com https://maven.pkg.jetbrains.space/public/p/compose/dev resolved to:
  .m2.cache\org\jetbrains\kotlin\kotlin-stdlib\2.2.21\kotlin-stdlib-2.2.21.jar
  .m2.cache\org\jetbrains\kotlin\kotlin-test-junit5\2.2.21\kotlin-test-junit5-2.2.21.jar
  .m2.cache\org\jetbrains\annotations\23.0.0\annotations-23.0.0.jar
  .m2.cache\org\jetbrains\compose\runtime\runtime-desktop\1.8.2\runtime-desktop-1.8.2.jar
  .m2.cache\org\jetbrains\kotlin\kotlin-test\2.2.21\kotlin-test-2.2.21.jar
  .m2.cache\org\junit\jupiter\junit-jupiter-api\5.10.1\junit-jupiter-api-5.10.1.jar
  .m2.cache\org\jetbrains\compose\foundation\foundation-desktop\1.8.2\foundation-desktop-1.8.2.jar
  .m2.cache\org\jetbrains\compose\material3\material3-desktop\1.8.2\material3-desktop-1.8.2.jar
  .m2.cache\org\jetbrains\compose\components\components-resources-desktop\1.7.0\components-resources-desktop-1.7.0.jar
  .m2.cache\io\coil-kt\coil3\coil-compose-jvm\3.0.0-rc01\coil-compose-jvm-3.0.0-rc01.jar
  .m2.cache\io\coil-kt\coil3\coil-network-okhttp-jvm\3.0.0-rc01\coil-network-okhttp-jvm-3.0.0-rc01.jar
  .m2.cache\org\jetbrains\compose\desktop\desktop-jvm\1.8.2\desktop-jvm-1.8.2.jar
  .m2.cache\org\opentest4j\opentest4j\1.3.0\opentest4j-1.3.0.jar
  .m2.cache\org\junit\platform\junit-platform-commons\1.10.1\junit-platform-commons-1.10.1.jar
  .m2.cache\org\apiguardian\apiguardian-api\1.1.2\apiguardian-api-1.1.2.jar
  .m2.cache\com\squareup\okhttp3\okhttp\4.12.0\okhttp-4.12.0.jar
  .m2.cache\org\jetbrains\kotlinx\kotlinx-coroutines-core-jvm\1.9.0\kotlinx-coroutines-core-jvm-1.9.0.jar
  .m2.cache\org\jetbrains\compose\animation\animation-desktop\1.8.2\animation-desktop-1.8.2.jar
  .m2.cache\org\jetbrains\compose\ui\ui-desktop\1.8.2\ui-desktop-1.8.2.jar
  .m2.cache\org\jetbrains\skiko\skiko-awt\0.9.4.2\skiko-awt-0.9.4.2.jar
  .m2.cache\org\jetbrains\compose\material\material-ripple-desktop\1.8.2\material-ripple-desktop-1.8.2.jar
  .m2.cache\org\jetbrains\compose\ui\ui-graphics-desktop\1.8.2\ui-graphics-desktop-1.8.2.jar
  .m2.cache\org\jetbrains\compose\ui\ui-text-desktop\1.8.2\ui-text-desktop-1.8.2.jar
  .m2.cache\io\coil-kt\coil3\coil-jvm\3.0.0-rc01\coil-jvm-3.0.0-rc01.jar
  .m2.cache\io\coil-kt\coil3\coil-compose-core-jvm\3.0.0-rc01\coil-compose-core-jvm-3.0.0-rc01.jar
  .m2.cache\io\coil-kt\coil3\coil-core-jvm\3.0.0-rc01\coil-core-jvm-3.0.0-rc01.jar
  .m2.cache\io\coil-kt\coil3\coil-network-core-jvm\3.0.0-rc01\coil-network-core-jvm-3.0.0-rc01.jar
  .m2.cache\org\jetbrains\kotlin\kotlin-stdlib-jdk8\2.1.21\kotlin-stdlib-jdk8-2.1.21.jar
  .m2.cache\org\jetbrains\compose\material\material-desktop\1.8.2\material-desktop-1.8.2.jar
  .m2.cache\org\jetbrains\compose\ui\ui-tooling-preview-desktop\1.8.2\ui-tooling-preview-desktop-1.8.2.jar
  .m2.cache\com\squareup\okio\okio-jvm\3.9.1\okio-jvm-3.9.1.jar
  .m2.cache\org\jetbrains\kotlin\kotlin-stdlib-jdk7\2.1.21\kotlin-stdlib-jdk7-2.1.21.jar
  .m2.cache\org\jetbrains\compose\animation\animation-core-desktop\1.8.2\animation-core-desktop-1.8.2.jar
  .m2.cache\org\jetbrains\compose\foundation\foundation-layout-desktop\1.8.2\foundation-layout-desktop-1.8.2.jar
  .m2.cache\org\jetbrains\compose\ui\ui-geometry-desktop\1.8.2\ui-geometry-desktop-1.8.2.jar
  .m2.cache\org\jetbrains\compose\runtime\runtime-saveable-desktop\1.8.2\runtime-saveable-desktop-1.8.2.jar
  .m2.cache\org\jetbrains\compose\ui\ui-unit-desktop\1.8.2\ui-unit-desktop-1.8.2.jar
  .m2.cache\org\jetbrains\compose\ui\ui-util-desktop\1.8.2\ui-util-desktop-1.8.2.jar
  .m2.cache\androidx\lifecycle\lifecycle-common-jvm\2.8.5\lifecycle-common-jvm-2.8.5.jar
  .m2.cache\androidx\annotation\annotation-jvm\1.9.1\annotation-jvm-1.9.1.jar
00:04.849 DEBUG :shared:resolveDependenciesAndroid ResolveExternalDependenciesTask resolve dependencies shared -- android common -- androidx.activity:activity-compose:1.7.2 androidx.appcompat:appcompat:1.6.1 io.coil-kt.coil3:coil-compose:3.0.0-rc01 io.coil-kt.coil3:coil-network-okhttp:3.0.0-rc01 org.jetbrains.compose.components:components-resources:1.7.0 org.jetbrains.compose.foundation:foundation:1.8.2 org.jetbrains.compose.material3:material3:1.8.2 org.jetbrains.compose.runtime:runtime:1.8.2 org.jetbrains.kotlin:kotlin-stdlib-jdk7:2.2.21 org.jetbrains.kotlin:kotlin-stdlib-jdk8:2.2.21 org.jetbrains.kotlin:kotlin-stdlib:2.2.21 -- resolvePlatform=ANDROID nativeTarget=null
wasmTarget=null
https://repo1.maven.org/maven2 https://maven.google.com https://maven.pkg.jetbrains.space/public/p/compose/dev resolved to:
  .m2.cache\androidx\activity\activity-compose\1.8.2\activity-compose-1.8.2.aar
  .m2.cache\androidx\appcompat\appcompat\1.7.0\appcompat-1.7.0.aar
  .m2.cache\org\jetbrains\kotlin\kotlin-stdlib\2.2.21\kotlin-stdlib-2.2.21.jar
  .m2.cache\org\jetbrains\kotlin\kotlin-stdlib-jdk7\2.2.21\kotlin-stdlib-jdk7-2.2.21.jar
  .m2.cache\org\jetbrains\kotlin\kotlin-stdlib-jdk8\2.2.21\kotlin-stdlib-jdk8-2.2.21.jar
  .m2.cache\org\jetbrains\compose\components\components-resources-android\1.7.0\components-resources-android-1.7.0.aar
  .m2.cache\io\coil-kt\coil3\coil-compose-android\3.0.0-rc01\coil-compose-android-3.0.0-rc01.aar
  .m2.cache\io\coil-kt\coil3\coil-network-okhttp-jvm\3.0.0-rc01\coil-network-okhttp-jvm-3.0.0-rc01.jar
  .m2.cache\androidx\activity\activity-ktx\1.8.2\activity-ktx-1.8.2.aar
  .m2.cache\androidx\activity\activity\1.8.2\activity-1.8.2.aar
  .m2.cache\androidx\appcompat\appcompat-resources\1.7.0\appcompat-resources-1.7.0.aar
  .m2.cache\androidx\core\core\1.13.1\core-1.13.1.aar
  .m2.cache\androidx\cursoradapter\cursoradapter\1.0.0\cursoradapter-1.0.0.aar
  .m2.cache\androidx\drawerlayout\drawerlayout\1.0.0\drawerlayout-1.0.0.aar
  .m2.cache\androidx\fragment\fragment\1.5.4\fragment-1.5.4.aar
  .m2.cache\androidx\savedstate\savedstate\1.2.1\savedstate-1.2.1.aar
  .m2.cache\org\jetbrains\annotations\23.0.0\annotations-23.0.0.jar
  .m2.cache\androidx\compose\foundation\foundation-android\1.8.2\foundation-android-1.8.2.aar
  .m2.cache\androidx\compose\material3\material3-android\1.3.2\material3-android-1.3.2.aar
  .m2.cache\com\squareup\okhttp3\okhttp\4.12.0\okhttp-4.12.0.jar
  .m2.cache\androidx\core\core-ktx\1.13.1\core-ktx-1.13.1.aar
  .m2.cache\androidx\lifecycle\lifecycle-viewmodel-ktx\2.8.7\lifecycle-viewmodel-ktx-2.8.7.aar
  .m2.cache\androidx\savedstate\savedstate-ktx\1.2.1\savedstate-ktx-1.2.1.aar
  .m2.cache\androidx\compose\runtime\runtime-android\1.8.2\runtime-android-1.8.2.aar
  .m2.cache\androidx\compose\runtime\runtime-saveable-android\1.8.2\runtime-saveable-android-1.8.2.aar
  .m2.cache\androidx\compose\ui\ui-android\1.8.2\ui-android-1.8.2.aar
  .m2.cache\androidx\lifecycle\lifecycle-viewmodel-android\2.8.7\lifecycle-viewmodel-android-2.8.7.aar
  .m2.cache\androidx\lifecycle\lifecycle-viewmodel-savedstate\2.8.7\lifecycle-viewmodel-savedstate-2.8.7.aar
  .m2.cache\androidx\annotation\annotation-jvm\1.9.1\annotation-jvm-1.9.1.jar
  .m2.cache\androidx\vectordrawable\vectordrawable\1.1.0\vectordrawable-1.1.0.aar
  .m2.cache\androidx\vectordrawable\vectordrawable-animated\1.1.0\vectordrawable-animated-1.1.0.aar
  .m2.cache\androidx\annotation\annotation-experimental\1.4.1\annotation-experimental-1.4.1.aar
  .m2.cache\androidx\versionedparcelable\versionedparcelable\1.1.1\versionedparcelable-1.1.1.aar
  .m2.cache\androidx\customview\customview\1.0.0\customview-1.0.0.aar
  .m2.cache\androidx\lifecycle\lifecycle-livedata-core\2.8.7\lifecycle-livedata-core-2.8.7.aar
  .m2.cache\androidx\loader\loader\1.0.0\loader-1.0.0.aar
  .m2.cache\androidx\viewpager\viewpager\1.0.0\viewpager-1.0.0.aar
  .m2.cache\org\jetbrains\kotlinx\kotlinx-coroutines-core-jvm\1.9.0\kotlinx-coroutines-core-jvm-1.9.0.jar
  .m2.cache\androidx\compose\animation\animation-android\1.8.2\animation-android-1.8.2.aar
  .m2.cache\androidx\compose\material\material-ripple-android\1.8.2\material-ripple-android-1.8.2.aar
  .m2.cache\androidx\compose\ui\ui-graphics-android\1.8.2\ui-graphics-android-1.8.2.aar
  .m2.cache\androidx\compose\ui\ui-text-android\1.8.2\ui-text-android-1.8.2.aar
  .m2.cache\io\coil-kt\coil3\coil-android\3.0.0-rc01\coil-android-3.0.0-rc01.aar
  .m2.cache\io\coil-kt\coil3\coil-compose-core-android\3.0.0-rc01\coil-compose-core-android-3.0.0-rc01.aar
  .m2.cache\io\coil-kt\coil3\coil-core-android\3.0.0-rc01\coil-core-android-3.0.0-rc01.aar
  .m2.cache\io\coil-kt\coil3\coil-network-core-android\3.0.0-rc01\coil-network-core-android-3.0.0-rc01.aar
  .m2.cache\androidx\lifecycle\lifecycle-runtime-ktx-android\2.8.7\lifecycle-runtime-ktx-android-2.8.7.aar
  .m2.cache\org\jetbrains\kotlinx\kotlinx-coroutines-android\1.9.0\kotlinx-coroutines-android-1.9.0.jar
  .m2.cache\org\jspecify\jspecify\1.0.0\jspecify-1.0.0.jar
  .m2.cache\androidx\lifecycle\lifecycle-runtime-android\2.8.7\lifecycle-runtime-android-2.8.7.aar
  .m2.cache\androidx\interpolator\interpolator\1.0.0\interpolator-1.0.0.aar
  .m2.cache\androidx\collection\collection-jvm\1.5.0\collection-jvm-1.5.0.jar
  .m2.cache\androidx\lifecycle\lifecycle-livedata\2.8.7\lifecycle-livedata-2.8.7.aar
  .m2.cache\androidx\compose\animation\animation-core-android\1.8.2\animation-core-android-1.8.2.aar
  .m2.cache\androidx\compose\foundation\foundation-layout-android\1.8.2\foundation-layout-android-1.8.2.aar
  .m2.cache\androidx\compose\ui\ui-geometry-android\1.8.2\ui-geometry-android-1.8.2.aar
  .m2.cache\androidx\lifecycle\lifecycle-common-jvm\2.8.7\lifecycle-common-jvm-2.8.7.jar
  .m2.cache\androidx\compose\ui\ui-unit-android\1.8.2\ui-unit-android-1.8.2.aar
  .m2.cache\androidx\compose\ui\ui-util-android\1.8.2\ui-util-android-1.8.2.aar
  .m2.cache\androidx\compose\material\material-icons-core-android\1.6.0\material-icons-core-android-1.6.0.aar
  .m2.cache\com\squareup\okio\okio-jvm\3.9.1\okio-jvm-3.9.1.jar
  .m2.cache\androidx\lifecycle\lifecycle-runtime-compose-android\2.8.7\lifecycle-runtime-compose-android-2.8.7.aar
  .m2.cache\androidx\arch\core\core-common\2.2.0\core-common-2.2.0.jar
  .m2.cache\androidx\arch\core\core-runtime\2.2.0\core-runtime-2.2.0.aar
  .m2.cache\androidx\lifecycle\lifecycle-livedata-core-ktx\2.8.7\lifecycle-livedata-core-ktx-2.8.7.aar
00:04.873 DEBUG :shared:transformDependenciesAndroid IncrementalCache          [inc] up-to-date according to state file at 'D:\github\projet_kotlin_ihm\archiveDesDieuxV1\build\incremental.state\_shared_transformDependenciesAndroid-ad19ac5db9' in 18.598300ms
00:04.877 DEBUG :shared:transformDependenciesAndroid IncrementalCache          [inc] ':shared:transformDependenciesAndroid' is up-to-date
00:04.883 DEBUG :shared:resolveDependenciesJvmTest ResolveExternalDependenciesTask resolve dependencies shared -- common commonTest jvm jvmTest -- io.coil-kt.coil3:coil-compose:3.0.0-rc01 io.coil-kt.coil3:coil-network-okhttp:3.0.0-rc01 org.jetbrains.compose.components:components-resources:1.7.0 org.jetbrains.compose.foundation:foundation:1.8.2 org.jetbrains.compose.material3:material3:1.8.2 org.jetbrains.compose.runtime:runtime:1.8.2 org.jetbrains.kotlin:kotlin-stdlib:2.2.21 org.jetbrains.kotlin:kotlin-test-annotations-common:2.2.21 org.jetbrains.kotlin:kotlin-test-junit5:2.2.21 org.jetbrains.kotlin:kotlin-test:2.2.21 -- resolvePlatform=JVM nativeTarget=null
wasmTarget=null
https://repo1.maven.org/maven2 https://maven.google.com https://maven.pkg.jetbrains.space/public/p/compose/dev resolved to:
  .m2.cache\org\jetbrains\kotlin\kotlin-stdlib\2.2.21\kotlin-stdlib-2.2.21.jar
  .m2.cache\org\jetbrains\kotlin\kotlin-test\2.2.21\kotlin-test-2.2.21.jar
  .m2.cache\org\jetbrains\kotlin\kotlin-test-junit5\2.2.21\kotlin-test-junit5-2.2.21.jar
  .m2.cache\org\jetbrains\compose\foundation\foundation-desktop\1.8.2\foundation-desktop-1.8.2.jar
  .m2.cache\org\jetbrains\compose\material3\material3-desktop\1.8.2\material3-desktop-1.8.2.jar
  .m2.cache\org\jetbrains\compose\components\components-resources-desktop\1.7.0\components-resources-desktop-1.7.0.jar
  .m2.cache\io\coil-kt\coil3\coil-compose-jvm\3.0.0-rc01\coil-compose-jvm-3.0.0-rc01.jar
  .m2.cache\io\coil-kt\coil3\coil-network-okhttp-jvm\3.0.0-rc01\coil-network-okhttp-jvm-3.0.0-rc01.jar
  .m2.cache\org\jetbrains\annotations\23.0.0\annotations-23.0.0.jar
  .m2.cache\org\jetbrains\compose\runtime\runtime-desktop\1.8.2\runtime-desktop-1.8.2.jar
  .m2.cache\org\junit\jupiter\junit-jupiter-api\5.10.1\junit-jupiter-api-5.10.1.jar
  .m2.cache\com\squareup\okhttp3\okhttp\4.12.0\okhttp-4.12.0.jar
  .m2.cache\org\opentest4j\opentest4j\1.3.0\opentest4j-1.3.0.jar
  .m2.cache\org\junit\platform\junit-platform-commons\1.10.1\junit-platform-commons-1.10.1.jar
  .m2.cache\org\apiguardian\apiguardian-api\1.1.2\apiguardian-api-1.1.2.jar
  .m2.cache\org\jetbrains\compose\animation\animation-desktop\1.8.2\animation-desktop-1.8.2.jar
  .m2.cache\org\jetbrains\compose\ui\ui-desktop\1.8.2\ui-desktop-1.8.2.jar
  .m2.cache\org\jetbrains\skiko\skiko-awt\0.9.4.2\skiko-awt-0.9.4.2.jar
  .m2.cache\org\jetbrains\compose\material\material-ripple-desktop\1.8.2\material-ripple-desktop-1.8.2.jar
  .m2.cache\org\jetbrains\compose\ui\ui-graphics-desktop\1.8.2\ui-graphics-desktop-1.8.2.jar
  .m2.cache\org\jetbrains\compose\ui\ui-text-desktop\1.8.2\ui-text-desktop-1.8.2.jar
  .m2.cache\io\coil-kt\coil3\coil-jvm\3.0.0-rc01\coil-jvm-3.0.0-rc01.jar
  .m2.cache\io\coil-kt\coil3\coil-compose-core-jvm\3.0.0-rc01\coil-compose-core-jvm-3.0.0-rc01.jar
  .m2.cache\io\coil-kt\coil3\coil-core-jvm\3.0.0-rc01\coil-core-jvm-3.0.0-rc01.jar
  .m2.cache\io\coil-kt\coil3\coil-network-core-jvm\3.0.0-rc01\coil-network-core-jvm-3.0.0-rc01.jar
  .m2.cache\org\jetbrains\kotlin\kotlin-stdlib-jdk8\2.1.21\kotlin-stdlib-jdk8-2.1.21.jar
  .m2.cache\org\jetbrains\kotlinx\kotlinx-coroutines-core-jvm\1.9.0\kotlinx-coroutines-core-jvm-1.9.0.jar
  .m2.cache\com\squareup\okio\okio-jvm\3.9.1\okio-jvm-3.9.1.jar
  .m2.cache\org\jetbrains\kotlin\kotlin-stdlib-jdk7\2.1.21\kotlin-stdlib-jdk7-2.1.21.jar
  .m2.cache\org\jetbrains\compose\animation\animation-core-desktop\1.8.2\animation-core-desktop-1.8.2.jar
  .m2.cache\org\jetbrains\compose\foundation\foundation-layout-desktop\1.8.2\foundation-layout-desktop-1.8.2.jar
  .m2.cache\org\jetbrains\compose\ui\ui-geometry-desktop\1.8.2\ui-geometry-desktop-1.8.2.jar
  .m2.cache\org\jetbrains\compose\runtime\runtime-saveable-desktop\1.8.2\runtime-saveable-desktop-1.8.2.jar
  .m2.cache\org\jetbrains\compose\ui\ui-unit-desktop\1.8.2\ui-unit-desktop-1.8.2.jar
  .m2.cache\org\jetbrains\compose\ui\ui-util-desktop\1.8.2\ui-util-desktop-1.8.2.jar
  .m2.cache\androidx\lifecycle\lifecycle-common-jvm\2.8.5\lifecycle-common-jvm-2.8.5.jar
  .m2.cache\androidx\annotation\annotation-jvm\1.9.1\annotation-jvm-1.9.1.jar
00:04.899 DEBUG :jvm-app:prepareComposeResourcesForJvmMain IncrementalCache          [inc] up-to-date according to state file at 'D:\github\projet_kotlin_ihm\archiveDesDieuxV1\build\incremental.state\_jvm-app_prepareComposeResourcesForJvmMain-98dc0899a4' in 462.5us
00:04.899 DEBUG :jvm-app:prepareComposeResourcesForJvmMain IncrementalCache          [inc] ':jvm-app:prepareComposeResourcesForJvmMain' is up-to-date
00:04.903 DEBUG :shared:prepareComposeResourcesForJvmCommonTest IncrementalCache          [inc] up-to-date according to state file at 'D:\github\projet_kotlin_ihm\archiveDesDieuxV1\build\incremental.state\_shared_prepareComposeResourcesForJvmCommonTest-94f9422ab3' in 841.2us
00:04.904 DEBUG :shared:prepareComposeResourcesForJvmCommonTest IncrementalCache          [inc] ':shared:prepareComposeResourcesForJvmCommonTest' is up-to-date
00:05.154 DEBUG :shared:compileJvm        ExtractKt                 Skipping extract to C:\Users\alexa\AppData\Local\JetBrains\Amper\extract.cache\5de2c13edf-amazon-corretto-21.0.1.12.1-windows-x64-jdk.zip.181531.d since flag file C:\Users\alexa\AppData\Local\JetBrains\Amper\extract.cache\5de2c13edf-amazon-corretto-21.0.1.12.1-windows-x64-jdk.zip.181531.d.flag is correct
00:05.287 DEBUG :shared:compileJvm        IncrementalCache          [inc] Input files don't match recorded state in 'D:\github\projet_kotlin_ihm\archiveDesDieuxV1\build\incremental.state\_shared_compileJvm-b216d3f992' -> rebuilding
  old: {C:\Users\alexa\AppData\Local\JetBrains\Amper\.m2.cache\androidx\annotation\annotation-jvm\1.9.1\annotation-jvm-1.9.1.jar=size 60577 mtime 2025-12-04T22:04:50.4952322Z, C:\Users\alexa\AppData\Local\JetBrains\Amper\.m2.cache\androidx\lifecycle\lifecycle-common-jvm\2.8.5\lifecycle-common-jvm-2.8.5.jar=size 57238 mtime 2025-12-04T22:33:55.9953019Z, C:\Users\alexa\AppData\Local\JetBrains\Amper\.m2.cache\com\squareup\okhttp3\okhttp\4.12.0\okhttp-4.12.0.jar=size 789531 mtime 2025-12-11T00:56:20.8502278Z, C:\Users\alexa\AppData\Local\JetBrains\Amper\.m2.cache\com\squareup\okio\okio-jvm\3.9.1\okio-jvm-3.9.1.jar=size 372276 mtime 2025-12-11T00:56:20.8492268Z, C:\Users\alexa\AppData\Local\JetBrains\Amper\.m2.cache\io\coil-kt\coil3\coil-compose-core-jvm\3.0.0-rc01\coil-compose-core-jvm-3.0.0-rc01.jar=size 124560 mtime 2025-12-11T00:56:21.0886806Z, C:\Users\alexa\AppData\Local\JetBrains\Amper\.m2.cache\io\coil-kt\coil3\coil-compose-jvm\3.0.0-rc01\coil-compose-jvm-3.0.0-rc01.jar=size 13873 mtime 2025-12-11T00:56:21.3538355Z, C:\Users\alexa\AppData\Local\JetBrains\Amper\.m2.cache\io\coil-kt\coil3\coil-core-jvm\3.0.0-rc01\coil-core-jvm-3.0.0-rc01.jar=size 314754 mtime 2025-12-11T00:56:21.334818Z, C:\Users\alexa\AppData\Local\JetBrains\Amper\.m2.cache\io\coil-kt\coil3\coil-jvm\3.0.0-rc01\coil-jvm-3.0.0-rc01.jar=size 7260 mtime 2025-12-11T00:56:20.9965967Z, C:\Users\alexa\AppData\Local\JetBrains\Amper\.m2.cache\io\coil-kt\coil3\coil-network-core-jvm\3.0.0-rc01\coil-network-core-jvm-3.0.0-rc01.jar=size 59900 mtime 2025-12-11T00:56:20.9092827Z, C:\Users\alexa\AppData\Local\JetBrains\Amper\.m2.cache\io\coil-kt\coil3\coil-network-okhttp-jvm\3.0.0-rc01\coil-network-okhttp-jvm-3.0.0-rc01.jar=size 18776 mtime 2025-12-11T00:56:21.0336305Z, C:\Users\alexa\AppData\Local\JetBrains\Amper\.m2.cache\org\jetbrains\annotations\23.0.0\annotations-23.0.0.jar=size 29371 mtime 2025-12-04T22:04:57.0853547Z, C:\Users\alexa\AppData\Local\JetBrains\Amper\.m2.cache\org\jetbrains\compose\animation\animation-core-desktop\1.8.2\animation-core-desktop-1.8.2.jar=size 373054 mtime 2025-12-04T22:33:55.4430573Z, C:\Users\alexa\AppData\Local\JetBrains\Amper\.m2.cache\org\jetbrains\compose\animation\animation-desktop\1.8.2\animation-desktop-1.8.2.jar=size 334268 mtime 2025-12-04T22:33:55.5872076Z, C:\Users\alexa\AppData\Local\JetBrains\Amper\.m2.cache\org\jetbrains\compose\components\components-resources-desktop\1.7.0\components-resources-desktop-1.7.0.jar=size 224592 mtime 2025-12-11T00:56:21.2407761Z, C:\Users\alexa\AppData\Local\JetBrains\Amper\.m2.cache\org\jetbrains\compose\foundation\foundation-desktop\1.8.2\foundation-desktop-1.8.2.jar=size 3796030 mtime 2025-12-04T22:33:56.9733505Z, C:\Users\alexa\AppData\Local\JetBrains\Amper\.m2.cache\org\jetbrains\compose\foundation\foundation-layout-desktop\1.8.2\foundation-layout-desktop-1.8.2.jar=size 573052 mtime 2025-12-04T22:33:55.9717548Z, C:\Users\alexa\AppData\Local\JetBrains\Amper\.m2.cache\org\jetbrains\compose\material3\material3-desktop\1.8.2\material3-desktop-1.8.2.jar=size 3401826 mtime 2025-12-04T22:33:55.6712992Z, C:\Users\alexa\AppData\Local\JetBrains\Amper\.m2.cache\org\jetbrains\compose\material\material-ripple-desktop\1.8.2\material-ripple-desktop-1.8.2.jar=size 72676 mtime 2025-12-04T22:33:55.5832041Z, C:\Users\alexa\AppData\Local\JetBrains\Amper\.m2.cache\org\jetbrains\compose\runtime\runtime-desktop\1.8.2\runtime-desktop-1.8.2.jar=size 1400930 mtime 2025-12-04T22:33:55.4961068Z, C:\Users\alexa\AppData\Local\JetBrains\Amper\.m2.cache\org\jetbrains\compose\runtime\runtime-saveable-desktop\1.8.2\runtime-saveable-desktop-1.8.2.jar=size 41298 mtime 2025-12-04T22:33:55.4390546Z, C:\Users\alexa\AppData\Local\JetBrains\Amper\.m2.cache\org\jetbrains\compose\ui\ui-desktop\1.8.2\ui-desktop-1.8.2.jar=size 3119324 mtime 2025-12-04T22:33:55.7249865Z, C:\Users\alexa\AppData\Local\JetBrains\Amper\.m2.cache\org\jetbrains\compose\ui\ui-geometry-desktop\1.8.2\ui-geometry-desktop-1.8.2.jar=size 56481 mtime 2025-12-04T22:33:55.6262429Z, C:\Users\alexa\AppData\Local\JetBrains\Amper\.m2.cache\org\jetbrains\compose\ui\ui-graphics-desktop\1.8.2\ui-graphics-desktop-1.8.2.jar=size 566040 mtime 2025-12-04T22:33:55.8881707Z, C:\Users\alexa\AppData\Local\JetBrains\Amper\.m2.cache\org\jetbrains\compose\ui\ui-text-desktop\1.8.2\ui-text-desktop-1.8.2.jar=size 700552 mtime 2025-12-04T22:33:55.6335266Z, C:\Users\alexa\AppData\Local\JetBrains\Amper\.m2.cache\org\jetbrains\compose\ui\ui-unit-desktop\1.8.2\ui-unit-desktop-1.8.2.jar=size 83012 mtime 2025-12-04T22:33:55.7355028Z, C:\Users\alexa\AppData\Local\JetBrains\Amper\.m2.cache\org\jetbrains\compose\ui\ui-util-desktop\1.8.2\ui-util-desktop-1.8.2.jar=size 16970 mtime 2025-12-04T22:33:55.689316Z, C:\Users\alexa\AppData\Local\JetBrains\Amper\.m2.cache\org\jetbrains\kotlin\kotlin-stdlib-jdk7\2.1.21\kotlin-stdlib-jdk7-2.1.21.jar=size 945 mtime 2025-12-04T22:33:56.7961838Z, C:\Users\alexa\AppData\Local\JetBrains\Amper\.m2.cache\org\jetbrains\kotlin\kotlin-stdlib-jdk8\2.1.21\kotlin-stdlib-jdk8-2.1.21.jar=size 952 mtime 2025-12-04T22:33:56.6775354Z, C:\Users\alexa\AppData\Local\JetBrains\Amper\.m2.cache\org\jetbrains\kotlin\kotlin-stdlib\2.2.21\kotlin-stdlib-2.2.21.jar=size 1761445 mtime 2025-12-04T22:07:44.5102839Z, C:\Users\alexa\AppData\Local\JetBrains\Amper\.m2.cache\org\jetbrains\kotlinx\kotlinx-coroutines-core-jvm\1.9.0\kotlinx-coroutines-core-jvm-1.9.0.jar=size 1463587 mtime 2025-12-11T00:56:20.8742496Z, C:\Users\alexa\AppData\Local\JetBrains\Amper\.m2.cache\org\jetbrains\skiko\skiko-awt\0.9.4.2\skiko-awt-0.9.4.2.jar=size 1249143 mtime 2025-12-04T22:33:55.8551401Z, D:\github\projet_kotlin_ihm\archiveDesDieuxV1\build\artifacts\JvmResourcesDirArtifact\sharedcommon=MISSING, D:\github\projet_kotlin_ihm\archiveDesDieuxV1\build\artifacts\JvmResourcesDirArtifact\sharedjvm=MISSING, D:\github\projet_kotlin_ihm\archiveDesDieuxV1\build\generated\shared\common\src\compose\resources\accessors=MISSING, D:\github\projet_kotlin_ihm\archiveDesDieuxV1\build\generated\shared\common\src\compose\resources\collectors=MISSING, D:\github\projet_kotlin_ihm\archiveDesDieuxV1\build\generated\shared\common\src\compose\resources\commonResClass=MISSING, D:\github\projet_kotlin_ihm\archiveDesDieuxV1\build\generated\shared\jvm\src\compose\resources\accessors=MISSING, D:\github\projet_kotlin_ihm\archiveDesDieuxV1\build\generated\shared\jvm\src\compose\resources\collectors=MISSING, D:\github\projet_kotlin_ihm\archiveDesDieuxV1\shared\resources@jvm=MISSING, D:\github\projet_kotlin_ihm\archiveDesDieuxV1\shared\resources\backgrounds\collection_runes.png=size 707047 mtime 2025-12-11T19:55:12.5135784Z, D:\github\projet_kotlin_ihm\archiveDesDieuxV1\shared\resources\backgrounds\sanctuary_bg.jpg=size 136085 mtime 2025-12-11T17:02:55.5073421Z, D:\github\projet_kotlin_ihm\archiveDesDieuxV1\shared\resources\card_backs\egyptian_back.jpg=size 250455 mtime 2025-12-11T19:06:54.3511659Z, D:\github\projet_kotlin_ihm\archiveDesDieuxV1\shared\resources\card_backs\greek_back.jpg=size 183901 mtime 2025-12-11T19:06:38.791008Z, D:\github\projet_kotlin_ihm\archiveDesDieuxV1\shared\resources\card_backs\nordic_back.jpg=size 275506 mtime 2025-12-11T19:07:10.3523957Z, D:\github\projet_kotlin_ihm\archiveDesDieuxV1\shared\resources\cards\egyptien\Garde Anubis.jpg=size 119887 mtime 2025-11-28T01:03:20Z, D:\github\projet_kotlin_ihm\archiveDesDieuxV1\shared\resources\cards\egyptien\Maldiction.jpg=size 192829 mtime 2025-11-28T01:06:42Z, D:\github\projet_kotlin_ihm\archiveDesDieuxV1\shared\resources\cards\egyptien\phinx.png=size 6069602 mtime 2025-11-28T00:57:44Z, D:\github\projet_kotlin_ihm\archiveDesDieuxV1\shared\resources\cards\egyptien\ra.jpg=size 135073 mtime 2025-11-28T00:59:52Z, D:\github\projet_kotlin_ihm\archiveDesDieuxV1\shared\resources\cards\egyptien\sobek.jpg=size 127301 mtime 2025-11-28T00:57:32Z, D:\github\projet_kotlin_ihm\archiveDesDieuxV1\shared\resources\cards\grec\Hoplite.jpg=size 135556 mtime 2025-11-28T01:14:48Z, D:\github\projet_kotlin_ihm\archiveDesDieuxV1\shared\resources\cards\grec\Mduse (Sort).jpg=size 146680 mtime 2025-11-28T01:15:52Z, D:\github\projet_kotlin_ihm\archiveDesDieuxV1\shared\resources\cards\grec\Pgase.jpg=size 145372 mtime 2025-11-28T01:17:18Z, D:\github\projet_kotlin_ihm\archiveDesDieuxV1\shared\resources\cards\grec\Zeus (Lgendaire).jpg=size 164314 mtime 2025-11-28T01:19:50Z, D:\github\projet_kotlin_ihm\archiveDesDieuxV1\shared\resources\cards\grec\hydre.jpg=size 156951 mtime 2025-11-28T01:18:34Z, D:\github\projet_kotlin_ihm\archiveDesDieuxV1\shared\resources\cards\viking\Fenrir.jpg=size 160490 mtime 2025-11-28T01:12:08Z, D:\github\projet_kotlin_ihm\archiveDesDieuxV1\shared\resources\cards\viking\Gant de Givre.jpg=size 156358 mtime 2025-11-28T01:10:56Z, D:\github\projet_kotlin_ihm\archiveDesDieuxV1\shared\resources\cards\viking\Odin (Lgendaire).jpg=size 162370 mtime 2025-11-28T01:13:28Z, D:\github\projet_kotlin_ihm\archiveDesDieuxV1\shared\resources\cards\viking\Raider Viking.jpg=size 151828 mtime 2025-11-28T01:09:10Z, D:\github\projet_kotlin_ihm\archiveDesDieuxV1\shared\resources\cards\viking\Valkyrie (Sort).jpg=size 147757 mtime 2025-11-28T01:10:10Z, D:\github\projet_kotlin_ihm\archiveDesDieuxV1\shared\resources\collection_columns\egyptian_column.png=size 445336 mtime 2025-12-11T20:13:25.195032Z, D:\github\projet_kotlin_ihm\archiveDesDieuxV1\shared\resources\collection_columns\greek_column.png=size 319553 mtime 2025-12-11T20:07:45.2607896Z, D:\github\projet_kotlin_ihm\archiveDesDieuxV1\shared\resources\collection_columns\nordic_column.png=size 230144 mtime 2025-12-11T20:02:18.2194484Z, D:\github\projet_kotlin_ihm\archiveDesDieuxV1\shared\resources\menu_icons\book.png=size 139547 mtime 2025-12-11T19:27:41.434782Z, D:\github\projet_kotlin_ihm\archiveDesDieuxV1\shared\resources\menu_icons\chest.png=size 118848 mtime 2025-12-11T19:28:26.1241788Z, D:\github\projet_kotlin_ihm\archiveDesDieuxV1\shared\resources\menu_icons\temple.png=size 145600 mtime 2025-12-11T19:27:36.8758245Z, D:\github\projet_kotlin_ihm\archiveDesDieuxV1\shared\resources\packs\amphore.png=size 145011 mtime 2025-12-11T17:41:04.3181284Z, D:\github\projet_kotlin_ihm\archiveDesDieuxV1\shared\resources\packs\canope.png=size 100886 mtime 2025-12-11T17:41:09.270698Z, D:\github\projet_kotlin_ihm\archiveDesDieuxV1\shared\resources\packs\runestone.png=size 134281 mtime 2025-12-11T17:40:38.5945515Z, D:\github\projet_kotlin_ihm\archiveDesDieuxV1\shared\src@jvm\World.kt=size 35 mtime 2025-12-11T00:32:59.382234Z, D:\github\projet_kotlin_ihm\archiveDesDieuxV1\shared\src\Screen.kt=size 193 mtime 2025-12-11T00:41:32.3473639Z, D:\github\projet_kotlin_ihm\archiveDesDieuxV1\shared\src\World.kt=size 30 mtime 2025-12-11T00:32:59.3512062Z, D:\github\projet_kotlin_ihm\archiveDesDieuxV1\shared\src\commonMain=EMPTY DIR, D:\github\projet_kotlin_ihm\archiveDesDieuxV1\shared\src\data\CardRepository.kt=size 6337 mtime 2025-12-11T01:22:25.9225092Z, D:\github\projet_kotlin_ihm\archiveDesDieuxV1\shared\src\models\Card.kt=size 1147 mtime 2025-12-11T01:22:25.9215088Z, D:\github\projet_kotlin_ihm\archiveDesDieuxV1\shared\src\ui\booster\BoosterOpeningScreen.kt=size 12686 mtime 2025-12-11T22:22:54.3601845Z, D:\github\projet_kotlin_ihm\archiveDesDieuxV1\shared\src\ui\booster\CardRevealView.kt=size 10497 mtime 2025-12-11T22:22:54.3591841Z, D:\github\projet_kotlin_ihm\archiveDesDieuxV1\shared\src\ui\collection\CardDetailScreen.kt=size 12353 mtime 2025-12-11T23:00:58.6781707Z, D:\github\projet_kotlin_ihm\archiveDesDieuxV1\shared\src\ui\collection\CollectionScreen.kt=size 24646 mtime 2025-12-11T22:59:16.1916183Z, D:\github\projet_kotlin_ihm\archiveDesDieuxV1\shared\src\ui\common\SharedBackground.kt=size 2540 mtime 2025-12-11T19:11:13.1882559Z, D:\github\projet_kotlin_ihm\archiveDesDieuxV1\shared\src\ui\components\CardImage.kt=size 2331 mtime 2025-12-11T01:10:31.0494198Z, D:\github\projet_kotlin_ihm\archiveDesDieuxV1\shared\src\ui\effects\ExplosionEffects.kt=size 8916 mtime 2025-12-11T16:32:25.8924885Z, D:\github\projet_kotlin_ihm\archiveDesDieuxV1\shared\src\ui\effects\HolographicEffects.kt=size 7819 mtime 2025-12-11T16:32:25.9505449Z, D:\github\projet_kotlin_ihm\archiveDesDieuxV1\shared\src\ui\effects\ParticleEffects.kt=size 13966 mtime 2025-12-11T22:22:54.3591841Z, D:\github\projet_kotlin_ihm\archiveDesDieuxV1\shared\src\ui\main\MainMenuScreen.kt=size 20274 mtime 2025-12-11T23:05:53.6887019Z, D:\github\projet_kotlin_ihm\archiveDesDieuxV1\shared\src\ui\theme\Color.kt=size 803 mtime 2025-12-11T00:41:32.3463629Z}
  new: {D:\github\projet_kotlin_ihm\archiveDesDieuxV1\shared\src\commonMain=EMPTY DIR, D:\github\projet_kotlin_ihm\archiveDesDieuxV1\shared\src\data\CardRepository.kt=size 6337 mtime 2025-12-11T01:22:25.9225092Z, D:\github\projet_kotlin_ihm\archiveDesDieuxV1\shared\src\models\Card.kt=size 1147 mtime 2025-12-11T01:22:25.9215088Z, D:\github\projet_kotlin_ihm\archiveDesDieuxV1\shared\src\Screen.kt=size 193 mtime 2025-12-11T00:41:32.3473639Z, D:\github\projet_kotlin_ihm\archiveDesDieuxV1\shared\src\ui\booster\BoosterOpeningScreen.kt=size 12686 mtime 2025-12-11T22:22:54.3601845Z, D:\github\projet_kotlin_ihm\archiveDesDieuxV1\shared\src\ui\booster\CardRevealView.kt=size 10497 mtime 2025-12-11T22:22:54.3591841Z, D:\github\projet_kotlin_ihm\archiveDesDieuxV1\shared\src\ui\collection\CardDetailScreen.kt=size 12353 mtime 2025-12-11T23:00:58.6781707Z, D:\github\projet_kotlin_ihm\archiveDesDieuxV1\shared\src\ui\collection\CollectionScreen.kt=size 34171 mtime 2025-12-11T23:17:37.659759Z, D:\github\projet_kotlin_ihm\archiveDesDieuxV1\shared\src\ui\common\SharedBackground.kt=size 2540 mtime 2025-12-11T19:11:13.1882559Z, D:\github\projet_kotlin_ihm\archiveDesDieuxV1\shared\src\ui\components\CardImage.kt=size 2331 mtime 2025-12-11T01:10:31.0494198Z, D:\github\projet_kotlin_ihm\archiveDesDieuxV1\shared\src\ui\effects\ExplosionEffects.kt=size 8916 mtime 2025-12-11T16:32:25.8924885Z, D:\github\projet_kotlin_ihm\archiveDesDieuxV1\shared\src\ui\effects\HolographicEffects.kt=size 7819 mtime 2025-12-11T16:32:25.9505449Z, D:\github\projet_kotlin_ihm\archiveDesDieuxV1\shared\src\ui\effects\ParticleEffects.kt=size 13966 mtime 2025-12-11T22:22:54.3591841Z, D:\github\projet_kotlin_ihm\archiveDesDieuxV1\shared\src\ui\main\MainMenuScreen.kt=size 18339 mtime 2025-12-11T23:16:18.0443012Z, D:\github\projet_kotlin_ihm\archiveDesDieuxV1\shared\src\ui\theme\Color.kt=size 803 mtime 2025-12-11T00:41:32.3463629Z, D:\github\projet_kotlin_ihm\archiveDesDieuxV1\shared\src\World.kt=size 30 mtime 2025-12-11T00:32:59.3512062Z, D:\github\projet_kotlin_ihm\archiveDesDieuxV1\shared\src@jvm\World.kt=size 35 mtime 2025-12-11T00:32:59.382234Z, D:\github\projet_kotlin_ihm\archiveDesDieuxV1\build\generated\shared\common\src\compose\resources\commonResClass=MISSING, D:\github\projet_kotlin_ihm\archiveDesDieuxV1\build\generated\shared\common\src\compose\resources\collectors=MISSING, D:\github\projet_kotlin_ihm\archiveDesDieuxV1\build\generated\shared\common\src\compose\resources\accessors=MISSING, D:\github\projet_kotlin_ihm\archiveDesDieuxV1\build\generated\shared\jvm\src\compose\resources\accessors=MISSING, D:\github\projet_kotlin_ihm\archiveDesDieuxV1\build\generated\shared\jvm\src\compose\resources\collectors=MISSING, D:\github\projet_kotlin_ihm\archiveDesDieuxV1\shared\resources\backgrounds\collection_runes.png=size 707047 mtime 2025-12-11T19:55:12.5135784Z, D:\github\projet_kotlin_ihm\archiveDesDieuxV1\shared\resources\backgrounds\sanctuary_bg.jpg=size 136085 mtime 2025-12-11T17:02:55.5073421Z, D:\github\projet_kotlin_ihm\archiveDesDieuxV1\shared\resources\cards\egyptien\Garde Anubis.jpg=size 119887 mtime 2025-11-28T01:03:20Z, D:\github\projet_kotlin_ihm\archiveDesDieuxV1\shared\resources\cards\egyptien\Maldiction.jpg=size 192829 mtime 2025-11-28T01:06:42Z, D:\github\projet_kotlin_ihm\archiveDesDieuxV1\shared\resources\cards\egyptien\phinx.png=size 6069602 mtime 2025-11-28T00:57:44Z, D:\github\projet_kotlin_ihm\archiveDesDieuxV1\shared\resources\cards\egyptien\ra.jpg=size 135073 mtime 2025-11-28T00:59:52Z, D:\github\projet_kotlin_ihm\archiveDesDieuxV1\shared\resources\cards\egyptien\sobek.jpg=size 127301 mtime 2025-11-28T00:57:32Z, D:\github\projet_kotlin_ihm\archiveDesDieuxV1\shared\resources\cards\grec\Hoplite.jpg=size 135556 mtime 2025-11-28T01:14:48Z, D:\github\projet_kotlin_ihm\archiveDesDieuxV1\shared\resources\cards\grec\hydre.jpg=size 156951 mtime 2025-11-28T01:18:34Z, D:\github\projet_kotlin_ihm\archiveDesDieuxV1\shared\resources\cards\grec\Mduse (Sort).jpg=size 146680 mtime 2025-11-28T01:15:52Z, D:\github\projet_kotlin_ihm\archiveDesDieuxV1\shared\resources\cards\grec\Pgase.jpg=size 145372 mtime 2025-11-28T01:17:18Z, D:\github\projet_kotlin_ihm\archiveDesDieuxV1\shared\resources\cards\grec\Zeus (Lgendaire).jpg=size 164314 mtime 2025-11-28T01:19:50Z, D:\github\projet_kotlin_ihm\archiveDesDieuxV1\shared\resources\cards\viking\Fenrir.jpg=size 160490 mtime 2025-11-28T01:12:08Z, D:\github\projet_kotlin_ihm\archiveDesDieuxV1\shared\resources\cards\viking\Gant de Givre.jpg=size 156358 mtime 2025-11-28T01:10:56Z, D:\github\projet_kotlin_ihm\archiveDesDieuxV1\shared\resources\cards\viking\Odin (Lgendaire).jpg=size 162370 mtime 2025-11-28T01:13:28Z, D:\github\projet_kotlin_ihm\archiveDesDieuxV1\shared\resources\cards\viking\Raider Viking.jpg=size 151828 mtime 2025-11-28T01:09:10Z, D:\github\projet_kotlin_ihm\archiveDesDieuxV1\shared\resources\cards\viking\Valkyrie (Sort).jpg=size 147757 mtime 2025-11-28T01:10:10Z, D:\github\projet_kotlin_ihm\archiveDesDieuxV1\shared\resources\card_backs\egyptian_back.jpg=size 250455 mtime 2025-12-11T19:06:54.3511659Z, D:\github\projet_kotlin_ihm\archiveDesDieuxV1\shared\resources\card_backs\greek_back.jpg=size 183901 mtime 2025-12-11T19:06:38.791008Z, D:\github\projet_kotlin_ihm\archiveDesDieuxV1\shared\resources\card_backs\nordic_back.jpg=size 275506 mtime 2025-12-11T19:07:10.3523957Z, D:\github\projet_kotlin_ihm\archiveDesDieuxV1\shared\resources\collection_columns\egyptian_column.png=size 445336 mtime 2025-12-11T20:13:25.195032Z, D:\github\projet_kotlin_ihm\archiveDesDieuxV1\shared\resources\collection_columns\greek_column.png=size 319553 mtime 2025-12-11T20:07:45.2607896Z, D:\github\projet_kotlin_ihm\archiveDesDieuxV1\shared\resources\collection_columns\nordic_column.png=size 230144 mtime 2025-12-11T20:02:18.2194484Z, D:\github\projet_kotlin_ihm\archiveDesDieuxV1\shared\resources\menu_icons\book.png=size 139547 mtime 2025-12-11T19:27:41.434782Z, D:\github\projet_kotlin_ihm\archiveDesDieuxV1\shared\resources\menu_icons\chest.png=size 118848 mtime 2025-12-11T19:28:26.1241788Z, D:\github\projet_kotlin_ihm\archiveDesDieuxV1\shared\resources\menu_icons\temple.png=size 145600 mtime 2025-12-11T19:27:36.8758245Z, D:\github\projet_kotlin_ihm\archiveDesDieuxV1\shared\resources\packs\amphore.png=size 145011 mtime 2025-12-11T17:41:04.3181284Z, D:\github\projet_kotlin_ihm\archiveDesDieuxV1\shared\resources\packs\canope.png=size 100886 mtime 2025-12-11T17:41:09.270698Z, D:\github\projet_kotlin_ihm\archiveDesDieuxV1\shared\resources\packs\runestone.png=size 134281 mtime 2025-12-11T17:40:38.5945515Z, D:\github\projet_kotlin_ihm\archiveDesDieuxV1\shared\resources@jvm=MISSING, D:\github\projet_kotlin_ihm\archiveDesDieuxV1\build\artifacts\JvmResourcesDirArtifact\sharedcommon=MISSING, D:\github\projet_kotlin_ihm\archiveDesDieuxV1\build\artifacts\JvmResourcesDirArtifact\sharedjvm=MISSING, C:\Users\alexa\AppData\Local\JetBrains\Amper\.m2.cache\org\jetbrains\kotlin\kotlin-stdlib\2.2.21\kotlin-stdlib-2.2.21.jar=size 1761445 mtime 2025-12-04T22:07:44.5102839Z, C:\Users\alexa\AppData\Local\JetBrains\Amper\.m2.cache\org\jetbrains\compose\foundation\foundation-desktop\1.8.2\foundation-desktop-1.8.2.jar=size 3796030 mtime 2025-12-04T22:33:56.9733505Z, C:\Users\alexa\AppData\Local\JetBrains\Amper\.m2.cache\org\jetbrains\compose\material3\material3-desktop\1.8.2\material3-desktop-1.8.2.jar=size 3401826 mtime 2025-12-04T22:33:55.6712992Z, C:\Users\alexa\AppData\Local\JetBrains\Amper\.m2.cache\org\jetbrains\compose\components\components-resources-desktop\1.7.0\components-resources-desktop-1.7.0.jar=size 224592 mtime 2025-12-11T00:56:21.2407761Z, C:\Users\alexa\AppData\Local\JetBrains\Amper\.m2.cache\io\coil-kt\coil3\coil-compose-jvm\3.0.0-rc01\coil-compose-jvm-3.0.0-rc01.jar=size 13873 mtime 2025-12-11T00:56:21.3538355Z, C:\Users\alexa\AppData\Local\JetBrains\Amper\.m2.cache\io\coil-kt\coil3\coil-network-okhttp-jvm\3.0.0-rc01\coil-network-okhttp-jvm-3.0.0-rc01.jar=size 18776 mtime 2025-12-11T00:56:21.0336305Z, C:\Users\alexa\AppData\Local\JetBrains\Amper\.m2.cache\org\jetbrains\annotations\23.0.0\annotations-23.0.0.jar=size 29371 mtime 2025-12-04T22:04:57.0853547Z, C:\Users\alexa\AppData\Local\JetBrains\Amper\.m2.cache\org\jetbrains\compose\runtime\runtime-desktop\1.8.2\runtime-desktop-1.8.2.jar=size 1400930 mtime 2025-12-04T22:33:55.4961068Z, C:\Users\alexa\AppData\Local\JetBrains\Amper\.m2.cache\com\squareup\okhttp3\okhttp\4.12.0\okhttp-4.12.0.jar=size 789531 mtime 2025-12-11T00:56:20.8502278Z, C:\Users\alexa\AppData\Local\JetBrains\Amper\.m2.cache\org\jetbrains\compose\animation\animation-desktop\1.8.2\animation-desktop-1.8.2.jar=size 334268 mtime 2025-12-04T22:33:55.5872076Z, C:\Users\alexa\AppData\Local\JetBrains\Amper\.m2.cache\org\jetbrains\compose\ui\ui-desktop\1.8.2\ui-desktop-1.8.2.jar=size 3119324 mtime 2025-12-04T22:33:55.7249865Z, C:\Users\alexa\AppData\Local\JetBrains\Amper\.m2.cache\org\jetbrains\skiko\skiko-awt\0.9.4.2\skiko-awt-0.9.4.2.jar=size 1249143 mtime 2025-12-04T22:33:55.8551401Z, C:\Users\alexa\AppData\Local\JetBrains\Amper\.m2.cache\org\jetbrains\compose\material\material-ripple-desktop\1.8.2\material-ripple-desktop-1.8.2.jar=size 72676 mtime 2025-12-04T22:33:55.5832041Z, C:\Users\alexa\AppData\Local\JetBrains\Amper\.m2.cache\org\jetbrains\compose\ui\ui-graphics-desktop\1.8.2\ui-graphics-desktop-1.8.2.jar=size 566040 mtime 2025-12-04T22:33:55.8881707Z, C:\Users\alexa\AppData\Local\JetBrains\Amper\.m2.cache\org\jetbrains\compose\ui\ui-text-desktop\1.8.2\ui-text-desktop-1.8.2.jar=size 700552 mtime 2025-12-04T22:33:55.6335266Z, C:\Users\alexa\AppData\Local\JetBrains\Amper\.m2.cache\io\coil-kt\coil3\coil-jvm\3.0.0-rc01\coil-jvm-3.0.0-rc01.jar=size 7260 mtime 2025-12-11T00:56:20.9965967Z, C:\Users\alexa\AppData\Local\JetBrains\Amper\.m2.cache\io\coil-kt\coil3\coil-compose-core-jvm\3.0.0-rc01\coil-compose-core-jvm-3.0.0-rc01.jar=size 124560 mtime 2025-12-11T00:56:21.0886806Z, C:\Users\alexa\AppData\Local\JetBrains\Amper\.m2.cache\io\coil-kt\coil3\coil-core-jvm\3.0.0-rc01\coil-core-jvm-3.0.0-rc01.jar=size 314754 mtime 2025-12-11T00:56:21.334818Z, C:\Users\alexa\AppData\Local\JetBrains\Amper\.m2.cache\io\coil-kt\coil3\coil-network-core-jvm\3.0.0-rc01\coil-network-core-jvm-3.0.0-rc01.jar=size 59900 mtime 2025-12-11T00:56:20.9092827Z, C:\Users\alexa\AppData\Local\JetBrains\Amper\.m2.cache\org\jetbrains\kotlin\kotlin-stdlib-jdk8\2.1.21\kotlin-stdlib-jdk8-2.1.21.jar=size 952 mtime 2025-12-04T22:33:56.6775354Z, C:\Users\alexa\AppData\Local\JetBrains\Amper\.m2.cache\org\jetbrains\kotlinx\kotlinx-coroutines-core-jvm\1.9.0\kotlinx-coroutines-core-jvm-1.9.0.jar=size 1463587 mtime 2025-12-11T00:56:20.8742496Z, C:\Users\alexa\AppData\Local\JetBrains\Amper\.m2.cache\com\squareup\okio\okio-jvm\3.9.1\okio-jvm-3.9.1.jar=size 372276 mtime 2025-12-11T00:56:20.8492268Z, C:\Users\alexa\AppData\Local\JetBrains\Amper\.m2.cache\org\jetbrains\kotlin\kotlin-stdlib-jdk7\2.1.21\kotlin-stdlib-jdk7-2.1.21.jar=size 945 mtime 2025-12-04T22:33:56.7961838Z, C:\Users\alexa\AppData\Local\JetBrains\Amper\.m2.cache\org\jetbrains\compose\animation\animation-core-desktop\1.8.2\animation-core-desktop-1.8.2.jar=size 373054 mtime 2025-12-04T22:33:55.4430573Z, C:\Users\alexa\AppData\Local\JetBrains\Amper\.m2.cache\org\jetbrains\compose\foundation\foundation-layout-desktop\1.8.2\foundation-layout-desktop-1.8.2.jar=size 573052 mtime 2025-12-04T22:33:55.9717548Z, C:\Users\alexa\AppData\Local\JetBrains\Amper\.m2.cache\org\jetbrains\compose\ui\ui-geometry-desktop\1.8.2\ui-geometry-desktop-1.8.2.jar=size 56481 mtime 2025-12-04T22:33:55.6262429Z, C:\Users\alexa\AppData\Local\JetBrains\Amper\.m2.cache\org\jetbrains\compose\runtime\runtime-saveable-desktop\1.8.2\runtime-saveable-desktop-1.8.2.jar=size 41298 mtime 2025-12-04T22:33:55.4390546Z, C:\Users\alexa\AppData\Local\JetBrains\Amper\.m2.cache\org\jetbrains\compose\ui\ui-unit-desktop\1.8.2\ui-unit-desktop-1.8.2.jar=size 83012 mtime 2025-12-04T22:33:55.7355028Z, C:\Users\alexa\AppData\Local\JetBrains\Amper\.m2.cache\org\jetbrains\compose\ui\ui-util-desktop\1.8.2\ui-util-desktop-1.8.2.jar=size 16970 mtime 2025-12-04T22:33:55.689316Z, C:\Users\alexa\AppData\Local\JetBrains\Amper\.m2.cache\androidx\lifecycle\lifecycle-common-jvm\2.8.5\lifecycle-common-jvm-2.8.5.jar=size 57238 mtime 2025-12-04T22:33:55.9953019Z, C:\Users\alexa\AppData\Local\JetBrains\Amper\.m2.cache\androidx\annotation\annotation-jvm\1.9.1\annotation-jvm-1.9.1.jar=size 60577 mtime 2025-12-04T22:04:50.4952322Z}
00:05.291 DEBUG :shared:compileJvm        IncrementalCache          [inc] building ':shared:compileJvm'
00:05.482 DEBUG :shared:compileJvm        IncrementalCache          [inc] up-to-date according to state file at 'D:\github\projet_kotlin_ihm\archiveDesDieuxV1\build\incremental.state\resolve-org.jetbrains.kotlin-kotlin-build-tools-im-439d3d0dbf' in 3.980500ms
00:05.482 DEBUG :shared:compileJvm        IncrementalCache          [inc] 'resolve-org.jetbrains.kotlin-kotlin-build-tools-impl-2.2.21' is up-to-date
00:05.644 DEBUG :shared:compileJvm        IncrementalCache          [inc] up-to-date according to state file at 'D:\github\projet_kotlin_ihm\archiveDesDieuxV1\build\incremental.state\resolve-org.jetbrains.kotlin-kotlin-compose-compil-038c518465' in 487.9us
00:05.644 DEBUG :shared:compileJvm        IncrementalCache          [inc] 'resolve-org.jetbrains.kotlin-kotlin-compose-compiler-plugin-embeddable-2.2.21' is up-to-date
00:05.659 INFO  :shared:compileJvm        JvmCompileTask            Compiling module 'shared' for platform 'jvm'...
00:05.679 DEBUG :shared:compileJvm        KotlinBuildToolsApiKt     Compiling using the in-process strategy
00:06.007 DEBUG :shared:compileJvm        KotlinBuildToolsApiKt     Using Kotlin home directory <no_path>
00:06.040 DEBUG :shared:compileJvm        KotlinBuildToolsApiKt     Configuring the compilation environment
00:06.285 DEBUG :shared:compileJvm        KotlinBuildToolsApiKt     Using JDK home directory C:\Users\alexa\AppData\Local\JetBrains\Amper\extract.cache\5de2c13edf-amazon-corretto-21.0.1.12.1-windows-x64-jdk.zip.181531.d
00:07.699 DEBUG :shared:compileJvm        KotlinBuildToolsApiKt     Loading modules: [java.se, jdk.accessibility, jdk.attach, jdk.compiler, jdk.dynalink, jdk.httpserver, jdk.incubator.vector, jdk.jartool, jdk.javadoc, jdk.jconsole, jdk.jdi, jdk.jfr, jdk.jshell, jdk.jsobject, jdk.management, jdk.management.jfr, jdk.net, jdk.nio.mapmode, jdk.sctp, jdk.security.auth, jdk.security.jgss, jdk.unsupported, jdk.unsupported.desktop, jdk.xml.dom, java.base, java.compiler, java.datatransfer, java.desktop, java.xml, java.instrument, java.logging, java.management, java.management.rmi, java.rmi, java.naming, java.net.http, java.prefs, java.scripting, java.security.jgss, java.security.sasl, java.sql, java.transaction.xa, java.sql.rowset, java.xml.crypto, jdk.internal.jvmstat, jdk.internal.opt, jdk.zipfs, jdk.management.agent, jdk.jdwp.agent, jdk.internal.ed, jdk.internal.le]
00:28.904 WARN  :shared:compileJvm        KotlinBuildToolsApiKt     file:///D:/github/projet_kotlin_ihm/archiveDesDieuxV1/shared/src/ui/booster/BoosterOpeningScreen.kt:247:50 'fun Image.asImageBitmap(): ImageBitmap' is deprecated. Use toComposeImageBitmap.
00:28.913 WARN  :shared:compileJvm        KotlinBuildToolsApiKt     file:///D:/github/projet_kotlin_ihm/archiveDesDieuxV1/shared/src/ui/booster/CardRevealView.kt:193:50 'fun Image.asImageBitmap(): ImageBitmap' is deprecated. Use toComposeImageBitmap.
00:28.918 WARN  :shared:compileJvm        KotlinBuildToolsApiKt     file:///D:/github/projet_kotlin_ihm/archiveDesDieuxV1/shared/src/ui/collection/CollectionScreen.kt:163:61 'fun Image.asImageBitmap(): ImageBitmap' is deprecated. Use toComposeImageBitmap.
00:28.925 WARN  :shared:compileJvm        KotlinBuildToolsApiKt     file:///D:/github/projet_kotlin_ihm/archiveDesDieuxV1/shared/src/ui/collection/CollectionScreen.kt:172:61 'fun Image.asImageBitmap(): ImageBitmap' is deprecated. Use toComposeImageBitmap.
00:28.930 WARN  :shared:compileJvm        KotlinBuildToolsApiKt     file:///D:/github/projet_kotlin_ihm/archiveDesDieuxV1/shared/src/ui/collection/CollectionScreen.kt:181:61 'fun Image.asImageBitmap(): ImageBitmap' is deprecated. Use toComposeImageBitmap.
00:28.933 WARN  :shared:compileJvm        KotlinBuildToolsApiKt     file:///D:/github/projet_kotlin_ihm/archiveDesDieuxV1/shared/src/ui/common/SharedBackground.kt:32:50 'fun Image.asImageBitmap(): ImageBitmap' is deprecated. Use toComposeImageBitmap.
00:28.940 WARN  :shared:compileJvm        KotlinBuildToolsApiKt     file:///D:/github/projet_kotlin_ihm/archiveDesDieuxV1/shared/src/ui/components/CardImage.kt:34:50 'fun Image.asImageBitmap(): ImageBitmap' is deprecated. Use toComposeImageBitmap.
00:28.944 WARN  :shared:compileJvm        KotlinBuildToolsApiKt     file:///D:/github/projet_kotlin_ihm/archiveDesDieuxV1/shared/src/ui/main/MainMenuScreen.kt:170:50 'fun Image.asImageBitmap(): ImageBitmap' is deprecated. Use toComposeImageBitmap.
00:28.946 WARN  :shared:compileJvm        KotlinBuildToolsApiKt     file:///D:/github/projet_kotlin_ihm/archiveDesDieuxV1/shared/src/ui/main/MainMenuScreen.kt:485:50 'fun Image.asImageBitmap(): ImageBitmap' is deprecated. Use toComposeImageBitmap.
00:28.976 DEBUG :shared:compileJvm        JvmCompileTask            Kotlin compiler finalization...
