JetBrains Amper version 0.9.1 (7164273, 2025-11-28)
running on Windows 10 10.0 jvm arch amd64

00:03.452 INFO  :shared:compileJvm        JvmCompileTask            Compiling module 'shared' for platform 'jvm'...
00:11.919 ERROR :shared:compileJvm        KotlinBuildToolsApiKt     file:///D:/github/projet_kotlin_ihm/archiveDesDieuxV1/shared/src/ui/collection/CollectionScreen.kt:3:76 Unresolved reference 'Imageimport'.
00:11.935 ERROR :shared:compileJvm        KotlinBuildToolsApiKt     file:///D:/github/projet_kotlin_ihm/archiveDesDieuxV1/shared/src/ui/collection/CollectionScreen.kt:3:88 Syntax error: Expecting a top level declaration.
00:11.937 ERROR :shared:compileJvm        KotlinBuildToolsApiKt     file:///D:/github/projet_kotlin_ihm/archiveDesDieuxV1/shared/src/ui/collection/CollectionScreen.kt:3:96 Syntax error: Expecting a top level declaration.
00:11.939 ERROR :shared:compileJvm        KotlinBuildToolsApiKt     file:///D:/github/projet_kotlin_ihm/archiveDesDieuxV1/shared/src/ui/collection/CollectionScreen.kt:3:97 Syntax error: Expecting a top level declaration.
00:11.942 ERROR :shared:compileJvm        KotlinBuildToolsApiKt     file:///D:/github/projet_kotlin_ihm/archiveDesDieuxV1/shared/src/ui/collection/CollectionScreen.kt:3:104 Syntax error: Expecting a top level declaration.
00:11.944 ERROR :shared:compileJvm        KotlinBuildToolsApiKt     file:///D:/github/projet_kotlin_ihm/archiveDesDieuxV1/shared/src/ui/collection/CollectionScreen.kt:3:105 Syntax error: Expecting a top level declaration.
00:11.945 ERROR :shared:compileJvm        KotlinBuildToolsApiKt     file:///D:/github/projet_kotlin_ihm/archiveDesDieuxV1/shared/src/ui/collection/CollectionScreen.kt:3:115 Syntax error: Expecting a top level declaration.
00:11.947 ERROR :shared:compileJvm        KotlinBuildToolsApiKt     file:///D:/github/projet_kotlin_ihm/archiveDesDieuxV1/shared/src/ui/collection/CollectionScreen.kt:3:116 Syntax error: Expecting a top level declaration.
00:11.949 ERROR :shared:compileJvm        KotlinBuildToolsApiKt     file:///D:/github/projet_kotlin_ihm/archiveDesDieuxV1/shared/src/ui/collection/CollectionScreen.kt:3:126 Syntax error: imports are only allowed in the beginning of file.
00:11.951 ERROR :shared:compileJvm        KotlinBuildToolsApiKt     file:///D:/github/projet_kotlin_ihm/archiveDesDieuxV1/shared/src/ui/collection/CollectionScreen.kt:23:37 Conflicting import: imported name 'ImageBitmap' is ambiguous.
00:11.953 ERROR :shared:compileJvm        KotlinBuildToolsApiKt     file:///D:/github/projet_kotlin_ihm/archiveDesDieuxV1/shared/src/ui/collection/CollectionScreen.kt:25:35 Conflicting import: imported name 'ContentScale' is ambiguous.
00:11.954 ERROR :shared:compileJvm        KotlinBuildToolsApiKt     file:///D:/github/projet_kotlin_ihm/archiveDesDieuxV1/shared/src/ui/collection/CollectionScreen.kt:26:37 Conflicting import: imported name 'ImageBitmap' is ambiguous.
00:11.959 ERROR :shared:compileJvm        KotlinBuildToolsApiKt     file:///D:/github/projet_kotlin_ihm/archiveDesDieuxV1/shared/src/ui/collection/CollectionScreen.kt:30:35 Conflicting import: imported name 'ContentScale' is ambiguous.
00:11.960 ERROR :shared:compileJvm        KotlinBuildToolsApiKt     file:///D:/github/projet_kotlin_ihm/archiveDesDieuxV1/shared/src/ui/collection/CollectionScreen.kt:34:36 Conflicting import: imported name 'Image' is ambiguous.
00:11.961 ERROR :shared:compileJvm        KotlinBuildToolsApiKt     file:///D:/github/projet_kotlin_ihm/archiveDesDieuxV1/shared/src/ui/collection/CollectionScreen.kt:35:16 Conflicting import: imported name 'File' is ambiguous.
00:11.963 ERROR :shared:compileJvm        KotlinBuildToolsApiKt     file:///D:/github/projet_kotlin_ihm/archiveDesDieuxV1/shared/src/ui/collection/CollectionScreen.kt:36:36 Conflicting import: imported name 'Image' is ambiguous.
00:11.966 ERROR :shared:compileJvm        KotlinBuildToolsApiKt     file:///D:/github/projet_kotlin_ihm/archiveDesDieuxV1/shared/src/ui/collection/CollectionScreen.kt:37:16 Conflicting import: imported name 'File' is ambiguous.
00:11.967 ERROR :shared:compileJvm        KotlinBuildToolsApiKt     file:///D:/github/projet_kotlin_ihm/archiveDesDieuxV1/shared/src/ui/collection/CollectionScreen.kt:146:18 Unresolved reference 'background'.
00:11.969 ERROR :shared:compileJvm        KotlinBuildToolsApiKt     file:///D:/github/projet_kotlin_ihm/archiveDesDieuxV1/shared/src/ui/collection/CollectionScreen.kt:160:18 Unresolved reference 'background'.
00:11.971 ERROR :shared:compileJvm        KotlinBuildToolsApiKt     file:///D:/github/projet_kotlin_ihm/archiveDesDieuxV1/shared/src/ui/collection/CollectionScreen.kt:223:22 Unresolved reference 'background'.
00:11.975 ERROR :shared:compileJvm        KotlinBuildToolsApiKt     file:///D:/github/projet_kotlin_ihm/archiveDesDieuxV1/shared/src/ui/collection/CollectionScreen.kt:331:17 Syntax error: Expecting a top level declaration.
00:11.976 ERROR :shared:compileJvm        KotlinBuildToolsApiKt     file:///D:/github/projet_kotlin_ihm/archiveDesDieuxV1/shared/src/ui/collection/CollectionScreen.kt:331:22 Syntax error: Expecting a top level declaration.
00:11.978 ERROR :shared:compileJvm        KotlinBuildToolsApiKt     file:///D:/github/projet_kotlin_ihm/archiveDesDieuxV1/shared/src/ui/collection/CollectionScreen.kt:331:24 Syntax error: Expecting a top level declaration.
00:11.979 ERROR :shared:compileJvm        KotlinBuildToolsApiKt     file:///D:/github/projet_kotlin_ihm/archiveDesDieuxV1/shared/src/ui/collection/CollectionScreen.kt:331:31 Syntax error: Expecting a top level declaration.
00:11.980 ERROR :shared:compileJvm        KotlinBuildToolsApiKt     file:///D:/github/projet_kotlin_ihm/archiveDesDieuxV1/shared/src/ui/collection/CollectionScreen.kt:331:33 Syntax error: Expecting a top level declaration.
00:11.981 ERROR :shared:compileJvm        KotlinBuildToolsApiKt     file:///D:/github/projet_kotlin_ihm/archiveDesDieuxV1/shared/src/ui/collection/CollectionScreen.kt:332:13 Syntax error: Expecting a top level declaration.
00:11.982 ERROR :shared:compileJvm        KotlinBuildToolsApiKt     file:///D:/github/projet_kotlin_ihm/archiveDesDieuxV1/shared/src/ui/collection/CollectionScreen.kt:332:14 Syntax error: Expecting a top level declaration.
00:11.984 ERROR :shared:compileJvm        KotlinBuildToolsApiKt     file:///D:/github/projet_kotlin_ihm/archiveDesDieuxV1/shared/src/ui/collection/CollectionScreen.kt:333:13 Syntax error: Expecting a top level declaration.
00:11.985 ERROR :shared:compileJvm        KotlinBuildToolsApiKt     file:///D:/github/projet_kotlin_ihm/archiveDesDieuxV1/shared/src/ui/collection/CollectionScreen.kt:333:21 Syntax error: Expecting a top level declaration.
00:11.986 ERROR :shared:compileJvm        KotlinBuildToolsApiKt     file:///D:/github/projet_kotlin_ihm/archiveDesDieuxV1/shared/src/ui/collection/CollectionScreen.kt:333:23 Syntax error: Expecting a top level declaration.
00:11.988 ERROR :shared:compileJvm        KotlinBuildToolsApiKt     file:///D:/github/projet_kotlin_ihm/archiveDesDieuxV1/shared/src/ui/collection/CollectionScreen.kt:333:29 Syntax error: Expecting a top level declaration.
00:11.991 ERROR :shared:compileJvm        KotlinBuildToolsApiKt     file:///D:/github/projet_kotlin_ihm/archiveDesDieuxV1/shared/src/ui/collection/CollectionScreen.kt:333:30 Syntax error: Expecting a top level declaration.
00:11.992 ERROR :shared:compileJvm        KotlinBuildToolsApiKt     file:///D:/github/projet_kotlin_ihm/archiveDesDieuxV1/shared/src/ui/collection/CollectionScreen.kt:333:32 Syntax error: Expecting a top level declaration.
00:11.995 ERROR :shared:compileJvm        KotlinBuildToolsApiKt     file:///D:/github/projet_kotlin_ihm/archiveDesDieuxV1/shared/src/ui/collection/CollectionScreen.kt:333:34 Syntax error: Expecting a top level declaration.
00:11.996 ERROR :shared:compileJvm        KotlinBuildToolsApiKt     file:///D:/github/projet_kotlin_ihm/archiveDesDieuxV1/shared/src/ui/collection/CollectionScreen.kt:333:40 Syntax error: Expecting a top level declaration.
00:11.997 ERROR :shared:compileJvm        KotlinBuildToolsApiKt     file:///D:/github/projet_kotlin_ihm/archiveDesDieuxV1/shared/src/ui/collection/CollectionScreen.kt:333:41 Syntax error: Expecting a top level declaration.
00:11.999 ERROR :shared:compileJvm        KotlinBuildToolsApiKt     file:///D:/github/projet_kotlin_ihm/archiveDesDieuxV1/shared/src/ui/collection/CollectionScreen.kt:334:13 Syntax error: Expecting a top level declaration.
00:12.000 ERROR :shared:compileJvm        KotlinBuildToolsApiKt     file:///D:/github/projet_kotlin_ihm/archiveDesDieuxV1/shared/src/ui/collection/CollectionScreen.kt:334:18 Syntax error: Expecting a top level declaration.
00:12.001 ERROR :shared:compileJvm        KotlinBuildToolsApiKt     file:///D:/github/projet_kotlin_ihm/archiveDesDieuxV1/shared/src/ui/collection/CollectionScreen.kt:334:20 Syntax error: Expecting a top level declaration.
00:12.002 ERROR :shared:compileJvm        KotlinBuildToolsApiKt     file:///D:/github/projet_kotlin_ihm/archiveDesDieuxV1/shared/src/ui/collection/CollectionScreen.kt:334:28 Syntax error: Expecting a top level declaration.
00:12.003 ERROR :shared:compileJvm        KotlinBuildToolsApiKt     file:///D:/github/projet_kotlin_ihm/archiveDesDieuxV1/shared/src/ui/collection/CollectionScreen.kt:334:29 Syntax error: Expecting a top level declaration.
00:12.006 ERROR :shared:compileJvm        KotlinBuildToolsApiKt     file:///D:/github/projet_kotlin_ihm/archiveDesDieuxV1/shared/src/ui/collection/CollectionScreen.kt:334:36 Syntax error: Expecting a top level declaration.
00:12.009 ERROR :shared:compileJvm        KotlinBuildToolsApiKt     file:///D:/github/projet_kotlin_ihm/archiveDesDieuxV1/shared/src/ui/collection/CollectionScreen.kt:334:37 Syntax error: Expecting a top level declaration.
00:12.010 ERROR :shared:compileJvm        KotlinBuildToolsApiKt     file:///D:/github/projet_kotlin_ihm/archiveDesDieuxV1/shared/src/ui/collection/CollectionScreen.kt:334:39 Syntax error: Expecting a top level declaration.
00:12.012 ERROR :shared:compileJvm        KotlinBuildToolsApiKt     file:///D:/github/projet_kotlin_ihm/archiveDesDieuxV1/shared/src/ui/collection/CollectionScreen.kt:334:40 Syntax error: Expecting a top level declaration.
00:12.013 ERROR :shared:compileJvm        KotlinBuildToolsApiKt     file:///D:/github/projet_kotlin_ihm/archiveDesDieuxV1/shared/src/ui/collection/CollectionScreen.kt:334:48 Syntax error: Expecting a top level declaration.
00:12.014 ERROR :shared:compileJvm        KotlinBuildToolsApiKt     file:///D:/github/projet_kotlin_ihm/archiveDesDieuxV1/shared/src/ui/collection/CollectionScreen.kt:334:49 Syntax error: Expecting a top level declaration.
00:12.015 ERROR :shared:compileJvm        KotlinBuildToolsApiKt     file:///D:/github/projet_kotlin_ihm/archiveDesDieuxV1/shared/src/ui/collection/CollectionScreen.kt:334:53 Syntax error: Expecting a top level declaration.
00:12.017 ERROR :shared:compileJvm        KotlinBuildToolsApiKt     file:///D:/github/projet_kotlin_ihm/archiveDesDieuxV1/shared/src/ui/collection/CollectionScreen.kt:334:54 Syntax error: Expecting a top level declaration.
00:12.018 ERROR :shared:compileJvm        KotlinBuildToolsApiKt     file:///D:/github/projet_kotlin_ihm/archiveDesDieuxV1/shared/src/ui/collection/CollectionScreen.kt:334:58 Syntax error: Expecting a top level declaration.
00:12.019 ERROR :shared:compileJvm        KotlinBuildToolsApiKt     file:///D:/github/projet_kotlin_ihm/archiveDesDieuxV1/shared/src/ui/collection/CollectionScreen.kt:334:59 Syntax error: Expecting a top level declaration.
00:12.020 ERROR :shared:compileJvm        KotlinBuildToolsApiKt     file:///D:/github/projet_kotlin_ihm/archiveDesDieuxV1/shared/src/ui/collection/CollectionScreen.kt:334:64 Syntax error: Expecting a top level declaration.
00:12.024 ERROR :shared:compileJvm        KotlinBuildToolsApiKt     file:///D:/github/projet_kotlin_ihm/archiveDesDieuxV1/shared/src/ui/collection/CollectionScreen.kt:334:66 Syntax error: Expecting a top level declaration.
00:12.026 ERROR :shared:compileJvm        KotlinBuildToolsApiKt     file:///D:/github/projet_kotlin_ihm/archiveDesDieuxV1/shared/src/ui/collection/CollectionScreen.kt:334:75 Syntax error: Expecting a top level declaration.
00:12.027 ERROR :shared:compileJvm        KotlinBuildToolsApiKt     file:///D:/github/projet_kotlin_ihm/archiveDesDieuxV1/shared/src/ui/collection/CollectionScreen.kt:335:9 Syntax error: Expecting a top level declaration.
00:12.028 ERROR :shared:compileJvm        KotlinBuildToolsApiKt     file:///D:/github/projet_kotlin_ihm/archiveDesDieuxV1/shared/src/ui/collection/CollectionScreen.kt:337:9 Syntax error: Expecting a top level declaration.
00:12.029 ERROR :shared:compileJvm        KotlinBuildToolsApiKt     file:///D:/github/projet_kotlin_ihm/archiveDesDieuxV1/shared/src/ui/collection/CollectionScreen.kt:337:17 Syntax error: Expecting a top level declaration.
00:12.030 ERROR :shared:compileJvm        KotlinBuildToolsApiKt     file:///D:/github/projet_kotlin_ihm/archiveDesDieuxV1/shared/src/ui/collection/CollectionScreen.kt:338:13 Syntax error: Expecting a top level declaration.
00:12.031 ERROR :shared:compileJvm        KotlinBuildToolsApiKt     file:///D:/github/projet_kotlin_ihm/archiveDesDieuxV1/shared/src/ui/collection/CollectionScreen.kt:338:19 Syntax error: Expecting a top level declaration.
00:12.032 ERROR :shared:compileJvm        KotlinBuildToolsApiKt     file:///D:/github/projet_kotlin_ihm/archiveDesDieuxV1/shared/src/ui/collection/CollectionScreen.kt:338:21 Syntax error: Expecting a top level declaration.
00:12.034 ERROR :shared:compileJvm        KotlinBuildToolsApiKt     file:///D:/github/projet_kotlin_ihm/archiveDesDieuxV1/shared/src/ui/collection/CollectionScreen.kt:338:26 Syntax error: Expecting a top level declaration.
00:12.035 ERROR :shared:compileJvm        KotlinBuildToolsApiKt     file:///D:/github/projet_kotlin_ihm/archiveDesDieuxV1/shared/src/ui/collection/CollectionScreen.kt:338:27 Syntax error: Expecting a top level declaration.
00:12.039 ERROR :shared:compileJvm        KotlinBuildToolsApiKt     file:///D:/github/projet_kotlin_ihm/archiveDesDieuxV1/shared/src/ui/collection/CollectionScreen.kt:338:37 Syntax error: Expecting a top level declaration.
00:12.041 ERROR :shared:compileJvm        KotlinBuildToolsApiKt     file:///D:/github/projet_kotlin_ihm/archiveDesDieuxV1/shared/src/ui/collection/CollectionScreen.kt:338:38 Syntax error: Expecting a top level declaration.
00:12.042 ERROR :shared:compileJvm        KotlinBuildToolsApiKt     file:///D:/github/projet_kotlin_ihm/archiveDesDieuxV1/shared/src/ui/collection/CollectionScreen.kt:339:13 Syntax error: Expecting a top level declaration.
00:12.043 ERROR :shared:compileJvm        KotlinBuildToolsApiKt     file:///D:/github/projet_kotlin_ihm/archiveDesDieuxV1/shared/src/ui/collection/CollectionScreen.kt:339:21 Syntax error: Expecting a top level declaration.
00:12.043 ERROR :shared:compileJvm        KotlinBuildToolsApiKt     file:///D:/github/projet_kotlin_ihm/archiveDesDieuxV1/shared/src/ui/collection/CollectionScreen.kt:339:23 Syntax error: Expecting a top level declaration.
00:12.044 ERROR :shared:compileJvm        KotlinBuildToolsApiKt     file:///D:/github/projet_kotlin_ihm/archiveDesDieuxV1/shared/src/ui/collection/CollectionScreen.kt:339:29 Syntax error: Expecting a top level declaration.
00:12.045 ERROR :shared:compileJvm        KotlinBuildToolsApiKt     file:///D:/github/projet_kotlin_ihm/archiveDesDieuxV1/shared/src/ui/collection/CollectionScreen.kt:339:30 Syntax error: Expecting a top level declaration.
00:12.046 ERROR :shared:compileJvm        KotlinBuildToolsApiKt     file:///D:/github/projet_kotlin_ihm/archiveDesDieuxV1/shared/src/ui/collection/CollectionScreen.kt:339:32 Syntax error: Expecting a top level declaration.
00:12.049 ERROR :shared:compileJvm        KotlinBuildToolsApiKt     file:///D:/github/projet_kotlin_ihm/archiveDesDieuxV1/shared/src/ui/collection/CollectionScreen.kt:339:34 Syntax error: Expecting a top level declaration.
00:12.050 ERROR :shared:compileJvm        KotlinBuildToolsApiKt     file:///D:/github/projet_kotlin_ihm/archiveDesDieuxV1/shared/src/ui/collection/CollectionScreen.kt:339:41 Syntax error: Expecting a top level declaration.
00:12.051 ERROR :shared:compileJvm        KotlinBuildToolsApiKt     file:///D:/github/projet_kotlin_ihm/archiveDesDieuxV1/shared/src/ui/collection/CollectionScreen.kt:339:43 Syntax error: Expecting a top level declaration.
00:12.052 ERROR :shared:compileJvm        KotlinBuildToolsApiKt     file:///D:/github/projet_kotlin_ihm/archiveDesDieuxV1/shared/src/ui/collection/CollectionScreen.kt:339:53 Syntax error: Expecting a top level declaration.
00:12.055 ERROR :shared:compileJvm        KotlinBuildToolsApiKt     file:///D:/github/projet_kotlin_ihm/archiveDesDieuxV1/shared/src/ui/collection/CollectionScreen.kt:339:55 Syntax error: Expecting a top level declaration.
00:12.056 ERROR :shared:compileJvm        KotlinBuildToolsApiKt     file:///D:/github/projet_kotlin_ihm/archiveDesDieuxV1/shared/src/ui/collection/CollectionScreen.kt:339:59 Syntax error: Expecting a top level declaration.
00:12.057 ERROR :shared:compileJvm        KotlinBuildToolsApiKt     file:///D:/github/projet_kotlin_ihm/archiveDesDieuxV1/shared/src/ui/collection/CollectionScreen.kt:339:60 Syntax error: Expecting a top level declaration.
00:12.058 ERROR :shared:compileJvm        KotlinBuildToolsApiKt     file:///D:/github/projet_kotlin_ihm/archiveDesDieuxV1/shared/src/ui/collection/CollectionScreen.kt:340:13 Syntax error: Expecting a top level declaration.
00:12.059 ERROR :shared:compileJvm        KotlinBuildToolsApiKt     file:///D:/github/projet_kotlin_ihm/archiveDesDieuxV1/shared/src/ui/collection/CollectionScreen.kt:340:18 Syntax error: Expecting a top level declaration.
00:12.059 ERROR :shared:compileJvm        KotlinBuildToolsApiKt     file:///D:/github/projet_kotlin_ihm/archiveDesDieuxV1/shared/src/ui/collection/CollectionScreen.kt:340:20 Syntax error: Expecting a top level declaration.
00:12.060 ERROR :shared:compileJvm        KotlinBuildToolsApiKt     file:///D:/github/projet_kotlin_ihm/archiveDesDieuxV1/shared/src/ui/collection/CollectionScreen.kt:340:28 Syntax error: Expecting a top level declaration.
00:12.061 ERROR :shared:compileJvm        KotlinBuildToolsApiKt     file:///D:/github/projet_kotlin_ihm/archiveDesDieuxV1/shared/src/ui/collection/CollectionScreen.kt:340:29 Syntax error: Expecting a top level declaration.
00:12.062 ERROR :shared:compileJvm        KotlinBuildToolsApiKt     file:///D:/github/projet_kotlin_ihm/archiveDesDieuxV1/shared/src/ui/collection/CollectionScreen.kt:340:36 Syntax error: Expecting a top level declaration.
00:12.063 ERROR :shared:compileJvm        KotlinBuildToolsApiKt     file:///D:/github/projet_kotlin_ihm/archiveDesDieuxV1/shared/src/ui/collection/CollectionScreen.kt:340:37 Syntax error: Expecting a top level declaration.
00:12.064 ERROR :shared:compileJvm        KotlinBuildToolsApiKt     file:///D:/github/projet_kotlin_ihm/archiveDesDieuxV1/shared/src/ui/collection/CollectionScreen.kt:340:39 Syntax error: Expecting a top level declaration.
00:12.064 ERROR :shared:compileJvm        KotlinBuildToolsApiKt     file:///D:/github/projet_kotlin_ihm/archiveDesDieuxV1/shared/src/ui/collection/CollectionScreen.kt:340:40 Syntax error: Expecting a top level declaration.
00:12.066 ERROR :shared:compileJvm        KotlinBuildToolsApiKt     file:///D:/github/projet_kotlin_ihm/archiveDesDieuxV1/shared/src/ui/collection/CollectionScreen.kt:340:48 Syntax error: Expecting a top level declaration.
00:12.067 ERROR :shared:compileJvm        KotlinBuildToolsApiKt     file:///D:/github/projet_kotlin_ihm/archiveDesDieuxV1/shared/src/ui/collection/CollectionScreen.kt:340:49 Syntax error: Expecting a top level declaration.
00:12.073 ERROR :shared:compileJvm        KotlinBuildToolsApiKt     file:///D:/github/projet_kotlin_ihm/archiveDesDieuxV1/shared/src/ui/collection/CollectionScreen.kt:340:53 Syntax error: Expecting a top level declaration.
00:12.073 ERROR :shared:compileJvm        KotlinBuildToolsApiKt     file:///D:/github/projet_kotlin_ihm/archiveDesDieuxV1/shared/src/ui/collection/CollectionScreen.kt:340:54 Syntax error: Expecting a top level declaration.
00:12.076 ERROR :shared:compileJvm        KotlinBuildToolsApiKt     file:///D:/github/projet_kotlin_ihm/archiveDesDieuxV1/shared/src/ui/collection/CollectionScreen.kt:340:58 Syntax error: Expecting a top level declaration.
00:12.077 ERROR :shared:compileJvm        KotlinBuildToolsApiKt     file:///D:/github/projet_kotlin_ihm/archiveDesDieuxV1/shared/src/ui/collection/CollectionScreen.kt:340:59 Syntax error: Expecting a top level declaration.
00:12.078 ERROR :shared:compileJvm        KotlinBuildToolsApiKt     file:///D:/github/projet_kotlin_ihm/archiveDesDieuxV1/shared/src/ui/collection/CollectionScreen.kt:340:64 Syntax error: Expecting a top level declaration.
00:12.078 ERROR :shared:compileJvm        KotlinBuildToolsApiKt     file:///D:/github/projet_kotlin_ihm/archiveDesDieuxV1/shared/src/ui/collection/CollectionScreen.kt:340:66 Syntax error: Expecting a top level declaration.
00:12.079 ERROR :shared:compileJvm        KotlinBuildToolsApiKt     file:///D:/github/projet_kotlin_ihm/archiveDesDieuxV1/shared/src/ui/collection/CollectionScreen.kt:340:76 Syntax error: Expecting a top level declaration.
00:12.080 ERROR :shared:compileJvm        KotlinBuildToolsApiKt     file:///D:/github/projet_kotlin_ihm/archiveDesDieuxV1/shared/src/ui/collection/CollectionScreen.kt:340:78 Syntax error: Expecting a top level declaration.
00:12.081 ERROR :shared:compileJvm        KotlinBuildToolsApiKt     file:///D:/github/projet_kotlin_ihm/archiveDesDieuxV1/shared/src/ui/collection/CollectionScreen.kt:340:83 Syntax error: Expecting a top level declaration.
00:12.082 ERROR :shared:compileJvm        KotlinBuildToolsApiKt     file:///D:/github/projet_kotlin_ihm/archiveDesDieuxV1/shared/src/ui/collection/CollectionScreen.kt:341:9 Syntax error: Expecting a top level declaration.
00:12.083 ERROR :shared:compileJvm        KotlinBuildToolsApiKt     file:///D:/github/projet_kotlin_ihm/archiveDesDieuxV1/shared/src/ui/collection/CollectionScreen.kt:342:9 Syntax error: Expecting a top level declaration.
00:12.086 ERROR :shared:compileJvm        KotlinBuildToolsApiKt     file:///D:/github/projet_kotlin_ihm/archiveDesDieuxV1/shared/src/ui/collection/CollectionScreen.kt:342:17 Syntax error: Expecting a top level declaration.
00:12.087 ERROR :shared:compileJvm        KotlinBuildToolsApiKt     file:///D:/github/projet_kotlin_ihm/archiveDesDieuxV1/shared/src/ui/collection/CollectionScreen.kt:343:13 Syntax error: Expecting a top level declaration.
00:12.088 ERROR :shared:compileJvm        KotlinBuildToolsApiKt     file:///D:/github/projet_kotlin_ihm/archiveDesDieuxV1/shared/src/ui/collection/CollectionScreen.kt:343:19 Syntax error: Expecting a top level declaration.
00:12.089 ERROR :shared:compileJvm        KotlinBuildToolsApiKt     file:///D:/github/projet_kotlin_ihm/archiveDesDieuxV1/shared/src/ui/collection/CollectionScreen.kt:343:21 Syntax error: Expecting a top level declaration.
00:12.091 ERROR :shared:compileJvm        KotlinBuildToolsApiKt     file:///D:/github/projet_kotlin_ihm/archiveDesDieuxV1/shared/src/ui/collection/CollectionScreen.kt:343:26 Syntax error: Expecting a top level declaration.
00:12.092 ERROR :shared:compileJvm        KotlinBuildToolsApiKt     file:///D:/github/projet_kotlin_ihm/archiveDesDieuxV1/shared/src/ui/collection/CollectionScreen.kt:343:27 Syntax error: Expecting a top level declaration.
00:12.092 ERROR :shared:compileJvm        KotlinBuildToolsApiKt     file:///D:/github/projet_kotlin_ihm/archiveDesDieuxV1/shared/src/ui/collection/CollectionScreen.kt:343:37 Syntax error: Expecting a top level declaration.
00:12.093 ERROR :shared:compileJvm        KotlinBuildToolsApiKt     file:///D:/github/projet_kotlin_ihm/archiveDesDieuxV1/shared/src/ui/collection/CollectionScreen.kt:343:38 Syntax error: Expecting a top level declaration.
00:12.093 ERROR :shared:compileJvm        KotlinBuildToolsApiKt     file:///D:/github/projet_kotlin_ihm/archiveDesDieuxV1/shared/src/ui/collection/CollectionScreen.kt:344:13 Syntax error: Expecting a top level declaration.
00:12.094 ERROR :shared:compileJvm        KotlinBuildToolsApiKt     file:///D:/github/projet_kotlin_ihm/archiveDesDieuxV1/shared/src/ui/collection/CollectionScreen.kt:344:21 Syntax error: Expecting a top level declaration.
00:12.094 ERROR :shared:compileJvm        KotlinBuildToolsApiKt     file:///D:/github/projet_kotlin_ihm/archiveDesDieuxV1/shared/src/ui/collection/CollectionScreen.kt:344:23 Syntax error: Expecting a top level declaration.
00:12.095 ERROR :shared:compileJvm        KotlinBuildToolsApiKt     file:///D:/github/projet_kotlin_ihm/archiveDesDieuxV1/shared/src/ui/collection/CollectionScreen.kt:344:29 Syntax error: Expecting a top level declaration.
00:12.097 ERROR :shared:compileJvm        KotlinBuildToolsApiKt     file:///D:/github/projet_kotlin_ihm/archiveDesDieuxV1/shared/src/ui/collection/CollectionScreen.kt:344:30 Syntax error: Expecting a top level declaration.
00:12.097 ERROR :shared:compileJvm        KotlinBuildToolsApiKt     file:///D:/github/projet_kotlin_ihm/archiveDesDieuxV1/shared/src/ui/collection/CollectionScreen.kt:344:32 Syntax error: Expecting a top level declaration.
00:12.098 ERROR :shared:compileJvm        KotlinBuildToolsApiKt     file:///D:/github/projet_kotlin_ihm/archiveDesDieuxV1/shared/src/ui/collection/CollectionScreen.kt:344:34 Syntax error: Expecting a top level declaration.
00:12.099 ERROR :shared:compileJvm        KotlinBuildToolsApiKt     file:///D:/github/projet_kotlin_ihm/archiveDesDieuxV1/shared/src/ui/collection/CollectionScreen.kt:344:41 Syntax error: Expecting a top level declaration.
00:12.100 ERROR :shared:compileJvm        KotlinBuildToolsApiKt     file:///D:/github/projet_kotlin_ihm/archiveDesDieuxV1/shared/src/ui/collection/CollectionScreen.kt:344:43 Syntax error: Expecting a top level declaration.
00:12.103 ERROR :shared:compileJvm        KotlinBuildToolsApiKt     file:///D:/github/projet_kotlin_ihm/archiveDesDieuxV1/shared/src/ui/collection/CollectionScreen.kt:344:53 Syntax error: Expecting a top level declaration.
00:12.104 ERROR :shared:compileJvm        KotlinBuildToolsApiKt     file:///D:/github/projet_kotlin_ihm/archiveDesDieuxV1/shared/src/ui/collection/CollectionScreen.kt:344:55 Syntax error: Expecting a top level declaration.
00:12.105 ERROR :shared:compileJvm        KotlinBuildToolsApiKt     file:///D:/github/projet_kotlin_ihm/archiveDesDieuxV1/shared/src/ui/collection/CollectionScreen.kt:344:60 Syntax error: Expecting a top level declaration.
00:12.105 ERROR :shared:compileJvm        KotlinBuildToolsApiKt     file:///D:/github/projet_kotlin_ihm/archiveDesDieuxV1/shared/src/ui/collection/CollectionScreen.kt:344:61 Syntax error: Expecting a top level declaration.
00:12.106 ERROR :shared:compileJvm        KotlinBuildToolsApiKt     file:///D:/github/projet_kotlin_ihm/archiveDesDieuxV1/shared/src/ui/collection/CollectionScreen.kt:345:13 Syntax error: Expecting a top level declaration.
00:12.106 ERROR :shared:compileJvm        KotlinBuildToolsApiKt     file:///D:/github/projet_kotlin_ihm/archiveDesDieuxV1/shared/src/ui/collection/CollectionScreen.kt:345:18 Syntax error: Expecting a top level declaration.
00:12.107 ERROR :shared:compileJvm        KotlinBuildToolsApiKt     file:///D:/github/projet_kotlin_ihm/archiveDesDieuxV1/shared/src/ui/collection/CollectionScreen.kt:345:20 Syntax error: Expecting a top level declaration.
00:12.107 ERROR :shared:compileJvm        KotlinBuildToolsApiKt     file:///D:/github/projet_kotlin_ihm/archiveDesDieuxV1/shared/src/ui/collection/CollectionScreen.kt:345:28 Syntax error: Expecting a top level declaration.
00:12.108 ERROR :shared:compileJvm        KotlinBuildToolsApiKt     file:///D:/github/projet_kotlin_ihm/archiveDesDieuxV1/shared/src/ui/collection/CollectionScreen.kt:345:29 Syntax error: Expecting a top level declaration.
00:12.108 ERROR :shared:compileJvm        KotlinBuildToolsApiKt     file:///D:/github/projet_kotlin_ihm/archiveDesDieuxV1/shared/src/ui/collection/CollectionScreen.kt:345:36 Syntax error: Expecting a top level declaration.
00:12.109 ERROR :shared:compileJvm        KotlinBuildToolsApiKt     file:///D:/github/projet_kotlin_ihm/archiveDesDieuxV1/shared/src/ui/collection/CollectionScreen.kt:345:37 Syntax error: Expecting a top level declaration.
00:12.110 ERROR :shared:compileJvm        KotlinBuildToolsApiKt     file:///D:/github/projet_kotlin_ihm/archiveDesDieuxV1/shared/src/ui/collection/CollectionScreen.kt:345:39 Syntax error: Expecting a top level declaration.
00:12.110 ERROR :shared:compileJvm        KotlinBuildToolsApiKt     file:///D:/github/projet_kotlin_ihm/archiveDesDieuxV1/shared/src/ui/collection/CollectionScreen.kt:345:40 Syntax error: Expecting a top level declaration.
00:12.111 ERROR :shared:compileJvm        KotlinBuildToolsApiKt     file:///D:/github/projet_kotlin_ihm/archiveDesDieuxV1/shared/src/ui/collection/CollectionScreen.kt:345:48 Syntax error: Expecting a top level declaration.
00:12.111 ERROR :shared:compileJvm        KotlinBuildToolsApiKt     file:///D:/github/projet_kotlin_ihm/archiveDesDieuxV1/shared/src/ui/collection/CollectionScreen.kt:345:49 Syntax error: Expecting a top level declaration.
00:12.112 ERROR :shared:compileJvm        KotlinBuildToolsApiKt     file:///D:/github/projet_kotlin_ihm/archiveDesDieuxV1/shared/src/ui/collection/CollectionScreen.kt:345:53 Syntax error: Expecting a top level declaration.
00:12.112 ERROR :shared:compileJvm        KotlinBuildToolsApiKt     file:///D:/github/projet_kotlin_ihm/archiveDesDieuxV1/shared/src/ui/collection/CollectionScreen.kt:345:54 Syntax error: Expecting a top level declaration.
00:12.112 ERROR :shared:compileJvm        KotlinBuildToolsApiKt     file:///D:/github/projet_kotlin_ihm/archiveDesDieuxV1/shared/src/ui/collection/CollectionScreen.kt:345:58 Syntax error: Expecting a top level declaration.
00:12.113 ERROR :shared:compileJvm        KotlinBuildToolsApiKt     file:///D:/github/projet_kotlin_ihm/archiveDesDieuxV1/shared/src/ui/collection/CollectionScreen.kt:345:59 Syntax error: Expecting a top level declaration.
00:12.113 ERROR :shared:compileJvm        KotlinBuildToolsApiKt     file:///D:/github/projet_kotlin_ihm/archiveDesDieuxV1/shared/src/ui/collection/CollectionScreen.kt:345:64 Syntax error: Expecting a top level declaration.
00:12.114 ERROR :shared:compileJvm        KotlinBuildToolsApiKt     file:///D:/github/projet_kotlin_ihm/archiveDesDieuxV1/shared/src/ui/collection/CollectionScreen.kt:345:66 Syntax error: Expecting a top level declaration.
00:12.114 ERROR :shared:compileJvm        KotlinBuildToolsApiKt     file:///D:/github/projet_kotlin_ihm/archiveDesDieuxV1/shared/src/ui/collection/CollectionScreen.kt:345:76 Syntax error: Expecting a top level declaration.
00:12.115 ERROR :shared:compileJvm        KotlinBuildToolsApiKt     file:///D:/github/projet_kotlin_ihm/archiveDesDieuxV1/shared/src/ui/collection/CollectionScreen.kt:345:78 Syntax error: Expecting a top level declaration.
00:12.115 ERROR :shared:compileJvm        KotlinBuildToolsApiKt     file:///D:/github/projet_kotlin_ihm/archiveDesDieuxV1/shared/src/ui/collection/CollectionScreen.kt:345:83 Syntax error: Expecting a top level declaration.
00:12.119 ERROR :shared:compileJvm        KotlinBuildToolsApiKt     file:///D:/github/projet_kotlin_ihm/archiveDesDieuxV1/shared/src/ui/collection/CollectionScreen.kt:346:9 Syntax error: Expecting a top level declaration.
00:12.120 ERROR :shared:compileJvm        KotlinBuildToolsApiKt     file:///D:/github/projet_kotlin_ihm/archiveDesDieuxV1/shared/src/ui/collection/CollectionScreen.kt:348:9 Syntax error: Expecting a top level declaration.
00:12.120 ERROR :shared:compileJvm        KotlinBuildToolsApiKt     file:///D:/github/projet_kotlin_ihm/archiveDesDieuxV1/shared/src/ui/collection/CollectionScreen.kt:348:17 Syntax error: Expecting a top level declaration.
00:12.120 ERROR :shared:compileJvm        KotlinBuildToolsApiKt     file:///D:/github/projet_kotlin_ihm/archiveDesDieuxV1/shared/src/ui/collection/CollectionScreen.kt:349:13 Syntax error: Expecting a top level declaration.
00:12.121 ERROR :shared:compileJvm        KotlinBuildToolsApiKt     file:///D:/github/projet_kotlin_ihm/archiveDesDieuxV1/shared/src/ui/collection/CollectionScreen.kt:349:19 Syntax error: Expecting a top level declaration.
00:12.121 ERROR :shared:compileJvm        KotlinBuildToolsApiKt     file:///D:/github/projet_kotlin_ihm/archiveDesDieuxV1/shared/src/ui/collection/CollectionScreen.kt:349:21 Syntax error: Expecting a top level declaration.
00:12.122 ERROR :shared:compileJvm        KotlinBuildToolsApiKt     file:///D:/github/projet_kotlin_ihm/archiveDesDieuxV1/shared/src/ui/collection/CollectionScreen.kt:349:26 Syntax error: Expecting a top level declaration.
00:12.122 ERROR :shared:compileJvm        KotlinBuildToolsApiKt     file:///D:/github/projet_kotlin_ihm/archiveDesDieuxV1/shared/src/ui/collection/CollectionScreen.kt:349:27 Syntax error: Expecting a top level declaration.
00:12.123 ERROR :shared:compileJvm        KotlinBuildToolsApiKt     file:///D:/github/projet_kotlin_ihm/archiveDesDieuxV1/shared/src/ui/collection/CollectionScreen.kt:349:37 Syntax error: Expecting a top level declaration.
00:12.124 ERROR :shared:compileJvm        KotlinBuildToolsApiKt     file:///D:/github/projet_kotlin_ihm/archiveDesDieuxV1/shared/src/ui/collection/CollectionScreen.kt:349:38 Syntax error: Expecting a top level declaration.
00:12.124 ERROR :shared:compileJvm        KotlinBuildToolsApiKt     file:///D:/github/projet_kotlin_ihm/archiveDesDieuxV1/shared/src/ui/collection/CollectionScreen.kt:350:13 Syntax error: Expecting a top level declaration.
00:12.124 ERROR :shared:compileJvm        KotlinBuildToolsApiKt     file:///D:/github/projet_kotlin_ihm/archiveDesDieuxV1/shared/src/ui/collection/CollectionScreen.kt:350:21 Syntax error: Expecting a top level declaration.
00:12.125 ERROR :shared:compileJvm        KotlinBuildToolsApiKt     file:///D:/github/projet_kotlin_ihm/archiveDesDieuxV1/shared/src/ui/collection/CollectionScreen.kt:350:23 Syntax error: Expecting a top level declaration.
00:12.125 ERROR :shared:compileJvm        KotlinBuildToolsApiKt     file:///D:/github/projet_kotlin_ihm/archiveDesDieuxV1/shared/src/ui/collection/CollectionScreen.kt:350:29 Syntax error: Expecting a top level declaration.
00:12.126 ERROR :shared:compileJvm        KotlinBuildToolsApiKt     file:///D:/github/projet_kotlin_ihm/archiveDesDieuxV1/shared/src/ui/collection/CollectionScreen.kt:350:30 Syntax error: Expecting a top level declaration.
00:12.126 ERROR :shared:compileJvm        KotlinBuildToolsApiKt     file:///D:/github/projet_kotlin_ihm/archiveDesDieuxV1/shared/src/ui/collection/CollectionScreen.kt:350:32 Syntax error: Expecting a top level declaration.
00:12.127 ERROR :shared:compileJvm        KotlinBuildToolsApiKt     file:///D:/github/projet_kotlin_ihm/archiveDesDieuxV1/shared/src/ui/collection/CollectionScreen.kt:350:34 Syntax error: Expecting a top level declaration.
00:12.127 ERROR :shared:compileJvm        KotlinBuildToolsApiKt     file:///D:/github/projet_kotlin_ihm/archiveDesDieuxV1/shared/src/ui/collection/CollectionScreen.kt:350:40 Syntax error: Expecting a top level declaration.
00:12.127 ERROR :shared:compileJvm        KotlinBuildToolsApiKt     file:///D:/github/projet_kotlin_ihm/archiveDesDieuxV1/shared/src/ui/collection/CollectionScreen.kt:350:41 Syntax error: Expecting a top level declaration.
00:12.128 ERROR :shared:compileJvm        KotlinBuildToolsApiKt     file:///D:/github/projet_kotlin_ihm/archiveDesDieuxV1/shared/src/ui/collection/CollectionScreen.kt:351:13 Syntax error: Expecting a top level declaration.
00:12.128 ERROR :shared:compileJvm        KotlinBuildToolsApiKt     file:///D:/github/projet_kotlin_ihm/archiveDesDieuxV1/shared/src/ui/collection/CollectionScreen.kt:351:18 Syntax error: Expecting a top level declaration.
00:12.129 ERROR :shared:compileJvm        KotlinBuildToolsApiKt     file:///D:/github/projet_kotlin_ihm/archiveDesDieuxV1/shared/src/ui/collection/CollectionScreen.kt:351:20 Syntax error: Expecting a top level declaration.
00:12.129 ERROR :shared:compileJvm        KotlinBuildToolsApiKt     file:///D:/github/projet_kotlin_ihm/archiveDesDieuxV1/shared/src/ui/collection/CollectionScreen.kt:351:28 Syntax error: Expecting a top level declaration.
00:12.129 ERROR :shared:compileJvm        KotlinBuildToolsApiKt     file:///D:/github/projet_kotlin_ihm/archiveDesDieuxV1/shared/src/ui/collection/CollectionScreen.kt:351:29 Syntax error: Expecting a top level declaration.
00:12.130 ERROR :shared:compileJvm        KotlinBuildToolsApiKt     file:///D:/github/projet_kotlin_ihm/archiveDesDieuxV1/shared/src/ui/collection/CollectionScreen.kt:351:36 Syntax error: Expecting a top level declaration.
00:12.131 ERROR :shared:compileJvm        KotlinBuildToolsApiKt     file:///D:/github/projet_kotlin_ihm/archiveDesDieuxV1/shared/src/ui/collection/CollectionScreen.kt:351:37 Syntax error: Expecting a top level declaration.
00:12.131 ERROR :shared:compileJvm        KotlinBuildToolsApiKt     file:///D:/github/projet_kotlin_ihm/archiveDesDieuxV1/shared/src/ui/collection/CollectionScreen.kt:351:39 Syntax error: Expecting a top level declaration.
00:12.135 ERROR :shared:compileJvm        KotlinBuildToolsApiKt     file:///D:/github/projet_kotlin_ihm/archiveDesDieuxV1/shared/src/ui/collection/CollectionScreen.kt:351:40 Syntax error: Expecting a top level declaration.
00:12.136 ERROR :shared:compileJvm        KotlinBuildToolsApiKt     file:///D:/github/projet_kotlin_ihm/archiveDesDieuxV1/shared/src/ui/collection/CollectionScreen.kt:351:48 Syntax error: Expecting a top level declaration.
00:12.137 ERROR :shared:compileJvm        KotlinBuildToolsApiKt     file:///D:/github/projet_kotlin_ihm/archiveDesDieuxV1/shared/src/ui/collection/CollectionScreen.kt:351:49 Syntax error: Expecting a top level declaration.
00:12.138 ERROR :shared:compileJvm        KotlinBuildToolsApiKt     file:///D:/github/projet_kotlin_ihm/archiveDesDieuxV1/shared/src/ui/collection/CollectionScreen.kt:351:53 Syntax error: Expecting a top level declaration.
00:12.138 ERROR :shared:compileJvm        KotlinBuildToolsApiKt     file:///D:/github/projet_kotlin_ihm/archiveDesDieuxV1/shared/src/ui/collection/CollectionScreen.kt:351:54 Syntax error: Expecting a top level declaration.
00:12.139 ERROR :shared:compileJvm        KotlinBuildToolsApiKt     file:///D:/github/projet_kotlin_ihm/archiveDesDieuxV1/shared/src/ui/collection/CollectionScreen.kt:351:58 Syntax error: Expecting a top level declaration.
00:12.139 ERROR :shared:compileJvm        KotlinBuildToolsApiKt     file:///D:/github/projet_kotlin_ihm/archiveDesDieuxV1/shared/src/ui/collection/CollectionScreen.kt:351:59 Syntax error: Expecting a top level declaration.
00:12.139 ERROR :shared:compileJvm        KotlinBuildToolsApiKt     file:///D:/github/projet_kotlin_ihm/archiveDesDieuxV1/shared/src/ui/collection/CollectionScreen.kt:351:64 Syntax error: Expecting a top level declaration.
00:12.140 ERROR :shared:compileJvm        KotlinBuildToolsApiKt     file:///D:/github/projet_kotlin_ihm/archiveDesDieuxV1/shared/src/ui/collection/CollectionScreen.kt:351:66 Syntax error: Expecting a top level declaration.
00:12.140 ERROR :shared:compileJvm        KotlinBuildToolsApiKt     file:///D:/github/projet_kotlin_ihm/archiveDesDieuxV1/shared/src/ui/collection/CollectionScreen.kt:351:69 Syntax error: Expecting a top level declaration.
00:12.141 ERROR :shared:compileJvm        KotlinBuildToolsApiKt     file:///D:/github/projet_kotlin_ihm/archiveDesDieuxV1/shared/src/ui/collection/CollectionScreen.kt:352:9 Syntax error: Expecting a top level declaration.
00:12.141 ERROR :shared:compileJvm        KotlinBuildToolsApiKt     file:///D:/github/projet_kotlin_ihm/archiveDesDieuxV1/shared/src/ui/collection/CollectionScreen.kt:353:9 Syntax error: Expecting a top level declaration.
00:12.142 ERROR :shared:compileJvm        KotlinBuildToolsApiKt     file:///D:/github/projet_kotlin_ihm/archiveDesDieuxV1/shared/src/ui/collection/CollectionScreen.kt:353:17 Syntax error: Expecting a top level declaration.
00:12.142 ERROR :shared:compileJvm        KotlinBuildToolsApiKt     file:///D:/github/projet_kotlin_ihm/archiveDesDieuxV1/shared/src/ui/collection/CollectionScreen.kt:354:13 Syntax error: Expecting a top level declaration.
00:12.143 ERROR :shared:compileJvm        KotlinBuildToolsApiKt     file:///D:/github/projet_kotlin_ihm/archiveDesDieuxV1/shared/src/ui/collection/CollectionScreen.kt:354:19 Syntax error: Expecting a top level declaration.
00:12.143 ERROR :shared:compileJvm        KotlinBuildToolsApiKt     file:///D:/github/projet_kotlin_ihm/archiveDesDieuxV1/shared/src/ui/collection/CollectionScreen.kt:354:21 Syntax error: Expecting a top level declaration.
00:12.144 ERROR :shared:compileJvm        KotlinBuildToolsApiKt     file:///D:/github/projet_kotlin_ihm/archiveDesDieuxV1/shared/src/ui/collection/CollectionScreen.kt:354:26 Syntax error: Expecting a top level declaration.
00:12.145 ERROR :shared:compileJvm        KotlinBuildToolsApiKt     file:///D:/github/projet_kotlin_ihm/archiveDesDieuxV1/shared/src/ui/collection/CollectionScreen.kt:354:27 Syntax error: Expecting a top level declaration.
00:12.145 ERROR :shared:compileJvm        KotlinBuildToolsApiKt     file:///D:/github/projet_kotlin_ihm/archiveDesDieuxV1/shared/src/ui/collection/CollectionScreen.kt:354:37 Syntax error: Expecting a top level declaration.
00:12.146 ERROR :shared:compileJvm        KotlinBuildToolsApiKt     file:///D:/github/projet_kotlin_ihm/archiveDesDieuxV1/shared/src/ui/collection/CollectionScreen.kt:354:38 Syntax error: Expecting a top level declaration.
00:12.146 ERROR :shared:compileJvm        KotlinBuildToolsApiKt     file:///D:/github/projet_kotlin_ihm/archiveDesDieuxV1/shared/src/ui/collection/CollectionScreen.kt:355:13 Syntax error: Expecting a top level declaration.
00:12.149 ERROR :shared:compileJvm        KotlinBuildToolsApiKt     file:///D:/github/projet_kotlin_ihm/archiveDesDieuxV1/shared/src/ui/collection/CollectionScreen.kt:355:21 Syntax error: Expecting a top level declaration.
00:12.150 ERROR :shared:compileJvm        KotlinBuildToolsApiKt     file:///D:/github/projet_kotlin_ihm/archiveDesDieuxV1/shared/src/ui/collection/CollectionScreen.kt:355:23 Syntax error: Expecting a top level declaration.
00:12.151 ERROR :shared:compileJvm        KotlinBuildToolsApiKt     file:///D:/github/projet_kotlin_ihm/archiveDesDieuxV1/shared/src/ui/collection/CollectionScreen.kt:355:29 Syntax error: Expecting a top level declaration.
00:12.151 ERROR :shared:compileJvm        KotlinBuildToolsApiKt     file:///D:/github/projet_kotlin_ihm/archiveDesDieuxV1/shared/src/ui/collection/CollectionScreen.kt:355:30 Syntax error: Expecting a top level declaration.
00:12.152 ERROR :shared:compileJvm        KotlinBuildToolsApiKt     file:///D:/github/projet_kotlin_ihm/archiveDesDieuxV1/shared/src/ui/collection/CollectionScreen.kt:355:32 Syntax error: Expecting a top level declaration.
00:12.153 ERROR :shared:compileJvm        KotlinBuildToolsApiKt     file:///D:/github/projet_kotlin_ihm/archiveDesDieuxV1/shared/src/ui/collection/CollectionScreen.kt:355:34 Syntax error: Expecting a top level declaration.
00:12.153 ERROR :shared:compileJvm        KotlinBuildToolsApiKt     file:///D:/github/projet_kotlin_ihm/archiveDesDieuxV1/shared/src/ui/collection/CollectionScreen.kt:355:41 Syntax error: Expecting a top level declaration.
00:12.153 ERROR :shared:compileJvm        KotlinBuildToolsApiKt     file:///D:/github/projet_kotlin_ihm/archiveDesDieuxV1/shared/src/ui/collection/CollectionScreen.kt:355:43 Syntax error: Expecting a top level declaration.
00:12.154 ERROR :shared:compileJvm        KotlinBuildToolsApiKt     file:///D:/github/projet_kotlin_ihm/archiveDesDieuxV1/shared/src/ui/collection/CollectionScreen.kt:355:53 Syntax error: Expecting a top level declaration.
00:12.154 ERROR :shared:compileJvm        KotlinBuildToolsApiKt     file:///D:/github/projet_kotlin_ihm/archiveDesDieuxV1/shared/src/ui/collection/CollectionScreen.kt:355:55 Syntax error: Expecting a top level declaration.
00:12.155 ERROR :shared:compileJvm        KotlinBuildToolsApiKt     file:///D:/github/projet_kotlin_ihm/archiveDesDieuxV1/shared/src/ui/collection/CollectionScreen.kt:355:58 Syntax error: Expecting a top level declaration.
00:12.155 ERROR :shared:compileJvm        KotlinBuildToolsApiKt     file:///D:/github/projet_kotlin_ihm/archiveDesDieuxV1/shared/src/ui/collection/CollectionScreen.kt:355:59 Syntax error: Expecting a top level declaration.
00:12.156 ERROR :shared:compileJvm        KotlinBuildToolsApiKt     file:///D:/github/projet_kotlin_ihm/archiveDesDieuxV1/shared/src/ui/collection/CollectionScreen.kt:356:13 Syntax error: Expecting a top level declaration.
00:12.156 ERROR :shared:compileJvm        KotlinBuildToolsApiKt     file:///D:/github/projet_kotlin_ihm/archiveDesDieuxV1/shared/src/ui/collection/CollectionScreen.kt:356:18 Syntax error: Expecting a top level declaration.
00:12.157 ERROR :shared:compileJvm        KotlinBuildToolsApiKt     file:///D:/github/projet_kotlin_ihm/archiveDesDieuxV1/shared/src/ui/collection/CollectionScreen.kt:356:20 Syntax error: Expecting a top level declaration.
00:12.157 ERROR :shared:compileJvm        KotlinBuildToolsApiKt     file:///D:/github/projet_kotlin_ihm/archiveDesDieuxV1/shared/src/ui/collection/CollectionScreen.kt:356:28 Syntax error: Expecting a top level declaration.
00:12.158 ERROR :shared:compileJvm        KotlinBuildToolsApiKt     file:///D:/github/projet_kotlin_ihm/archiveDesDieuxV1/shared/src/ui/collection/CollectionScreen.kt:356:29 Syntax error: Expecting a top level declaration.
00:12.159 ERROR :shared:compileJvm        KotlinBuildToolsApiKt     file:///D:/github/projet_kotlin_ihm/archiveDesDieuxV1/shared/src/ui/collection/CollectionScreen.kt:356:36 Syntax error: Expecting a top level declaration.
00:12.160 ERROR :shared:compileJvm        KotlinBuildToolsApiKt     file:///D:/github/projet_kotlin_ihm/archiveDesDieuxV1/shared/src/ui/collection/CollectionScreen.kt:356:37 Syntax error: Expecting a top level declaration.
00:12.161 ERROR :shared:compileJvm        KotlinBuildToolsApiKt     file:///D:/github/projet_kotlin_ihm/archiveDesDieuxV1/shared/src/ui/collection/CollectionScreen.kt:356:39 Syntax error: Expecting a top level declaration.
00:12.161 ERROR :shared:compileJvm        KotlinBuildToolsApiKt     file:///D:/github/projet_kotlin_ihm/archiveDesDieuxV1/shared/src/ui/collection/CollectionScreen.kt:356:40 Syntax error: Expecting a top level declaration.
00:12.165 ERROR :shared:compileJvm        KotlinBuildToolsApiKt     file:///D:/github/projet_kotlin_ihm/archiveDesDieuxV1/shared/src/ui/collection/CollectionScreen.kt:356:48 Syntax error: Expecting a top level declaration.
00:12.166 ERROR :shared:compileJvm        KotlinBuildToolsApiKt     file:///D:/github/projet_kotlin_ihm/archiveDesDieuxV1/shared/src/ui/collection/CollectionScreen.kt:356:49 Syntax error: Expecting a top level declaration.
00:12.167 ERROR :shared:compileJvm        KotlinBuildToolsApiKt     file:///D:/github/projet_kotlin_ihm/archiveDesDieuxV1/shared/src/ui/collection/CollectionScreen.kt:356:53 Syntax error: Expecting a top level declaration.
00:12.167 ERROR :shared:compileJvm        KotlinBuildToolsApiKt     file:///D:/github/projet_kotlin_ihm/archiveDesDieuxV1/shared/src/ui/collection/CollectionScreen.kt:356:54 Syntax error: Expecting a top level declaration.
00:12.168 ERROR :shared:compileJvm        KotlinBuildToolsApiKt     file:///D:/github/projet_kotlin_ihm/archiveDesDieuxV1/shared/src/ui/collection/CollectionScreen.kt:356:58 Syntax error: Expecting a top level declaration.
00:12.168 ERROR :shared:compileJvm        KotlinBuildToolsApiKt     file:///D:/github/projet_kotlin_ihm/archiveDesDieuxV1/shared/src/ui/collection/CollectionScreen.kt:356:59 Syntax error: Expecting a top level declaration.
00:12.169 ERROR :shared:compileJvm        KotlinBuildToolsApiKt     file:///D:/github/projet_kotlin_ihm/archiveDesDieuxV1/shared/src/ui/collection/CollectionScreen.kt:356:64 Syntax error: Expecting a top level declaration.
00:12.169 ERROR :shared:compileJvm        KotlinBuildToolsApiKt     file:///D:/github/projet_kotlin_ihm/archiveDesDieuxV1/shared/src/ui/collection/CollectionScreen.kt:356:66 Syntax error: Expecting a top level declaration.
00:12.170 ERROR :shared:compileJvm        KotlinBuildToolsApiKt     file:///D:/github/projet_kotlin_ihm/archiveDesDieuxV1/shared/src/ui/collection/CollectionScreen.kt:356:69 Syntax error: Expecting a top level declaration.
00:12.170 ERROR :shared:compileJvm        KotlinBuildToolsApiKt     file:///D:/github/projet_kotlin_ihm/archiveDesDieuxV1/shared/src/ui/collection/CollectionScreen.kt:357:9 Syntax error: Expecting a top level declaration.
00:12.171 ERROR :shared:compileJvm        KotlinBuildToolsApiKt     file:///D:/github/projet_kotlin_ihm/archiveDesDieuxV1/shared/src/ui/collection/CollectionScreen.kt:358:5 Syntax error: Expecting a top level declaration.
00:12.171 ERROR :shared:compileJvm        KotlinBuildToolsApiKt     file:///D:/github/projet_kotlin_ihm/archiveDesDieuxV1/shared/src/ui/collection/CollectionScreen.kt:359:1 Syntax error: Expecting a top level declaration.
00:12.173 ERROR :shared:compileJvm        KotlinBuildToolsApiKt     file:///D:/github/projet_kotlin_ihm/archiveDesDieuxV1/shared/src/ui/collection/CollectionScreen.kt:380:14 Unresolved reference 'background'.
00:12.173 ERROR :shared:compileJvm        KotlinBuildToolsApiKt     file:///D:/github/projet_kotlin_ihm/archiveDesDieuxV1/shared/src/ui/collection/CollectionScreen.kt:471:26 Unresolved reference 'background'.
00:12.174 ERROR :shared:compileJvm        KotlinBuildToolsApiKt     file:///D:/github/projet_kotlin_ihm/archiveDesDieuxV1/shared/src/ui/collection/CollectionScreen.kt:489:26 Unresolved reference 'background'.
00:12.175 ERROR :shared:compileJvm        KotlinBuildToolsApiKt     file:///D:/github/projet_kotlin_ihm/archiveDesDieuxV1/shared/src/ui/collection/CollectionScreen.kt:516:18 Unresolved reference 'background'.
00:12.175 ERROR :shared:compileJvm        KotlinBuildToolsApiKt     file:///D:/github/projet_kotlin_ihm/archiveDesDieuxV1/shared/src/ui/collection/CollectionScreen.kt:552:22 Unresolved reference 'background'.
00:12.175 ERROR :shared:compileJvm        KotlinBuildToolsApiKt     file:///D:/github/projet_kotlin_ihm/archiveDesDieuxV1/shared/src/ui/collection/CollectionScreen.kt:576:14 Unresolved reference 'background'.
00:12.176 ERROR :shared:compileJvm        KotlinBuildToolsApiKt     file:///D:/github/projet_kotlin_ihm/archiveDesDieuxV1/shared/src/ui/collection/CollectionScreen.kt:652:18 Unresolved reference 'background'.
00:12.176 ERROR :shared:compileJvm        KotlinBuildToolsApiKt     file:///D:/github/projet_kotlin_ihm/archiveDesDieuxV1/shared/src/ui/collection/CollectionScreen.kt:669:18 Unresolved reference 'background'.
00:12.177 ERROR :shared:compileJvm        KotlinBuildToolsApiKt     file:///D:/github/projet_kotlin_ihm/archiveDesDieuxV1/shared/src/ui/collection/CollectionScreen.kt:717:22 Unresolved reference 'background'.
