JetBrains Amper version 0.9.1 (7164273, 2025-11-28)
running on Windows 10 10.0 jvm arch amd64

00:05.454 ERROR :generated\jvm-app\main\src\compose\resources\collectors MainKt                    Internal error:: org.jetbrains.amper.engine.TaskExecutor$TaskExecutionFailed: Task ':shared:compileJvm' failed: java.nio.file.FileSystemException: Failed to delete one or more files. See suppressed exceptions for details.
	at org.jetbrains.amper.engine.TaskExecutor.runSingleTaskSafely(TaskExecutor.kt:162)
	at org.jetbrains.amper.engine.TaskExecutor.access$runSingleTaskSafely(TaskExecutor.kt:28)
	at org.jetbrains.amper.engine.TaskExecutor$runSingleTaskSafely$1.invokeSuspend(TaskExecutor.kt)
	at kotlin.coroutines.jvm.internal.BaseContinuationImpl.resumeWith(ContinuationImpl.kt:34)
	at kotlinx.coroutines.UndispatchedCoroutine.afterResume(CoroutineContext.kt:277)
	at kotlinx.coroutines.AbstractCoroutine.resumeWith(AbstractCoroutine.kt:101)
	at kotlin.coroutines.jvm.internal.BaseContinuationImpl.resumeWith(ContinuationImpl.kt:47)
	at kotlinx.coroutines.DispatchedTask.run(DispatchedTask.kt:98)
	at kotlinx.coroutines.scheduling.CoroutineScheduler.runSafely(CoroutineScheduler.kt:613)
	at kotlinx.coroutines.scheduling.CoroutineScheduler$Worker.executeTask(CoroutineScheduler.kt:1189)
	at kotlinx.coroutines.scheduling.CoroutineScheduler$Worker.runWorker(CoroutineScheduler.kt:778)
	at kotlinx.coroutines.scheduling.CoroutineScheduler$Worker.run(CoroutineScheduler.kt:765)
Caused by: java.nio.file.FileSystemException: Failed to delete one or more files. See suppressed exceptions for details.
	at kotlin.io.path.PathsKt__PathRecursiveFunctionsKt.deleteRecursively(PathRecursiveFunctions.kt:313)
	at org.jetbrains.amper.core.extract.ExtractKt.cleanDirectory(extract.kt:364)
	at org.jetbrains.amper.tasks.jvm.JvmCompileTask$run$result$1.invokeSuspend(JvmCompileTask.kt:194)
	at org.jetbrains.amper.tasks.jvm.JvmCompileTask$run$result$1.invoke(JvmCompileTask.kt)
	at org.jetbrains.amper.tasks.jvm.JvmCompileTask$run$result$1.invoke(JvmCompileTask.kt)
	at org.jetbrains.amper.incrementalcache.IncrementalCache$execute$3$1.invokeSuspend(IncrementalCache.kt:121)
	at org.jetbrains.amper.incrementalcache.IncrementalCache$execute$3$1.invoke(IncrementalCache.kt)
	at org.jetbrains.amper.incrementalcache.IncrementalCache$execute$3$1.invoke(IncrementalCache.kt)
	at org.jetbrains.amper.incrementalcache.IncrementalCache$Companion$withLock$2.invokeSuspend(IncrementalCache.kt:345)
	at org.jetbrains.amper.incrementalcache.IncrementalCache$Companion$withLock$2.invoke(IncrementalCache.kt)
	at org.jetbrains.amper.incrementalcache.IncrementalCache$Companion$withLock$2.invoke(IncrementalCache.kt)
	at org.jetbrains.amper.concurrency.ReentrantLockKt$withReentrantLock$2.invokeSuspend(reentrantLock.kt:37)
	at org.jetbrains.amper.concurrency.ReentrantLockKt$withReentrantLock$2.invoke(reentrantLock.kt)
	at org.jetbrains.amper.concurrency.ReentrantLockKt$withReentrantLock$2.invoke(reentrantLock.kt)
	at kotlinx.coroutines.intrinsics.UndispatchedKt.startUndispatchedOrReturn(Undispatched.kt:44)
	at kotlinx.coroutines.BuildersKt__Builders_commonKt.withContext(Builders.common.kt:166)
	at kotlinx.coroutines.BuildersKt.withContext(Unknown Source)
	at org.jetbrains.amper.concurrency.ReentrantLockKt.withReentrantLock(reentrantLock.kt:36)
	at org.jetbrains.amper.incrementalcache.IncrementalCache$Companion.withLock(IncrementalCache.kt:341)
	at org.jetbrains.amper.incrementalcache.IncrementalCache$Companion.access$withLock(IncrementalCache.kt:334)
	at org.jetbrains.amper.incrementalcache.IncrementalCache$execute$$inlined$use$1.invokeSuspend(tracing.kt:95)
	at org.jetbrains.amper.incrementalcache.IncrementalCache$execute$$inlined$use$1.invoke(tracing.kt)
	at org.jetbrains.amper.incrementalcache.IncrementalCache$execute$$inlined$use$1.invoke(tracing.kt)
	at kotlinx.coroutines.intrinsics.UndispatchedKt.startUndispatchedOrReturn(Undispatched.kt:44)
	at kotlinx.coroutines.BuildersKt__Builders_commonKt.withContext(Builders.common.kt:166)
	at kotlinx.coroutines.BuildersKt.withContext(Unknown Source)
	at org.jetbrains.amper.incrementalcache.IncrementalCache.execute(IncrementalCache.kt:392)
	at org.jetbrains.amper.incrementalcache.IncrementalCache.execute$default(IncrementalCache.kt:83)
	at org.jetbrains.amper.tasks.jvm.JvmCompileTask.run(JvmCompileTask.kt:191)
	at org.jetbrains.amper.tasks.jvm.JvmCompileTask$run$1.invokeSuspend(JvmCompileTask.kt)
	at kotlin.coroutines.jvm.internal.BaseContinuationImpl.resumeWith(ContinuationImpl.kt:34)
	at kotlinx.coroutines.DispatchedTask.run(DispatchedTask.kt:100)
	at kotlinx.coroutines.internal.LimitedDispatcher$Worker.run(LimitedDispatcher.kt:113)
	at kotlinx.coroutines.scheduling.TaskImpl.run(Tasks.kt:89)
	at kotlinx.coroutines.scheduling.CoroutineScheduler.runSafely(CoroutineScheduler.kt:613)
	at kotlinx.coroutines.scheduling.CoroutineScheduler$Worker.executeTask(CoroutineScheduler.kt:1183)
	... 2 more
