JetBrains Amper version 0.9.1 (7164273, 2025-11-28)
running on Windows 10 10.0 jvm arch amd64

00:02.815 DEBUG :jvm-app:resolveDependenciesJvm ResolveExternalDependenciesTask resolve dependencies jvm-app -- main -- org.jetbrains.compose.desktop:desktop-jvm-windows-x64:1.8.2 org.jetbrains.compose.foundation:foundation:1.8.2 org.jetbrains.compose.material3:material3:1.8.2 org.jetbrains.compose.runtime:runtime:1.8.2 org.jetbrains.kotlin:kotlin-stdlib:2.2.21 -- resolvePlatform=jvm nativeTarget=null wasmTarget=null
00:02.815 DEBUG :shared:resolveDependenciesJvm ResolveExternalDependenciesTask resolve dependencies shared -- common jvm -- org.jetbrains.compose.foundation:foundation:1.8.2 org.jetbrains.compose.material3:material3:1.8.2 org.jetbrains.compose.runtime:runtime:1.8.2 org.jetbrains.kotlin:kotlin-stdlib:2.2.21 -- resolvePlatform=jvm nativeTarget=null wasmTarget=null
00:02.833 DEBUG :generated\shared\common\src\compose\resources\commonResClass IncrementalCache          [inc] up-to-date according to state file at 'C:\Users\alexa\IdeaProjects\archiveDesDieuxV1\build\incremental.state\_generated_shared_common_src_compose_resources_com-5114195187' in 9.298300ms
00:02.833 DEBUG :artifacts\PreparedComposeResourcesDirArtifact\jvm-appmain IncrementalCache          [inc] up-to-date according to state file at 'C:\Users\alexa\IdeaProjects\archiveDesDieuxV1\build\incremental.state\_artifacts_PreparedComposeResourcesDirArtifact_jvm-9ac1d932e3' in 10.469400ms
00:02.834 DEBUG :artifacts\PreparedComposeResourcesDirArtifact\jvm-appmain IncrementalCache          [inc] ':artifacts\PreparedComposeResourcesDirArtifact\jvm-appmain' is up-to-date
00:02.834 DEBUG :generated\shared\common\src\compose\resources\commonResClass IncrementalCache          [inc] ':generated\shared\common\src\compose\resources\commonResClass' is up-to-date
00:02.834 DEBUG :generated\shared\common\src\compose\resources\collectors IncrementalCache          [inc] up-to-date according to state file at 'C:\Users\alexa\IdeaProjects\archiveDesDieuxV1\build\incremental.state\_generated_shared_common_src_compose_resources_col-aa1ba3fdf9' in 11.430200ms
00:02.834 DEBUG :generated\jvm-app\main\src\compose\resources\commonResClass IncrementalCache          [inc] up-to-date according to state file at 'C:\Users\alexa\IdeaProjects\archiveDesDieuxV1\build\incremental.state\_generated_jvm-app_main_src_compose_resources_comm-c32dffecca' in 11.478900ms
00:02.835 DEBUG :artifacts\PreparedComposeResourcesDirArtifact\sharedjvm IncrementalCache          [inc] up-to-date according to state file at 'C:\Users\alexa\IdeaProjects\archiveDesDieuxV1\build\incremental.state\_artifacts_PreparedComposeResourcesDirArtifact_sha-33c9b9e89b' in 11.517ms
00:02.835 DEBUG :artifacts\PreparedComposeResourcesDirArtifact\sharedcommon IncrementalCache          [inc] up-to-date according to state file at 'C:\Users\alexa\IdeaProjects\archiveDesDieuxV1\build\incremental.state\_artifacts_PreparedComposeResourcesDirArtifact_sha-50ec7edc8b' in 11.465400ms
00:02.835 DEBUG :generated\shared\common\src\compose\resources\collectors IncrementalCache          [inc] ':generated\shared\common\src\compose\resources\collectors' is up-to-date
00:02.835 DEBUG :generated\jvm-app\main\src\compose\resources\commonResClass IncrementalCache          [inc] ':generated\jvm-app\main\src\compose\resources\commonResClass' is up-to-date
00:02.835 DEBUG :artifacts\PreparedComposeResourcesDirArtifact\sharedjvm IncrementalCache          [inc] ':artifacts\PreparedComposeResourcesDirArtifact\sharedjvm' is up-to-date
00:02.835 DEBUG :artifacts\PreparedComposeResourcesDirArtifact\sharedcommon IncrementalCache          [inc] ':artifacts\PreparedComposeResourcesDirArtifact\sharedcommon' is up-to-date
00:02.842 DEBUG :shared:resolveDependenciesJvm IncrementalCache          [inc] up-to-date according to state file at 'C:\Users\alexa\IdeaProjects\archiveDesDieuxV1\build\incremental.state\_shared_resolveDependenciesJvm-8eb09983c0' in 18.393100ms
00:02.842 DEBUG :shared:resolveDependenciesJvm IncrementalCache          [inc] ':shared:resolveDependenciesJvm' is up-to-date
00:02.847 DEBUG :jvm-app:resolveDependenciesJvm IncrementalCache          [inc] up-to-date according to state file at 'C:\Users\alexa\IdeaProjects\archiveDesDieuxV1\build\incremental.state\_jvm-app_resolveDependenciesJvm-031f37dcb2' in 24.092200ms
00:02.847 DEBUG :jvm-app:resolveDependenciesJvm IncrementalCache          [inc] ':jvm-app:resolveDependenciesJvm' is up-to-date
00:02.850 DEBUG :jvm-app:resolveDependenciesJvm ResolveExternalDependenciesTask resolve dependencies jvm-app -- main -- org.jetbrains.compose.desktop:desktop-jvm-windows-x64:1.8.2 org.jetbrains.compose.foundation:foundation:1.8.2 org.jetbrains.compose.material3:material3:1.8.2 org.jetbrains.compose.runtime:runtime:1.8.2 org.jetbrains.kotlin:kotlin-stdlib:2.2.21 -- resolvePlatform=JVM nativeTarget=null
wasmTarget=null
https://repo1.maven.org/maven2 https://maven.google.com https://maven.pkg.jetbrains.space/public/p/compose/dev resolved to:
  .m2.cache\org\jetbrains\kotlin\kotlin-stdlib\2.2.21\kotlin-stdlib-2.2.21.jar
  .m2.cache\org\jetbrains\annotations\23.0.0\annotations-23.0.0.jar
  .m2.cache\org\jetbrains\compose\runtime\runtime-desktop\1.8.2\runtime-desktop-1.8.2.jar
  .m2.cache\org\jetbrains\compose\foundation\foundation-desktop\1.8.2\foundation-desktop-1.8.2.jar
  .m2.cache\org\jetbrains\compose\material3\material3-desktop\1.8.2\material3-desktop-1.8.2.jar
  .m2.cache\org\jetbrains\compose\desktop\desktop-jvm\1.8.2\desktop-jvm-1.8.2.jar
  .m2.cache\org\jetbrains\kotlinx\kotlinx-coroutines-core-jvm\1.8.0\kotlinx-coroutines-core-jvm-1.8.0.jar
  .m2.cache\org\jetbrains\compose\animation\animation-desktop\1.8.2\animation-desktop-1.8.2.jar
  .m2.cache\org\jetbrains\compose\ui\ui-desktop\1.8.2\ui-desktop-1.8.2.jar
  .m2.cache\org\jetbrains\skiko\skiko-awt\0.9.4.2\skiko-awt-0.9.4.2.jar
  .m2.cache\org\jetbrains\compose\material\material-ripple-desktop\1.8.2\material-ripple-desktop-1.8.2.jar
  .m2.cache\org\jetbrains\compose\ui\ui-graphics-desktop\1.8.2\ui-graphics-desktop-1.8.2.jar
  .m2.cache\org\jetbrains\compose\ui\ui-text-desktop\1.8.2\ui-text-desktop-1.8.2.jar
  .m2.cache\org\jetbrains\compose\material\material-desktop\1.8.2\material-desktop-1.8.2.jar
  .m2.cache\org\jetbrains\compose\ui\ui-tooling-preview-desktop\1.8.2\ui-tooling-preview-desktop-1.8.2.jar
  .m2.cache\org\jetbrains\compose\animation\animation-core-desktop\1.8.2\animation-core-desktop-1.8.2.jar
  .m2.cache\org\jetbrains\compose\foundation\foundation-layout-desktop\1.8.2\foundation-layout-desktop-1.8.2.jar
  .m2.cache\org\jetbrains\compose\ui\ui-geometry-desktop\1.8.2\ui-geometry-desktop-1.8.2.jar
  .m2.cache\org\jetbrains\compose\runtime\runtime-saveable-desktop\1.8.2\runtime-saveable-desktop-1.8.2.jar
  .m2.cache\org\jetbrains\compose\ui\ui-unit-desktop\1.8.2\ui-unit-desktop-1.8.2.jar
  .m2.cache\org\jetbrains\compose\ui\ui-util-desktop\1.8.2\ui-util-desktop-1.8.2.jar
  .m2.cache\androidx\lifecycle\lifecycle-common-jvm\2.8.5\lifecycle-common-jvm-2.8.5.jar
  .m2.cache\androidx\annotation\annotation-jvm\1.9.1\annotation-jvm-1.9.1.jar
00:02.851 DEBUG :shared:resolveDependenciesJvm ResolveExternalDependenciesTask resolve dependencies shared -- common jvm -- org.jetbrains.compose.foundation:foundation:1.8.2 org.jetbrains.compose.material3:material3:1.8.2 org.jetbrains.compose.runtime:runtime:1.8.2 org.jetbrains.kotlin:kotlin-stdlib:2.2.21 -- resolvePlatform=JVM nativeTarget=null
wasmTarget=null
https://repo1.maven.org/maven2 https://maven.google.com https://maven.pkg.jetbrains.space/public/p/compose/dev resolved to:
  .m2.cache\org\jetbrains\kotlin\kotlin-stdlib\2.2.21\kotlin-stdlib-2.2.21.jar
  .m2.cache\org\jetbrains\compose\foundation\foundation-desktop\1.8.2\foundation-desktop-1.8.2.jar
  .m2.cache\org\jetbrains\compose\material3\material3-desktop\1.8.2\material3-desktop-1.8.2.jar
  .m2.cache\org\jetbrains\annotations\23.0.0\annotations-23.0.0.jar
  .m2.cache\org\jetbrains\compose\runtime\runtime-desktop\1.8.2\runtime-desktop-1.8.2.jar
  .m2.cache\org\jetbrains\compose\animation\animation-desktop\1.8.2\animation-desktop-1.8.2.jar
  .m2.cache\org\jetbrains\compose\ui\ui-desktop\1.8.2\ui-desktop-1.8.2.jar
  .m2.cache\org\jetbrains\skiko\skiko-awt\0.9.4.2\skiko-awt-0.9.4.2.jar
  .m2.cache\org\jetbrains\compose\material\material-ripple-desktop\1.8.2\material-ripple-desktop-1.8.2.jar
  .m2.cache\org\jetbrains\compose\ui\ui-graphics-desktop\1.8.2\ui-graphics-desktop-1.8.2.jar
  .m2.cache\org\jetbrains\compose\ui\ui-text-desktop\1.8.2\ui-text-desktop-1.8.2.jar
  .m2.cache\org\jetbrains\kotlinx\kotlinx-coroutines-core-jvm\1.8.0\kotlinx-coroutines-core-jvm-1.8.0.jar
  .m2.cache\org\jetbrains\compose\animation\animation-core-desktop\1.8.2\animation-core-desktop-1.8.2.jar
  .m2.cache\org\jetbrains\compose\foundation\foundation-layout-desktop\1.8.2\foundation-layout-desktop-1.8.2.jar
  .m2.cache\org\jetbrains\compose\ui\ui-geometry-desktop\1.8.2\ui-geometry-desktop-1.8.2.jar
  .m2.cache\org\jetbrains\compose\runtime\runtime-saveable-desktop\1.8.2\runtime-saveable-desktop-1.8.2.jar
  .m2.cache\org\jetbrains\compose\ui\ui-unit-desktop\1.8.2\ui-unit-desktop-1.8.2.jar
  .m2.cache\org\jetbrains\compose\ui\ui-util-desktop\1.8.2\ui-util-desktop-1.8.2.jar
  .m2.cache\androidx\lifecycle\lifecycle-common-jvm\2.8.5\lifecycle-common-jvm-2.8.5.jar
  .m2.cache\androidx\annotation\annotation-jvm\1.9.1\annotation-jvm-1.9.1.jar
00:02.859 DEBUG :shared:prepareComposeResourcesForJvmCommon IncrementalCache          [inc] up-to-date according to state file at 'C:\Users\alexa\IdeaProjects\archiveDesDieuxV1\build\incremental.state\_shared_prepareComposeResourcesForJvmCommon-aa65628721' in 450.8us
00:02.859 DEBUG :jvm-app:prepareComposeResourcesForJvmMain IncrementalCache          [inc] up-to-date according to state file at 'C:\Users\alexa\IdeaProjects\archiveDesDieuxV1\build\incremental.state\_jvm-app_prepareComposeResourcesForJvmMain-98dc0899a4' in 348.1us
00:02.859 DEBUG :shared:prepareComposeResourcesForJvmCommon IncrementalCache          [inc] ':shared:prepareComposeResourcesForJvmCommon' is up-to-date
00:02.859 DEBUG :jvm-app:prepareComposeResourcesForJvmMain IncrementalCache          [inc] ':jvm-app:prepareComposeResourcesForJvmMain' is up-to-date
00:02.860 DEBUG :generated\shared\common\src\compose\resources\accessors IncrementalCache          [inc] up-to-date according to state file at 'C:\Users\alexa\IdeaProjects\archiveDesDieuxV1\build\incremental.state\_generated_shared_common_src_compose_resources_acc-f88cbdba75' in 214.7us
00:02.860 DEBUG :generated\shared\common\src\compose\resources\accessors IncrementalCache          [inc] ':generated\shared\common\src\compose\resources\accessors' is up-to-date
00:02.859 DEBUG :generated\shared\jvm\src\compose\resources\accessors IncrementalCache          [inc] up-to-date according to state file at 'C:\Users\alexa\IdeaProjects\archiveDesDieuxV1\build\incremental.state\_generated_shared_jvm_src_compose_resources_access-51ce0e69e2' in 501.4us
00:02.860 DEBUG :generated\shared\jvm\src\compose\resources\accessors IncrementalCache          [inc] ':generated\shared\jvm\src\compose\resources\accessors' is up-to-date
00:02.861 DEBUG :shared:prepareComposeResourcesForJvmJvm IncrementalCache          [inc] up-to-date according to state file at 'C:\Users\alexa\IdeaProjects\archiveDesDieuxV1\build\incremental.state\_shared_prepareComposeResourcesForJvmJvm-6b30e9b517' in 305.4us
00:02.861 DEBUG :shared:prepareComposeResourcesForJvmJvm IncrementalCache          [inc] ':shared:prepareComposeResourcesForJvmJvm' is up-to-date
00:02.863 DEBUG :generated\jvm-app\main\src\compose\resources\accessors IncrementalCache          [inc] up-to-date according to state file at 'C:\Users\alexa\IdeaProjects\archiveDesDieuxV1\build\incremental.state\_generated_jvm-app_main_src_compose_resources_acce-ba8279b2ed' in 435.2us
00:02.863 DEBUG :generated\jvm-app\main\src\compose\resources\accessors IncrementalCache          [inc] ':generated\jvm-app\main\src\compose\resources\accessors' is up-to-date
00:02.863 DEBUG :generated\shared\jvm\src\compose\resources\collectors IncrementalCache          [inc] up-to-date according to state file at 'C:\Users\alexa\IdeaProjects\archiveDesDieuxV1\build\incremental.state\_generated_shared_jvm_src_compose_resources_collec-ecdf45b238' in 335.8us
00:02.863 DEBUG :generated\shared\jvm\src\compose\resources\collectors IncrementalCache          [inc] ':generated\shared\jvm\src\compose\resources\collectors' is up-to-date
00:02.865 DEBUG :shared:compileJvm        JvmCompileTask            compile shared -- common jvm
00:02.866 DEBUG :generated\jvm-app\main\src\compose\resources\collectors IncrementalCache          [inc] up-to-date according to state file at 'C:\Users\alexa\IdeaProjects\archiveDesDieuxV1\build\incremental.state\_generated_jvm-app_main_src_compose_resources_coll-a2b5300403' in 361.5us
00:02.866 DEBUG :generated\jvm-app\main\src\compose\resources\collectors IncrementalCache          [inc] ':generated\jvm-app\main\src\compose\resources\collectors' is up-to-date
00:02.980 DEBUG :shared:compileJvm        ExtractKt                 Skipping extract to C:\Users\alexa\AppData\Local\JetBrains\Amper\extract.cache\5de2c13edf-amazon-corretto-21.0.1.12.1-windows-x64-jdk.zip.181531.d since flag file C:\Users\alexa\AppData\Local\JetBrains\Amper\extract.cache\5de2c13edf-amazon-corretto-21.0.1.12.1-windows-x64-jdk.zip.181531.d.flag is correct
00:03.010 DEBUG :shared:compileJvm        IncrementalCache          [inc] Input files don't match recorded state in 'C:\Users\alexa\IdeaProjects\archiveDesDieuxV1\build\incremental.state\_shared_compileJvm-b216d3f992' -> rebuilding
  old: {C:\Users\alexa\AppData\Local\JetBrains\Amper\.m2.cache\androidx\annotation\annotation-jvm\1.9.1\annotation-jvm-1.9.1.jar=size 60577 mtime 2025-12-04T22:04:50.4952322Z, C:\Users\alexa\AppData\Local\JetBrains\Amper\.m2.cache\androidx\lifecycle\lifecycle-common-jvm\2.8.5\lifecycle-common-jvm-2.8.5.jar=size 57238 mtime 2025-12-04T22:33:55.9953019Z, C:\Users\alexa\AppData\Local\JetBrains\Amper\.m2.cache\org\jetbrains\annotations\23.0.0\annotations-23.0.0.jar=size 29371 mtime 2025-12-04T22:04:57.0853547Z, C:\Users\alexa\AppData\Local\JetBrains\Amper\.m2.cache\org\jetbrains\compose\animation\animation-core-desktop\1.8.2\animation-core-desktop-1.8.2.jar=size 373054 mtime 2025-12-04T22:33:55.4430573Z, C:\Users\alexa\AppData\Local\JetBrains\Amper\.m2.cache\org\jetbrains\compose\animation\animation-desktop\1.8.2\animation-desktop-1.8.2.jar=size 334268 mtime 2025-12-04T22:33:55.5872076Z, C:\Users\alexa\AppData\Local\JetBrains\Amper\.m2.cache\org\jetbrains\compose\foundation\foundation-desktop\1.8.2\foundation-desktop-1.8.2.jar=size 3796030 mtime 2025-12-04T22:33:56.9733505Z, C:\Users\alexa\AppData\Local\JetBrains\Amper\.m2.cache\org\jetbrains\compose\foundation\foundation-layout-desktop\1.8.2\foundation-layout-desktop-1.8.2.jar=size 573052 mtime 2025-12-04T22:33:55.9717548Z, C:\Users\alexa\AppData\Local\JetBrains\Amper\.m2.cache\org\jetbrains\compose\material3\material3-desktop\1.8.2\material3-desktop-1.8.2.jar=size 3401826 mtime 2025-12-04T22:33:55.6712992Z, C:\Users\alexa\AppData\Local\JetBrains\Amper\.m2.cache\org\jetbrains\compose\material\material-ripple-desktop\1.8.2\material-ripple-desktop-1.8.2.jar=size 72676 mtime 2025-12-04T22:33:55.5832041Z, C:\Users\alexa\AppData\Local\JetBrains\Amper\.m2.cache\org\jetbrains\compose\runtime\runtime-desktop\1.8.2\runtime-desktop-1.8.2.jar=size 1400930 mtime 2025-12-04T22:33:55.4961068Z, C:\Users\alexa\AppData\Local\JetBrains\Amper\.m2.cache\org\jetbrains\compose\runtime\runtime-saveable-desktop\1.8.2\runtime-saveable-desktop-1.8.2.jar=size 41298 mtime 2025-12-04T22:33:55.4390546Z, C:\Users\alexa\AppData\Local\JetBrains\Amper\.m2.cache\org\jetbrains\compose\ui\ui-desktop\1.8.2\ui-desktop-1.8.2.jar=size 3119324 mtime 2025-12-04T22:33:55.7249865Z, C:\Users\alexa\AppData\Local\JetBrains\Amper\.m2.cache\org\jetbrains\compose\ui\ui-geometry-desktop\1.8.2\ui-geometry-desktop-1.8.2.jar=size 56481 mtime 2025-12-04T22:33:55.6262429Z, C:\Users\alexa\AppData\Local\JetBrains\Amper\.m2.cache\org\jetbrains\compose\ui\ui-graphics-desktop\1.8.2\ui-graphics-desktop-1.8.2.jar=size 566040 mtime 2025-12-04T22:33:55.8881707Z, C:\Users\alexa\AppData\Local\JetBrains\Amper\.m2.cache\org\jetbrains\compose\ui\ui-text-desktop\1.8.2\ui-text-desktop-1.8.2.jar=size 700552 mtime 2025-12-04T22:33:55.6335266Z, C:\Users\alexa\AppData\Local\JetBrains\Amper\.m2.cache\org\jetbrains\compose\ui\ui-unit-desktop\1.8.2\ui-unit-desktop-1.8.2.jar=size 83012 mtime 2025-12-04T22:33:55.7355028Z, C:\Users\alexa\AppData\Local\JetBrains\Amper\.m2.cache\org\jetbrains\compose\ui\ui-util-desktop\1.8.2\ui-util-desktop-1.8.2.jar=size 16970 mtime 2025-12-04T22:33:55.689316Z, C:\Users\alexa\AppData\Local\JetBrains\Amper\.m2.cache\org\jetbrains\kotlin\kotlin-stdlib\2.2.21\kotlin-stdlib-2.2.21.jar=size 1761445 mtime 2025-12-04T22:07:44.5102839Z, C:\Users\alexa\AppData\Local\JetBrains\Amper\.m2.cache\org\jetbrains\kotlinx\kotlinx-coroutines-core-jvm\1.8.0\kotlinx-coroutines-core-jvm-1.8.0.jar=size 1548360 mtime 2025-12-04T22:04:50.233167Z, C:\Users\alexa\AppData\Local\JetBrains\Amper\.m2.cache\org\jetbrains\skiko\skiko-awt\0.9.4.2\skiko-awt-0.9.4.2.jar=size 1249143 mtime 2025-12-04T22:33:55.8551401Z, C:\Users\alexa\IdeaProjects\archiveDesDieuxV1\build\artifacts\JvmResourcesDirArtifact\sharedcommon=MISSING, C:\Users\alexa\IdeaProjects\archiveDesDieuxV1\build\artifacts\JvmResourcesDirArtifact\sharedjvm=MISSING, C:\Users\alexa\IdeaProjects\archiveDesDieuxV1\build\generated\shared\common\src\compose\resources\accessors=MISSING, C:\Users\alexa\IdeaProjects\archiveDesDieuxV1\build\generated\shared\common\src\compose\resources\collectors=MISSING, C:\Users\alexa\IdeaProjects\archiveDesDieuxV1\build\generated\shared\common\src\compose\resources\commonResClass=MISSING, C:\Users\alexa\IdeaProjects\archiveDesDieuxV1\build\generated\shared\jvm\src\compose\resources\accessors=MISSING, C:\Users\alexa\IdeaProjects\archiveDesDieuxV1\build\generated\shared\jvm\src\compose\resources\collectors=MISSING, C:\Users\alexa\IdeaProjects\archiveDesDieuxV1\shared\resources=MISSING, C:\Users\alexa\IdeaProjects\archiveDesDieuxV1\shared\resources@jvm=MISSING, C:\Users\alexa\IdeaProjects\archiveDesDieuxV1\shared\src@jvm\World.kt=size 35 mtime 2025-12-11T00:32:59.382234Z, C:\Users\alexa\IdeaProjects\archiveDesDieuxV1\shared\src\Screen.kt=size 193 mtime 2025-12-11T00:41:32.3473639Z, C:\Users\alexa\IdeaProjects\archiveDesDieuxV1\shared\src\World.kt=size 30 mtime 2025-12-11T00:32:59.3512062Z, C:\Users\alexa\IdeaProjects\archiveDesDieuxV1\shared\src\data\CardRepository.kt=size 5888 mtime 2025-12-11T00:41:32.3463629Z, C:\Users\alexa\IdeaProjects\archiveDesDieuxV1\shared\src\models\Card.kt=size 836 mtime 2025-12-11T00:41:32.3463629Z, C:\Users\alexa\IdeaProjects\archiveDesDieuxV1\shared\src\ui\booster\BoosterOpeningScreen.kt=size 10071 mtime 2025-12-11T00:44:32.0659126Z, C:\Users\alexa\IdeaProjects\archiveDesDieuxV1\shared\src\ui\booster\CardRevealView.kt=size 12933 mtime 2025-12-11T00:41:32.3463629Z, C:\Users\alexa\IdeaProjects\archiveDesDieuxV1\shared\src\ui\collection\CardDetailScreen.kt=size 11452 mtime 2025-12-11T00:41:32.3523688Z, C:\Users\alexa\IdeaProjects\archiveDesDieuxV1\shared\src\ui\collection\CollectionScreen.kt=size 14521 mtime 2025-12-11T00:41:32.3463629Z, C:\Users\alexa\IdeaProjects\archiveDesDieuxV1\shared\src\ui\main\MainMenuScreen.kt=size 9827 mtime 2025-12-11T00:41:32.3523688Z, C:\Users\alexa\IdeaProjects\archiveDesDieuxV1\shared\src\ui\theme\Color.kt=size 803 mtime 2025-12-11T00:41:32.3463629Z}
  new: {C:\Users\alexa\IdeaProjects\archiveDesDieuxV1\shared\src\commonMain\resources\cards\egyptien\Garde Anubis.jpg=size 119887 mtime 2025-11-28T01:03:20Z, C:\Users\alexa\IdeaProjects\archiveDesDieuxV1\shared\src\commonMain\resources\cards\egyptien\Malédiction.jpg=size 192829 mtime 2025-11-28T01:06:42Z, C:\Users\alexa\IdeaProjects\archiveDesDieuxV1\shared\src\commonMain\resources\cards\egyptien\phinx.png=size 6069602 mtime 2025-11-28T00:57:44Z, C:\Users\alexa\IdeaProjects\archiveDesDieuxV1\shared\src\commonMain\resources\cards\egyptien\ra.jpg=size 135073 mtime 2025-11-28T00:59:52Z, C:\Users\alexa\IdeaProjects\archiveDesDieuxV1\shared\src\commonMain\resources\cards\egyptien\sobek.jpg=size 127301 mtime 2025-11-28T00:57:32Z, C:\Users\alexa\IdeaProjects\archiveDesDieuxV1\shared\src\commonMain\resources\cards\grec\Hoplite.jpg=size 135556 mtime 2025-11-28T01:14:48Z, C:\Users\alexa\IdeaProjects\archiveDesDieuxV1\shared\src\commonMain\resources\cards\grec\hydre.jpg=size 156951 mtime 2025-11-28T01:18:34Z, C:\Users\alexa\IdeaProjects\archiveDesDieuxV1\shared\src\commonMain\resources\cards\grec\Méduse (Sort).jpg=size 146680 mtime 2025-11-28T01:15:52Z, C:\Users\alexa\IdeaProjects\archiveDesDieuxV1\shared\src\commonMain\resources\cards\grec\Pégase.jpg=size 145372 mtime 2025-11-28T01:17:18Z, C:\Users\alexa\IdeaProjects\archiveDesDieuxV1\shared\src\commonMain\resources\cards\grec\Zeus (Légendaire).jpg=size 164314 mtime 2025-11-28T01:19:50Z, C:\Users\alexa\IdeaProjects\archiveDesDieuxV1\shared\src\commonMain\resources\cards\viking\Fenrir.jpg=size 160490 mtime 2025-11-28T01:12:08Z, C:\Users\alexa\IdeaProjects\archiveDesDieuxV1\shared\src\commonMain\resources\cards\viking\Géant de Givre.jpg=size 156358 mtime 2025-11-28T01:10:56Z, C:\Users\alexa\IdeaProjects\archiveDesDieuxV1\shared\src\commonMain\resources\cards\viking\Odin (Légendaire).jpg=size 162370 mtime 2025-11-28T01:13:28Z, C:\Users\alexa\IdeaProjects\archiveDesDieuxV1\shared\src\commonMain\resources\cards\viking\Raider Viking.jpg=size 151828 mtime 2025-11-28T01:09:10Z, C:\Users\alexa\IdeaProjects\archiveDesDieuxV1\shared\src\commonMain\resources\cards\viking\Valkyrie (Sort).jpg=size 147757 mtime 2025-11-28T01:10:10Z, C:\Users\alexa\IdeaProjects\archiveDesDieuxV1\shared\src\data\CardRepository.kt=size 4588 mtime 2025-12-11T00:50:20.0339511Z, C:\Users\alexa\IdeaProjects\archiveDesDieuxV1\shared\src\models\Card.kt=size 836 mtime 2025-12-11T00:41:32.3463629Z, C:\Users\alexa\IdeaProjects\archiveDesDieuxV1\shared\src\Screen.kt=size 193 mtime 2025-12-11T00:41:32.3473639Z, C:\Users\alexa\IdeaProjects\archiveDesDieuxV1\shared\src\ui\booster\BoosterOpeningScreen.kt=size 10071 mtime 2025-12-11T00:48:04.1956319Z, C:\Users\alexa\IdeaProjects\archiveDesDieuxV1\shared\src\ui\booster\CardRevealView.kt=size 12933 mtime 2025-12-11T00:41:32.3463629Z, C:\Users\alexa\IdeaProjects\archiveDesDieuxV1\shared\src\ui\collection\CardDetailScreen.kt=size 11452 mtime 2025-12-11T00:41:32.3523688Z, C:\Users\alexa\IdeaProjects\archiveDesDieuxV1\shared\src\ui\collection\CollectionScreen.kt=size 14521 mtime 2025-12-11T00:41:32.3463629Z, C:\Users\alexa\IdeaProjects\archiveDesDieuxV1\shared\src\ui\components\CardImage.kt=size 1256 mtime 2025-12-11T00:50:20.0339511Z, C:\Users\alexa\IdeaProjects\archiveDesDieuxV1\shared\src\ui\main\MainMenuScreen.kt=size 9827 mtime 2025-12-11T00:41:32.3523688Z, C:\Users\alexa\IdeaProjects\archiveDesDieuxV1\shared\src\ui\theme\Color.kt=size 803 mtime 2025-12-11T00:41:32.3463629Z, C:\Users\alexa\IdeaProjects\archiveDesDieuxV1\shared\src\World.kt=size 30 mtime 2025-12-11T00:32:59.3512062Z, C:\Users\alexa\IdeaProjects\archiveDesDieuxV1\shared\src@jvm\World.kt=size 35 mtime 2025-12-11T00:32:59.382234Z, C:\Users\alexa\IdeaProjects\archiveDesDieuxV1\build\generated\shared\common\src\compose\resources\commonResClass=MISSING, C:\Users\alexa\IdeaProjects\archiveDesDieuxV1\build\generated\shared\common\src\compose\resources\collectors=MISSING, C:\Users\alexa\IdeaProjects\archiveDesDieuxV1\build\generated\shared\common\src\compose\resources\accessors=MISSING, C:\Users\alexa\IdeaProjects\archiveDesDieuxV1\build\generated\shared\jvm\src\compose\resources\accessors=MISSING, C:\Users\alexa\IdeaProjects\archiveDesDieuxV1\build\generated\shared\jvm\src\compose\resources\collectors=MISSING, C:\Users\alexa\IdeaProjects\archiveDesDieuxV1\shared\resources=MISSING, C:\Users\alexa\IdeaProjects\archiveDesDieuxV1\shared\resources@jvm=MISSING, C:\Users\alexa\IdeaProjects\archiveDesDieuxV1\build\artifacts\JvmResourcesDirArtifact\sharedcommon=MISSING, C:\Users\alexa\IdeaProjects\archiveDesDieuxV1\build\artifacts\JvmResourcesDirArtifact\sharedjvm=MISSING, C:\Users\alexa\AppData\Local\JetBrains\Amper\.m2.cache\org\jetbrains\kotlin\kotlin-stdlib\2.2.21\kotlin-stdlib-2.2.21.jar=size 1761445 mtime 2025-12-04T22:07:44.5102839Z, C:\Users\alexa\AppData\Local\JetBrains\Amper\.m2.cache\org\jetbrains\compose\foundation\foundation-desktop\1.8.2\foundation-desktop-1.8.2.jar=size 3796030 mtime 2025-12-04T22:33:56.9733505Z, C:\Users\alexa\AppData\Local\JetBrains\Amper\.m2.cache\org\jetbrains\compose\material3\material3-desktop\1.8.2\material3-desktop-1.8.2.jar=size 3401826 mtime 2025-12-04T22:33:55.6712992Z, C:\Users\alexa\AppData\Local\JetBrains\Amper\.m2.cache\org\jetbrains\annotations\23.0.0\annotations-23.0.0.jar=size 29371 mtime 2025-12-04T22:04:57.0853547Z, C:\Users\alexa\AppData\Local\JetBrains\Amper\.m2.cache\org\jetbrains\compose\runtime\runtime-desktop\1.8.2\runtime-desktop-1.8.2.jar=size 1400930 mtime 2025-12-04T22:33:55.4961068Z, C:\Users\alexa\AppData\Local\JetBrains\Amper\.m2.cache\org\jetbrains\compose\animation\animation-desktop\1.8.2\animation-desktop-1.8.2.jar=size 334268 mtime 2025-12-04T22:33:55.5872076Z, C:\Users\alexa\AppData\Local\JetBrains\Amper\.m2.cache\org\jetbrains\compose\ui\ui-desktop\1.8.2\ui-desktop-1.8.2.jar=size 3119324 mtime 2025-12-04T22:33:55.7249865Z, C:\Users\alexa\AppData\Local\JetBrains\Amper\.m2.cache\org\jetbrains\skiko\skiko-awt\0.9.4.2\skiko-awt-0.9.4.2.jar=size 1249143 mtime 2025-12-04T22:33:55.8551401Z, C:\Users\alexa\AppData\Local\JetBrains\Amper\.m2.cache\org\jetbrains\compose\material\material-ripple-desktop\1.8.2\material-ripple-desktop-1.8.2.jar=size 72676 mtime 2025-12-04T22:33:55.5832041Z, C:\Users\alexa\AppData\Local\JetBrains\Amper\.m2.cache\org\jetbrains\compose\ui\ui-graphics-desktop\1.8.2\ui-graphics-desktop-1.8.2.jar=size 566040 mtime 2025-12-04T22:33:55.8881707Z, C:\Users\alexa\AppData\Local\JetBrains\Amper\.m2.cache\org\jetbrains\compose\ui\ui-text-desktop\1.8.2\ui-text-desktop-1.8.2.jar=size 700552 mtime 2025-12-04T22:33:55.6335266Z, C:\Users\alexa\AppData\Local\JetBrains\Amper\.m2.cache\org\jetbrains\kotlinx\kotlinx-coroutines-core-jvm\1.8.0\kotlinx-coroutines-core-jvm-1.8.0.jar=size 1548360 mtime 2025-12-04T22:04:50.233167Z, C:\Users\alexa\AppData\Local\JetBrains\Amper\.m2.cache\org\jetbrains\compose\animation\animation-core-desktop\1.8.2\animation-core-desktop-1.8.2.jar=size 373054 mtime 2025-12-04T22:33:55.4430573Z, C:\Users\alexa\AppData\Local\JetBrains\Amper\.m2.cache\org\jetbrains\compose\foundation\foundation-layout-desktop\1.8.2\foundation-layout-desktop-1.8.2.jar=size 573052 mtime 2025-12-04T22:33:55.9717548Z, C:\Users\alexa\AppData\Local\JetBrains\Amper\.m2.cache\org\jetbrains\compose\ui\ui-geometry-desktop\1.8.2\ui-geometry-desktop-1.8.2.jar=size 56481 mtime 2025-12-04T22:33:55.6262429Z, C:\Users\alexa\AppData\Local\JetBrains\Amper\.m2.cache\org\jetbrains\compose\runtime\runtime-saveable-desktop\1.8.2\runtime-saveable-desktop-1.8.2.jar=size 41298 mtime 2025-12-04T22:33:55.4390546Z, C:\Users\alexa\AppData\Local\JetBrains\Amper\.m2.cache\org\jetbrains\compose\ui\ui-unit-desktop\1.8.2\ui-unit-desktop-1.8.2.jar=size 83012 mtime 2025-12-04T22:33:55.7355028Z, C:\Users\alexa\AppData\Local\JetBrains\Amper\.m2.cache\org\jetbrains\compose\ui\ui-util-desktop\1.8.2\ui-util-desktop-1.8.2.jar=size 16970 mtime 2025-12-04T22:33:55.689316Z, C:\Users\alexa\AppData\Local\JetBrains\Amper\.m2.cache\androidx\lifecycle\lifecycle-common-jvm\2.8.5\lifecycle-common-jvm-2.8.5.jar=size 57238 mtime 2025-12-04T22:33:55.9953019Z, C:\Users\alexa\AppData\Local\JetBrains\Amper\.m2.cache\androidx\annotation\annotation-jvm\1.9.1\annotation-jvm-1.9.1.jar=size 60577 mtime 2025-12-04T22:04:50.4952322Z}
00:03.011 DEBUG :shared:compileJvm        IncrementalCache          [inc] building ':shared:compileJvm'
00:03.056 DEBUG :shared:compileJvm        IncrementalCache          [inc] up-to-date according to state file at 'C:\Users\alexa\IdeaProjects\archiveDesDieuxV1\build\incremental.state\resolve-org.jetbrains.kotlin-kotlin-build-tools-im-439d3d0dbf' in 1.690900ms
00:03.056 DEBUG :shared:compileJvm        IncrementalCache          [inc] 'resolve-org.jetbrains.kotlin-kotlin-build-tools-impl-2.2.21' is up-to-date
00:03.078 DEBUG :shared:compileJvm        IncrementalCache          [inc] up-to-date according to state file at 'C:\Users\alexa\IdeaProjects\archiveDesDieuxV1\build\incremental.state\resolve-org.jetbrains.kotlin-kotlin-compose-compil-038c518465' in 519.5us
00:03.078 DEBUG :shared:compileJvm        IncrementalCache          [inc] 'resolve-org.jetbrains.kotlin-kotlin-compose-compiler-plugin-embeddable-2.2.21' is up-to-date
00:03.094 INFO  :shared:compileJvm        JvmCompileTask            Compiling module 'shared' for platform 'jvm'...
00:03.107 DEBUG :shared:compileJvm        KotlinBuildToolsApiKt     Compiling using the in-process strategy
00:03.264 DEBUG :shared:compileJvm        KotlinBuildToolsApiKt     Using Kotlin home directory <no_path>
00:03.283 DEBUG :shared:compileJvm        KotlinBuildToolsApiKt     Configuring the compilation environment
00:03.376 DEBUG :shared:compileJvm        KotlinBuildToolsApiKt     Using JDK home directory C:\Users\alexa\AppData\Local\JetBrains\Amper\extract.cache\5de2c13edf-amazon-corretto-21.0.1.12.1-windows-x64-jdk.zip.181531.d
00:04.083 DEBUG :shared:compileJvm        KotlinBuildToolsApiKt     Loading modules: [java.se, jdk.accessibility, jdk.attach, jdk.compiler, jdk.dynalink, jdk.httpserver, jdk.incubator.vector, jdk.jartool, jdk.javadoc, jdk.jconsole, jdk.jdi, jdk.jfr, jdk.jshell, jdk.jsobject, jdk.management, jdk.management.jfr, jdk.net, jdk.nio.mapmode, jdk.sctp, jdk.security.auth, jdk.security.jgss, jdk.unsupported, jdk.unsupported.desktop, jdk.xml.dom, java.base, java.compiler, java.datatransfer, java.desktop, java.xml, java.instrument, java.logging, java.management, java.management.rmi, java.rmi, java.naming, java.net.http, java.prefs, java.scripting, java.security.jgss, java.security.sasl, java.sql, java.transaction.xa, java.sql.rowset, java.xml.crypto, jdk.internal.jvmstat, jdk.internal.opt, jdk.zipfs, jdk.management.agent, jdk.jdwp.agent, jdk.internal.ed, jdk.internal.le]
00:08.632 ERROR :shared:compileJvm        KotlinBuildToolsApiKt     file:///C:/Users/alexa/IdeaProjects/archiveDesDieuxV1/shared/src/ui/components/CardImage.kt:10:22 Unresolved reference 'compose'.
00:08.634 ERROR :shared:compileJvm        KotlinBuildToolsApiKt     file:///C:/Users/alexa/IdeaProjects/archiveDesDieuxV1/shared/src/ui/components/CardImage.kt:11:22 Unresolved reference 'compose'.
00:08.634 ERROR :shared:compileJvm        KotlinBuildToolsApiKt     file:///C:/Users/alexa/IdeaProjects/archiveDesDieuxV1/shared/src/ui/components/CardImage.kt:16:8 Unresolved reference 'ExperimentalResourceApi'.
00:08.635 ERROR :shared:compileJvm        KotlinBuildToolsApiKt     file:///C:/Users/alexa/IdeaProjects/archiveDesDieuxV1/shared/src/ui/components/CardImage.kt:16:8 Annotation argument must be a compile-time constant.
00:08.635 ERROR :shared:compileJvm        KotlinBuildToolsApiKt     file:///C:/Users/alexa/IdeaProjects/archiveDesDieuxV1/shared/src/ui/components/CardImage.kt:27:9 Try catch is not supported around composable function invocations.
00:08.636 ERROR :shared:compileJvm        KotlinBuildToolsApiKt     file:///C:/Users/alexa/IdeaProjects/archiveDesDieuxV1/shared/src/ui/components/CardImage.kt:29:27 Unresolved reference 'painterResource'.
00:08.649 DEBUG :shared:compileJvm        JvmCompileTask            Kotlin compiler finalization...
