JetBrains Amper version 0.9.1 (7164273, 2025-11-28)
running on Windows 10 10.0 jvm arch amd64

00:03.127 DEBUG :jvm-app:resolveDependenciesJvm ResolveExternalDependenciesTask resolve dependencies jvm-app -- main -- io.coil-kt.coil3:coil-compose:3.0.0-rc01 io.coil-kt.coil3:coil-network-okhttp:3.0.0-rc01 org.jetbrains.compose.components:components-resources:1.7.0 org.jetbrains.compose.desktop:desktop-jvm-windows-x64:1.8.2 org.jetbrains.compose.foundation:foundation:1.8.2 org.jetbrains.compose.material3:material3:1.8.2 org.jetbrains.compose.runtime:runtime:1.8.2 org.jetbrains.kotlin:kotlin-stdlib:2.2.21 -- resolvePlatform=jvm nativeTarget=null wasmTarget=null
00:03.126 DEBUG :shared:resolveDependenciesJvm ResolveExternalDependenciesTask resolve dependencies shared -- common jvm -- io.coil-kt.coil3:coil-compose:3.0.0-rc01 io.coil-kt.coil3:coil-network-okhttp:3.0.0-rc01 org.jetbrains.compose.components:components-resources:1.7.0 org.jetbrains.compose.foundation:foundation:1.8.2 org.jetbrains.compose.material3:material3:1.8.2 org.jetbrains.compose.runtime:runtime:1.8.2 org.jetbrains.kotlin:kotlin-stdlib:2.2.21 -- resolvePlatform=jvm nativeTarget=null wasmTarget=null
00:03.166 DEBUG :artifacts\PreparedComposeResourcesDirArtifact\jvm-appmain IncrementalCache          [inc] Input values don't match recorded state in D:\github\projet_kotlin_ihm\archiveDesDieuxV1\build\incremental.state\_artifacts_PreparedComposeResourcesDirArtifact_jvm-9ac1d932e3 -> rebuilding
  old: {%outputs%=C:\Users\alexa\IdeaProjects\archiveDesDieuxV1\build\artifacts\PreparedComposeResourcesDirArtifact\jvm-appmain}
  new: {%outputs%=D:\github\projet_kotlin_ihm\archiveDesDieuxV1\build\artifacts\PreparedComposeResourcesDirArtifact\jvm-appmain}
00:03.167 DEBUG :generated\shared\common\src\compose\resources\commonResClass IncrementalCache          [inc] Input values don't match recorded state in D:\github\projet_kotlin_ihm\archiveDesDieuxV1\build\incremental.state\_generated_shared_common_src_compose_resources_com-5114195187 -> rebuilding
  old: {%outputs%=C:\Users\alexa\IdeaProjects\archiveDesDieuxV1\build\generated\shared\common\src\compose\resources\commonResClass, makeAccessorsPublic=false, packageName="shared.generated.resources", packagingDir="composeResources/shared.generated.resources/", shouldGenerateCode=false}
  new: {packageName="shared.generated.resources", makeAccessorsPublic=false, packagingDir="composeResources/shared.generated.resources/", shouldGenerateCode=false, %outputs%=D:\github\projet_kotlin_ihm\archiveDesDieuxV1\build\generated\shared\common\src\compose\resources\commonResClass}
00:03.166 DEBUG :generated\jvm-app\main\src\compose\resources\commonResClass IncrementalCache          [inc] Input values don't match recorded state in D:\github\projet_kotlin_ihm\archiveDesDieuxV1\build\incremental.state\_generated_jvm-app_main_src_compose_resources_comm-c32dffecca -> rebuilding
  old: {%outputs%=C:\Users\alexa\IdeaProjects\archiveDesDieuxV1\build\generated\jvm-app\main\src\compose\resources\commonResClass, makeAccessorsPublic=false, packageName="jvm_app.generated.resources", packagingDir="composeResources/jvm_app.generated.resources/", shouldGenerateCode=false}
  new: {packageName="jvm_app.generated.resources", makeAccessorsPublic=false, packagingDir="composeResources/jvm_app.generated.resources/", shouldGenerateCode=false, %outputs%=D:\github\projet_kotlin_ihm\archiveDesDieuxV1\build\generated\jvm-app\main\src\compose\resources\commonResClass}
00:03.167 DEBUG :artifacts\PreparedComposeResourcesDirArtifact\sharedcommon IncrementalCache          [inc] Input values don't match recorded state in D:\github\projet_kotlin_ihm\archiveDesDieuxV1\build\incremental.state\_artifacts_PreparedComposeResourcesDirArtifact_sha-50ec7edc8b -> rebuilding
  old: {%outputs%=C:\Users\alexa\IdeaProjects\archiveDesDieuxV1\build\artifacts\PreparedComposeResourcesDirArtifact\sharedcommon}
  new: {%outputs%=D:\github\projet_kotlin_ihm\archiveDesDieuxV1\build\artifacts\PreparedComposeResourcesDirArtifact\sharedcommon}
00:03.167 DEBUG :generated\shared\common\src\compose\resources\collectors IncrementalCache          [inc] Input values don't match recorded state in D:\github\projet_kotlin_ihm\archiveDesDieuxV1\build\incremental.state\_generated_shared_common_src_compose_resources_col-aa1ba3fdf9 -> rebuilding
  old: {%outputs%=C:\Users\alexa\IdeaProjects\archiveDesDieuxV1\build\generated\shared\common\src\compose\resources\collectors, makeAccessorsPublic=false, packageName="shared.generated.resources", shouldGenerateCode=false}
  new: {packageName="shared.generated.resources", makeAccessorsPublic=false, shouldGenerateCode=false, %outputs%=D:\github\projet_kotlin_ihm\archiveDesDieuxV1\build\generated\shared\common\src\compose\resources\collectors}
00:03.169 DEBUG :generated\shared\common\src\compose\resources\collectors IncrementalCache          [inc] building ':generated\shared\common\src\compose\resources\collectors'
00:03.170 DEBUG :generated\shared\common\src\compose\resources\commonResClass IncrementalCache          [inc] building ':generated\shared\common\src\compose\resources\commonResClass'
00:03.169 DEBUG :artifacts\PreparedComposeResourcesDirArtifact\jvm-appmain IncrementalCache          [inc] building ':artifacts\PreparedComposeResourcesDirArtifact\jvm-appmain'
00:03.170 DEBUG :generated\jvm-app\main\src\compose\resources\commonResClass IncrementalCache          [inc] building ':generated\jvm-app\main\src\compose\resources\commonResClass'
00:03.169 DEBUG :artifacts\PreparedComposeResourcesDirArtifact\sharedcommon IncrementalCache          [inc] building ':artifacts\PreparedComposeResourcesDirArtifact\sharedcommon'
00:03.170 DEBUG :artifacts\PreparedComposeResourcesDirArtifact\sharedjvm IncrementalCache          [inc] Input values don't match recorded state in D:\github\projet_kotlin_ihm\archiveDesDieuxV1\build\incremental.state\_artifacts_PreparedComposeResourcesDirArtifact_sha-33c9b9e89b -> rebuilding
  old: {%outputs%=C:\Users\alexa\IdeaProjects\archiveDesDieuxV1\build\artifacts\PreparedComposeResourcesDirArtifact\sharedjvm}
  new: {%outputs%=D:\github\projet_kotlin_ihm\archiveDesDieuxV1\build\artifacts\PreparedComposeResourcesDirArtifact\sharedjvm}
00:03.171 DEBUG :artifacts\PreparedComposeResourcesDirArtifact\sharedjvm IncrementalCache          [inc] building ':artifacts\PreparedComposeResourcesDirArtifact\sharedjvm'
00:03.172 DEBUG :generated\shared\common\src\compose\resources\collectors IncrementalCache          [inc] finished ':generated\shared\common\src\compose\resources\collectors' in 2.006400ms
00:03.172 DEBUG :generated\shared\common\src\compose\resources\commonResClass IncrementalCache          [inc] finished ':generated\shared\common\src\compose\resources\commonResClass' in 2.138ms
00:03.172 DEBUG :generated\jvm-app\main\src\compose\resources\commonResClass IncrementalCache          [inc] finished ':generated\jvm-app\main\src\compose\resources\commonResClass' in 1.412200ms
00:03.175 DEBUG :artifacts\PreparedComposeResourcesDirArtifact\jvm-appmain IncrementalCache          [inc] finished ':artifacts\PreparedComposeResourcesDirArtifact\jvm-appmain' in 4.573ms
00:03.176 DEBUG :artifacts\PreparedComposeResourcesDirArtifact\sharedjvm IncrementalCache          [inc] finished ':artifacts\PreparedComposeResourcesDirArtifact\sharedjvm' in 5.109ms
00:03.177 DEBUG :artifacts\PreparedComposeResourcesDirArtifact\jvm-appmain IncrementalCache          [inc] ':artifacts\PreparedComposeResourcesDirArtifact\jvm-appmain' changes: 
00:03.178 DEBUG :artifacts\PreparedComposeResourcesDirArtifact\sharedjvm IncrementalCache          [inc] ':artifacts\PreparedComposeResourcesDirArtifact\sharedjvm' changes: 
00:03.179 DEBUG :artifacts\PreparedComposeResourcesDirArtifact\sharedcommon IncrementalCache          [inc] finished ':artifacts\PreparedComposeResourcesDirArtifact\sharedcommon' in 5.720800ms
00:03.181 DEBUG :generated\jvm-app\main\src\compose\resources\commonResClass IncrementalCache          [inc] ':generated\jvm-app\main\src\compose\resources\commonResClass' changes: 
00:03.181 DEBUG :artifacts\PreparedComposeResourcesDirArtifact\sharedcommon IncrementalCache          [inc] ':artifacts\PreparedComposeResourcesDirArtifact\sharedcommon' changes: 
00:03.183 DEBUG :generated\shared\common\src\compose\resources\collectors IncrementalCache          [inc] ':generated\shared\common\src\compose\resources\collectors' changes: 
00:03.186 DEBUG :generated\shared\common\src\compose\resources\commonResClass IncrementalCache          [inc] ':generated\shared\common\src\compose\resources\commonResClass' changes: 
00:03.212 DEBUG :shared:prepareComposeResourcesForJvmCommon IncrementalCache          [inc] Input values don't match recorded state in D:\github\projet_kotlin_ihm\archiveDesDieuxV1\build\incremental.state\_shared_prepareComposeResourcesForJvmCommon-aa65628721 -> rebuilding
  old: {%outputs%=C:\Users\alexa\IdeaProjects\archiveDesDieuxV1\build\artifacts\JvmResourcesDirArtifact\sharedcommon}
  new: {%outputs%=D:\github\projet_kotlin_ihm\archiveDesDieuxV1\build\artifacts\JvmResourcesDirArtifact\sharedcommon}
00:03.212 DEBUG :shared:prepareComposeResourcesForJvmJvm IncrementalCache          [inc] Input values don't match recorded state in D:\github\projet_kotlin_ihm\archiveDesDieuxV1\build\incremental.state\_shared_prepareComposeResourcesForJvmJvm-6b30e9b517 -> rebuilding
  old: {%outputs%=C:\Users\alexa\IdeaProjects\archiveDesDieuxV1\build\artifacts\JvmResourcesDirArtifact\sharedjvm}
  new: {%outputs%=D:\github\projet_kotlin_ihm\archiveDesDieuxV1\build\artifacts\JvmResourcesDirArtifact\sharedjvm}
00:03.212 DEBUG :shared:prepareComposeResourcesForJvmCommon IncrementalCache          [inc] building ':shared:prepareComposeResourcesForJvmCommon'
00:03.212 DEBUG :shared:prepareComposeResourcesForJvmJvm IncrementalCache          [inc] building ':shared:prepareComposeResourcesForJvmJvm'
00:03.213 DEBUG :shared:prepareComposeResourcesForJvmCommon IncrementalCache          [inc] finished ':shared:prepareComposeResourcesForJvmCommon' in 798.1us
00:03.213 DEBUG :shared:prepareComposeResourcesForJvmJvm IncrementalCache          [inc] finished ':shared:prepareComposeResourcesForJvmJvm' in 757us
00:03.214 DEBUG :shared:prepareComposeResourcesForJvmCommon IncrementalCache          [inc] ':shared:prepareComposeResourcesForJvmCommon' changes: 
00:03.214 DEBUG :jvm-app:prepareComposeResourcesForJvmMain IncrementalCache          [inc] Input values don't match recorded state in D:\github\projet_kotlin_ihm\archiveDesDieuxV1\build\incremental.state\_jvm-app_prepareComposeResourcesForJvmMain-98dc0899a4 -> rebuilding
  old: {%outputs%=C:\Users\alexa\IdeaProjects\archiveDesDieuxV1\build\artifacts\JvmResourcesDirArtifact\jvm-appmain}
  new: {%outputs%=D:\github\projet_kotlin_ihm\archiveDesDieuxV1\build\artifacts\JvmResourcesDirArtifact\jvm-appmain}
00:03.215 DEBUG :jvm-app:prepareComposeResourcesForJvmMain IncrementalCache          [inc] building ':jvm-app:prepareComposeResourcesForJvmMain'
00:03.215 DEBUG :jvm-app:prepareComposeResourcesForJvmMain IncrementalCache          [inc] finished ':jvm-app:prepareComposeResourcesForJvmMain' in 685.2us
00:03.218 DEBUG :generated\shared\jvm\src\compose\resources\accessors IncrementalCache          [inc] Input values don't match recorded state in D:\github\projet_kotlin_ihm\archiveDesDieuxV1\build\incremental.state\_generated_shared_jvm_src_compose_resources_access-51ce0e69e2 -> rebuilding
  old: {%outputs%=C:\Users\alexa\IdeaProjects\archiveDesDieuxV1\build\generated\shared\jvm\src\compose\resources\accessors, makeAccessorsPublic=false, packageName="shared.generated.resources", packagingDir="composeResources/shared.generated.resources/"}
  new: {packageName="shared.generated.resources", makeAccessorsPublic=false, packagingDir="composeResources/shared.generated.resources/", %outputs%=D:\github\projet_kotlin_ihm\archiveDesDieuxV1\build\generated\shared\jvm\src\compose\resources\accessors}
00:03.219 DEBUG :generated\shared\jvm\src\compose\resources\accessors IncrementalCache          [inc] building ':generated\shared\jvm\src\compose\resources\accessors'
00:03.220 DEBUG :generated\shared\jvm\src\compose\resources\accessors IncrementalCache          [inc] finished ':generated\shared\jvm\src\compose\resources\accessors' in 1.036300ms
00:03.220 DEBUG :shared:prepareComposeResourcesForJvmJvm IncrementalCache          [inc] ':shared:prepareComposeResourcesForJvmJvm' changes: 
00:03.221 DEBUG :generated\jvm-app\main\src\compose\resources\accessors IncrementalCache          [inc] Input values don't match recorded state in D:\github\projet_kotlin_ihm\archiveDesDieuxV1\build\incremental.state\_generated_jvm-app_main_src_compose_resources_acce-ba8279b2ed -> rebuilding
  old: {%outputs%=C:\Users\alexa\IdeaProjects\archiveDesDieuxV1\build\generated\jvm-app\main\src\compose\resources\accessors, makeAccessorsPublic=false, packageName="jvm_app.generated.resources", packagingDir="composeResources/jvm_app.generated.resources/"}
  new: {packageName="jvm_app.generated.resources", makeAccessorsPublic=false, packagingDir="composeResources/jvm_app.generated.resources/", %outputs%=D:\github\projet_kotlin_ihm\archiveDesDieuxV1\build\generated\jvm-app\main\src\compose\resources\accessors}
00:03.221 DEBUG :generated\jvm-app\main\src\compose\resources\accessors IncrementalCache          [inc] building ':generated\jvm-app\main\src\compose\resources\accessors'
00:03.221 DEBUG :generated\shared\common\src\compose\resources\accessors IncrementalCache          [inc] Input values don't match recorded state in D:\github\projet_kotlin_ihm\archiveDesDieuxV1\build\incremental.state\_generated_shared_common_src_compose_resources_acc-f88cbdba75 -> rebuilding
  old: {%outputs%=C:\Users\alexa\IdeaProjects\archiveDesDieuxV1\build\generated\shared\common\src\compose\resources\accessors, makeAccessorsPublic=false, packageName="shared.generated.resources", packagingDir="composeResources/shared.generated.resources/"}
  new: {packageName="shared.generated.resources", makeAccessorsPublic=false, packagingDir="composeResources/shared.generated.resources/", %outputs%=D:\github\projet_kotlin_ihm\archiveDesDieuxV1\build\generated\shared\common\src\compose\resources\accessors}
00:03.221 DEBUG :generated\shared\common\src\compose\resources\accessors IncrementalCache          [inc] building ':generated\shared\common\src\compose\resources\accessors'
00:03.222 DEBUG :jvm-app:prepareComposeResourcesForJvmMain IncrementalCache          [inc] ':jvm-app:prepareComposeResourcesForJvmMain' changes: 
00:03.222 DEBUG :generated\shared\common\src\compose\resources\accessors IncrementalCache          [inc] finished ':generated\shared\common\src\compose\resources\accessors' in 401.4us
00:03.223 DEBUG :generated\jvm-app\main\src\compose\resources\accessors IncrementalCache          [inc] finished ':generated\jvm-app\main\src\compose\resources\accessors' in 1.484200ms
00:03.223 DEBUG :generated\shared\common\src\compose\resources\accessors IncrementalCache          [inc] ':generated\shared\common\src\compose\resources\accessors' changes: 
00:03.224 DEBUG :generated\jvm-app\main\src\compose\resources\accessors IncrementalCache          [inc] ':generated\jvm-app\main\src\compose\resources\accessors' changes: 
00:03.224 DEBUG :generated\shared\jvm\src\compose\resources\accessors IncrementalCache          [inc] ':generated\shared\jvm\src\compose\resources\accessors' changes: 
00:03.244 DEBUG :generated\jvm-app\main\src\compose\resources\collectors IncrementalCache          [inc] Input values don't match recorded state in D:\github\projet_kotlin_ihm\archiveDesDieuxV1\build\incremental.state\_generated_jvm-app_main_src_compose_resources_coll-a2b5300403 -> rebuilding
  old: {%outputs%=C:\Users\alexa\IdeaProjects\archiveDesDieuxV1\build\generated\jvm-app\main\src\compose\resources\collectors, makeAccessorsPublic=false, packageName="jvm_app.generated.resources", shouldGenerateCode=false, useActualModifier=false}
  new: {packageName="jvm_app.generated.resources", makeAccessorsPublic=false, useActualModifier=false, shouldGenerateCode=false, %outputs%=D:\github\projet_kotlin_ihm\archiveDesDieuxV1\build\generated\jvm-app\main\src\compose\resources\collectors}
00:03.244 DEBUG :generated\jvm-app\main\src\compose\resources\collectors IncrementalCache          [inc] building ':generated\jvm-app\main\src\compose\resources\collectors'
00:03.244 DEBUG :generated\shared\jvm\src\compose\resources\collectors IncrementalCache          [inc] Input values don't match recorded state in D:\github\projet_kotlin_ihm\archiveDesDieuxV1\build\incremental.state\_generated_shared_jvm_src_compose_resources_collec-ecdf45b238 -> rebuilding
  old: {%outputs%=C:\Users\alexa\IdeaProjects\archiveDesDieuxV1\build\generated\shared\jvm\src\compose\resources\collectors, makeAccessorsPublic=false, packageName="shared.generated.resources", shouldGenerateCode=false, useActualModifier=true}
  new: {packageName="shared.generated.resources", makeAccessorsPublic=false, useActualModifier=true, shouldGenerateCode=false, %outputs%=D:\github\projet_kotlin_ihm\archiveDesDieuxV1\build\generated\shared\jvm\src\compose\resources\collectors}
00:03.245 DEBUG :generated\shared\jvm\src\compose\resources\collectors IncrementalCache          [inc] building ':generated\shared\jvm\src\compose\resources\collectors'
00:03.245 DEBUG :generated\jvm-app\main\src\compose\resources\collectors IncrementalCache          [inc] finished ':generated\jvm-app\main\src\compose\resources\collectors' in 626.3us
00:03.245 DEBUG :generated\shared\jvm\src\compose\resources\collectors IncrementalCache          [inc] finished ':generated\shared\jvm\src\compose\resources\collectors' in 333us
00:03.246 DEBUG :generated\jvm-app\main\src\compose\resources\collectors IncrementalCache          [inc] ':generated\jvm-app\main\src\compose\resources\collectors' changes: 
00:03.246 DEBUG :generated\shared\jvm\src\compose\resources\collectors IncrementalCache          [inc] ':generated\shared\jvm\src\compose\resources\collectors' changes: 
00:03.292 DEBUG :shared:resolveDependenciesJvm IncrementalCache          [inc] up-to-date according to state file at 'D:\github\projet_kotlin_ihm\archiveDesDieuxV1\build\incremental.state\_shared_resolveDependenciesJvm-8eb09983c0' in 54.122500ms
00:03.292 DEBUG :jvm-app:resolveDependenciesJvm IncrementalCache          [inc] up-to-date according to state file at 'D:\github\projet_kotlin_ihm\archiveDesDieuxV1\build\incremental.state\_jvm-app_resolveDependenciesJvm-031f37dcb2' in 110.421600ms
00:03.292 DEBUG :jvm-app:resolveDependenciesJvm IncrementalCache          [inc] ':jvm-app:resolveDependenciesJvm' is up-to-date
00:03.292 DEBUG :shared:resolveDependenciesJvm IncrementalCache          [inc] ':shared:resolveDependenciesJvm' is up-to-date
00:03.299 DEBUG :shared:resolveDependenciesJvm ResolveExternalDependenciesTask resolve dependencies shared -- common jvm -- io.coil-kt.coil3:coil-compose:3.0.0-rc01 io.coil-kt.coil3:coil-network-okhttp:3.0.0-rc01 org.jetbrains.compose.components:components-resources:1.7.0 org.jetbrains.compose.foundation:foundation:1.8.2 org.jetbrains.compose.material3:material3:1.8.2 org.jetbrains.compose.runtime:runtime:1.8.2 org.jetbrains.kotlin:kotlin-stdlib:2.2.21 -- resolvePlatform=JVM nativeTarget=null
wasmTarget=null
https://repo1.maven.org/maven2 https://maven.google.com https://maven.pkg.jetbrains.space/public/p/compose/dev resolved to:
  .m2.cache\org\jetbrains\kotlin\kotlin-stdlib\2.2.21\kotlin-stdlib-2.2.21.jar
  .m2.cache\org\jetbrains\compose\foundation\foundation-desktop\1.8.2\foundation-desktop-1.8.2.jar
  .m2.cache\org\jetbrains\compose\material3\material3-desktop\1.8.2\material3-desktop-1.8.2.jar
  .m2.cache\org\jetbrains\compose\components\components-resources-desktop\1.7.0\components-resources-desktop-1.7.0.jar
  .m2.cache\io\coil-kt\coil3\coil-compose-jvm\3.0.0-rc01\coil-compose-jvm-3.0.0-rc01.jar
  .m2.cache\io\coil-kt\coil3\coil-network-okhttp-jvm\3.0.0-rc01\coil-network-okhttp-jvm-3.0.0-rc01.jar
  .m2.cache\org\jetbrains\annotations\23.0.0\annotations-23.0.0.jar
  .m2.cache\org\jetbrains\compose\runtime\runtime-desktop\1.8.2\runtime-desktop-1.8.2.jar
  .m2.cache\com\squareup\okhttp3\okhttp\4.12.0\okhttp-4.12.0.jar
  .m2.cache\org\jetbrains\compose\animation\animation-desktop\1.8.2\animation-desktop-1.8.2.jar
  .m2.cache\org\jetbrains\compose\ui\ui-desktop\1.8.2\ui-desktop-1.8.2.jar
  .m2.cache\org\jetbrains\skiko\skiko-awt\0.9.4.2\skiko-awt-0.9.4.2.jar
  .m2.cache\org\jetbrains\compose\material\material-ripple-desktop\1.8.2\material-ripple-desktop-1.8.2.jar
  .m2.cache\org\jetbrains\compose\ui\ui-graphics-desktop\1.8.2\ui-graphics-desktop-1.8.2.jar
  .m2.cache\org\jetbrains\compose\ui\ui-text-desktop\1.8.2\ui-text-desktop-1.8.2.jar
  .m2.cache\io\coil-kt\coil3\coil-jvm\3.0.0-rc01\coil-jvm-3.0.0-rc01.jar
  .m2.cache\io\coil-kt\coil3\coil-compose-core-jvm\3.0.0-rc01\coil-compose-core-jvm-3.0.0-rc01.jar
  .m2.cache\io\coil-kt\coil3\coil-core-jvm\3.0.0-rc01\coil-core-jvm-3.0.0-rc01.jar
  .m2.cache\io\coil-kt\coil3\coil-network-core-jvm\3.0.0-rc01\coil-network-core-jvm-3.0.0-rc01.jar
  .m2.cache\org\jetbrains\kotlin\kotlin-stdlib-jdk8\2.1.21\kotlin-stdlib-jdk8-2.1.21.jar
  .m2.cache\org\jetbrains\kotlinx\kotlinx-coroutines-core-jvm\1.9.0\kotlinx-coroutines-core-jvm-1.9.0.jar
  .m2.cache\com\squareup\okio\okio-jvm\3.9.1\okio-jvm-3.9.1.jar
  .m2.cache\org\jetbrains\kotlin\kotlin-stdlib-jdk7\2.1.21\kotlin-stdlib-jdk7-2.1.21.jar
  .m2.cache\org\jetbrains\compose\animation\animation-core-desktop\1.8.2\animation-core-desktop-1.8.2.jar
  .m2.cache\org\jetbrains\compose\foundation\foundation-layout-desktop\1.8.2\foundation-layout-desktop-1.8.2.jar
  .m2.cache\org\jetbrains\compose\ui\ui-geometry-desktop\1.8.2\ui-geometry-desktop-1.8.2.jar
  .m2.cache\org\jetbrains\compose\runtime\runtime-saveable-desktop\1.8.2\runtime-saveable-desktop-1.8.2.jar
  .m2.cache\org\jetbrains\compose\ui\ui-unit-desktop\1.8.2\ui-unit-desktop-1.8.2.jar
  .m2.cache\org\jetbrains\compose\ui\ui-util-desktop\1.8.2\ui-util-desktop-1.8.2.jar
  .m2.cache\androidx\lifecycle\lifecycle-common-jvm\2.8.5\lifecycle-common-jvm-2.8.5.jar
  .m2.cache\androidx\annotation\annotation-jvm\1.9.1\annotation-jvm-1.9.1.jar
00:03.299 DEBUG :jvm-app:resolveDependenciesJvm ResolveExternalDependenciesTask resolve dependencies jvm-app -- main -- io.coil-kt.coil3:coil-compose:3.0.0-rc01 io.coil-kt.coil3:coil-network-okhttp:3.0.0-rc01 org.jetbrains.compose.components:components-resources:1.7.0 org.jetbrains.compose.desktop:desktop-jvm-windows-x64:1.8.2 org.jetbrains.compose.foundation:foundation:1.8.2 org.jetbrains.compose.material3:material3:1.8.2 org.jetbrains.compose.runtime:runtime:1.8.2 org.jetbrains.kotlin:kotlin-stdlib:2.2.21 -- resolvePlatform=JVM nativeTarget=null
wasmTarget=null
https://repo1.maven.org/maven2 https://maven.google.com https://maven.pkg.jetbrains.space/public/p/compose/dev resolved to:
  .m2.cache\org\jetbrains\kotlin\kotlin-stdlib\2.2.21\kotlin-stdlib-2.2.21.jar
  .m2.cache\org\jetbrains\annotations\23.0.0\annotations-23.0.0.jar
  .m2.cache\org\jetbrains\compose\runtime\runtime-desktop\1.8.2\runtime-desktop-1.8.2.jar
  .m2.cache\org\jetbrains\compose\foundation\foundation-desktop\1.8.2\foundation-desktop-1.8.2.jar
  .m2.cache\org\jetbrains\compose\material3\material3-desktop\1.8.2\material3-desktop-1.8.2.jar
  .m2.cache\org\jetbrains\compose\components\components-resources-desktop\1.7.0\components-resources-desktop-1.7.0.jar
  .m2.cache\io\coil-kt\coil3\coil-compose-jvm\3.0.0-rc01\coil-compose-jvm-3.0.0-rc01.jar
  .m2.cache\io\coil-kt\coil3\coil-network-okhttp-jvm\3.0.0-rc01\coil-network-okhttp-jvm-3.0.0-rc01.jar
  .m2.cache\org\jetbrains\compose\desktop\desktop-jvm\1.8.2\desktop-jvm-1.8.2.jar
  .m2.cache\com\squareup\okhttp3\okhttp\4.12.0\okhttp-4.12.0.jar
  .m2.cache\org\jetbrains\kotlinx\kotlinx-coroutines-core-jvm\1.9.0\kotlinx-coroutines-core-jvm-1.9.0.jar
  .m2.cache\org\jetbrains\compose\animation\animation-desktop\1.8.2\animation-desktop-1.8.2.jar
  .m2.cache\org\jetbrains\compose\ui\ui-desktop\1.8.2\ui-desktop-1.8.2.jar
  .m2.cache\org\jetbrains\skiko\skiko-awt\0.9.4.2\skiko-awt-0.9.4.2.jar
  .m2.cache\org\jetbrains\compose\material\material-ripple-desktop\1.8.2\material-ripple-desktop-1.8.2.jar
  .m2.cache\org\jetbrains\compose\ui\ui-graphics-desktop\1.8.2\ui-graphics-desktop-1.8.2.jar
  .m2.cache\org\jetbrains\compose\ui\ui-text-desktop\1.8.2\ui-text-desktop-1.8.2.jar
  .m2.cache\io\coil-kt\coil3\coil-jvm\3.0.0-rc01\coil-jvm-3.0.0-rc01.jar
  .m2.cache\io\coil-kt\coil3\coil-compose-core-jvm\3.0.0-rc01\coil-compose-core-jvm-3.0.0-rc01.jar
  .m2.cache\io\coil-kt\coil3\coil-core-jvm\3.0.0-rc01\coil-core-jvm-3.0.0-rc01.jar
  .m2.cache\io\coil-kt\coil3\coil-network-core-jvm\3.0.0-rc01\coil-network-core-jvm-3.0.0-rc01.jar
  .m2.cache\org\jetbrains\kotlin\kotlin-stdlib-jdk8\2.1.21\kotlin-stdlib-jdk8-2.1.21.jar
  .m2.cache\org\jetbrains\compose\material\material-desktop\1.8.2\material-desktop-1.8.2.jar
  .m2.cache\org\jetbrains\compose\ui\ui-tooling-preview-desktop\1.8.2\ui-tooling-preview-desktop-1.8.2.jar
  .m2.cache\com\squareup\okio\okio-jvm\3.9.1\okio-jvm-3.9.1.jar
  .m2.cache\org\jetbrains\kotlin\kotlin-stdlib-jdk7\2.1.21\kotlin-stdlib-jdk7-2.1.21.jar
  .m2.cache\org\jetbrains\compose\animation\animation-core-desktop\1.8.2\animation-core-desktop-1.8.2.jar
  .m2.cache\org\jetbrains\compose\foundation\foundation-layout-desktop\1.8.2\foundation-layout-desktop-1.8.2.jar
  .m2.cache\org\jetbrains\compose\ui\ui-geometry-desktop\1.8.2\ui-geometry-desktop-1.8.2.jar
  .m2.cache\org\jetbrains\compose\runtime\runtime-saveable-desktop\1.8.2\runtime-saveable-desktop-1.8.2.jar
  .m2.cache\org\jetbrains\compose\ui\ui-unit-desktop\1.8.2\ui-unit-desktop-1.8.2.jar
  .m2.cache\org\jetbrains\compose\ui\ui-util-desktop\1.8.2\ui-util-desktop-1.8.2.jar
  .m2.cache\androidx\lifecycle\lifecycle-common-jvm\2.8.5\lifecycle-common-jvm-2.8.5.jar
  .m2.cache\androidx\annotation\annotation-jvm\1.9.1\annotation-jvm-1.9.1.jar
00:03.300 DEBUG :shared:compileJvm        JvmCompileTask            compile shared -- common jvm
00:03.462 DEBUG :shared:compileJvm        ExtractKt                 Skipping extract to C:\Users\alexa\AppData\Local\JetBrains\Amper\extract.cache\5de2c13edf-amazon-corretto-21.0.1.12.1-windows-x64-jdk.zip.181531.d since flag file C:\Users\alexa\AppData\Local\JetBrains\Amper\extract.cache\5de2c13edf-amazon-corretto-21.0.1.12.1-windows-x64-jdk.zip.181531.d.flag is correct
00:03.502 DEBUG :shared:compileJvm        IncrementalCache          [inc] Input values don't match recorded state in D:\github\projet_kotlin_ihm\archiveDesDieuxV1\build\incremental.state\_shared_compileJvm-b216d3f992 -> rebuilding
  old: {java.annotation.processor.generated.dir=C:\Users\alexa\IdeaProjects\archiveDesDieuxV1\build\generated\shared\jvm\src\apt\java, jdk.home=C:\Users\alexa\AppData\Local\JetBrains\Amper\extract.cache\5de2c13edf-amazon-corretto-21.0.1.12.1-windows-x64-jdk.zip.181531.d, jdk.version=21.0.1.12.1, target.platforms=ANDROID, IOS_ARM64, IOS_SIMULATOR_ARM64, IOS_X64, JVM, task.output.root=C:\Users\alexa\IdeaProjects\archiveDesDieuxV1\build\artifacts\CompiledJvmClassesArtifact\sharedjvm, user.settings={"kotlin":{"compilerVersion":"2.2.21","languageVersion":null,"apiVersion":null,"allWarningsAsErrors":false,"suppressWarnings":false,"debug":null,"optimization":null,"verbose":false,"progressiveMode":false,"linkerOptions":[],"languageFeatures":[],"optIns":[],"storeJavaParameterNames":false,"freeCompilerArgs":[],"compilerPlugins":[{"id":"androidx.compose.compiler.plugins.kotlin","options":[{"name":"generateFunctionKeyMetaAnnotations","value":"true"},{"name":"sourceInformation","value":"true"}],"coordinates":{"groupId":"org.jetbrains.kotlin","artifactId":"kotlin-compose-compiler-plugin-embeddable","version":"2.2.21"}}]},"jvmRelease":21,"java":{"freeCompilerArgs":[],"annotationProcessorOptions":{},"compileIncrementally":false}}}
  new: {jdk.version=21.0.1.12.1, jdk.home=C:\Users\alexa\AppData\Local\JetBrains\Amper\extract.cache\5de2c13edf-amazon-corretto-21.0.1.12.1-windows-x64-jdk.zip.181531.d, user.settings={"kotlin":{"compilerVersion":"2.2.21","languageVersion":null,"apiVersion":null,"allWarningsAsErrors":false,"suppressWarnings":false,"debug":null,"optimization":null,"verbose":false,"progressiveMode":false,"linkerOptions":[],"languageFeatures":[],"optIns":[],"storeJavaParameterNames":false,"freeCompilerArgs":[],"compilerPlugins":[{"id":"androidx.compose.compiler.plugins.kotlin","options":[{"name":"generateFunctionKeyMetaAnnotations","value":"true"},{"name":"sourceInformation","value":"true"}],"coordinates":{"groupId":"org.jetbrains.kotlin","artifactId":"kotlin-compose-compiler-plugin-embeddable","version":"2.2.21"}}]},"jvmRelease":21,"java":{"freeCompilerArgs":[],"annotationProcessorOptions":{},"compileIncrementally":false}}, task.output.root=D:\github\projet_kotlin_ihm\archiveDesDieuxV1\build\artifacts\CompiledJvmClassesArtifact\sharedjvm, target.platforms=ANDROID, IOS_ARM64, IOS_SIMULATOR_ARM64, IOS_X64, JVM, java.annotation.processor.generated.dir=D:\github\projet_kotlin_ihm\archiveDesDieuxV1\build\generated\shared\jvm\src\apt\java}
00:03.503 DEBUG :shared:compileJvm        IncrementalCache          [inc] building ':shared:compileJvm'
00:03.620 DEBUG :shared:compileJvm        IncrementalCache          [inc] up-to-date according to state file at 'D:\github\projet_kotlin_ihm\archiveDesDieuxV1\build\incremental.state\resolve-org.jetbrains.kotlin-kotlin-build-tools-im-439d3d0dbf' in 11.743300ms
00:03.620 DEBUG :shared:compileJvm        IncrementalCache          [inc] 'resolve-org.jetbrains.kotlin-kotlin-build-tools-impl-2.2.21' is up-to-date
00:04.800 DEBUG :shared:compileJvm        IncrementalCache          [inc] up-to-date according to state file at 'D:\github\projet_kotlin_ihm\archiveDesDieuxV1\build\incremental.state\resolve-org.jetbrains.kotlin-kotlin-compose-compil-038c518465' in 1.286700ms
00:04.800 DEBUG :shared:compileJvm        IncrementalCache          [inc] 'resolve-org.jetbrains.kotlin-kotlin-compose-compiler-plugin-embeddable-2.2.21' is up-to-date
00:04.809 INFO  :shared:compileJvm        JvmCompileTask            Compiling module 'shared' for platform 'jvm'...
00:04.815 DEBUG :shared:compileJvm        KotlinBuildToolsApiKt     Compiling using the in-process strategy
00:05.008 DEBUG :shared:compileJvm        KotlinBuildToolsApiKt     Using Kotlin home directory <no_path>
00:05.061 DEBUG :shared:compileJvm        KotlinBuildToolsApiKt     Configuring the compilation environment
00:05.219 DEBUG :shared:compileJvm        KotlinBuildToolsApiKt     Using JDK home directory C:\Users\alexa\AppData\Local\JetBrains\Amper\extract.cache\5de2c13edf-amazon-corretto-21.0.1.12.1-windows-x64-jdk.zip.181531.d
00:07.199 DEBUG :shared:compileJvm        KotlinBuildToolsApiKt     Loading modules: [java.se, jdk.accessibility, jdk.attach, jdk.compiler, jdk.dynalink, jdk.httpserver, jdk.incubator.vector, jdk.jartool, jdk.javadoc, jdk.jconsole, jdk.jdi, jdk.jfr, jdk.jshell, jdk.jsobject, jdk.management, jdk.management.jfr, jdk.net, jdk.nio.mapmode, jdk.sctp, jdk.security.auth, jdk.security.jgss, jdk.unsupported, jdk.unsupported.desktop, jdk.xml.dom, java.base, java.compiler, java.datatransfer, java.desktop, java.xml, java.instrument, java.logging, java.management, java.management.rmi, java.rmi, java.naming, java.net.http, java.prefs, java.scripting, java.security.jgss, java.security.sasl, java.sql, java.transaction.xa, java.sql.rowset, java.xml.crypto, jdk.internal.jvmstat, jdk.internal.opt, jdk.zipfs, jdk.management.agent, jdk.jdwp.agent, jdk.internal.ed, jdk.internal.le]
00:13.553 ERROR :shared:compileJvm        KotlinBuildToolsApiKt     file:///D:/github/projet_kotlin_ihm/archiveDesDieuxV1/shared/src/ui/effects/HolographicEffects.kt:177:71 Unresolved reference 'h'.
00:13.556 ERROR :shared:compileJvm        KotlinBuildToolsApiKt     file:///D:/github/projet_kotlin_ihm/archiveDesDieuxV1/shared/src/ui/effects/HolographicEffects.kt:181:30 Unresolved reference 'w'.
00:13.557 ERROR :shared:compileJvm        KotlinBuildToolsApiKt     file:///D:/github/projet_kotlin_ihm/archiveDesDieuxV1/shared/src/ui/effects/HolographicEffects.kt:196:31 Unresolved reference 'sp'.
00:13.559 ERROR :shared:compileJvm        KotlinBuildToolsApiKt     file:///D:/github/projet_kotlin_ihm/archiveDesDieuxV1/shared/src/ui/effects/HolographicEffects.kt:202:31 Unresolved reference 'sp'.
00:13.575 DEBUG :shared:compileJvm        JvmCompileTask            Kotlin compiler finalization...
