JetBrains Amper version 0.9.1 (7164273, 2025-11-28)
running on Windows 10 10.0 jvm arch amd64

00:03.264 INFO  :shared:compileJvm        JvmCompileTask            Compiling module 'shared' for platform 'jvm'...
00:10.490 ERROR :shared:compileJvm        KotlinBuildToolsApiKt     file:///D:/github/projet_kotlin_ihm/archiveDesDieuxV1/shared/src/ui/collection/CollectionScreen.kt:327:17 Syntax error: Expecting a top level declaration.
00:10.493 ERROR :shared:compileJvm        KotlinBuildToolsApiKt     file:///D:/github/projet_kotlin_ihm/archiveDesDieuxV1/shared/src/ui/collection/CollectionScreen.kt:327:22 Syntax error: Expecting a top level declaration.
00:10.495 ERROR :shared:compileJvm        KotlinBuildToolsApiKt     file:///D:/github/projet_kotlin_ihm/archiveDesDieuxV1/shared/src/ui/collection/CollectionScreen.kt:327:24 Syntax error: Expecting a top level declaration.
00:10.496 ERROR :shared:compileJvm        KotlinBuildToolsApiKt     file:///D:/github/projet_kotlin_ihm/archiveDesDieuxV1/shared/src/ui/collection/CollectionScreen.kt:327:31 Syntax error: Expecting a top level declaration.
00:10.498 ERROR :shared:compileJvm        KotlinBuildToolsApiKt     file:///D:/github/projet_kotlin_ihm/archiveDesDieuxV1/shared/src/ui/collection/CollectionScreen.kt:327:33 Syntax error: Expecting a top level declaration.
00:10.499 ERROR :shared:compileJvm        KotlinBuildToolsApiKt     file:///D:/github/projet_kotlin_ihm/archiveDesDieuxV1/shared/src/ui/collection/CollectionScreen.kt:328:13 Syntax error: Expecting a top level declaration.
00:10.501 ERROR :shared:compileJvm        KotlinBuildToolsApiKt     file:///D:/github/projet_kotlin_ihm/archiveDesDieuxV1/shared/src/ui/collection/CollectionScreen.kt:328:14 Syntax error: Expecting a top level declaration.
00:10.502 ERROR :shared:compileJvm        KotlinBuildToolsApiKt     file:///D:/github/projet_kotlin_ihm/archiveDesDieuxV1/shared/src/ui/collection/CollectionScreen.kt:329:13 Syntax error: Expecting a top level declaration.
00:10.503 ERROR :shared:compileJvm        KotlinBuildToolsApiKt     file:///D:/github/projet_kotlin_ihm/archiveDesDieuxV1/shared/src/ui/collection/CollectionScreen.kt:329:21 Syntax error: Expecting a top level declaration.
00:10.504 ERROR :shared:compileJvm        KotlinBuildToolsApiKt     file:///D:/github/projet_kotlin_ihm/archiveDesDieuxV1/shared/src/ui/collection/CollectionScreen.kt:329:23 Syntax error: Expecting a top level declaration.
00:10.505 ERROR :shared:compileJvm        KotlinBuildToolsApiKt     file:///D:/github/projet_kotlin_ihm/archiveDesDieuxV1/shared/src/ui/collection/CollectionScreen.kt:329:29 Syntax error: Expecting a top level declaration.
00:10.506 ERROR :shared:compileJvm        KotlinBuildToolsApiKt     file:///D:/github/projet_kotlin_ihm/archiveDesDieuxV1/shared/src/ui/collection/CollectionScreen.kt:329:30 Syntax error: Expecting a top level declaration.
00:10.507 ERROR :shared:compileJvm        KotlinBuildToolsApiKt     file:///D:/github/projet_kotlin_ihm/archiveDesDieuxV1/shared/src/ui/collection/CollectionScreen.kt:329:32 Syntax error: Expecting a top level declaration.
00:10.508 ERROR :shared:compileJvm        KotlinBuildToolsApiKt     file:///D:/github/projet_kotlin_ihm/archiveDesDieuxV1/shared/src/ui/collection/CollectionScreen.kt:329:34 Syntax error: Expecting a top level declaration.
00:10.512 ERROR :shared:compileJvm        KotlinBuildToolsApiKt     file:///D:/github/projet_kotlin_ihm/archiveDesDieuxV1/shared/src/ui/collection/CollectionScreen.kt:329:40 Syntax error: Expecting a top level declaration.
00:10.513 ERROR :shared:compileJvm        KotlinBuildToolsApiKt     file:///D:/github/projet_kotlin_ihm/archiveDesDieuxV1/shared/src/ui/collection/CollectionScreen.kt:329:41 Syntax error: Expecting a top level declaration.
00:10.514 ERROR :shared:compileJvm        KotlinBuildToolsApiKt     file:///D:/github/projet_kotlin_ihm/archiveDesDieuxV1/shared/src/ui/collection/CollectionScreen.kt:330:13 Syntax error: Expecting a top level declaration.
00:10.515 ERROR :shared:compileJvm        KotlinBuildToolsApiKt     file:///D:/github/projet_kotlin_ihm/archiveDesDieuxV1/shared/src/ui/collection/CollectionScreen.kt:330:18 Syntax error: Expecting a top level declaration.
00:10.516 ERROR :shared:compileJvm        KotlinBuildToolsApiKt     file:///D:/github/projet_kotlin_ihm/archiveDesDieuxV1/shared/src/ui/collection/CollectionScreen.kt:330:20 Syntax error: Expecting a top level declaration.
00:10.518 ERROR :shared:compileJvm        KotlinBuildToolsApiKt     file:///D:/github/projet_kotlin_ihm/archiveDesDieuxV1/shared/src/ui/collection/CollectionScreen.kt:330:28 Syntax error: Expecting a top level declaration.
00:10.519 ERROR :shared:compileJvm        KotlinBuildToolsApiKt     file:///D:/github/projet_kotlin_ihm/archiveDesDieuxV1/shared/src/ui/collection/CollectionScreen.kt:330:29 Syntax error: Expecting a top level declaration.
00:10.520 ERROR :shared:compileJvm        KotlinBuildToolsApiKt     file:///D:/github/projet_kotlin_ihm/archiveDesDieuxV1/shared/src/ui/collection/CollectionScreen.kt:330:36 Syntax error: Expecting a top level declaration.
00:10.521 ERROR :shared:compileJvm        KotlinBuildToolsApiKt     file:///D:/github/projet_kotlin_ihm/archiveDesDieuxV1/shared/src/ui/collection/CollectionScreen.kt:330:37 Syntax error: Expecting a top level declaration.
00:10.522 ERROR :shared:compileJvm        KotlinBuildToolsApiKt     file:///D:/github/projet_kotlin_ihm/archiveDesDieuxV1/shared/src/ui/collection/CollectionScreen.kt:330:39 Syntax error: Expecting a top level declaration.
00:10.523 ERROR :shared:compileJvm        KotlinBuildToolsApiKt     file:///D:/github/projet_kotlin_ihm/archiveDesDieuxV1/shared/src/ui/collection/CollectionScreen.kt:330:40 Syntax error: Expecting a top level declaration.
00:10.526 ERROR :shared:compileJvm        KotlinBuildToolsApiKt     file:///D:/github/projet_kotlin_ihm/archiveDesDieuxV1/shared/src/ui/collection/CollectionScreen.kt:330:48 Syntax error: Expecting a top level declaration.
00:10.528 ERROR :shared:compileJvm        KotlinBuildToolsApiKt     file:///D:/github/projet_kotlin_ihm/archiveDesDieuxV1/shared/src/ui/collection/CollectionScreen.kt:330:49 Syntax error: Expecting a top level declaration.
00:10.529 ERROR :shared:compileJvm        KotlinBuildToolsApiKt     file:///D:/github/projet_kotlin_ihm/archiveDesDieuxV1/shared/src/ui/collection/CollectionScreen.kt:330:53 Syntax error: Expecting a top level declaration.
00:10.529 ERROR :shared:compileJvm        KotlinBuildToolsApiKt     file:///D:/github/projet_kotlin_ihm/archiveDesDieuxV1/shared/src/ui/collection/CollectionScreen.kt:330:54 Syntax error: Expecting a top level declaration.
00:10.530 ERROR :shared:compileJvm        KotlinBuildToolsApiKt     file:///D:/github/projet_kotlin_ihm/archiveDesDieuxV1/shared/src/ui/collection/CollectionScreen.kt:330:58 Syntax error: Expecting a top level declaration.
00:10.531 ERROR :shared:compileJvm        KotlinBuildToolsApiKt     file:///D:/github/projet_kotlin_ihm/archiveDesDieuxV1/shared/src/ui/collection/CollectionScreen.kt:330:59 Syntax error: Expecting a top level declaration.
00:10.532 ERROR :shared:compileJvm        KotlinBuildToolsApiKt     file:///D:/github/projet_kotlin_ihm/archiveDesDieuxV1/shared/src/ui/collection/CollectionScreen.kt:330:64 Syntax error: Expecting a top level declaration.
00:10.532 ERROR :shared:compileJvm        KotlinBuildToolsApiKt     file:///D:/github/projet_kotlin_ihm/archiveDesDieuxV1/shared/src/ui/collection/CollectionScreen.kt:330:66 Syntax error: Expecting a top level declaration.
00:10.533 ERROR :shared:compileJvm        KotlinBuildToolsApiKt     file:///D:/github/projet_kotlin_ihm/archiveDesDieuxV1/shared/src/ui/collection/CollectionScreen.kt:330:75 Syntax error: Expecting a top level declaration.
00:10.534 ERROR :shared:compileJvm        KotlinBuildToolsApiKt     file:///D:/github/projet_kotlin_ihm/archiveDesDieuxV1/shared/src/ui/collection/CollectionScreen.kt:331:9 Syntax error: Expecting a top level declaration.
00:10.535 ERROR :shared:compileJvm        KotlinBuildToolsApiKt     file:///D:/github/projet_kotlin_ihm/archiveDesDieuxV1/shared/src/ui/collection/CollectionScreen.kt:333:9 Syntax error: Expecting a top level declaration.
00:10.536 ERROR :shared:compileJvm        KotlinBuildToolsApiKt     file:///D:/github/projet_kotlin_ihm/archiveDesDieuxV1/shared/src/ui/collection/CollectionScreen.kt:333:17 Syntax error: Expecting a top level declaration.
00:10.537 ERROR :shared:compileJvm        KotlinBuildToolsApiKt     file:///D:/github/projet_kotlin_ihm/archiveDesDieuxV1/shared/src/ui/collection/CollectionScreen.kt:334:13 Syntax error: Expecting a top level declaration.
00:10.538 ERROR :shared:compileJvm        KotlinBuildToolsApiKt     file:///D:/github/projet_kotlin_ihm/archiveDesDieuxV1/shared/src/ui/collection/CollectionScreen.kt:334:19 Syntax error: Expecting a top level declaration.
00:10.539 ERROR :shared:compileJvm        KotlinBuildToolsApiKt     file:///D:/github/projet_kotlin_ihm/archiveDesDieuxV1/shared/src/ui/collection/CollectionScreen.kt:334:21 Syntax error: Expecting a top level declaration.
00:10.542 ERROR :shared:compileJvm        KotlinBuildToolsApiKt     file:///D:/github/projet_kotlin_ihm/archiveDesDieuxV1/shared/src/ui/collection/CollectionScreen.kt:334:26 Syntax error: Expecting a top level declaration.
00:10.544 ERROR :shared:compileJvm        KotlinBuildToolsApiKt     file:///D:/github/projet_kotlin_ihm/archiveDesDieuxV1/shared/src/ui/collection/CollectionScreen.kt:334:27 Syntax error: Expecting a top level declaration.
00:10.544 ERROR :shared:compileJvm        KotlinBuildToolsApiKt     file:///D:/github/projet_kotlin_ihm/archiveDesDieuxV1/shared/src/ui/collection/CollectionScreen.kt:334:37 Syntax error: Expecting a top level declaration.
00:10.545 ERROR :shared:compileJvm        KotlinBuildToolsApiKt     file:///D:/github/projet_kotlin_ihm/archiveDesDieuxV1/shared/src/ui/collection/CollectionScreen.kt:334:38 Syntax error: Expecting a top level declaration.
00:10.546 ERROR :shared:compileJvm        KotlinBuildToolsApiKt     file:///D:/github/projet_kotlin_ihm/archiveDesDieuxV1/shared/src/ui/collection/CollectionScreen.kt:335:13 Syntax error: Expecting a top level declaration.
00:10.547 ERROR :shared:compileJvm        KotlinBuildToolsApiKt     file:///D:/github/projet_kotlin_ihm/archiveDesDieuxV1/shared/src/ui/collection/CollectionScreen.kt:335:21 Syntax error: Expecting a top level declaration.
00:10.547 ERROR :shared:compileJvm        KotlinBuildToolsApiKt     file:///D:/github/projet_kotlin_ihm/archiveDesDieuxV1/shared/src/ui/collection/CollectionScreen.kt:335:23 Syntax error: Expecting a top level declaration.
00:10.549 ERROR :shared:compileJvm        KotlinBuildToolsApiKt     file:///D:/github/projet_kotlin_ihm/archiveDesDieuxV1/shared/src/ui/collection/CollectionScreen.kt:335:29 Syntax error: Expecting a top level declaration.
00:10.550 ERROR :shared:compileJvm        KotlinBuildToolsApiKt     file:///D:/github/projet_kotlin_ihm/archiveDesDieuxV1/shared/src/ui/collection/CollectionScreen.kt:335:30 Syntax error: Expecting a top level declaration.
00:10.551 ERROR :shared:compileJvm        KotlinBuildToolsApiKt     file:///D:/github/projet_kotlin_ihm/archiveDesDieuxV1/shared/src/ui/collection/CollectionScreen.kt:335:32 Syntax error: Expecting a top level declaration.
00:10.552 ERROR :shared:compileJvm        KotlinBuildToolsApiKt     file:///D:/github/projet_kotlin_ihm/archiveDesDieuxV1/shared/src/ui/collection/CollectionScreen.kt:335:34 Syntax error: Expecting a top level declaration.
00:10.552 ERROR :shared:compileJvm        KotlinBuildToolsApiKt     file:///D:/github/projet_kotlin_ihm/archiveDesDieuxV1/shared/src/ui/collection/CollectionScreen.kt:335:41 Syntax error: Expecting a top level declaration.
00:10.553 ERROR :shared:compileJvm        KotlinBuildToolsApiKt     file:///D:/github/projet_kotlin_ihm/archiveDesDieuxV1/shared/src/ui/collection/CollectionScreen.kt:335:43 Syntax error: Expecting a top level declaration.
00:10.554 ERROR :shared:compileJvm        KotlinBuildToolsApiKt     file:///D:/github/projet_kotlin_ihm/archiveDesDieuxV1/shared/src/ui/collection/CollectionScreen.kt:335:53 Syntax error: Expecting a top level declaration.
00:10.554 ERROR :shared:compileJvm        KotlinBuildToolsApiKt     file:///D:/github/projet_kotlin_ihm/archiveDesDieuxV1/shared/src/ui/collection/CollectionScreen.kt:335:55 Syntax error: Expecting a top level declaration.
00:10.555 ERROR :shared:compileJvm        KotlinBuildToolsApiKt     file:///D:/github/projet_kotlin_ihm/archiveDesDieuxV1/shared/src/ui/collection/CollectionScreen.kt:335:59 Syntax error: Expecting a top level declaration.
00:10.559 ERROR :shared:compileJvm        KotlinBuildToolsApiKt     file:///D:/github/projet_kotlin_ihm/archiveDesDieuxV1/shared/src/ui/collection/CollectionScreen.kt:335:60 Syntax error: Expecting a top level declaration.
00:10.560 ERROR :shared:compileJvm        KotlinBuildToolsApiKt     file:///D:/github/projet_kotlin_ihm/archiveDesDieuxV1/shared/src/ui/collection/CollectionScreen.kt:336:13 Syntax error: Expecting a top level declaration.
00:10.560 ERROR :shared:compileJvm        KotlinBuildToolsApiKt     file:///D:/github/projet_kotlin_ihm/archiveDesDieuxV1/shared/src/ui/collection/CollectionScreen.kt:336:18 Syntax error: Expecting a top level declaration.
00:10.561 ERROR :shared:compileJvm        KotlinBuildToolsApiKt     file:///D:/github/projet_kotlin_ihm/archiveDesDieuxV1/shared/src/ui/collection/CollectionScreen.kt:336:20 Syntax error: Expecting a top level declaration.
00:10.562 ERROR :shared:compileJvm        KotlinBuildToolsApiKt     file:///D:/github/projet_kotlin_ihm/archiveDesDieuxV1/shared/src/ui/collection/CollectionScreen.kt:336:28 Syntax error: Expecting a top level declaration.
00:10.563 ERROR :shared:compileJvm        KotlinBuildToolsApiKt     file:///D:/github/projet_kotlin_ihm/archiveDesDieuxV1/shared/src/ui/collection/CollectionScreen.kt:336:29 Syntax error: Expecting a top level declaration.
00:10.564 ERROR :shared:compileJvm        KotlinBuildToolsApiKt     file:///D:/github/projet_kotlin_ihm/archiveDesDieuxV1/shared/src/ui/collection/CollectionScreen.kt:336:36 Syntax error: Expecting a top level declaration.
00:10.565 ERROR :shared:compileJvm        KotlinBuildToolsApiKt     file:///D:/github/projet_kotlin_ihm/archiveDesDieuxV1/shared/src/ui/collection/CollectionScreen.kt:336:37 Syntax error: Expecting a top level declaration.
00:10.566 ERROR :shared:compileJvm        KotlinBuildToolsApiKt     file:///D:/github/projet_kotlin_ihm/archiveDesDieuxV1/shared/src/ui/collection/CollectionScreen.kt:336:39 Syntax error: Expecting a top level declaration.
00:10.567 ERROR :shared:compileJvm        KotlinBuildToolsApiKt     file:///D:/github/projet_kotlin_ihm/archiveDesDieuxV1/shared/src/ui/collection/CollectionScreen.kt:336:40 Syntax error: Expecting a top level declaration.
00:10.567 ERROR :shared:compileJvm        KotlinBuildToolsApiKt     file:///D:/github/projet_kotlin_ihm/archiveDesDieuxV1/shared/src/ui/collection/CollectionScreen.kt:336:48 Syntax error: Expecting a top level declaration.
00:10.568 ERROR :shared:compileJvm        KotlinBuildToolsApiKt     file:///D:/github/projet_kotlin_ihm/archiveDesDieuxV1/shared/src/ui/collection/CollectionScreen.kt:336:49 Syntax error: Expecting a top level declaration.
00:10.569 ERROR :shared:compileJvm        KotlinBuildToolsApiKt     file:///D:/github/projet_kotlin_ihm/archiveDesDieuxV1/shared/src/ui/collection/CollectionScreen.kt:336:53 Syntax error: Expecting a top level declaration.
00:10.570 ERROR :shared:compileJvm        KotlinBuildToolsApiKt     file:///D:/github/projet_kotlin_ihm/archiveDesDieuxV1/shared/src/ui/collection/CollectionScreen.kt:336:54 Syntax error: Expecting a top level declaration.
00:10.571 ERROR :shared:compileJvm        KotlinBuildToolsApiKt     file:///D:/github/projet_kotlin_ihm/archiveDesDieuxV1/shared/src/ui/collection/CollectionScreen.kt:336:58 Syntax error: Expecting a top level declaration.
00:10.574 ERROR :shared:compileJvm        KotlinBuildToolsApiKt     file:///D:/github/projet_kotlin_ihm/archiveDesDieuxV1/shared/src/ui/collection/CollectionScreen.kt:336:59 Syntax error: Expecting a top level declaration.
00:10.575 ERROR :shared:compileJvm        KotlinBuildToolsApiKt     file:///D:/github/projet_kotlin_ihm/archiveDesDieuxV1/shared/src/ui/collection/CollectionScreen.kt:336:64 Syntax error: Expecting a top level declaration.
00:10.576 ERROR :shared:compileJvm        KotlinBuildToolsApiKt     file:///D:/github/projet_kotlin_ihm/archiveDesDieuxV1/shared/src/ui/collection/CollectionScreen.kt:336:66 Syntax error: Expecting a top level declaration.
00:10.577 ERROR :shared:compileJvm        KotlinBuildToolsApiKt     file:///D:/github/projet_kotlin_ihm/archiveDesDieuxV1/shared/src/ui/collection/CollectionScreen.kt:336:76 Syntax error: Expecting a top level declaration.
00:10.577 ERROR :shared:compileJvm        KotlinBuildToolsApiKt     file:///D:/github/projet_kotlin_ihm/archiveDesDieuxV1/shared/src/ui/collection/CollectionScreen.kt:336:78 Syntax error: Expecting a top level declaration.
00:10.578 ERROR :shared:compileJvm        KotlinBuildToolsApiKt     file:///D:/github/projet_kotlin_ihm/archiveDesDieuxV1/shared/src/ui/collection/CollectionScreen.kt:336:83 Syntax error: Expecting a top level declaration.
00:10.579 ERROR :shared:compileJvm        KotlinBuildToolsApiKt     file:///D:/github/projet_kotlin_ihm/archiveDesDieuxV1/shared/src/ui/collection/CollectionScreen.kt:337:9 Syntax error: Expecting a top level declaration.
00:10.580 ERROR :shared:compileJvm        KotlinBuildToolsApiKt     file:///D:/github/projet_kotlin_ihm/archiveDesDieuxV1/shared/src/ui/collection/CollectionScreen.kt:338:9 Syntax error: Expecting a top level declaration.
00:10.580 ERROR :shared:compileJvm        KotlinBuildToolsApiKt     file:///D:/github/projet_kotlin_ihm/archiveDesDieuxV1/shared/src/ui/collection/CollectionScreen.kt:338:17 Syntax error: Expecting a top level declaration.
00:10.581 ERROR :shared:compileJvm        KotlinBuildToolsApiKt     file:///D:/github/projet_kotlin_ihm/archiveDesDieuxV1/shared/src/ui/collection/CollectionScreen.kt:339:13 Syntax error: Expecting a top level declaration.
00:10.582 ERROR :shared:compileJvm        KotlinBuildToolsApiKt     file:///D:/github/projet_kotlin_ihm/archiveDesDieuxV1/shared/src/ui/collection/CollectionScreen.kt:339:19 Syntax error: Expecting a top level declaration.
00:10.582 ERROR :shared:compileJvm        KotlinBuildToolsApiKt     file:///D:/github/projet_kotlin_ihm/archiveDesDieuxV1/shared/src/ui/collection/CollectionScreen.kt:339:21 Syntax error: Expecting a top level declaration.
00:10.584 ERROR :shared:compileJvm        KotlinBuildToolsApiKt     file:///D:/github/projet_kotlin_ihm/archiveDesDieuxV1/shared/src/ui/collection/CollectionScreen.kt:339:26 Syntax error: Expecting a top level declaration.
00:10.585 ERROR :shared:compileJvm        KotlinBuildToolsApiKt     file:///D:/github/projet_kotlin_ihm/archiveDesDieuxV1/shared/src/ui/collection/CollectionScreen.kt:339:27 Syntax error: Expecting a top level declaration.
00:10.586 ERROR :shared:compileJvm        KotlinBuildToolsApiKt     file:///D:/github/projet_kotlin_ihm/archiveDesDieuxV1/shared/src/ui/collection/CollectionScreen.kt:339:37 Syntax error: Expecting a top level declaration.
00:10.586 ERROR :shared:compileJvm        KotlinBuildToolsApiKt     file:///D:/github/projet_kotlin_ihm/archiveDesDieuxV1/shared/src/ui/collection/CollectionScreen.kt:339:38 Syntax error: Expecting a top level declaration.
00:10.587 ERROR :shared:compileJvm        KotlinBuildToolsApiKt     file:///D:/github/projet_kotlin_ihm/archiveDesDieuxV1/shared/src/ui/collection/CollectionScreen.kt:340:13 Syntax error: Expecting a top level declaration.
00:10.587 ERROR :shared:compileJvm        KotlinBuildToolsApiKt     file:///D:/github/projet_kotlin_ihm/archiveDesDieuxV1/shared/src/ui/collection/CollectionScreen.kt:340:21 Syntax error: Expecting a top level declaration.
00:10.591 ERROR :shared:compileJvm        KotlinBuildToolsApiKt     file:///D:/github/projet_kotlin_ihm/archiveDesDieuxV1/shared/src/ui/collection/CollectionScreen.kt:340:23 Syntax error: Expecting a top level declaration.
00:10.592 ERROR :shared:compileJvm        KotlinBuildToolsApiKt     file:///D:/github/projet_kotlin_ihm/archiveDesDieuxV1/shared/src/ui/collection/CollectionScreen.kt:340:29 Syntax error: Expecting a top level declaration.
00:10.592 ERROR :shared:compileJvm        KotlinBuildToolsApiKt     file:///D:/github/projet_kotlin_ihm/archiveDesDieuxV1/shared/src/ui/collection/CollectionScreen.kt:340:30 Syntax error: Expecting a top level declaration.
00:10.593 ERROR :shared:compileJvm        KotlinBuildToolsApiKt     file:///D:/github/projet_kotlin_ihm/archiveDesDieuxV1/shared/src/ui/collection/CollectionScreen.kt:340:32 Syntax error: Expecting a top level declaration.
00:10.593 ERROR :shared:compileJvm        KotlinBuildToolsApiKt     file:///D:/github/projet_kotlin_ihm/archiveDesDieuxV1/shared/src/ui/collection/CollectionScreen.kt:340:34 Syntax error: Expecting a top level declaration.
00:10.594 ERROR :shared:compileJvm        KotlinBuildToolsApiKt     file:///D:/github/projet_kotlin_ihm/archiveDesDieuxV1/shared/src/ui/collection/CollectionScreen.kt:340:41 Syntax error: Expecting a top level declaration.
00:10.594 ERROR :shared:compileJvm        KotlinBuildToolsApiKt     file:///D:/github/projet_kotlin_ihm/archiveDesDieuxV1/shared/src/ui/collection/CollectionScreen.kt:340:43 Syntax error: Expecting a top level declaration.
00:10.595 ERROR :shared:compileJvm        KotlinBuildToolsApiKt     file:///D:/github/projet_kotlin_ihm/archiveDesDieuxV1/shared/src/ui/collection/CollectionScreen.kt:340:53 Syntax error: Expecting a top level declaration.
00:10.596 ERROR :shared:compileJvm        KotlinBuildToolsApiKt     file:///D:/github/projet_kotlin_ihm/archiveDesDieuxV1/shared/src/ui/collection/CollectionScreen.kt:340:55 Syntax error: Expecting a top level declaration.
00:10.598 ERROR :shared:compileJvm        KotlinBuildToolsApiKt     file:///D:/github/projet_kotlin_ihm/archiveDesDieuxV1/shared/src/ui/collection/CollectionScreen.kt:340:60 Syntax error: Expecting a top level declaration.
00:10.599 ERROR :shared:compileJvm        KotlinBuildToolsApiKt     file:///D:/github/projet_kotlin_ihm/archiveDesDieuxV1/shared/src/ui/collection/CollectionScreen.kt:340:61 Syntax error: Expecting a top level declaration.
00:10.599 ERROR :shared:compileJvm        KotlinBuildToolsApiKt     file:///D:/github/projet_kotlin_ihm/archiveDesDieuxV1/shared/src/ui/collection/CollectionScreen.kt:341:13 Syntax error: Expecting a top level declaration.
00:10.600 ERROR :shared:compileJvm        KotlinBuildToolsApiKt     file:///D:/github/projet_kotlin_ihm/archiveDesDieuxV1/shared/src/ui/collection/CollectionScreen.kt:341:18 Syntax error: Expecting a top level declaration.
00:10.600 ERROR :shared:compileJvm        KotlinBuildToolsApiKt     file:///D:/github/projet_kotlin_ihm/archiveDesDieuxV1/shared/src/ui/collection/CollectionScreen.kt:341:20 Syntax error: Expecting a top level declaration.
00:10.601 ERROR :shared:compileJvm        KotlinBuildToolsApiKt     file:///D:/github/projet_kotlin_ihm/archiveDesDieuxV1/shared/src/ui/collection/CollectionScreen.kt:341:28 Syntax error: Expecting a top level declaration.
00:10.601 ERROR :shared:compileJvm        KotlinBuildToolsApiKt     file:///D:/github/projet_kotlin_ihm/archiveDesDieuxV1/shared/src/ui/collection/CollectionScreen.kt:341:29 Syntax error: Expecting a top level declaration.
00:10.603 ERROR :shared:compileJvm        KotlinBuildToolsApiKt     file:///D:/github/projet_kotlin_ihm/archiveDesDieuxV1/shared/src/ui/collection/CollectionScreen.kt:341:36 Syntax error: Expecting a top level declaration.
00:10.603 ERROR :shared:compileJvm        KotlinBuildToolsApiKt     file:///D:/github/projet_kotlin_ihm/archiveDesDieuxV1/shared/src/ui/collection/CollectionScreen.kt:341:37 Syntax error: Expecting a top level declaration.
00:10.607 ERROR :shared:compileJvm        KotlinBuildToolsApiKt     file:///D:/github/projet_kotlin_ihm/archiveDesDieuxV1/shared/src/ui/collection/CollectionScreen.kt:341:39 Syntax error: Expecting a top level declaration.
00:10.607 ERROR :shared:compileJvm        KotlinBuildToolsApiKt     file:///D:/github/projet_kotlin_ihm/archiveDesDieuxV1/shared/src/ui/collection/CollectionScreen.kt:341:40 Syntax error: Expecting a top level declaration.
00:10.608 ERROR :shared:compileJvm        KotlinBuildToolsApiKt     file:///D:/github/projet_kotlin_ihm/archiveDesDieuxV1/shared/src/ui/collection/CollectionScreen.kt:341:48 Syntax error: Expecting a top level declaration.
00:10.609 ERROR :shared:compileJvm        KotlinBuildToolsApiKt     file:///D:/github/projet_kotlin_ihm/archiveDesDieuxV1/shared/src/ui/collection/CollectionScreen.kt:341:49 Syntax error: Expecting a top level declaration.
00:10.609 ERROR :shared:compileJvm        KotlinBuildToolsApiKt     file:///D:/github/projet_kotlin_ihm/archiveDesDieuxV1/shared/src/ui/collection/CollectionScreen.kt:341:53 Syntax error: Expecting a top level declaration.
00:10.610 ERROR :shared:compileJvm        KotlinBuildToolsApiKt     file:///D:/github/projet_kotlin_ihm/archiveDesDieuxV1/shared/src/ui/collection/CollectionScreen.kt:341:54 Syntax error: Expecting a top level declaration.
00:10.611 ERROR :shared:compileJvm        KotlinBuildToolsApiKt     file:///D:/github/projet_kotlin_ihm/archiveDesDieuxV1/shared/src/ui/collection/CollectionScreen.kt:341:58 Syntax error: Expecting a top level declaration.
00:10.612 ERROR :shared:compileJvm        KotlinBuildToolsApiKt     file:///D:/github/projet_kotlin_ihm/archiveDesDieuxV1/shared/src/ui/collection/CollectionScreen.kt:341:59 Syntax error: Expecting a top level declaration.
00:10.613 ERROR :shared:compileJvm        KotlinBuildToolsApiKt     file:///D:/github/projet_kotlin_ihm/archiveDesDieuxV1/shared/src/ui/collection/CollectionScreen.kt:341:64 Syntax error: Expecting a top level declaration.
00:10.613 ERROR :shared:compileJvm        KotlinBuildToolsApiKt     file:///D:/github/projet_kotlin_ihm/archiveDesDieuxV1/shared/src/ui/collection/CollectionScreen.kt:341:66 Syntax error: Expecting a top level declaration.
00:10.614 ERROR :shared:compileJvm        KotlinBuildToolsApiKt     file:///D:/github/projet_kotlin_ihm/archiveDesDieuxV1/shared/src/ui/collection/CollectionScreen.kt:341:76 Syntax error: Expecting a top level declaration.
00:10.615 ERROR :shared:compileJvm        KotlinBuildToolsApiKt     file:///D:/github/projet_kotlin_ihm/archiveDesDieuxV1/shared/src/ui/collection/CollectionScreen.kt:341:78 Syntax error: Expecting a top level declaration.
00:10.616 ERROR :shared:compileJvm        KotlinBuildToolsApiKt     file:///D:/github/projet_kotlin_ihm/archiveDesDieuxV1/shared/src/ui/collection/CollectionScreen.kt:341:83 Syntax error: Expecting a top level declaration.
00:10.616 ERROR :shared:compileJvm        KotlinBuildToolsApiKt     file:///D:/github/projet_kotlin_ihm/archiveDesDieuxV1/shared/src/ui/collection/CollectionScreen.kt:342:9 Syntax error: Expecting a top level declaration.
00:10.617 ERROR :shared:compileJvm        KotlinBuildToolsApiKt     file:///D:/github/projet_kotlin_ihm/archiveDesDieuxV1/shared/src/ui/collection/CollectionScreen.kt:344:9 Syntax error: Expecting a top level declaration.
00:10.617 ERROR :shared:compileJvm        KotlinBuildToolsApiKt     file:///D:/github/projet_kotlin_ihm/archiveDesDieuxV1/shared/src/ui/collection/CollectionScreen.kt:344:17 Syntax error: Expecting a top level declaration.
00:10.618 ERROR :shared:compileJvm        KotlinBuildToolsApiKt     file:///D:/github/projet_kotlin_ihm/archiveDesDieuxV1/shared/src/ui/collection/CollectionScreen.kt:345:13 Syntax error: Expecting a top level declaration.
00:10.619 ERROR :shared:compileJvm        KotlinBuildToolsApiKt     file:///D:/github/projet_kotlin_ihm/archiveDesDieuxV1/shared/src/ui/collection/CollectionScreen.kt:345:19 Syntax error: Expecting a top level declaration.
00:10.622 ERROR :shared:compileJvm        KotlinBuildToolsApiKt     file:///D:/github/projet_kotlin_ihm/archiveDesDieuxV1/shared/src/ui/collection/CollectionScreen.kt:345:21 Syntax error: Expecting a top level declaration.
00:10.623 ERROR :shared:compileJvm        KotlinBuildToolsApiKt     file:///D:/github/projet_kotlin_ihm/archiveDesDieuxV1/shared/src/ui/collection/CollectionScreen.kt:345:26 Syntax error: Expecting a top level declaration.
00:10.624 ERROR :shared:compileJvm        KotlinBuildToolsApiKt     file:///D:/github/projet_kotlin_ihm/archiveDesDieuxV1/shared/src/ui/collection/CollectionScreen.kt:345:27 Syntax error: Expecting a top level declaration.
00:10.625 ERROR :shared:compileJvm        KotlinBuildToolsApiKt     file:///D:/github/projet_kotlin_ihm/archiveDesDieuxV1/shared/src/ui/collection/CollectionScreen.kt:345:37 Syntax error: Expecting a top level declaration.
00:10.626 ERROR :shared:compileJvm        KotlinBuildToolsApiKt     file:///D:/github/projet_kotlin_ihm/archiveDesDieuxV1/shared/src/ui/collection/CollectionScreen.kt:345:38 Syntax error: Expecting a top level declaration.
00:10.626 ERROR :shared:compileJvm        KotlinBuildToolsApiKt     file:///D:/github/projet_kotlin_ihm/archiveDesDieuxV1/shared/src/ui/collection/CollectionScreen.kt:346:13 Syntax error: Expecting a top level declaration.
00:10.626 ERROR :shared:compileJvm        KotlinBuildToolsApiKt     file:///D:/github/projet_kotlin_ihm/archiveDesDieuxV1/shared/src/ui/collection/CollectionScreen.kt:346:21 Syntax error: Expecting a top level declaration.
00:10.627 ERROR :shared:compileJvm        KotlinBuildToolsApiKt     file:///D:/github/projet_kotlin_ihm/archiveDesDieuxV1/shared/src/ui/collection/CollectionScreen.kt:346:23 Syntax error: Expecting a top level declaration.
00:10.627 ERROR :shared:compileJvm        KotlinBuildToolsApiKt     file:///D:/github/projet_kotlin_ihm/archiveDesDieuxV1/shared/src/ui/collection/CollectionScreen.kt:346:29 Syntax error: Expecting a top level declaration.
00:10.628 ERROR :shared:compileJvm        KotlinBuildToolsApiKt     file:///D:/github/projet_kotlin_ihm/archiveDesDieuxV1/shared/src/ui/collection/CollectionScreen.kt:346:30 Syntax error: Expecting a top level declaration.
00:10.628 ERROR :shared:compileJvm        KotlinBuildToolsApiKt     file:///D:/github/projet_kotlin_ihm/archiveDesDieuxV1/shared/src/ui/collection/CollectionScreen.kt:346:32 Syntax error: Expecting a top level declaration.
00:10.629 ERROR :shared:compileJvm        KotlinBuildToolsApiKt     file:///D:/github/projet_kotlin_ihm/archiveDesDieuxV1/shared/src/ui/collection/CollectionScreen.kt:346:34 Syntax error: Expecting a top level declaration.
00:10.629 ERROR :shared:compileJvm        KotlinBuildToolsApiKt     file:///D:/github/projet_kotlin_ihm/archiveDesDieuxV1/shared/src/ui/collection/CollectionScreen.kt:346:40 Syntax error: Expecting a top level declaration.
00:10.630 ERROR :shared:compileJvm        KotlinBuildToolsApiKt     file:///D:/github/projet_kotlin_ihm/archiveDesDieuxV1/shared/src/ui/collection/CollectionScreen.kt:346:41 Syntax error: Expecting a top level declaration.
00:10.630 ERROR :shared:compileJvm        KotlinBuildToolsApiKt     file:///D:/github/projet_kotlin_ihm/archiveDesDieuxV1/shared/src/ui/collection/CollectionScreen.kt:347:13 Syntax error: Expecting a top level declaration.
00:10.631 ERROR :shared:compileJvm        KotlinBuildToolsApiKt     file:///D:/github/projet_kotlin_ihm/archiveDesDieuxV1/shared/src/ui/collection/CollectionScreen.kt:347:18 Syntax error: Expecting a top level declaration.
00:10.631 ERROR :shared:compileJvm        KotlinBuildToolsApiKt     file:///D:/github/projet_kotlin_ihm/archiveDesDieuxV1/shared/src/ui/collection/CollectionScreen.kt:347:20 Syntax error: Expecting a top level declaration.
00:10.632 ERROR :shared:compileJvm        KotlinBuildToolsApiKt     file:///D:/github/projet_kotlin_ihm/archiveDesDieuxV1/shared/src/ui/collection/CollectionScreen.kt:347:28 Syntax error: Expecting a top level declaration.
00:10.633 ERROR :shared:compileJvm        KotlinBuildToolsApiKt     file:///D:/github/projet_kotlin_ihm/archiveDesDieuxV1/shared/src/ui/collection/CollectionScreen.kt:347:29 Syntax error: Expecting a top level declaration.
00:10.634 ERROR :shared:compileJvm        KotlinBuildToolsApiKt     file:///D:/github/projet_kotlin_ihm/archiveDesDieuxV1/shared/src/ui/collection/CollectionScreen.kt:347:36 Syntax error: Expecting a top level declaration.
00:10.634 ERROR :shared:compileJvm        KotlinBuildToolsApiKt     file:///D:/github/projet_kotlin_ihm/archiveDesDieuxV1/shared/src/ui/collection/CollectionScreen.kt:347:37 Syntax error: Expecting a top level declaration.
00:10.635 ERROR :shared:compileJvm        KotlinBuildToolsApiKt     file:///D:/github/projet_kotlin_ihm/archiveDesDieuxV1/shared/src/ui/collection/CollectionScreen.kt:347:39 Syntax error: Expecting a top level declaration.
00:10.637 ERROR :shared:compileJvm        KotlinBuildToolsApiKt     file:///D:/github/projet_kotlin_ihm/archiveDesDieuxV1/shared/src/ui/collection/CollectionScreen.kt:347:40 Syntax error: Expecting a top level declaration.
00:10.638 ERROR :shared:compileJvm        KotlinBuildToolsApiKt     file:///D:/github/projet_kotlin_ihm/archiveDesDieuxV1/shared/src/ui/collection/CollectionScreen.kt:347:48 Syntax error: Expecting a top level declaration.
00:10.638 ERROR :shared:compileJvm        KotlinBuildToolsApiKt     file:///D:/github/projet_kotlin_ihm/archiveDesDieuxV1/shared/src/ui/collection/CollectionScreen.kt:347:49 Syntax error: Expecting a top level declaration.
00:10.639 ERROR :shared:compileJvm        KotlinBuildToolsApiKt     file:///D:/github/projet_kotlin_ihm/archiveDesDieuxV1/shared/src/ui/collection/CollectionScreen.kt:347:53 Syntax error: Expecting a top level declaration.
00:10.640 ERROR :shared:compileJvm        KotlinBuildToolsApiKt     file:///D:/github/projet_kotlin_ihm/archiveDesDieuxV1/shared/src/ui/collection/CollectionScreen.kt:347:54 Syntax error: Expecting a top level declaration.
00:10.640 ERROR :shared:compileJvm        KotlinBuildToolsApiKt     file:///D:/github/projet_kotlin_ihm/archiveDesDieuxV1/shared/src/ui/collection/CollectionScreen.kt:347:58 Syntax error: Expecting a top level declaration.
00:10.640 ERROR :shared:compileJvm        KotlinBuildToolsApiKt     file:///D:/github/projet_kotlin_ihm/archiveDesDieuxV1/shared/src/ui/collection/CollectionScreen.kt:347:59 Syntax error: Expecting a top level declaration.
00:10.641 ERROR :shared:compileJvm        KotlinBuildToolsApiKt     file:///D:/github/projet_kotlin_ihm/archiveDesDieuxV1/shared/src/ui/collection/CollectionScreen.kt:347:64 Syntax error: Expecting a top level declaration.
00:10.641 ERROR :shared:compileJvm        KotlinBuildToolsApiKt     file:///D:/github/projet_kotlin_ihm/archiveDesDieuxV1/shared/src/ui/collection/CollectionScreen.kt:347:66 Syntax error: Expecting a top level declaration.
00:10.642 ERROR :shared:compileJvm        KotlinBuildToolsApiKt     file:///D:/github/projet_kotlin_ihm/archiveDesDieuxV1/shared/src/ui/collection/CollectionScreen.kt:347:69 Syntax error: Expecting a top level declaration.
00:10.642 ERROR :shared:compileJvm        KotlinBuildToolsApiKt     file:///D:/github/projet_kotlin_ihm/archiveDesDieuxV1/shared/src/ui/collection/CollectionScreen.kt:348:9 Syntax error: Expecting a top level declaration.
00:10.642 ERROR :shared:compileJvm        KotlinBuildToolsApiKt     file:///D:/github/projet_kotlin_ihm/archiveDesDieuxV1/shared/src/ui/collection/CollectionScreen.kt:349:9 Syntax error: Expecting a top level declaration.
00:10.643 ERROR :shared:compileJvm        KotlinBuildToolsApiKt     file:///D:/github/projet_kotlin_ihm/archiveDesDieuxV1/shared/src/ui/collection/CollectionScreen.kt:349:17 Syntax error: Expecting a top level declaration.
00:10.644 ERROR :shared:compileJvm        KotlinBuildToolsApiKt     file:///D:/github/projet_kotlin_ihm/archiveDesDieuxV1/shared/src/ui/collection/CollectionScreen.kt:350:13 Syntax error: Expecting a top level declaration.
00:10.644 ERROR :shared:compileJvm        KotlinBuildToolsApiKt     file:///D:/github/projet_kotlin_ihm/archiveDesDieuxV1/shared/src/ui/collection/CollectionScreen.kt:350:19 Syntax error: Expecting a top level declaration.
00:10.644 ERROR :shared:compileJvm        KotlinBuildToolsApiKt     file:///D:/github/projet_kotlin_ihm/archiveDesDieuxV1/shared/src/ui/collection/CollectionScreen.kt:350:21 Syntax error: Expecting a top level declaration.
00:10.645 ERROR :shared:compileJvm        KotlinBuildToolsApiKt     file:///D:/github/projet_kotlin_ihm/archiveDesDieuxV1/shared/src/ui/collection/CollectionScreen.kt:350:26 Syntax error: Expecting a top level declaration.
00:10.645 ERROR :shared:compileJvm        KotlinBuildToolsApiKt     file:///D:/github/projet_kotlin_ihm/archiveDesDieuxV1/shared/src/ui/collection/CollectionScreen.kt:350:27 Syntax error: Expecting a top level declaration.
00:10.646 ERROR :shared:compileJvm        KotlinBuildToolsApiKt     file:///D:/github/projet_kotlin_ihm/archiveDesDieuxV1/shared/src/ui/collection/CollectionScreen.kt:350:37 Syntax error: Expecting a top level declaration.
00:10.647 ERROR :shared:compileJvm        KotlinBuildToolsApiKt     file:///D:/github/projet_kotlin_ihm/archiveDesDieuxV1/shared/src/ui/collection/CollectionScreen.kt:350:38 Syntax error: Expecting a top level declaration.
00:10.647 ERROR :shared:compileJvm        KotlinBuildToolsApiKt     file:///D:/github/projet_kotlin_ihm/archiveDesDieuxV1/shared/src/ui/collection/CollectionScreen.kt:351:13 Syntax error: Expecting a top level declaration.
00:10.648 ERROR :shared:compileJvm        KotlinBuildToolsApiKt     file:///D:/github/projet_kotlin_ihm/archiveDesDieuxV1/shared/src/ui/collection/CollectionScreen.kt:351:21 Syntax error: Expecting a top level declaration.
00:10.648 ERROR :shared:compileJvm        KotlinBuildToolsApiKt     file:///D:/github/projet_kotlin_ihm/archiveDesDieuxV1/shared/src/ui/collection/CollectionScreen.kt:351:23 Syntax error: Expecting a top level declaration.
00:10.649 ERROR :shared:compileJvm        KotlinBuildToolsApiKt     file:///D:/github/projet_kotlin_ihm/archiveDesDieuxV1/shared/src/ui/collection/CollectionScreen.kt:351:29 Syntax error: Expecting a top level declaration.
00:10.649 ERROR :shared:compileJvm        KotlinBuildToolsApiKt     file:///D:/github/projet_kotlin_ihm/archiveDesDieuxV1/shared/src/ui/collection/CollectionScreen.kt:351:30 Syntax error: Expecting a top level declaration.
00:10.650 ERROR :shared:compileJvm        KotlinBuildToolsApiKt     file:///D:/github/projet_kotlin_ihm/archiveDesDieuxV1/shared/src/ui/collection/CollectionScreen.kt:351:32 Syntax error: Expecting a top level declaration.
00:10.650 ERROR :shared:compileJvm        KotlinBuildToolsApiKt     file:///D:/github/projet_kotlin_ihm/archiveDesDieuxV1/shared/src/ui/collection/CollectionScreen.kt:351:34 Syntax error: Expecting a top level declaration.
00:10.650 ERROR :shared:compileJvm        KotlinBuildToolsApiKt     file:///D:/github/projet_kotlin_ihm/archiveDesDieuxV1/shared/src/ui/collection/CollectionScreen.kt:351:41 Syntax error: Expecting a top level declaration.
00:10.653 ERROR :shared:compileJvm        KotlinBuildToolsApiKt     file:///D:/github/projet_kotlin_ihm/archiveDesDieuxV1/shared/src/ui/collection/CollectionScreen.kt:351:43 Syntax error: Expecting a top level declaration.
00:10.654 ERROR :shared:compileJvm        KotlinBuildToolsApiKt     file:///D:/github/projet_kotlin_ihm/archiveDesDieuxV1/shared/src/ui/collection/CollectionScreen.kt:351:53 Syntax error: Expecting a top level declaration.
00:10.654 ERROR :shared:compileJvm        KotlinBuildToolsApiKt     file:///D:/github/projet_kotlin_ihm/archiveDesDieuxV1/shared/src/ui/collection/CollectionScreen.kt:351:55 Syntax error: Expecting a top level declaration.
00:10.655 ERROR :shared:compileJvm        KotlinBuildToolsApiKt     file:///D:/github/projet_kotlin_ihm/archiveDesDieuxV1/shared/src/ui/collection/CollectionScreen.kt:351:58 Syntax error: Expecting a top level declaration.
00:10.655 ERROR :shared:compileJvm        KotlinBuildToolsApiKt     file:///D:/github/projet_kotlin_ihm/archiveDesDieuxV1/shared/src/ui/collection/CollectionScreen.kt:351:59 Syntax error: Expecting a top level declaration.
00:10.656 ERROR :shared:compileJvm        KotlinBuildToolsApiKt     file:///D:/github/projet_kotlin_ihm/archiveDesDieuxV1/shared/src/ui/collection/CollectionScreen.kt:352:13 Syntax error: Expecting a top level declaration.
00:10.657 ERROR :shared:compileJvm        KotlinBuildToolsApiKt     file:///D:/github/projet_kotlin_ihm/archiveDesDieuxV1/shared/src/ui/collection/CollectionScreen.kt:352:18 Syntax error: Expecting a top level declaration.
00:10.657 ERROR :shared:compileJvm        KotlinBuildToolsApiKt     file:///D:/github/projet_kotlin_ihm/archiveDesDieuxV1/shared/src/ui/collection/CollectionScreen.kt:352:20 Syntax error: Expecting a top level declaration.
00:10.658 ERROR :shared:compileJvm        KotlinBuildToolsApiKt     file:///D:/github/projet_kotlin_ihm/archiveDesDieuxV1/shared/src/ui/collection/CollectionScreen.kt:352:28 Syntax error: Expecting a top level declaration.
00:10.658 ERROR :shared:compileJvm        KotlinBuildToolsApiKt     file:///D:/github/projet_kotlin_ihm/archiveDesDieuxV1/shared/src/ui/collection/CollectionScreen.kt:352:29 Syntax error: Expecting a top level declaration.
00:10.658 ERROR :shared:compileJvm        KotlinBuildToolsApiKt     file:///D:/github/projet_kotlin_ihm/archiveDesDieuxV1/shared/src/ui/collection/CollectionScreen.kt:352:36 Syntax error: Expecting a top level declaration.
00:10.659 ERROR :shared:compileJvm        KotlinBuildToolsApiKt     file:///D:/github/projet_kotlin_ihm/archiveDesDieuxV1/shared/src/ui/collection/CollectionScreen.kt:352:37 Syntax error: Expecting a top level declaration.
00:10.659 ERROR :shared:compileJvm        KotlinBuildToolsApiKt     file:///D:/github/projet_kotlin_ihm/archiveDesDieuxV1/shared/src/ui/collection/CollectionScreen.kt:352:39 Syntax error: Expecting a top level declaration.
00:10.660 ERROR :shared:compileJvm        KotlinBuildToolsApiKt     file:///D:/github/projet_kotlin_ihm/archiveDesDieuxV1/shared/src/ui/collection/CollectionScreen.kt:352:40 Syntax error: Expecting a top level declaration.
00:10.661 ERROR :shared:compileJvm        KotlinBuildToolsApiKt     file:///D:/github/projet_kotlin_ihm/archiveDesDieuxV1/shared/src/ui/collection/CollectionScreen.kt:352:48 Syntax error: Expecting a top level declaration.
00:10.661 ERROR :shared:compileJvm        KotlinBuildToolsApiKt     file:///D:/github/projet_kotlin_ihm/archiveDesDieuxV1/shared/src/ui/collection/CollectionScreen.kt:352:49 Syntax error: Expecting a top level declaration.
00:10.661 ERROR :shared:compileJvm        KotlinBuildToolsApiKt     file:///D:/github/projet_kotlin_ihm/archiveDesDieuxV1/shared/src/ui/collection/CollectionScreen.kt:352:53 Syntax error: Expecting a top level declaration.
00:10.662 ERROR :shared:compileJvm        KotlinBuildToolsApiKt     file:///D:/github/projet_kotlin_ihm/archiveDesDieuxV1/shared/src/ui/collection/CollectionScreen.kt:352:54 Syntax error: Expecting a top level declaration.
00:10.662 ERROR :shared:compileJvm        KotlinBuildToolsApiKt     file:///D:/github/projet_kotlin_ihm/archiveDesDieuxV1/shared/src/ui/collection/CollectionScreen.kt:352:58 Syntax error: Expecting a top level declaration.
00:10.663 ERROR :shared:compileJvm        KotlinBuildToolsApiKt     file:///D:/github/projet_kotlin_ihm/archiveDesDieuxV1/shared/src/ui/collection/CollectionScreen.kt:352:59 Syntax error: Expecting a top level declaration.
00:10.663 ERROR :shared:compileJvm        KotlinBuildToolsApiKt     file:///D:/github/projet_kotlin_ihm/archiveDesDieuxV1/shared/src/ui/collection/CollectionScreen.kt:352:64 Syntax error: Expecting a top level declaration.
00:10.664 ERROR :shared:compileJvm        KotlinBuildToolsApiKt     file:///D:/github/projet_kotlin_ihm/archiveDesDieuxV1/shared/src/ui/collection/CollectionScreen.kt:352:66 Syntax error: Expecting a top level declaration.
00:10.664 ERROR :shared:compileJvm        KotlinBuildToolsApiKt     file:///D:/github/projet_kotlin_ihm/archiveDesDieuxV1/shared/src/ui/collection/CollectionScreen.kt:352:69 Syntax error: Expecting a top level declaration.
00:10.665 ERROR :shared:compileJvm        KotlinBuildToolsApiKt     file:///D:/github/projet_kotlin_ihm/archiveDesDieuxV1/shared/src/ui/collection/CollectionScreen.kt:353:9 Syntax error: Expecting a top level declaration.
00:10.665 ERROR :shared:compileJvm        KotlinBuildToolsApiKt     file:///D:/github/projet_kotlin_ihm/archiveDesDieuxV1/shared/src/ui/collection/CollectionScreen.kt:354:5 Syntax error: Expecting a top level declaration.
00:10.666 ERROR :shared:compileJvm        KotlinBuildToolsApiKt     file:///D:/github/projet_kotlin_ihm/archiveDesDieuxV1/shared/src/ui/collection/CollectionScreen.kt:355:1 Syntax error: Expecting a top level declaration.
