JetBrains Amper version 0.9.1 (7164273, 2025-11-28)
running on Windows 10 10.0 jvm arch amd64

00:02.676 DEBUG :shared:resolveDependenciesJvm ResolveExternalDependenciesTask resolve dependencies shared -- common jvm -- org.jetbrains.compose.foundation:foundation:1.8.2 org.jetbrains.compose.material3:material3:1.8.2 org.jetbrains.compose.runtime:runtime:1.8.2 org.jetbrains.kotlin:kotlin-stdlib:2.2.21 -- resolvePlatform=jvm nativeTarget=null wasmTarget=null
00:02.676 DEBUG :jvm-app:resolveDependenciesJvm ResolveExternalDependenciesTask resolve dependencies jvm-app -- main -- org.jetbrains.compose.desktop:desktop-jvm-windows-x64:1.8.2 org.jetbrains.compose.foundation:foundation:1.8.2 org.jetbrains.compose.material3:material3:1.8.2 org.jetbrains.compose.runtime:runtime:1.8.2 org.jetbrains.kotlin:kotlin-stdlib:2.2.21 -- resolvePlatform=jvm nativeTarget=null wasmTarget=null
00:02.708 DEBUG :generated\shared\common\src\compose\resources\collectors IncrementalCache          [inc] up-to-date according to state file at 'C:\Users\alexa\IdeaProjects\archiveDesDieuxV1\build\incremental.state\_generated_shared_common_src_compose_resources_col-aa1ba3fdf9' in 10.213200ms
00:02.708 DEBUG :generated\jvm-app\main\src\compose\resources\commonResClass IncrementalCache          [inc] up-to-date according to state file at 'C:\Users\alexa\IdeaProjects\archiveDesDieuxV1\build\incremental.state\_generated_jvm-app_main_src_compose_resources_comm-c32dffecca' in 10.120900ms
00:02.708 DEBUG :generated\shared\common\src\compose\resources\collectors IncrementalCache          [inc] ':generated\shared\common\src\compose\resources\collectors' is up-to-date
00:02.708 DEBUG :generated\jvm-app\main\src\compose\resources\commonResClass IncrementalCache          [inc] ':generated\jvm-app\main\src\compose\resources\commonResClass' is up-to-date
00:02.709 DEBUG :generated\shared\common\src\compose\resources\commonResClass IncrementalCache          [inc] up-to-date according to state file at 'C:\Users\alexa\IdeaProjects\archiveDesDieuxV1\build\incremental.state\_generated_shared_common_src_compose_resources_com-5114195187' in 2.626200ms
00:02.709 DEBUG :generated\shared\common\src\compose\resources\commonResClass IncrementalCache          [inc] ':generated\shared\common\src\compose\resources\commonResClass' is up-to-date
00:02.708 DEBUG :artifacts\PreparedComposeResourcesDirArtifact\sharedcommon IncrementalCache          [inc] up-to-date according to state file at 'C:\Users\alexa\IdeaProjects\archiveDesDieuxV1\build\incremental.state\_artifacts_PreparedComposeResourcesDirArtifact_sha-50ec7edc8b' in 10.295900ms
00:02.709 DEBUG :artifacts\PreparedComposeResourcesDirArtifact\sharedcommon IncrementalCache          [inc] ':artifacts\PreparedComposeResourcesDirArtifact\sharedcommon' is up-to-date
00:02.709 DEBUG :artifacts\PreparedComposeResourcesDirArtifact\jvm-appmain IncrementalCache          [inc] up-to-date according to state file at 'C:\Users\alexa\IdeaProjects\archiveDesDieuxV1\build\incremental.state\_artifacts_PreparedComposeResourcesDirArtifact_jvm-9ac1d932e3' in 10.875300ms
00:02.709 DEBUG :artifacts\PreparedComposeResourcesDirArtifact\sharedjvm IncrementalCache          [inc] up-to-date according to state file at 'C:\Users\alexa\IdeaProjects\archiveDesDieuxV1\build\incremental.state\_artifacts_PreparedComposeResourcesDirArtifact_sha-33c9b9e89b' in 6.007600ms
00:02.709 DEBUG :artifacts\PreparedComposeResourcesDirArtifact\jvm-appmain IncrementalCache          [inc] ':artifacts\PreparedComposeResourcesDirArtifact\jvm-appmain' is up-to-date
00:02.709 DEBUG :artifacts\PreparedComposeResourcesDirArtifact\sharedjvm IncrementalCache          [inc] ':artifacts\PreparedComposeResourcesDirArtifact\sharedjvm' is up-to-date
00:02.716 DEBUG :shared:resolveDependenciesJvm IncrementalCache          [inc] up-to-date according to state file at 'C:\Users\alexa\IdeaProjects\archiveDesDieuxV1\build\incremental.state\_shared_resolveDependenciesJvm-8eb09983c0' in 5.923300ms
00:02.717 DEBUG :shared:resolveDependenciesJvm IncrementalCache          [inc] ':shared:resolveDependenciesJvm' is up-to-date
00:02.721 DEBUG :jvm-app:resolveDependenciesJvm IncrementalCache          [inc] up-to-date according to state file at 'C:\Users\alexa\IdeaProjects\archiveDesDieuxV1\build\incremental.state\_jvm-app_resolveDependenciesJvm-031f37dcb2' in 20.105100ms
00:02.721 DEBUG :jvm-app:resolveDependenciesJvm IncrementalCache          [inc] ':jvm-app:resolveDependenciesJvm' is up-to-date
00:02.726 DEBUG :shared:resolveDependenciesJvm ResolveExternalDependenciesTask resolve dependencies shared -- common jvm -- org.jetbrains.compose.foundation:foundation:1.8.2 org.jetbrains.compose.material3:material3:1.8.2 org.jetbrains.compose.runtime:runtime:1.8.2 org.jetbrains.kotlin:kotlin-stdlib:2.2.21 -- resolvePlatform=JVM nativeTarget=null
wasmTarget=null
https://repo1.maven.org/maven2 https://maven.google.com https://maven.pkg.jetbrains.space/public/p/compose/dev resolved to:
  .m2.cache\org\jetbrains\kotlin\kotlin-stdlib\2.2.21\kotlin-stdlib-2.2.21.jar
  .m2.cache\org\jetbrains\compose\foundation\foundation-desktop\1.8.2\foundation-desktop-1.8.2.jar
  .m2.cache\org\jetbrains\compose\material3\material3-desktop\1.8.2\material3-desktop-1.8.2.jar
  .m2.cache\org\jetbrains\annotations\23.0.0\annotations-23.0.0.jar
  .m2.cache\org\jetbrains\compose\runtime\runtime-desktop\1.8.2\runtime-desktop-1.8.2.jar
  .m2.cache\org\jetbrains\compose\animation\animation-desktop\1.8.2\animation-desktop-1.8.2.jar
  .m2.cache\org\jetbrains\compose\ui\ui-desktop\1.8.2\ui-desktop-1.8.2.jar
  .m2.cache\org\jetbrains\skiko\skiko-awt\0.9.4.2\skiko-awt-0.9.4.2.jar
  .m2.cache\org\jetbrains\compose\material\material-ripple-desktop\1.8.2\material-ripple-desktop-1.8.2.jar
  .m2.cache\org\jetbrains\compose\ui\ui-graphics-desktop\1.8.2\ui-graphics-desktop-1.8.2.jar
  .m2.cache\org\jetbrains\compose\ui\ui-text-desktop\1.8.2\ui-text-desktop-1.8.2.jar
  .m2.cache\org\jetbrains\kotlinx\kotlinx-coroutines-core-jvm\1.8.0\kotlinx-coroutines-core-jvm-1.8.0.jar
  .m2.cache\org\jetbrains\compose\animation\animation-core-desktop\1.8.2\animation-core-desktop-1.8.2.jar
  .m2.cache\org\jetbrains\compose\foundation\foundation-layout-desktop\1.8.2\foundation-layout-desktop-1.8.2.jar
  .m2.cache\org\jetbrains\compose\ui\ui-geometry-desktop\1.8.2\ui-geometry-desktop-1.8.2.jar
  .m2.cache\org\jetbrains\compose\runtime\runtime-saveable-desktop\1.8.2\runtime-saveable-desktop-1.8.2.jar
  .m2.cache\org\jetbrains\compose\ui\ui-unit-desktop\1.8.2\ui-unit-desktop-1.8.2.jar
  .m2.cache\org\jetbrains\compose\ui\ui-util-desktop\1.8.2\ui-util-desktop-1.8.2.jar
  .m2.cache\androidx\lifecycle\lifecycle-common-jvm\2.8.5\lifecycle-common-jvm-2.8.5.jar
  .m2.cache\androidx\annotation\annotation-jvm\1.9.1\annotation-jvm-1.9.1.jar
00:02.727 DEBUG :jvm-app:resolveDependenciesJvm ResolveExternalDependenciesTask resolve dependencies jvm-app -- main -- org.jetbrains.compose.desktop:desktop-jvm-windows-x64:1.8.2 org.jetbrains.compose.foundation:foundation:1.8.2 org.jetbrains.compose.material3:material3:1.8.2 org.jetbrains.compose.runtime:runtime:1.8.2 org.jetbrains.kotlin:kotlin-stdlib:2.2.21 -- resolvePlatform=JVM nativeTarget=null
wasmTarget=null
https://repo1.maven.org/maven2 https://maven.google.com https://maven.pkg.jetbrains.space/public/p/compose/dev resolved to:
  .m2.cache\org\jetbrains\kotlin\kotlin-stdlib\2.2.21\kotlin-stdlib-2.2.21.jar
  .m2.cache\org\jetbrains\annotations\23.0.0\annotations-23.0.0.jar
  .m2.cache\org\jetbrains\compose\runtime\runtime-desktop\1.8.2\runtime-desktop-1.8.2.jar
  .m2.cache\org\jetbrains\compose\foundation\foundation-desktop\1.8.2\foundation-desktop-1.8.2.jar
  .m2.cache\org\jetbrains\compose\material3\material3-desktop\1.8.2\material3-desktop-1.8.2.jar
  .m2.cache\org\jetbrains\compose\desktop\desktop-jvm\1.8.2\desktop-jvm-1.8.2.jar
  .m2.cache\org\jetbrains\kotlinx\kotlinx-coroutines-core-jvm\1.8.0\kotlinx-coroutines-core-jvm-1.8.0.jar
  .m2.cache\org\jetbrains\compose\animation\animation-desktop\1.8.2\animation-desktop-1.8.2.jar
  .m2.cache\org\jetbrains\compose\ui\ui-desktop\1.8.2\ui-desktop-1.8.2.jar
  .m2.cache\org\jetbrains\skiko\skiko-awt\0.9.4.2\skiko-awt-0.9.4.2.jar
  .m2.cache\org\jetbrains\compose\material\material-ripple-desktop\1.8.2\material-ripple-desktop-1.8.2.jar
  .m2.cache\org\jetbrains\compose\ui\ui-graphics-desktop\1.8.2\ui-graphics-desktop-1.8.2.jar
  .m2.cache\org\jetbrains\compose\ui\ui-text-desktop\1.8.2\ui-text-desktop-1.8.2.jar
  .m2.cache\org\jetbrains\compose\material\material-desktop\1.8.2\material-desktop-1.8.2.jar
  .m2.cache\org\jetbrains\compose\ui\ui-tooling-preview-desktop\1.8.2\ui-tooling-preview-desktop-1.8.2.jar
  .m2.cache\org\jetbrains\compose\animation\animation-core-desktop\1.8.2\animation-core-desktop-1.8.2.jar
  .m2.cache\org\jetbrains\compose\foundation\foundation-layout-desktop\1.8.2\foundation-layout-desktop-1.8.2.jar
  .m2.cache\org\jetbrains\compose\ui\ui-geometry-desktop\1.8.2\ui-geometry-desktop-1.8.2.jar
  .m2.cache\org\jetbrains\compose\runtime\runtime-saveable-desktop\1.8.2\runtime-saveable-desktop-1.8.2.jar
  .m2.cache\org\jetbrains\compose\ui\ui-unit-desktop\1.8.2\ui-unit-desktop-1.8.2.jar
  .m2.cache\org\jetbrains\compose\ui\ui-util-desktop\1.8.2\ui-util-desktop-1.8.2.jar
  .m2.cache\androidx\lifecycle\lifecycle-common-jvm\2.8.5\lifecycle-common-jvm-2.8.5.jar
  .m2.cache\androidx\annotation\annotation-jvm\1.9.1\annotation-jvm-1.9.1.jar
00:02.730 DEBUG :jvm-app:prepareComposeResourcesForJvmMain IncrementalCache          [inc] up-to-date according to state file at 'C:\Users\alexa\IdeaProjects\archiveDesDieuxV1\build\incremental.state\_jvm-app_prepareComposeResourcesForJvmMain-98dc0899a4' in 429.9us
00:02.730 DEBUG :jvm-app:prepareComposeResourcesForJvmMain IncrementalCache          [inc] ':jvm-app:prepareComposeResourcesForJvmMain' is up-to-date
00:02.731 DEBUG :generated\jvm-app\main\src\compose\resources\accessors IncrementalCache          [inc] up-to-date according to state file at 'C:\Users\alexa\IdeaProjects\archiveDesDieuxV1\build\incremental.state\_generated_jvm-app_main_src_compose_resources_acce-ba8279b2ed' in 458.7us
00:02.731 DEBUG :generated\jvm-app\main\src\compose\resources\accessors IncrementalCache          [inc] ':generated\jvm-app\main\src\compose\resources\accessors' is up-to-date
00:02.739 DEBUG :generated\shared\jvm\src\compose\resources\accessors IncrementalCache          [inc] up-to-date according to state file at 'C:\Users\alexa\IdeaProjects\archiveDesDieuxV1\build\incremental.state\_generated_shared_jvm_src_compose_resources_access-51ce0e69e2' in 408.3us
00:02.739 DEBUG :generated\shared\jvm\src\compose\resources\accessors IncrementalCache          [inc] ':generated\shared\jvm\src\compose\resources\accessors' is up-to-date
00:02.748 DEBUG :generated\shared\common\src\compose\resources\accessors IncrementalCache          [inc] up-to-date according to state file at 'C:\Users\alexa\IdeaProjects\archiveDesDieuxV1\build\incremental.state\_generated_shared_common_src_compose_resources_acc-f88cbdba75' in 469.8us
00:02.748 DEBUG :generated\shared\common\src\compose\resources\accessors IncrementalCache          [inc] ':generated\shared\common\src\compose\resources\accessors' is up-to-date
00:02.749 DEBUG :shared:prepareComposeResourcesForJvmJvm IncrementalCache          [inc] up-to-date according to state file at 'C:\Users\alexa\IdeaProjects\archiveDesDieuxV1\build\incremental.state\_shared_prepareComposeResourcesForJvmJvm-6b30e9b517' in 290.3us
00:02.749 DEBUG :shared:prepareComposeResourcesForJvmJvm IncrementalCache          [inc] ':shared:prepareComposeResourcesForJvmJvm' is up-to-date
00:02.749 DEBUG :shared:prepareComposeResourcesForJvmCommon IncrementalCache          [inc] up-to-date according to state file at 'C:\Users\alexa\IdeaProjects\archiveDesDieuxV1\build\incremental.state\_shared_prepareComposeResourcesForJvmCommon-aa65628721' in 1.607200ms
00:02.749 DEBUG :shared:prepareComposeResourcesForJvmCommon IncrementalCache          [inc] ':shared:prepareComposeResourcesForJvmCommon' is up-to-date
00:02.754 DEBUG :generated\jvm-app\main\src\compose\resources\collectors IncrementalCache          [inc] up-to-date according to state file at 'C:\Users\alexa\IdeaProjects\archiveDesDieuxV1\build\incremental.state\_generated_jvm-app_main_src_compose_resources_coll-a2b5300403' in 354us
00:02.754 DEBUG :generated\jvm-app\main\src\compose\resources\collectors IncrementalCache          [inc] ':generated\jvm-app\main\src\compose\resources\collectors' is up-to-date
00:02.763 DEBUG :generated\shared\jvm\src\compose\resources\collectors IncrementalCache          [inc] up-to-date according to state file at 'C:\Users\alexa\IdeaProjects\archiveDesDieuxV1\build\incremental.state\_generated_shared_jvm_src_compose_resources_collec-ecdf45b238' in 348.9us
00:02.763 DEBUG :generated\shared\jvm\src\compose\resources\collectors IncrementalCache          [inc] ':generated\shared\jvm\src\compose\resources\collectors' is up-to-date
00:02.765 DEBUG :shared:compileJvm        JvmCompileTask            compile shared -- common jvm
00:02.871 DEBUG :shared:compileJvm        ExtractKt                 Skipping extract to C:\Users\alexa\AppData\Local\JetBrains\Amper\extract.cache\5de2c13edf-amazon-corretto-21.0.1.12.1-windows-x64-jdk.zip.181531.d since flag file C:\Users\alexa\AppData\Local\JetBrains\Amper\extract.cache\5de2c13edf-amazon-corretto-21.0.1.12.1-windows-x64-jdk.zip.181531.d.flag is correct
00:02.884 DEBUG :shared:compileJvm        StateKt                   [inc] state file is missing or empty at 'C:\Users\alexa\IdeaProjects\archiveDesDieuxV1\build\incremental.state\_shared_compileJvm-b216d3f992' -> cache miss
00:02.884 DEBUG :shared:compileJvm        IncrementalCache          [inc] building ':shared:compileJvm'
00:02.909 DEBUG :shared:compileJvm        IncrementalCache          [inc] up-to-date according to state file at 'C:\Users\alexa\IdeaProjects\archiveDesDieuxV1\build\incremental.state\resolve-org.jetbrains.kotlin-kotlin-build-tools-im-439d3d0dbf' in 1.486ms
00:02.910 DEBUG :shared:compileJvm        IncrementalCache          [inc] 'resolve-org.jetbrains.kotlin-kotlin-build-tools-impl-2.2.21' is up-to-date
00:02.941 DEBUG :shared:compileJvm        IncrementalCache          [inc] up-to-date according to state file at 'C:\Users\alexa\IdeaProjects\archiveDesDieuxV1\build\incremental.state\resolve-org.jetbrains.kotlin-kotlin-compose-compil-038c518465' in 589.3us
00:02.941 DEBUG :shared:compileJvm        IncrementalCache          [inc] 'resolve-org.jetbrains.kotlin-kotlin-compose-compiler-plugin-embeddable-2.2.21' is up-to-date
00:02.950 INFO  :shared:compileJvm        JvmCompileTask            Compiling module 'shared' for platform 'jvm'...
00:02.963 DEBUG :shared:compileJvm        KotlinBuildToolsApiKt     Compiling using the in-process strategy
00:03.089 DEBUG :shared:compileJvm        KotlinBuildToolsApiKt     Using Kotlin home directory <no_path>
00:03.105 DEBUG :shared:compileJvm        KotlinBuildToolsApiKt     Configuring the compilation environment
00:03.183 DEBUG :shared:compileJvm        KotlinBuildToolsApiKt     Using JDK home directory C:\Users\alexa\AppData\Local\JetBrains\Amper\extract.cache\5de2c13edf-amazon-corretto-21.0.1.12.1-windows-x64-jdk.zip.181531.d
00:03.811 DEBUG :shared:compileJvm        KotlinBuildToolsApiKt     Loading modules: [java.se, jdk.accessibility, jdk.attach, jdk.compiler, jdk.dynalink, jdk.httpserver, jdk.incubator.vector, jdk.jartool, jdk.javadoc, jdk.jconsole, jdk.jdi, jdk.jfr, jdk.jshell, jdk.jsobject, jdk.management, jdk.management.jfr, jdk.net, jdk.nio.mapmode, jdk.sctp, jdk.security.auth, jdk.security.jgss, jdk.unsupported, jdk.unsupported.desktop, jdk.xml.dom, java.base, java.compiler, java.datatransfer, java.desktop, java.xml, java.instrument, java.logging, java.management, java.management.rmi, java.rmi, java.naming, java.net.http, java.prefs, java.scripting, java.security.jgss, java.security.sasl, java.sql, java.transaction.xa, java.sql.rowset, java.xml.crypto, jdk.internal.jvmstat, jdk.internal.opt, jdk.zipfs, jdk.management.agent, jdk.jdwp.agent, jdk.internal.ed, jdk.internal.le]
00:11.840 DEBUG :shared:compileJvm        JvmCompileTask            Kotlin compiler finalization...
00:11.841 DEBUG :shared:compileJvm        IncrementalCache          [inc] finished ':shared:compileJvm' in 8.956636400s
00:11.863 DEBUG :shared:compileJvm        IncrementalCache          [inc] ':shared:compileJvm' changes: 'C:\Users\alexa\IdeaProjects\archiveDesDieuxV1\build\artifacts\CompiledJvmClassesArtifact\sharedjvm\java-output' CREATED, 'C:\Users\alexa\IdeaProjects\archiveDesDieuxV1\build\artifacts\CompiledJvmClassesArtifact\sharedjvm\kotlin-output\ComposableSingletons$ScreenKt$lambda$990485924$1.class' CREATED, 'C:\Users\alexa\IdeaProjects\archiveDesDieuxV1\build\artifacts\CompiledJvmClassesArtifact\sharedjvm\kotlin-output\ComposableSingletons$ScreenKt.class' CREATED, 'C:\Users\alexa\IdeaProjects\archiveDesDieuxV1\build\artifacts\CompiledJvmClassesArtifact\sharedjvm\kotlin-output\data\CardRepository.class' CREATED, 'C:\Users\alexa\IdeaProjects\archiveDesDieuxV1\build\artifacts\CompiledJvmClassesArtifact\sharedjvm\kotlin-output\META-INF\main.kotlin_module' CREATED, 'C:\Users\alexa\IdeaProjects\archiveDesDieuxV1\build\artifacts\CompiledJvmClassesArtifact\sharedjvm\kotlin-output\models\BoosterPack.class' CREATED, 'C:\Users\alexa\IdeaProjects\archiveDesDieuxV1\build\artifacts\CompiledJvmClassesArtifact\sharedjvm\kotlin-output\models\Card.class' CREATED, 'C:\Users\alexa\IdeaProjects\archiveDesDieuxV1\build\artifacts\CompiledJvmClassesArtifact\sharedjvm\kotlin-output\models\Faction.class' CREATED, 'C:\Users\alexa\IdeaProjects\archiveDesDieuxV1\build\artifacts\CompiledJvmClassesArtifact\sharedjvm\kotlin-output\models\Rarity.class' CREATED, 'C:\Users\alexa\IdeaProjects\archiveDesDieuxV1\build\artifacts\CompiledJvmClassesArtifact\sharedjvm\kotlin-output\ScreenKt.class' CREATED, 'C:\Users\alexa\IdeaProjects\archiveDesDieuxV1\build\artifacts\CompiledJvmClassesArtifact\sharedjvm\kotlin-output\ui\booster\BoosterOpeningScreenKt$BoosterOpeningScreen$1$7$1.class' CREATED, 'C:\Users\alexa\IdeaProjects\archiveDesDieuxV1\build\artifacts\CompiledJvmClassesArtifact\sharedjvm\kotlin-output\ui\booster\BoosterOpeningScreenKt$SealedBoosterView$1$1.class' CREATED, 'C:\Users\alexa\IdeaProjects\archiveDesDieuxV1\build\artifacts\CompiledJvmClassesArtifact\sharedjvm\kotlin-output\ui\booster\BoosterOpeningScreenKt$SealedBoosterView$2$1$1$1.class' CREATED, 'C:\Users\alexa\IdeaProjects\archiveDesDieuxV1\build\artifacts\CompiledJvmClassesArtifact\sharedjvm\kotlin-output\ui\booster\BoosterOpeningScreenKt$SealedBoosterView$2$1$1.class' CREATED, 'C:\Users\alexa\IdeaProjects\archiveDesDieuxV1\build\artifacts\CompiledJvmClassesArtifact\sharedjvm\kotlin-output\ui\booster\BoosterOpeningScreenKt$WhenMappings.class' CREATED, 'C:\Users\alexa\IdeaProjects\archiveDesDieuxV1\build\artifacts\CompiledJvmClassesArtifact\sharedjvm\kotlin-output\ui\booster\BoosterOpeningScreenKt.class' CREATED, 'C:\Users\alexa\IdeaProjects\archiveDesDieuxV1\build\artifacts\CompiledJvmClassesArtifact\sharedjvm\kotlin-output\ui\booster\BoosterState.class' CREATED, 'C:\Users\alexa\IdeaProjects\archiveDesDieuxV1\build\artifacts\CompiledJvmClassesArtifact\sharedjvm\kotlin-output\ui\booster\CardRevealViewKt$CardRevealView$1$1$1$1$1$1.class' CREATED, 'C:\Users\alexa\IdeaProjects\archiveDesDieuxV1\build\artifacts\CompiledJvmClassesArtifact\sharedjvm\kotlin-output\ui\booster\CardRevealViewKt$CardRevealView$lambda$3$0$0$$inlined$itemsIndexed$default$1.class' CREATED, 'C:\Users\alexa\IdeaProjects\archiveDesDieuxV1\build\artifacts\CompiledJvmClassesArtifact\sharedjvm\kotlin-output\ui\booster\CardRevealViewKt$CardRevealView$lambda$3$0$0$$inlined$itemsIndexed$default$2.class' CREATED, 'C:\Users\alexa\IdeaProjects\archiveDesDieuxV1\build\artifacts\CompiledJvmClassesArtifact\sharedjvm\kotlin-output\ui\booster\CardRevealViewKt$CardRevealView$lambda$3$0$0$$inlined$itemsIndexed$default$3.class' CREATED, 'C:\Users\alexa\IdeaProjects\archiveDesDieuxV1\build\artifacts\CompiledJvmClassesArtifact\sharedjvm\kotlin-output\ui\booster\CardRevealViewKt$FlippableCard$1$1.class' CREATED, 'C:\Users\alexa\IdeaProjects\archiveDesDieuxV1\build\artifacts\CompiledJvmClassesArtifact\sharedjvm\kotlin-output\ui\booster\CardRevealViewKt$WhenMappings.class' CREATED, 'C:\Users\alexa\IdeaProjects\archiveDesDieuxV1\build\artifacts\CompiledJvmClassesArtifact\sharedjvm\kotlin-output\ui\booster\CardRevealViewKt.class' CREATED, 'C:\Users\alexa\IdeaProjects\archiveDesDieuxV1\build\artifacts\CompiledJvmClassesArtifact\sharedjvm\kotlin-output\ui\booster\ComposableSingletons$CardRevealViewKt$lambda$-67455945$1.class' CREATED, 'C:\Users\alexa\IdeaProjects\archiveDesDieuxV1\build\artifacts\CompiledJvmClassesArtifact\sharedjvm\kotlin-output\ui\booster\ComposableSingletons$CardRevealViewKt.class' CREATED, 'C:\Users\alexa\IdeaProjects\archiveDesDieuxV1\build\artifacts\CompiledJvmClassesArtifact\sharedjvm\kotlin-output\ui\collection\CardDetailScreenKt$CardDetailScreen$1$1.class' CREATED, 'C:\Users\alexa\IdeaProjects\archiveDesDieuxV1\build\artifacts\CompiledJvmClassesArtifact\sharedjvm\kotlin-output\ui\collection\CardDetailScreenKt$WhenMappings.class' CREATED, 'C:\Users\alexa\IdeaProjects\archiveDesDieuxV1\build\artifacts\CompiledJvmClassesArtifact\sharedjvm\kotlin-output\ui\collection\CardDetailScreenKt.class' CREATED, 'C:\Users\alexa\IdeaProjects\archiveDesDieuxV1\build\artifacts\CompiledJvmClassesArtifact\sharedjvm\kotlin-output\ui\collection\CollectionScreenKt$CollectionScreen$1$1$1$1$1$1$1.class' CREATED, 'C:\Users\alexa\IdeaProjects\archiveDesDieuxV1\build\artifacts\CompiledJvmClassesArtifact\sharedjvm\kotlin-output\ui\collection\CollectionScreenKt$CollectionScreen$lambda$4$0$0$0$$inlined$items$default$1.class' CREATED, 'C:\Users\alexa\IdeaProjects\archiveDesDieuxV1\build\artifacts\CompiledJvmClassesArtifact\sharedjvm\kotlin-output\ui\collection\CollectionScreenKt$CollectionScreen$lambda$4$0$0$0$$inlined$items$default$2.class' CREATED, 'C:\Users\alexa\IdeaProjects\archiveDesDieuxV1\build\artifacts\CompiledJvmClassesArtifact\sharedjvm\kotlin-output\ui\collection\CollectionScreenKt$CollectionScreen$lambda$4$0$0$0$$inlined$items$default$3.class' CREATED, 'C:\Users\alexa\IdeaProjects\archiveDesDieuxV1\build\artifacts\CompiledJvmClassesArtifact\sharedjvm\kotlin-output\ui\collection\CollectionScreenKt$CollectionScreen$lambda$4$0$0$0$$inlined$items$default$4.class' CREATED, 'C:\Users\alexa\IdeaProjects\archiveDesDieuxV1\build\artifacts\CompiledJvmClassesArtifact\sharedjvm\kotlin-output\ui\collection\CollectionScreenKt$CollectionScreen$lambda$4$0$0$0$$inlined$items$default$5.class' CREATED, 'C:\Users\alexa\IdeaProjects\archiveDesDieuxV1\build\artifacts\CompiledJvmClassesArtifact\sharedjvm\kotlin-output\ui\collection\CollectionScreenKt$WhenMappings.class' CREATED, 'C:\Users\alexa\IdeaProjects\archiveDesDieuxV1\build\artifacts\CompiledJvmClassesArtifact\sharedjvm\kotlin-output\ui\collection\CollectionScreenKt.class' CREATED, 'C:\Users\alexa\IdeaProjects\archiveDesDieuxV1\build\artifacts\CompiledJvmClassesArtifact\sharedjvm\kotlin-output\ui\collection\ComposableSingletons$CardDetailScreenKt$lambda$1819485256$1.class' CREATED, 'C:\Users\alexa\IdeaProjects\archiveDesDieuxV1\build\artifacts\CompiledJvmClassesArtifact\sharedjvm\kotlin-output\ui\collection\ComposableSingletons$CardDetailScreenKt.class' CREATED, 'C:\Users\alexa\IdeaProjects\archiveDesDieuxV1\build\artifacts\CompiledJvmClassesArtifact\sharedjvm\kotlin-output\ui\collection\ComposableSingletons$CollectionScreenKt$lambda$-238975394$1.class' CREATED, 'C:\Users\alexa\IdeaProjects\archiveDesDieuxV1\build\artifacts\CompiledJvmClassesArtifact\sharedjvm\kotlin-output\ui\collection\ComposableSingletons$CollectionScreenKt.class' CREATED, 'C:\Users\alexa\IdeaProjects\archiveDesDieuxV1\build\artifacts\CompiledJvmClassesArtifact\sharedjvm\kotlin-output\ui\main\ComposableSingletons$MainMenuScreenKt$lambda$1506819318$1.class' CREATED, 'C:\Users\alexa\IdeaProjects\archiveDesDieuxV1\build\artifacts\CompiledJvmClassesArtifact\sharedjvm\kotlin-output\ui\main\ComposableSingletons$MainMenuScreenKt.class' CREATED, 'C:\Users\alexa\IdeaProjects\archiveDesDieuxV1\build\artifacts\CompiledJvmClassesArtifact\sharedjvm\kotlin-output\ui\main\MainMenuScreenKt$FactionButton$1.class' CREATED, 'C:\Users\alexa\IdeaProjects\archiveDesDieuxV1\build\artifacts\CompiledJvmClassesArtifact\sharedjvm\kotlin-output\ui\main\MainMenuScreenKt$MainMenuScreen$1$7.class' CREATED, 'C:\Users\alexa\IdeaProjects\archiveDesDieuxV1\build\artifacts\CompiledJvmClassesArtifact\sharedjvm\kotlin-output\ui\main\MainMenuScreenKt.class' CREATED, 'C:\Users\alexa\IdeaProjects\archiveDesDieuxV1\build\artifacts\CompiledJvmClassesArtifact\sharedjvm\kotlin-output\ui\main\Screen$BoosterOpening.class' CREATED, 'C:\Users\alexa\IdeaProjects\archiveDesDieuxV1\build\artifacts\CompiledJvmClassesArtifact\sharedjvm\kotlin-output\ui\main\Screen$Collection.class' CREATED, 'C:\Users\alexa\IdeaProjects\archiveDesDieuxV1\build\artifacts\CompiledJvmClassesArtifact\sharedjvm\kotlin-output\ui\main\Screen$Menu.class' CREATED, 'C:\Users\alexa\IdeaProjects\archiveDesDieuxV1\build\artifacts\CompiledJvmClassesArtifact\sharedjvm\kotlin-output\ui\main\Screen.class' CREATED, 'C:\Users\alexa\IdeaProjects\archiveDesDieuxV1\build\artifacts\CompiledJvmClassesArtifact\sharedjvm\kotlin-output\ui\theme\ColorKt.class' CREATED, 'C:\Users\alexa\IdeaProjects\archiveDesDieuxV1\build\artifacts\CompiledJvmClassesArtifact\sharedjvm\kotlin-output\WorldKt.class' CREATED, 'C:\Users\alexa\IdeaProjects\archiveDesDieuxV1\build\generated\shared\jvm\src\apt\java' CREATED
00:11.865 DEBUG :jvm-app:compileJvm       JvmCompileTask            compile jvm-app -- main
00:11.867 DEBUG :jvm-app:compileJvm       ExtractKt                 Skipping extract to C:\Users\alexa\AppData\Local\JetBrains\Amper\extract.cache\5de2c13edf-amazon-corretto-21.0.1.12.1-windows-x64-jdk.zip.181531.d since flag file C:\Users\alexa\AppData\Local\JetBrains\Amper\extract.cache\5de2c13edf-amazon-corretto-21.0.1.12.1-windows-x64-jdk.zip.181531.d.flag is correct
00:11.869 DEBUG :shared:jarJvm            StateKt                   [inc] state file is missing or empty at 'C:\Users\alexa\IdeaProjects\archiveDesDieuxV1\build\incremental.state\_shared_jarJvm-6e18a2aa01' -> cache miss
00:11.869 DEBUG :jvm-app:compileJvm       StateKt                   [inc] state file is missing or empty at 'C:\Users\alexa\IdeaProjects\archiveDesDieuxV1\build\incremental.state\_jvm-app_compileJvm-ef79fbf266' -> cache miss
00:11.869 DEBUG :shared:jarJvm            IncrementalCache          [inc] building ':shared:jarJvm'
00:11.869 DEBUG :jvm-app:compileJvm       IncrementalCache          [inc] building ':jvm-app:compileJvm'
00:11.876 DEBUG :jvm-app:compileJvm       IncrementalCache          [inc] up-to-date according to state file at 'C:\Users\alexa\IdeaProjects\archiveDesDieuxV1\build\incremental.state\resolve-org.jetbrains.kotlin-kotlin-compose-compil-038c518465' in 592.5us
00:11.876 DEBUG :jvm-app:compileJvm       IncrementalCache          [inc] 'resolve-org.jetbrains.kotlin-kotlin-compose-compiler-plugin-embeddable-2.2.21' is up-to-date
00:11.877 INFO  :jvm-app:compileJvm       JvmCompileTask            Compiling module 'jvm-app' for platform 'jvm'...
00:11.879 DEBUG :jvm-app:compileJvm       KotlinBuildToolsApiKt     Compiling using the in-process strategy
00:11.881 DEBUG :jvm-app:compileJvm       KotlinBuildToolsApiKt     Using Kotlin home directory <no_path>
00:11.887 DEBUG :jvm-app:compileJvm       KotlinBuildToolsApiKt     Configuring the compilation environment
00:11.888 DEBUG :jvm-app:compileJvm       KotlinBuildToolsApiKt     Using JDK home directory C:\Users\alexa\AppData\Local\JetBrains\Amper\extract.cache\5de2c13edf-amazon-corretto-21.0.1.12.1-windows-x64-jdk.zip.181531.d
00:11.992 DEBUG :jvm-app:compileJvm       KotlinBuildToolsApiKt     Loading modules: [java.se, jdk.accessibility, jdk.attach, jdk.compiler, jdk.dynalink, jdk.httpserver, jdk.incubator.vector, jdk.jartool, jdk.javadoc, jdk.jconsole, jdk.jdi, jdk.jfr, jdk.jshell, jdk.jsobject, jdk.management, jdk.management.jfr, jdk.net, jdk.nio.mapmode, jdk.sctp, jdk.security.auth, jdk.security.jgss, jdk.unsupported, jdk.unsupported.desktop, jdk.xml.dom, java.base, java.compiler, java.datatransfer, java.desktop, java.xml, java.instrument, java.logging, java.management, java.management.rmi, java.rmi, java.naming, java.net.http, java.prefs, java.scripting, java.security.jgss, java.security.sasl, java.sql, java.transaction.xa, java.sql.rowset, java.xml.crypto, jdk.internal.jvmstat, jdk.internal.opt, jdk.zipfs, jdk.management.agent, jdk.jdwp.agent, jdk.internal.ed, jdk.internal.le]
00:12.520 DEBUG :jvm-app:compileJvm       JvmCompileTask            Kotlin compiler finalization...
00:12.521 DEBUG :jvm-app:compileJvm       IncrementalCache          [inc] finished ':jvm-app:compileJvm' in 651.166500ms
00:12.535 DEBUG :jvm-app:compileJvm       IncrementalCache          [inc] ':jvm-app:compileJvm' changes: 'C:\Users\alexa\IdeaProjects\archiveDesDieuxV1\build\artifacts\CompiledJvmClassesArtifact\jvm-appjvm\java-output' CREATED, 'C:\Users\alexa\IdeaProjects\archiveDesDieuxV1\build\artifacts\CompiledJvmClassesArtifact\jvm-appjvm\kotlin-output\ComposableSingletons$MainKt$lambda$-1618970650$1$1$1.class' CREATED, 'C:\Users\alexa\IdeaProjects\archiveDesDieuxV1\build\artifacts\CompiledJvmClassesArtifact\jvm-appjvm\kotlin-output\ComposableSingletons$MainKt$lambda$-1618970650$1.class' CREATED, 'C:\Users\alexa\IdeaProjects\archiveDesDieuxV1\build\artifacts\CompiledJvmClassesArtifact\jvm-appjvm\kotlin-output\ComposableSingletons$MainKt$lambda$436015572$1.class' CREATED, 'C:\Users\alexa\IdeaProjects\archiveDesDieuxV1\build\artifacts\CompiledJvmClassesArtifact\jvm-appjvm\kotlin-output\ComposableSingletons$MainKt.class' CREATED, 'C:\Users\alexa\IdeaProjects\archiveDesDieuxV1\build\artifacts\CompiledJvmClassesArtifact\jvm-appjvm\kotlin-output\MainKt.class' CREATED, 'C:\Users\alexa\IdeaProjects\archiveDesDieuxV1\build\artifacts\CompiledJvmClassesArtifact\jvm-appjvm\kotlin-output\META-INF\main.kotlin_module' CREATED, 'C:\Users\alexa\IdeaProjects\archiveDesDieuxV1\build\generated\jvm-app\main\src\apt\java' CREATED
00:12.544 DEBUG :jvm-app:jarJvm           StateKt                   [inc] state file is missing or empty at 'C:\Users\alexa\IdeaProjects\archiveDesDieuxV1\build\incremental.state\_jvm-app_jarJvm-84ae6111c3' -> cache miss
00:12.544 DEBUG :jvm-app:jarJvm           IncrementalCache          [inc] building ':jvm-app:jarJvm'
00:12.624 DEBUG :jvm-app:jarJvm           IncrementalCache          [inc] finished ':jvm-app:jarJvm' in 79.224500ms
00:12.627 DEBUG :jvm-app:jarJvm           IncrementalCache          [inc] ':jvm-app:jarJvm' changes: 'C:\Users\alexa\IdeaProjects\archiveDesDieuxV1\build\tasks\_jvm-app_jarJvm\jvm-app-jvm.jar' CREATED
00:12.701 DEBUG :shared:jarJvm            IncrementalCache          [inc] finished ':shared:jarJvm' in 831.445300ms
00:12.708 DEBUG :shared:jarJvm            IncrementalCache          [inc] ':shared:jarJvm' changes: 'C:\Users\alexa\IdeaProjects\archiveDesDieuxV1\build\tasks\_shared_jarJvm\shared-jvm.jar' CREATED
00:12.712 DEBUG :jvm-app:runJvm           ExtractKt                 Skipping extract to C:\Users\alexa\AppData\Local\JetBrains\Amper\extract.cache\5de2c13edf-amazon-corretto-21.0.1.12.1-windows-x64-jdk.zip.181531.d since flag file C:\Users\alexa\AppData\Local\JetBrains\Amper\extract.cache\5de2c13edf-amazon-corretto-21.0.1.12.1-windows-x64-jdk.zip.181531.d.flag is correct
00:12.720 DEBUG :jvm-app:runJvm           BuildPrimitives           [cmd] C:\Users\alexa\AppData\Local\JetBrains\Amper\extract.cache\5de2c13edf-amazon-corretto-21.0.1.12.1-windows-x64-jdk.zip.181531.d\bin\java.exe @C:\Users\alexa\IdeaProjects\archiveDesDieuxV1\build\temp\java-args-8924550307687469844.txt
00:58.652 INFO  :jvm-app:runJvm           AbstractJvmRunTask        Process exited with exit code 0
