JetBrains Amper version 0.9.1 (7164273, 2025-11-28)
running on Windows 10 10.0 jvm arch amd64

00:03.486 INFO  :shared:compileJvm        JvmCompileTask            Compiling module 'shared' for platform 'jvm'...
00:10.902 ERROR :shared:compileJvm        KotlinBuildToolsApiKt     file:///D:/github/projet_kotlin_ihm/archiveDesDieuxV1/shared/src/ui/collection/CollectionScreen.kt:279:9 Unresolved reference 'LazyRow'.
00:10.905 ERROR :shared:compileJvm        KotlinBuildToolsApiKt     file:///D:/github/projet_kotlin_ihm/archiveDesDieuxV1/shared/src/ui/collection/CollectionScreen.kt:286:13 None of the following candidates is applicable:
fun <T> LazyGridScope.items(items: List<T>, noinline key: ((T) -> Any)? = ..., noinline span: (LazyGridItemSpanScope.(T) -> GridItemSpan)? = ..., noinline contentType: (T) -> Any? = ..., crossinline itemContent: ComposableFunction2<LazyGridItemScope, T, Unit>): Unit
fun <T> LazyGridScope.items(items: Array<T>, noinline key: ((T) -> Any)? = ..., noinline span: (LazyGridItemSpanScope.(T) -> GridItemSpan)? = ..., noinline contentType: (T) -> Any? = ..., crossinline itemContent: ComposableFunction2<LazyGridItemScope, T, Unit>): Unit
00:10.910 ERROR :shared:compileJvm        KotlinBuildToolsApiKt     file:///D:/github/projet_kotlin_ihm/archiveDesDieuxV1/shared/src/ui/collection/CollectionScreen.kt:286:28 Cannot infer type for implicit value parameter 'it'. Specify it explicitly.
00:10.911 ERROR :shared:compileJvm        KotlinBuildToolsApiKt     file:///D:/github/projet_kotlin_ihm/archiveDesDieuxV1/shared/src/ui/collection/CollectionScreen.kt:286:28 Operator call 'component1()' is ambiguous for destructuring of type 'ERROR CLASS: Cannot infer type for parameter <destruct>'. Applicable candidates:
fun <T> Array<out T>.component1(): T
fun ByteArray.component1(): Byte
fun ShortArray.component1(): Short
fun IntArray.component1(): Int
fun LongArray.component1(): Long
fun FloatArray.component1(): Float
fun DoubleArray.component1(): Double
fun BooleanArray.component1(): Boolean
fun CharArray.component1(): Char
fun <T> List<T>.component1(): T
fun <K, V> Map.Entry<K, V>.component1(): K
fun UIntArray.component1(): UInt
fun ULongArray.component1(): ULong
fun UByteArray.component1(): UByte
fun UShortArray.component1(): UShort
00:10.914 ERROR :shared:compileJvm        KotlinBuildToolsApiKt     file:///D:/github/projet_kotlin_ihm/archiveDesDieuxV1/shared/src/ui/collection/CollectionScreen.kt:286:28 Operator call 'component2()' is ambiguous for destructuring of type 'ERROR CLASS: Cannot infer type for parameter <destruct>'. Applicable candidates:
fun <T> Array<out T>.component2(): T
fun ByteArray.component2(): Byte
fun ShortArray.component2(): Short
fun IntArray.component2(): Int
fun LongArray.component2(): Long
fun FloatArray.component2(): Float
fun DoubleArray.component2(): Double
fun BooleanArray.component2(): Boolean
fun CharArray.component2(): Char
fun <T> List<T>.component2(): T
fun <K, V> Map.Entry<K, V>.component2(): V
fun UIntArray.component2(): UInt
fun ULongArray.component2(): ULong
fun UByteArray.component2(): UByte
fun UShortArray.component2(): UShort
00:10.916 ERROR :shared:compileJvm        KotlinBuildToolsApiKt     file:///D:/github/projet_kotlin_ihm/archiveDesDieuxV1/shared/src/ui/collection/CollectionScreen.kt:287:17 @Composable invocations can only happen from the context of a @Composable function
