JetBrains Amper version 0.9.1 (7164273, 2025-11-28)
running on Windows 10 10.0 jvm arch amd64

00:02.896 INFO  :shared:compileJvm        JvmCompileTask            Compiling module 'shared' for platform 'jvm'...
00:10.885 ERROR :shared:compileJvm        KotlinBuildToolsApiKt     file:///D:/github/projet_kotlin_ihm/archiveDesDieuxV1/shared/src/ui/battle/FactionSelectionScreen.kt:64:48 Syntax error: Expecting ')'.
00:10.888 ERROR :shared:compileJvm        KotlinBuildToolsApiKt     file:///D:/github/projet_kotlin_ihm/archiveDesDieuxV1/shared/src/ui/battle/FactionSelectionScreen.kt:64:75 Syntax error: Unexpected tokens (use ';' to separate expressions on the same line).
00:10.889 ERROR :shared:compileJvm        KotlinBuildToolsApiKt     file:///D:/github/projet_kotlin_ihm/archiveDesDieuxV1/shared/src/ui/battle/FactionSelectionScreen.kt:65:56 Syntax error: Expecting ')'.
00:10.891 ERROR :shared:compileJvm        KotlinBuildToolsApiKt     file:///D:/github/projet_kotlin_ihm/archiveDesDieuxV1/shared/src/ui/battle/FactionSelectionScreen.kt:65:56 Syntax error: Unexpected tokens (use ';' to separate expressions on the same line).
00:10.894 ERROR :shared:compileJvm        KotlinBuildToolsApiKt     file:///D:/github/projet_kotlin_ihm/archiveDesDieuxV1/shared/src/ui/battle/FactionSelectionScreen.kt:66:55 Syntax error: Expecting ')'.
00:10.896 ERROR :shared:compileJvm        KotlinBuildToolsApiKt     file:///D:/github/projet_kotlin_ihm/archiveDesDieuxV1/shared/src/ui/battle/FactionSelectionScreen.kt:66:55 Syntax error: Unexpected tokens (use ';' to separate expressions on the same line).
00:10.898 ERROR :shared:compileJvm        KotlinBuildToolsApiKt     file:///D:/github/projet_kotlin_ihm/archiveDesDieuxV1/shared/src/ui/battle/FactionSelectionScreen.kt:67:17 Syntax error: Expecting an element.
00:10.900 ERROR :shared:compileJvm        KotlinBuildToolsApiKt     file:///D:/github/projet_kotlin_ihm/archiveDesDieuxV1/shared/src/ui/battle/FactionSelectionScreen.kt:67:18 Syntax error: Unexpected tokens (use ';' to separate expressions on the same line).
00:10.901 ERROR :shared:compileJvm        KotlinBuildToolsApiKt     file:///D:/github/projet_kotlin_ihm/archiveDesDieuxV1/shared/src/ui/battle/FactionSelectionScreen.kt:67:29 Operator call 'component1()' is ambiguous for destructuring of type 'ERROR CLASS: No type for parameter'. Applicable candidates:
fun <T> Array<out T>.component1(): T
fun ByteArray.component1(): Byte
fun ShortArray.component1(): Short
fun IntArray.component1(): Int
fun LongArray.component1(): Long
fun FloatArray.component1(): Float
fun DoubleArray.component1(): Double
fun BooleanArray.component1(): Boolean
fun CharArray.component1(): Char
fun <T> List<T>.component1(): T
fun <K, V> Map.Entry<K, V>.component1(): K
fun UIntArray.component1(): UInt
fun ULongArray.component1(): ULong
fun UByteArray.component1(): UByte
fun UShortArray.component1(): UShort
00:10.905 ERROR :shared:compileJvm        KotlinBuildToolsApiKt     file:///D:/github/projet_kotlin_ihm/archiveDesDieuxV1/shared/src/ui/battle/FactionSelectionScreen.kt:67:29 Operator call 'component2()' is ambiguous for destructuring of type 'ERROR CLASS: No type for parameter'. Applicable candidates:
fun <T> Array<out T>.component2(): T
fun ByteArray.component2(): Byte
fun ShortArray.component2(): Short
fun IntArray.component2(): Int
fun LongArray.component2(): Long
fun FloatArray.component2(): Float
fun DoubleArray.component2(): Double
fun BooleanArray.component2(): Boolean
fun CharArray.component2(): Char
fun <T> List<T>.component2(): T
fun <K, V> Map.Entry<K, V>.component2(): V
fun UIntArray.component2(): UInt
fun ULongArray.component2(): ULong
fun UByteArray.component2(): UByte
fun UShortArray.component2(): UShort
00:10.907 ERROR :shared:compileJvm        KotlinBuildToolsApiKt     file:///D:/github/projet_kotlin_ihm/archiveDesDieuxV1/shared/src/ui/battle/FactionSelectionScreen.kt:67:29 Operator call 'component3()' is ambiguous for destructuring of type 'ERROR CLASS: No type for parameter'. Applicable candidates:
fun <T> Array<out T>.component3(): T
fun ByteArray.component3(): Byte
fun ShortArray.component3(): Short
fun IntArray.component3(): Int
fun LongArray.component3(): Long
fun FloatArray.component3(): Float
fun DoubleArray.component3(): Double
fun BooleanArray.component3(): Boolean
fun CharArray.component3(): Char
fun <T> List<T>.component3(): T
fun UIntArray.component3(): UInt
fun ULongArray.component3(): ULong
fun UByteArray.component3(): UByte
fun UShortArray.component3(): UShort
00:10.910 ERROR :shared:compileJvm        KotlinBuildToolsApiKt     file:///D:/github/projet_kotlin_ihm/archiveDesDieuxV1/shared/src/ui/battle/FactionSelectionScreen.kt:67:29 An explicit type is required on a value parameter.
00:10.911 ERROR :shared:compileJvm        KotlinBuildToolsApiKt     file:///D:/github/projet_kotlin_ihm/archiveDesDieuxV1/shared/src/ui/battle/FactionSelectionScreen.kt:68:21 @Composable invocations can only happen from the context of a @Composable function
00:10.914 ERROR :shared:compileJvm        KotlinBuildToolsApiKt     file:///D:/github/projet_kotlin_ihm/archiveDesDieuxV1/shared/src/ui/battle/FactionSelectionScreen.kt:162:18 Unresolved reference 'zIndex'.
00:10.915 ERROR :shared:compileJvm        KotlinBuildToolsApiKt     file:///D:/github/projet_kotlin_ihm/archiveDesDieuxV1/shared/src/ui/main/MainMenuScreen.kt:297:22 Unresolved reference 'clickable'.
