JetBrains Amper version 0.9.1 (7164273, 2025-11-28)
running on Windows 10 10.0 jvm arch amd64

00:02.633 DEBUG :jvm-app:resolveDependenciesJvm ResolveExternalDependenciesTask resolve dependencies jvm-app -- main -- org.jetbrains.compose.desktop:desktop-jvm-windows-x64:1.8.2 org.jetbrains.compose.foundation:foundation:1.8.2 org.jetbrains.compose.material3:material3:1.8.2 org.jetbrains.compose.runtime:runtime:1.8.2 org.jetbrains.kotlin:kotlin-stdlib:2.2.21 -- resolvePlatform=jvm nativeTarget=null wasmTarget=null
00:02.633 DEBUG :shared:resolveDependenciesJvm ResolveExternalDependenciesTask resolve dependencies shared -- common jvm -- org.jetbrains.compose.foundation:foundation:1.8.2 org.jetbrains.compose.material3:material3:1.8.2 org.jetbrains.compose.runtime:runtime:1.8.2 org.jetbrains.kotlin:kotlin-stdlib:2.2.21 -- resolvePlatform=jvm nativeTarget=null wasmTarget=null
00:02.648 DEBUG :generated\jvm-app\main\src\compose\resources\commonResClass IncrementalCache          [inc] up-to-date according to state file at 'C:\Users\alexa\IdeaProjects\archiveDesDieuxV1\build\incremental.state\_generated_jvm-app_main_src_compose_resources_comm-c32dffecca' in 8.233500ms
00:02.648 DEBUG :generated\shared\common\src\compose\resources\collectors IncrementalCache          [inc] up-to-date according to state file at 'C:\Users\alexa\IdeaProjects\archiveDesDieuxV1\build\incremental.state\_generated_shared_common_src_compose_resources_col-aa1ba3fdf9' in 8.162900ms
00:02.648 DEBUG :artifacts\PreparedComposeResourcesDirArtifact\sharedjvm IncrementalCache          [inc] up-to-date according to state file at 'C:\Users\alexa\IdeaProjects\archiveDesDieuxV1\build\incremental.state\_artifacts_PreparedComposeResourcesDirArtifact_sha-33c9b9e89b' in 8.300600ms
00:02.649 DEBUG :generated\jvm-app\main\src\compose\resources\commonResClass IncrementalCache          [inc] ':generated\jvm-app\main\src\compose\resources\commonResClass' is up-to-date
00:02.649 DEBUG :generated\shared\common\src\compose\resources\collectors IncrementalCache          [inc] ':generated\shared\common\src\compose\resources\collectors' is up-to-date
00:02.649 DEBUG :artifacts\PreparedComposeResourcesDirArtifact\sharedjvm IncrementalCache          [inc] ':artifacts\PreparedComposeResourcesDirArtifact\sharedjvm' is up-to-date
00:02.649 DEBUG :artifacts\PreparedComposeResourcesDirArtifact\jvm-appmain IncrementalCache          [inc] up-to-date according to state file at 'C:\Users\alexa\IdeaProjects\archiveDesDieuxV1\build\incremental.state\_artifacts_PreparedComposeResourcesDirArtifact_jvm-9ac1d932e3' in 8.230500ms
00:02.650 DEBUG :generated\shared\common\src\compose\resources\commonResClass IncrementalCache          [inc] up-to-date according to state file at 'C:\Users\alexa\IdeaProjects\archiveDesDieuxV1\build\incremental.state\_generated_shared_common_src_compose_resources_com-5114195187' in 8.294ms
00:02.650 DEBUG :artifacts\PreparedComposeResourcesDirArtifact\sharedcommon IncrementalCache          [inc] up-to-date according to state file at 'C:\Users\alexa\IdeaProjects\archiveDesDieuxV1\build\incremental.state\_artifacts_PreparedComposeResourcesDirArtifact_sha-50ec7edc8b' in 8.394600ms
00:02.650 DEBUG :artifacts\PreparedComposeResourcesDirArtifact\jvm-appmain IncrementalCache          [inc] ':artifacts\PreparedComposeResourcesDirArtifact\jvm-appmain' is up-to-date
00:02.650 DEBUG :generated\shared\common\src\compose\resources\commonResClass IncrementalCache          [inc] ':generated\shared\common\src\compose\resources\commonResClass' is up-to-date
00:02.650 DEBUG :artifacts\PreparedComposeResourcesDirArtifact\sharedcommon IncrementalCache          [inc] ':artifacts\PreparedComposeResourcesDirArtifact\sharedcommon' is up-to-date
00:02.658 DEBUG :shared:resolveDependenciesJvm IncrementalCache          [inc] up-to-date according to state file at 'C:\Users\alexa\IdeaProjects\archiveDesDieuxV1\build\incremental.state\_shared_resolveDependenciesJvm-8eb09983c0' in 18.824400ms
00:02.658 DEBUG :shared:resolveDependenciesJvm IncrementalCache          [inc] ':shared:resolveDependenciesJvm' is up-to-date
00:02.659 DEBUG :jvm-app:resolveDependenciesJvm IncrementalCache          [inc] up-to-date according to state file at 'C:\Users\alexa\IdeaProjects\archiveDesDieuxV1\build\incremental.state\_jvm-app_resolveDependenciesJvm-031f37dcb2' in 20.118900ms
00:02.659 DEBUG :jvm-app:resolveDependenciesJvm IncrementalCache          [inc] ':jvm-app:resolveDependenciesJvm' is up-to-date
00:02.660 DEBUG :generated\shared\jvm\src\compose\resources\accessors IncrementalCache          [inc] up-to-date according to state file at 'C:\Users\alexa\IdeaProjects\archiveDesDieuxV1\build\incremental.state\_generated_shared_jvm_src_compose_resources_access-51ce0e69e2' in 456.9us
00:02.660 DEBUG :generated\shared\jvm\src\compose\resources\accessors IncrementalCache          [inc] ':generated\shared\jvm\src\compose\resources\accessors' is up-to-date
00:02.662 DEBUG :shared:prepareComposeResourcesForJvmJvm IncrementalCache          [inc] up-to-date according to state file at 'C:\Users\alexa\IdeaProjects\archiveDesDieuxV1\build\incremental.state\_shared_prepareComposeResourcesForJvmJvm-6b30e9b517' in 272.1us
00:02.662 DEBUG :shared:prepareComposeResourcesForJvmJvm IncrementalCache          [inc] ':shared:prepareComposeResourcesForJvmJvm' is up-to-date
00:02.664 DEBUG :shared:prepareComposeResourcesForJvmCommon IncrementalCache          [inc] up-to-date according to state file at 'C:\Users\alexa\IdeaProjects\archiveDesDieuxV1\build\incremental.state\_shared_prepareComposeResourcesForJvmCommon-aa65628721' in 349.5us
00:02.664 DEBUG :jvm-app:resolveDependenciesJvm ResolveExternalDependenciesTask resolve dependencies jvm-app -- main -- org.jetbrains.compose.desktop:desktop-jvm-windows-x64:1.8.2 org.jetbrains.compose.foundation:foundation:1.8.2 org.jetbrains.compose.material3:material3:1.8.2 org.jetbrains.compose.runtime:runtime:1.8.2 org.jetbrains.kotlin:kotlin-stdlib:2.2.21 -- resolvePlatform=JVM nativeTarget=null
wasmTarget=null
https://repo1.maven.org/maven2 https://maven.google.com https://maven.pkg.jetbrains.space/public/p/compose/dev resolved to:
  .m2.cache\org\jetbrains\kotlin\kotlin-stdlib\2.2.21\kotlin-stdlib-2.2.21.jar
  .m2.cache\org\jetbrains\annotations\23.0.0\annotations-23.0.0.jar
  .m2.cache\org\jetbrains\compose\runtime\runtime-desktop\1.8.2\runtime-desktop-1.8.2.jar
  .m2.cache\org\jetbrains\compose\foundation\foundation-desktop\1.8.2\foundation-desktop-1.8.2.jar
  .m2.cache\org\jetbrains\compose\material3\material3-desktop\1.8.2\material3-desktop-1.8.2.jar
  .m2.cache\org\jetbrains\compose\desktop\desktop-jvm\1.8.2\desktop-jvm-1.8.2.jar
  .m2.cache\org\jetbrains\kotlinx\kotlinx-coroutines-core-jvm\1.8.0\kotlinx-coroutines-core-jvm-1.8.0.jar
  .m2.cache\org\jetbrains\compose\animation\animation-desktop\1.8.2\animation-desktop-1.8.2.jar
  .m2.cache\org\jetbrains\compose\ui\ui-desktop\1.8.2\ui-desktop-1.8.2.jar
  .m2.cache\org\jetbrains\skiko\skiko-awt\0.9.4.2\skiko-awt-0.9.4.2.jar
  .m2.cache\org\jetbrains\compose\material\material-ripple-desktop\1.8.2\material-ripple-desktop-1.8.2.jar
  .m2.cache\org\jetbrains\compose\ui\ui-graphics-desktop\1.8.2\ui-graphics-desktop-1.8.2.jar
  .m2.cache\org\jetbrains\compose\ui\ui-text-desktop\1.8.2\ui-text-desktop-1.8.2.jar
  .m2.cache\org\jetbrains\compose\material\material-desktop\1.8.2\material-desktop-1.8.2.jar
  .m2.cache\org\jetbrains\compose\ui\ui-tooling-preview-desktop\1.8.2\ui-tooling-preview-desktop-1.8.2.jar
  .m2.cache\org\jetbrains\compose\animation\animation-core-desktop\1.8.2\animation-core-desktop-1.8.2.jar
  .m2.cache\org\jetbrains\compose\foundation\foundation-layout-desktop\1.8.2\foundation-layout-desktop-1.8.2.jar
  .m2.cache\org\jetbrains\compose\ui\ui-geometry-desktop\1.8.2\ui-geometry-desktop-1.8.2.jar
  .m2.cache\org\jetbrains\compose\runtime\runtime-saveable-desktop\1.8.2\runtime-saveable-desktop-1.8.2.jar
  .m2.cache\org\jetbrains\compose\ui\ui-unit-desktop\1.8.2\ui-unit-desktop-1.8.2.jar
  .m2.cache\org\jetbrains\compose\ui\ui-util-desktop\1.8.2\ui-util-desktop-1.8.2.jar
  .m2.cache\androidx\lifecycle\lifecycle-common-jvm\2.8.5\lifecycle-common-jvm-2.8.5.jar
  .m2.cache\androidx\annotation\annotation-jvm\1.9.1\annotation-jvm-1.9.1.jar
00:02.664 DEBUG :shared:prepareComposeResourcesForJvmCommon IncrementalCache          [inc] ':shared:prepareComposeResourcesForJvmCommon' is up-to-date
00:02.665 DEBUG :shared:resolveDependenciesJvm ResolveExternalDependenciesTask resolve dependencies shared -- common jvm -- org.jetbrains.compose.foundation:foundation:1.8.2 org.jetbrains.compose.material3:material3:1.8.2 org.jetbrains.compose.runtime:runtime:1.8.2 org.jetbrains.kotlin:kotlin-stdlib:2.2.21 -- resolvePlatform=JVM nativeTarget=null
wasmTarget=null
https://repo1.maven.org/maven2 https://maven.google.com https://maven.pkg.jetbrains.space/public/p/compose/dev resolved to:
  .m2.cache\org\jetbrains\kotlin\kotlin-stdlib\2.2.21\kotlin-stdlib-2.2.21.jar
  .m2.cache\org\jetbrains\compose\foundation\foundation-desktop\1.8.2\foundation-desktop-1.8.2.jar
  .m2.cache\org\jetbrains\compose\material3\material3-desktop\1.8.2\material3-desktop-1.8.2.jar
  .m2.cache\org\jetbrains\annotations\23.0.0\annotations-23.0.0.jar
  .m2.cache\org\jetbrains\compose\runtime\runtime-desktop\1.8.2\runtime-desktop-1.8.2.jar
  .m2.cache\org\jetbrains\compose\animation\animation-desktop\1.8.2\animation-desktop-1.8.2.jar
  .m2.cache\org\jetbrains\compose\ui\ui-desktop\1.8.2\ui-desktop-1.8.2.jar
  .m2.cache\org\jetbrains\skiko\skiko-awt\0.9.4.2\skiko-awt-0.9.4.2.jar
  .m2.cache\org\jetbrains\compose\material\material-ripple-desktop\1.8.2\material-ripple-desktop-1.8.2.jar
  .m2.cache\org\jetbrains\compose\ui\ui-graphics-desktop\1.8.2\ui-graphics-desktop-1.8.2.jar
  .m2.cache\org\jetbrains\compose\ui\ui-text-desktop\1.8.2\ui-text-desktop-1.8.2.jar
  .m2.cache\org\jetbrains\kotlinx\kotlinx-coroutines-core-jvm\1.8.0\kotlinx-coroutines-core-jvm-1.8.0.jar
  .m2.cache\org\jetbrains\compose\animation\animation-core-desktop\1.8.2\animation-core-desktop-1.8.2.jar
  .m2.cache\org\jetbrains\compose\foundation\foundation-layout-desktop\1.8.2\foundation-layout-desktop-1.8.2.jar
  .m2.cache\org\jetbrains\compose\ui\ui-geometry-desktop\1.8.2\ui-geometry-desktop-1.8.2.jar
  .m2.cache\org\jetbrains\compose\runtime\runtime-saveable-desktop\1.8.2\runtime-saveable-desktop-1.8.2.jar
  .m2.cache\org\jetbrains\compose\ui\ui-unit-desktop\1.8.2\ui-unit-desktop-1.8.2.jar
  .m2.cache\org\jetbrains\compose\ui\ui-util-desktop\1.8.2\ui-util-desktop-1.8.2.jar
  .m2.cache\androidx\lifecycle\lifecycle-common-jvm\2.8.5\lifecycle-common-jvm-2.8.5.jar
  .m2.cache\androidx\annotation\annotation-jvm\1.9.1\annotation-jvm-1.9.1.jar
00:02.666 DEBUG :jvm-app:prepareComposeResourcesForJvmMain IncrementalCache          [inc] up-to-date according to state file at 'C:\Users\alexa\IdeaProjects\archiveDesDieuxV1\build\incremental.state\_jvm-app_prepareComposeResourcesForJvmMain-98dc0899a4' in 355.7us
00:02.666 DEBUG :jvm-app:prepareComposeResourcesForJvmMain IncrementalCache          [inc] ':jvm-app:prepareComposeResourcesForJvmMain' is up-to-date
00:02.666 DEBUG :generated\jvm-app\main\src\compose\resources\accessors IncrementalCache          [inc] up-to-date according to state file at 'C:\Users\alexa\IdeaProjects\archiveDesDieuxV1\build\incremental.state\_generated_jvm-app_main_src_compose_resources_acce-ba8279b2ed' in 205.5us
00:02.666 DEBUG :generated\shared\common\src\compose\resources\accessors IncrementalCache          [inc] up-to-date according to state file at 'C:\Users\alexa\IdeaProjects\archiveDesDieuxV1\build\incremental.state\_generated_shared_common_src_compose_resources_acc-f88cbdba75' in 322.1us
00:02.667 DEBUG :generated\jvm-app\main\src\compose\resources\accessors IncrementalCache          [inc] ':generated\jvm-app\main\src\compose\resources\accessors' is up-to-date
00:02.667 DEBUG :generated\shared\common\src\compose\resources\accessors IncrementalCache          [inc] ':generated\shared\common\src\compose\resources\accessors' is up-to-date
00:02.669 DEBUG :generated\shared\jvm\src\compose\resources\collectors IncrementalCache          [inc] up-to-date according to state file at 'C:\Users\alexa\IdeaProjects\archiveDesDieuxV1\build\incremental.state\_generated_shared_jvm_src_compose_resources_collec-ecdf45b238' in 344.8us
00:02.669 DEBUG :generated\jvm-app\main\src\compose\resources\collectors IncrementalCache          [inc] up-to-date according to state file at 'C:\Users\alexa\IdeaProjects\archiveDesDieuxV1\build\incremental.state\_generated_jvm-app_main_src_compose_resources_coll-a2b5300403' in 220.4us
00:02.669 DEBUG :generated\shared\jvm\src\compose\resources\collectors IncrementalCache          [inc] ':generated\shared\jvm\src\compose\resources\collectors' is up-to-date
00:02.669 DEBUG :generated\jvm-app\main\src\compose\resources\collectors IncrementalCache          [inc] ':generated\jvm-app\main\src\compose\resources\collectors' is up-to-date
00:02.671 DEBUG :shared:compileJvm        JvmCompileTask            compile shared -- common jvm
00:02.778 DEBUG :shared:compileJvm        ExtractKt                 Skipping extract to C:\Users\alexa\AppData\Local\JetBrains\Amper\extract.cache\5de2c13edf-amazon-corretto-21.0.1.12.1-windows-x64-jdk.zip.181531.d since flag file C:\Users\alexa\AppData\Local\JetBrains\Amper\extract.cache\5de2c13edf-amazon-corretto-21.0.1.12.1-windows-x64-jdk.zip.181531.d.flag is correct
00:02.819 DEBUG :shared:compileJvm        IncrementalCache          [inc] up-to-date according to state file at 'C:\Users\alexa\IdeaProjects\archiveDesDieuxV1\build\incremental.state\_shared_compileJvm-b216d3f992' in 12.520800ms
00:02.820 DEBUG :shared:compileJvm        IncrementalCache          [inc] ':shared:compileJvm' is up-to-date
00:02.821 DEBUG :jvm-app:compileJvm       JvmCompileTask            compile jvm-app -- main
00:02.824 DEBUG :jvm-app:compileJvm       ExtractKt                 Skipping extract to C:\Users\alexa\AppData\Local\JetBrains\Amper\extract.cache\5de2c13edf-amazon-corretto-21.0.1.12.1-windows-x64-jdk.zip.181531.d since flag file C:\Users\alexa\AppData\Local\JetBrains\Amper\extract.cache\5de2c13edf-amazon-corretto-21.0.1.12.1-windows-x64-jdk.zip.181531.d.flag is correct
00:02.844 DEBUG :shared:jarJvm            IncrementalCache          [inc] up-to-date according to state file at 'C:\Users\alexa\IdeaProjects\archiveDesDieuxV1\build\incremental.state\_shared_jarJvm-6e18a2aa01' in 5.363900ms
00:02.845 DEBUG :shared:jarJvm            IncrementalCache          [inc] ':shared:jarJvm' is up-to-date
00:02.848 DEBUG :jvm-app:compileJvm       IncrementalCache          [inc] up-to-date according to state file at 'C:\Users\alexa\IdeaProjects\archiveDesDieuxV1\build\incremental.state\_jvm-app_compileJvm-ef79fbf266' in 9.601200ms
00:02.848 DEBUG :jvm-app:compileJvm       IncrementalCache          [inc] ':jvm-app:compileJvm' is up-to-date
00:02.869 DEBUG :jvm-app:jarJvm           IncrementalCache          [inc] up-to-date according to state file at 'C:\Users\alexa\IdeaProjects\archiveDesDieuxV1\build\incremental.state\_jvm-app_jarJvm-84ae6111c3' in 2.038ms
00:02.869 DEBUG :jvm-app:jarJvm           IncrementalCache          [inc] ':jvm-app:jarJvm' is up-to-date
00:02.873 DEBUG :jvm-app:runJvm           ExtractKt                 Skipping extract to C:\Users\alexa\AppData\Local\JetBrains\Amper\extract.cache\5de2c13edf-amazon-corretto-21.0.1.12.1-windows-x64-jdk.zip.181531.d since flag file C:\Users\alexa\AppData\Local\JetBrains\Amper\extract.cache\5de2c13edf-amazon-corretto-21.0.1.12.1-windows-x64-jdk.zip.181531.d.flag is correct
00:02.882 DEBUG :jvm-app:runJvm           BuildPrimitives           [cmd] C:\Users\alexa\AppData\Local\JetBrains\Amper\extract.cache\5de2c13edf-amazon-corretto-21.0.1.12.1-windows-x64-jdk.zip.181531.d\bin\java.exe @C:\Users\alexa\IdeaProjects\archiveDesDieuxV1\build\temp\java-args-4047282252409410816.txt
00:33.061 INFO  :jvm-app:runJvm           AbstractJvmRunTask        Process exited with exit code 0
